Threads=8
LoadTime(s)=0.01488
CODE_EXECUTION_TIME(s)=0.13428
RESULT=2224385
Throughput=1.65653e+07
VertexSetAllocated=0.00 Bytes
MiniGraphAllocated=0.00 Bytes
        0.15 real         0.44 user         0.01 sys
            19529728  maximum resident set size
                   0  average shared memory size
                   0  average unshared data size
                   0  average unshared stack size
                1297  page reclaims
                   0  page faults
                   0  swaps
                   0  block input operations
                   0  block output operations
                   0  messages sent
                   0  messages received
                   0  signals received
                   0  voluntary context switches
                1064  involuntary context switches
          1591856439  instructions retired
          1031789775  cycles elapsed
            18547648  peak memory footprint
