Threads=8
LoadTime(s)=0.0116228
CODE_EXECUTION_TIME(s)=0.170034
RESULT=2224385
Throughput=1.3082e+07
VertexSetAllocated=0.00 Bytes
MiniGraphAllocated=0.00 Bytes
        0.19 real         0.43 user         0.02 sys
            19431424  maximum resident set size
                   0  average shared memory size
                   0  average unshared data size
                   0  average unshared stack size
                1295  page reclaims
                   0  page faults
                   0  swaps
                   0  block input operations
                   0  block output operations
                   0  messages sent
                   0  messages received
                   0  signals received
                   0  voluntary context switches
                2146  involuntary context switches
          1601554971  instructions retired
           978817339  cycles elapsed
            18416448  peak memory footprint
