Threads=8
LoadTime(s)=0.0289425
CODE_EXECUTION_TIME(s)=0.112677
RESULT=2224385
Throughput=1.97413e+07
VertexSetAllocated=0.00 Bytes
MiniGraphAllocated=0.00 Bytes
        0.15 real         0.41 user         0.01 sys
            19365888  maximum resident set size
                   0  average shared memory size
                   0  average unshared data size
                   0  average unshared stack size
                1293  page reclaims
                   0  page faults
                   0  swaps
                   0  block input operations
                   0  block output operations
                   0  messages sent
                   0  messages received
                   0  signals received
                  12  voluntary context switches
                 899  involuntary context switches
          1596786268  instructions retired
           948960486  cycles elapsed
            18350912  peak memory footprint
