Threads=8
LoadTime(s)=0.00947113
CODE_EXECUTION_TIME(s)=0.181153
RESULT=2224385
Throughput=1.22791e+07
VertexSetAllocated=0.00 Bytes
MiniGraphAllocated=0.00 Bytes
        0.19 real         0.44 user         0.01 sys
            19431424  maximum resident set size
                   0  average shared memory size
                   0  average unshared data size
                   0  average unshared stack size
                1291  page reclaims
                   0  page faults
                   0  swaps
                   0  block input operations
                   0  block output operations
                   0  messages sent
                   0  messages received
                   0  signals received
                   0  voluntary context switches
                1059  involuntary context switches
          1591995170  instructions retired
          1015652931  cycles elapsed
            18400000  peak memory footprint
