Threads=8
LoadTime(s)=0.0106538
CODE_EXECUTION_TIME(s)=0.161094
RESULT=2224385
Throughput=1.3808e+07
VertexSetAllocated=0.00 Bytes
MiniGraphAllocated=0.00 Bytes
        0.17 real         0.43 user         0.01 sys
            19431424  maximum resident set size
                   0  average shared memory size
                   0  average unshared data size
                   0  average unshared stack size
                1295  page reclaims
                   0  page faults
                   0  swaps
                   0  block input operations
                   0  block output operations
                   0  messages sent
                   0  messages received
                   0  signals received
                   0  voluntary context switches
                 771  involuntary context switches
          1589263487  instructions retired
          1021822951  cycles elapsed
            18400000  peak memory footprint
