Threads=8
LoadTime(s)=0.0108092
CODE_EXECUTION_TIME(s)=0.0739547
RESULT=2224385
Throughput=3.00776e+07
VertexSetAllocated=0.00 Bytes
MiniGraphAllocated=0.00 Bytes
        0.09 real         0.42 user         0.01 sys
            19398656  maximum resident set size
                   0  average shared memory size
                   0  average unshared data size
                   0  average unshared stack size
                1282  page reclaims
                   0  page faults
                   0  swaps
                   0  block input operations
                   0  block output operations
                   0  messages sent
                   0  messages received
                   0  signals received
                   0  voluntary context switches
                 444  involuntary context switches
          1586350345  instructions retired
           818056941  cycles elapsed
            18317952  peak memory footprint
