Threads=8
LoadTime(s)=0.0115925
CODE_EXECUTION_TIME(s)=0.164785
RESULT=2224385
Throughput=1.34987e+07
VertexSetAllocated=0.00 Bytes
MiniGraphAllocated=0.00 Bytes
        0.18 real         0.44 user         0.02 sys
            19431424  maximum resident set size
                   0  average shared memory size
                   0  average unshared data size
                   0  average unshared stack size
                1291  page reclaims
                   0  page faults
                   0  swaps
                   0  block input operations
                   0  block output operations
                   0  messages sent
                   0  messages received
                   0  signals received
                   0  voluntary context switches
                1562  involuntary context switches
          1600578909  instructions retired
           977881149  cycles elapsed
            18383552  peak memory footprint
