Threads=8
LoadTime(s)=0.010635
CODE_EXECUTION_TIME(s)=0.14396
RESULT=2224385
Throughput=1.54514e+07
VertexSetAllocated=0.00 Bytes
MiniGraphAllocated=0.00 Bytes
        0.16 real         0.44 user         0.01 sys
            19562496  maximum resident set size
                   0  average shared memory size
                   0  average unshared data size
                   0  average unshared stack size
                1304  page reclaims
                   0  page faults
                   0  swaps
                   0  block input operations
                   0  block output operations
                   0  messages sent
                   0  messages received
                   0  signals received
                   0  voluntary context switches
                1219  involuntary context switches
          1592674648  instructions retired
          1015070134  cycles elapsed
            18531072  peak memory footprint
