Threads=8
LoadTime(s)=0.0111577
CODE_EXECUTION_TIME(s)=0.129373
RESULT=2224385
Throughput=1.71936e+07
VertexSetAllocated=0.00 Bytes
MiniGraphAllocated=0.00 Bytes
        0.14 real         0.44 user         0.01 sys
            19611648  maximum resident set size
                   0  average shared memory size
                   0  average unshared data size
                   0  average unshared stack size
                1295  page reclaims
                   6  page faults
                   0  swaps
                   0  block input operations
                   0  block output operations
                   0  messages sent
                   0  messages received
                   0  signals received
                   0  voluntary context switches
                2298  involuntary context switches
          1604977629  instructions retired
           992662310  cycles elapsed
            18613120  peak memory footprint
