Threads=8
LoadTime(s)=0.0100386
CODE_EXECUTION_TIME(s)=0.125509
RESULT=2224385
Throughput=1.77229e+07
VertexSetAllocated=0.00 Bytes
MiniGraphAllocated=0.00 Bytes
        0.14 real         0.42 user         0.01 sys
            19496960  maximum resident set size
                   0  average shared memory size
                   0  average unshared data size
                   0  average unshared stack size
                1297  page reclaims
                   0  page faults
                   0  swaps
                   0  block input operations
                   0  block output operations
                   0  messages sent
                   0  messages received
                   0  signals received
                   0  voluntary context switches
                1043  involuntary context switches
          1591911141  instructions retired
           933690390  cycles elapsed
            18465536  peak memory footprint
