Threads=8
LoadTime(s)=0.0375647
CODE_EXECUTION_TIME(s)=0.218318
RESULT=2224385
Throughput=1.01887e+07
VertexSetAllocated=0.00 Bytes
MiniGraphAllocated=0.00 Bytes
        0.26 real         0.45 user         0.02 sys
            19578880  maximum resident set size
                   0  average shared memory size
                   0  average unshared data size
                   0  average unshared stack size
                1310  page reclaims
                   0  page faults
                   0  swaps
                   0  block input operations
                   0  block output operations
                   0  messages sent
                   0  messages received
                   0  signals received
                   0  voluntary context switches
                2547  involuntary context switches
          1605758626  instructions retired
          1086150052  cycles elapsed
            18547456  peak memory footprint
