Threads=8
LoadTime(s)=0.0106172
CODE_EXECUTION_TIME(s)=0.0625264
RESULT=2224385
Throughput=3.55751e+07
VertexSetAllocated=0.00 Bytes
MiniGraphAllocated=0.00 Bytes
        0.08 real         0.43 user         0.01 sys
            19398656  maximum resident set size
                   0  average shared memory size
                   0  average unshared data size
                   0  average unshared stack size
                1284  page reclaims
                   6  page faults
                   0  swaps
                   0  block input operations
                   0  block output operations
                   0  messages sent
                   0  messages received
                   0  signals received
                   0  voluntary context switches
                 570  involuntary context switches
          1588533474  instructions retired
           779014741  cycles elapsed
            18350784  peak memory footprint
