Threads=8
LoadTime(s)=0.01008
CODE_EXECUTION_TIME(s)=0.117607
RESULT=2224385
Throughput=1.89137e+07
VertexSetAllocated=0.00 Bytes
MiniGraphAllocated=0.00 Bytes
        0.13 real         0.43 user         0.01 sys
            19431424  maximum resident set size
                   0  average shared memory size
                   0  average unshared data size
                   0  average unshared stack size
                1285  page reclaims
                   0  page faults
                   0  swaps
                   0  block input operations
                   0  block output operations
                   0  messages sent
                   0  messages received
                   0  signals received
                   0  voluntary context switches
                1380  involuntary context switches
          1594600885  instructions retired
           921353260  cycles elapsed
            18416448  peak memory footprint
