Threads=8
LoadTime(s)=0.0129128
CODE_EXECUTION_TIME(s)=0.0738712
RESULT=2224385
Throughput=3.01117e+07
VertexSetAllocated=0.00 Bytes
MiniGraphAllocated=0.00 Bytes
        0.09 real         0.41 user         0.01 sys
            19365888  maximum resident set size
                   0  average shared memory size
                   0  average unshared data size
                   0  average unshared stack size
                1293  page reclaims
                   1  page faults
                   0  swaps
                   0  block input operations
                   0  block output operations
                   0  messages sent
                   0  messages received
                   0  signals received
                   1  voluntary context switches
                 326  involuntary context switches
          1585951492  instructions retired
           864843341  cycles elapsed
            18301568  peak memory footprint
