Threads=8
LoadTime(s)=0.00161996
CODE_EXECUTION_TIME(s)=0.0281827
RESULT=727044
Throughput=2.57975e+07
VertexSetAllocated=0.00 Bytes
MiniGraphAllocated=0.00 Bytes
        0.03 real         0.14 user         0.00 sys
             5718016  maximum resident set size
                   0  average shared memory size
                   0  average unshared data size
                   0  average unshared stack size
                 458  page reclaims
                   0  page faults
                   0  swaps
                   0  block input operations
                   0  block output operations
                   0  messages sent
                   0  messages received
                   0  signals received
                   0  voluntary context switches
                 437  involuntary context switches
           640112978  instructions retired
           300050056  cycles elapsed
             4637248  peak memory footprint
