Threads=8
LoadTime(s)=0.00182975
CODE_EXECUTION_TIME(s)=0.0312048
RESULT=727044
Throughput=2.32991e+07
VertexSetAllocated=0.00 Bytes
MiniGraphAllocated=0.00 Bytes
        0.03 real         0.14 user         0.00 sys
             5767168  maximum resident set size
                   0  average shared memory size
                   0  average unshared data size
                   0  average unshared stack size
                 463  page reclaims
                   0  page faults
                   0  swaps
                   0  block input operations
                   0  block output operations
                   0  messages sent
                   0  messages received
                   0  signals received
                   0  voluntary context switches
                 325  involuntary context switches
           638823797  instructions retired
           291653015  cycles elapsed
             4735744  peak memory footprint
