Threads=8
LoadTime(s)=0.00194758
CODE_EXECUTION_TIME(s)=0.0267378
RESULT=727044
Throughput=2.71916e+07
VertexSetAllocated=0.00 Bytes
MiniGraphAllocated=0.00 Bytes
        0.03 real         0.14 user         0.00 sys
             5652480  maximum resident set size
                   0  average shared memory size
                   0  average unshared data size
                   0  average unshared stack size
                 455  page reclaims
                   0  page faults
                   0  swaps
                   0  block input operations
                   0  block output operations
                   0  messages sent
                   0  messages received
                   0  signals received
                   0  voluntary context switches
                 299  involuntary context switches
           638827583  instructions retired
           295928148  cycles elapsed
             4604608  peak memory footprint
