Threads=8
LoadTime(s)=0.00146608
CODE_EXECUTION_TIME(s)=0.0445848
RESULT=727044
Throughput=1.6307e+07
VertexSetAllocated=0.00 Bytes
MiniGraphAllocated=0.00 Bytes
        0.05 real         0.14 user         0.00 sys
             5734400  maximum resident set size
                   0  average shared memory size
                   0  average unshared data size
                   0  average unshared stack size
                 457  page reclaims
                   1  page faults
                   0  swaps
                   0  block input operations
                   0  block output operations
                   0  messages sent
                   0  messages received
                   0  signals received
                   0  voluntary context switches
                 231  involuntary context switches
           637735084  instructions retired
           306316517  cycles elapsed
             4670080  peak memory footprint
