Threads=8
LoadTime(s)=0.00164958
CODE_EXECUTION_TIME(s)=0.0255532
RESULT=727044
Throughput=2.84522e+07
VertexSetAllocated=0.00 Bytes
MiniGraphAllocated=0.00 Bytes
        0.03 real         0.15 user         0.00 sys
             5668864  maximum resident set size
                   0  average shared memory size
                   0  average unshared data size
                   0  average unshared stack size
                 454  page reclaims
                   0  page faults
                   0  swaps
                   0  block input operations
                   0  block output operations
                   0  messages sent
                   0  messages received
                   0  signals received
                   0  voluntary context switches
                 273  involuntary context switches
           638899641  instructions retired
           292731840  cycles elapsed
             4588096  peak memory footprint
