Threads=8
LoadTime(s)=0.00294842
CODE_EXECUTION_TIME(s)=0.0385978
RESULT=727044
Throughput=1.88364e+07
VertexSetAllocated=0.00 Bytes
MiniGraphAllocated=0.00 Bytes
        0.04 real         0.14 user         0.00 sys
             5750784  maximum resident set size
                   0  average shared memory size
                   0  average unshared data size
                   0  average unshared stack size
                 463  page reclaims
                   0  page faults
                   0  swaps
                   0  block input operations
                   0  block output operations
                   0  messages sent
                   0  messages received
                   0  signals received
                   0  voluntary context switches
                 394  involuntary context switches
           639773723  instructions retired
           311875537  cycles elapsed
             4735808  peak memory footprint
