Threads=8
LoadTime(s)=0.00202142
CODE_EXECUTION_TIME(s)=0.0767664
RESULT=727044
Throughput=9.47086e+06
VertexSetAllocated=0.00 Bytes
MiniGraphAllocated=0.00 Bytes
        0.08 real         0.14 user         0.00 sys
             5652480  maximum resident set size
                   0  average shared memory size
                   0  average unshared data size
                   0  average unshared stack size
                 456  page reclaims
                   0  page faults
                   0  swaps
                   0  block input operations
                   0  block output operations
                   0  messages sent
                   0  messages received
                   0  signals received
                   0  voluntary context switches
                 428  involuntary context switches
           640698755  instructions retired
           338369432  cycles elapsed
             4571712  peak memory footprint
