Threads=8
LoadTime(s)=0.002113
CODE_EXECUTION_TIME(s)=0.0495358
RESULT=727044
Throughput=1.46771e+07
VertexSetAllocated=0.00 Bytes
MiniGraphAllocated=0.00 Bytes
        0.05 real         0.13 user         0.00 sys
             5783552  maximum resident set size
                   0  average shared memory size
                   0  average unshared data size
                   0  average unshared stack size
                 459  page reclaims
                   0  page faults
                   0  swaps
                   0  block input operations
                   0  block output operations
                   0  messages sent
                   0  messages received
                   0  signals received
                   1  voluntary context switches
                1253  involuntary context switches
           647249177  instructions retired
           322578088  cycles elapsed
             4719232  peak memory footprint
