Threads=8
LoadTime(s)=0.00212383
CODE_EXECUTION_TIME(s)=0.115632
RESULT=727044
Throughput=6.28758e+06
VertexSetAllocated=0.00 Bytes
MiniGraphAllocated=0.00 Bytes
        0.12 real         0.14 user         0.00 sys
             5750784  maximum resident set size
                   0  average shared memory size
                   0  average unshared data size
                   0  average unshared stack size
                 458  page reclaims
                   0  page faults
                   0  swaps
                   0  block input operations
                   0  block output operations
                   0  messages sent
                   0  messages received
                   0  signals received
                   1  voluntary context switches
                1032  involuntary context switches
           646151148  instructions retired
           328524521  cycles elapsed
             4719360  peak memory footprint
