Threads=8
LoadTime(s)=0.0112005
CODE_EXECUTION_TIME(s)=0.0366526
RESULT=727044
Throughput=1.98361e+07
VertexSetAllocated=0.00 Bytes
MiniGraphAllocated=0.00 Bytes
        0.05 real         0.14 user         0.00 sys
             5718016  maximum resident set size
                   0  average shared memory size
                   0  average unshared data size
                   0  average unshared stack size
                 461  page reclaims
                   0  page faults
                   0  swaps
                   0  block input operations
                   0  block output operations
                   0  messages sent
                   0  messages received
                   0  signals received
                  14  voluntary context switches
                 419  involuntary context switches
           641126005  instructions retired
           307076553  cycles elapsed
             4670144  peak memory footprint
