Threads=8
LoadTime(s)=0.00271929
CODE_EXECUTION_TIME(s)=0.0475642
RESULT=727044
Throughput=1.52855e+07
VertexSetAllocated=0.00 Bytes
MiniGraphAllocated=0.00 Bytes
        0.05 real         0.13 user         0.00 sys
             5898240  maximum resident set size
                   0  average shared memory size
                   0  average unshared data size
                   0  average unshared stack size
                 471  page reclaims
                   0  page faults
                   0  swaps
                   0  block input operations
                   0  block output operations
                   0  messages sent
                   0  messages received
                   0  signals received
                   0  voluntary context switches
                 749  involuntary context switches
           643105998  instructions retired
           321964264  cycles elapsed
             4916160  peak memory footprint
