Threads=8
LoadTime(s)=0.00101992
CODE_EXECUTION_TIME(s)=0.0417993
RESULT=608389
Throughput=1.4555e+07
VertexSetAllocated=0.00 Bytes
MiniGraphAllocated=0.00 Bytes
        0.05 real         0.15 user         0.00 sys
             4358144  maximum resident set size
                   0  average shared memory size
                   0  average unshared data size
                   0  average unshared stack size
                 377  page reclaims
                   0  page faults
                   0  swaps
                   0  block input operations
                   0  block output operations
                   0  messages sent
                   0  messages received
                   0  signals received
                   0  voluntary context switches
                 524  involuntary context switches
           765420473  instructions retired
           330280385  cycles elapsed
             3277376  peak memory footprint
