Threads=8
LoadTime(s)=0.00106767
CODE_EXECUTION_TIME(s)=0.0767279
RESULT=608389
Throughput=7.92918e+06
VertexSetAllocated=0.00 Bytes
MiniGraphAllocated=0.00 Bytes
        0.08 real         0.14 user         0.00 sys
             4308992  maximum resident set size
                   0  average shared memory size
                   0  average unshared data size
                   0  average unshared stack size
                 365  page reclaims
                   0  page faults
                   0  swaps
                   0  block input operations
                   0  block output operations
                   0  messages sent
                   0  messages received
                   0  signals received
                   0  voluntary context switches
                 398  involuntary context switches
           758411744  instructions retired
           346788551  cycles elapsed
             3228288  peak memory footprint
