Threads=8
LoadTime(s)=0.00390229
CODE_EXECUTION_TIME(s)=0.0171645
RESULT=608389
Throughput=3.54446e+07
VertexSetAllocated=0.00 Bytes
MiniGraphAllocated=0.00 Bytes
        0.03 real         0.12 user         0.00 sys
             4374528  maximum resident set size
                   0  average shared memory size
                   0  average unshared data size
                   0  average unshared stack size
                 322  page reclaims
                  52  page faults
                   0  swaps
                   0  block input operations
                   0  block output operations
                   0  messages sent
                   0  messages received
                   0  signals received
                  22  voluntary context switches
                 186  involuntary context switches
           763710331  instructions retired
           286466034  cycles elapsed
             3326656  peak memory footprint
