Threads=8
LoadTime(s)=0.00419792
CODE_EXECUTION_TIME(s)=0.0630689
RESULT=608389
Throughput=9.64642e+06
VertexSetAllocated=0.00 Bytes
MiniGraphAllocated=0.00 Bytes
        0.07 real         0.15 user         0.00 sys
             4423680  maximum resident set size
                   0  average shared memory size
                   0  average unshared data size
                   0  average unshared stack size
                 376  page reclaims
                   0  page faults
                   0  swaps
                   0  block input operations
                   0  block output operations
                   0  messages sent
                   0  messages received
                   0  signals received
                   0  voluntary context switches
                1378  involuntary context switches
           769467278  instructions retired
           342223551  cycles elapsed
             3342912  peak memory footprint
