Threads=8
LoadTime(s)=0.000601417
CODE_EXECUTION_TIME(s)=0.018958
RESULT=608389
Throughput=3.20914e+07
VertexSetAllocated=0.00 Bytes
MiniGraphAllocated=0.00 Bytes
        0.02 real         0.13 user         0.00 sys
             4325376  maximum resident set size
                   0  average shared memory size
                   0  average unshared data size
                   0  average unshared stack size
                 367  page reclaims
                   6  page faults
                   0  swaps
                   0  block input operations
                   0  block output operations
                   0  messages sent
                   0  messages received
                   0  signals received
                   0  voluntary context switches
                 240  involuntary context switches
           759798687  instructions retired
           280898962  cycles elapsed
             3261056  peak memory footprint
