Threads=8
LoadTime(s)=0.00115683
CODE_EXECUTION_TIME(s)=0.0377142
RESULT=608389
Throughput=1.61315e+07
VertexSetAllocated=0.00 Bytes
MiniGraphAllocated=0.00 Bytes
        0.04 real         0.15 user         0.00 sys
             4341760  maximum resident set size
                   0  average shared memory size
                   0  average unshared data size
                   0  average unshared stack size
                 376  page reclaims
                   0  page faults
                   0  swaps
                   0  block input operations
                   0  block output operations
                   0  messages sent
                   0  messages received
                   0  signals received
                   0  voluntary context switches
                 660  involuntary context switches
           762799356  instructions retired
           318956704  cycles elapsed
             3260992  peak memory footprint
