Threads=8
LoadTime(s)=0.000521417
CODE_EXECUTION_TIME(s)=0.0181788
RESULT=608389
Throughput=3.34669e+07
VertexSetAllocated=0.00 Bytes
MiniGraphAllocated=0.00 Bytes
        0.02 real         0.12 user         0.00 sys
             4423680  maximum resident set size
                   0  average shared memory size
                   0  average unshared data size
                   0  average unshared stack size
                 374  page reclaims
                   0  page faults
                   0  swaps
                   0  block input operations
                   0  block output operations
                   0  messages sent
                   0  messages received
                   0  signals received
                   0  voluntary context switches
                 169  involuntary context switches
           758932910  instructions retired
           280037905  cycles elapsed
             3342912  peak memory footprint
