Threads=8
LoadTime(s)=0.000667042
CODE_EXECUTION_TIME(s)=0.021136
RESULT=608389
Throughput=2.87845e+07
VertexSetAllocated=0.00 Bytes
MiniGraphAllocated=0.00 Bytes
        0.02 real         0.13 user         0.00 sys
             4292608  maximum resident set size
                   0  average shared memory size
                   0  average unshared data size
                   0  average unshared stack size
                 372  page reclaims
                   0  page faults
                   0  swaps
                   0  block input operations
                   0  block output operations
                   0  messages sent
                   0  messages received
                   0  signals received
                   0  voluntary context switches
                 479  involuntary context switches
           760190372  instructions retired
           291463864  cycles elapsed
             3228288  peak memory footprint
