Threads=8
LoadTime(s)=0.000844417
CODE_EXECUTION_TIME(s)=0.0352533
RESULT=608389
Throughput=1.72576e+07
VertexSetAllocated=0.00 Bytes
MiniGraphAllocated=0.00 Bytes
        0.04 real         0.15 user         0.00 sys
             4440064  maximum resident set size
                   0  average shared memory size
                   0  average unshared data size
                   0  average unshared stack size
                 380  page reclaims
                   0  page faults
                   0  swaps
                   0  block input operations
                   0  block output operations
                   0  messages sent
                   0  messages received
                   0  signals received
                   0  voluntary context switches
                 665  involuntary context switches
           763340190  instructions retired
           314197309  cycles elapsed
             3359296  peak memory footprint
