Threads=8
LoadTime(s)=0.000788459
CODE_EXECUTION_TIME(s)=0.0562809
RESULT=608389
Throughput=1.08099e+07
VertexSetAllocated=0.00 Bytes
MiniGraphAllocated=0.00 Bytes
        0.06 real         0.15 user         0.00 sys
             4341760  maximum resident set size
                   0  average shared memory size
                   0  average unshared data size
                   0  average unshared stack size
                 373  page reclaims
                   0  page faults
                   0  swaps
                   0  block input operations
                   0  block output operations
                   0  messages sent
                   0  messages received
                   0  signals received
                   0  voluntary context switches
                 924  involuntary context switches
           764968111  instructions retired
           331178763  cycles elapsed
             3277440  peak memory footprint
