Threads=8
LoadTime(s)=0.0104141
CODE_EXECUTION_TIME(s)=0.237637
RESULT=2224385
Throughput=9.36045e+06
VertexSetAllocated=0.00 Bytes
MiniGraphAllocated=0.00 Bytes
        0.25 real         0.44 user         0.03 sys
            19464192  maximum resident set size
                   0  average shared memory size
                   0  average unshared data size
                   0  average unshared stack size
                1303  page reclaims
                   0  page faults
                   0  swaps
                   0  block input operations
                   0  block output operations
                   0  messages sent
                   0  messages received
                   0  signals received
                   1  voluntary context switches
                4313  involuntary context switches
          1623262174  instructions retired
           966760369  cycles elapsed
            18482112  peak memory footprint
