Threads=8
LoadTime(s)=0.0146077
CODE_EXECUTION_TIME(s)=0.0863588
RESULT=2224385
Throughput=2.57575e+07
VertexSetAllocated=0.00 Bytes
MiniGraphAllocated=0.00 Bytes
        0.10 real         0.42 user         0.01 sys
            19595264  maximum resident set size
                   0  average shared memory size
                   0  average unshared data size
                   0  average unshared stack size
                1303  page reclaims
                   0  page faults
                   0  swaps
                   0  block input operations
                   0  block output operations
                   0  messages sent
                   0  messages received
                   0  signals received
                   0  voluntary context switches
                1239  involuntary context switches
          1595102517  instructions retired
           893590991  cycles elapsed
            18629632  peak memory footprint
