Threads=8
LoadTime(s)=0.0318577
CODE_EXECUTION_TIME(s)=0.126073
RESULT=2224385
Throughput=1.76436e+07
VertexSetAllocated=0.00 Bytes
MiniGraphAllocated=0.00 Bytes
        0.19 real         0.43 user         0.02 sys
            19513344  maximum resident set size
                   0  average shared memory size
                   0  average unshared data size
                   0  average unshared stack size
                1297  page reclaims
                   0  page faults
                   0  swaps
                   0  block input operations
                   0  block output operations
                   0  messages sent
                   0  messages received
                   0  signals received
                   0  voluntary context switches
                2842  involuntary context switches
          1608781586  instructions retired
           833368996  cycles elapsed
            18498368  peak memory footprint
