Threads=8
LoadTime(s)=0.0667641
CODE_EXECUTION_TIME(s)=0.146294
RESULT=2224385
Throughput=1.52049e+07
VertexSetAllocated=0.00 Bytes
MiniGraphAllocated=0.00 Bytes
        0.23 real         0.43 user         0.02 sys
            19562496  maximum resident set size
                   0  average shared memory size
                   0  average unshared data size
                   0  average unshared stack size
                1288  page reclaims
                   6  page faults
                   0  swaps
                   0  block input operations
                   0  block output operations
                   0  messages sent
                   0  messages received
                   0  signals received
                   0  voluntary context switches
                2191  involuntary context switches
          1602456248  instructions retired
           863030216  cycles elapsed
            18547584  peak memory footprint
