Threads=8
LoadTime(s)=0.0827837
CODE_EXECUTION_TIME(s)=0.164581
RESULT=2224385
Throughput=1.35154e+07
VertexSetAllocated=0.00 Bytes
MiniGraphAllocated=0.00 Bytes
        0.26 real         0.43 user         0.02 sys
            19562496  maximum resident set size
                   0  average shared memory size
                   0  average unshared data size
                   0  average unshared stack size
                1300  page reclaims
                   0  page faults
                   0  swaps
                   0  block input operations
                   0  block output operations
                   0  messages sent
                   0  messages received
                   0  signals received
                   0  voluntary context switches
                1707  involuntary context switches
          1598293835  instructions retired
           921058108  cycles elapsed
            18563968  peak memory footprint
