Threads=8
LoadTime(s)=0.0133828
CODE_EXECUTION_TIME(s)=0.0990825
RESULT=2224385
Throughput=2.24498e+07
VertexSetAllocated=0.00 Bytes
MiniGraphAllocated=0.00 Bytes
        0.12 real         0.43 user         0.01 sys
            19529728  maximum resident set size
                   0  average shared memory size
                   0  average unshared data size
                   0  average unshared stack size
                1302  page reclaims
                   0  page faults
                   0  swaps
                   0  block input operations
                   0  block output operations
                   0  messages sent
                   0  messages received
                   0  signals received
                   0  voluntary context switches
                1627  involuntary context switches
          1596057037  instructions retired
           923539337  cycles elapsed
            18481856  peak memory footprint
