Threads=8
LoadTime(s)=0.010096
CODE_EXECUTION_TIME(s)=0.0806428
RESULT=2224385
Throughput=2.75832e+07
VertexSetAllocated=0.00 Bytes
MiniGraphAllocated=0.00 Bytes
        0.09 real         0.41 user         0.01 sys
            19578880  maximum resident set size
                   0  average shared memory size
                   0  average unshared data size
                   0  average unshared stack size
                1301  page reclaims
                   0  page faults
                   0  swaps
                   0  block input operations
                   0  block output operations
                   0  messages sent
                   0  messages received
                   0  signals received
                   0  voluntary context switches
                 440  involuntary context switches
          1586475053  instructions retired
           860459323  cycles elapsed
            18547456  peak memory footprint
