Threads=8
LoadTime(s)=0.0103965
CODE_EXECUTION_TIME(s)=0.103518
RESULT=2224385
Throughput=2.14878e+07
VertexSetAllocated=0.00 Bytes
MiniGraphAllocated=0.00 Bytes
        0.12 real         0.42 user         0.01 sys
            19431424  maximum resident set size
                   0  average shared memory size
                   0  average unshared data size
                   0  average unshared stack size
                1294  page reclaims
                   0  page faults
                   0  swaps
                   0  block input operations
                   0  block output operations
                   0  messages sent
                   0  messages received
                   0  signals received
                   0  voluntary context switches
                 923  involuntary context switches
          1592102572  instructions retired
           938327604  cycles elapsed
            18449344  peak memory footprint
