Threads=8
LoadTime(s)=0.0108363
CODE_EXECUTION_TIME(s)=0.0665156
RESULT=2224385
Throughput=3.34416e+07
VertexSetAllocated=0.00 Bytes
MiniGraphAllocated=0.00 Bytes
        0.08 real         0.42 user         0.01 sys
            19578880  maximum resident set size
                   0  average shared memory size
                   0  average unshared data size
                   0  average unshared stack size
                1302  page reclaims
                   0  page faults
                   0  swaps
                   0  block input operations
                   0  block output operations
                   0  messages sent
                   0  messages received
                   0  signals received
                   0  voluntary context switches
                 616  involuntary context switches
          1588019826  instructions retired
           826161875  cycles elapsed
            18580352  peak memory footprint
