Threads=8
LoadTime(s)=0.0300582
CODE_EXECUTION_TIME(s)=0.0701789
RESULT=2224385
Throughput=3.16959e+07
VertexSetAllocated=0.00 Bytes
MiniGraphAllocated=0.00 Bytes
        0.10 real         0.43 user         0.01 sys
            19595264  maximum resident set size
                   0  average shared memory size
                   0  average unshared data size
                   0  average unshared stack size
                1309  page reclaims
                   0  page faults
                   0  swaps
                   0  block input operations
                   0  block output operations
                   0  messages sent
                   0  messages received
                   0  signals received
                   0  voluntary context switches
                 758  involuntary context switches
          1588997643  instructions retired
           858054247  cycles elapsed
            18596736  peak memory footprint
