Threads=8
LoadTime(s)=0.00972608
CODE_EXECUTION_TIME(s)=0.0600855
RESULT=2224385
Throughput=3.70204e+07
VertexSetAllocated=0.00 Bytes
MiniGraphAllocated=0.00 Bytes
        0.07 real         0.41 user         0.01 sys
            19415040  maximum resident set size
                   0  average shared memory size
                   0  average unshared data size
                   0  average unshared stack size
                1293  page reclaims
                   0  page faults
                   0  swaps
                   0  block input operations
                   0  block output operations
                   0  messages sent
                   0  messages received
                   0  signals received
                   0  voluntary context switches
                 426  involuntary context switches
          1586753284  instructions retired
           796488359  cycles elapsed
            18400064  peak memory footprint
