Threads=8
LoadTime(s)=0.00304921
CODE_EXECUTION_TIME(s)=0.0969496
RESULT=727044
Throughput=7.4992e+06
VertexSetAllocated=0.00 Bytes
MiniGraphAllocated=0.00 Bytes
        0.10 real         0.14 user         0.00 sys
             5816320  maximum resident set size
                   0  average shared memory size
                   0  average unshared data size
                   0  average unshared stack size
                 453  page reclaims
                   0  page faults
                   0  swaps
                   0  block input operations
                   0  block output operations
                   0  messages sent
                   0  messages received
                   0  signals received
                   0  voluntary context switches
                 931  involuntary context switches
           642869748  instructions retired
           358555991  cycles elapsed
             4784896  peak memory footprint
