Threads=8
LoadTime(s)=0.00134117
time: command terminated abnormally
        0.06 real         0.14 user         0.00 sys
             5767168  maximum resident set size
                   0  average shared memory size
                   0  average unshared data size
                   0  average unshared stack size
                 440  page reclaims
                   0  page faults
                   0  swaps
                   0  block input operations
                   0  block output operations
                   0  messages sent
                   0  messages received
                   0  signals received
                   0  voluntary context switches
                 178  involuntary context switches
           637346151  instructions retired
           267534769  cycles elapsed
             4604480  peak memory footprint
