Threads=8
LoadTime(s)=0.0015795
CODE_EXECUTION_TIME(s)=0.021926
RESULT=727044
Throughput=3.31589e+07
VertexSetAllocated=0.00 Bytes
MiniGraphAllocated=0.00 Bytes
        0.02 real         0.15 user         0.00 sys
             5652480  maximum resident set size
                   0  average shared memory size
                   0  average unshared data size
                   0  average unshared stack size
                 450  page reclaims
                   0  page faults
                   0  swaps
                   0  block input operations
                   0  block output operations
                   0  messages sent
                   0  messages received
                   0  signals received
                   0  voluntary context switches
                 260  involuntary context switches
           638479465  instructions retired
           281051636  cycles elapsed
             4571712  peak memory footprint
