Threads=8
LoadTime(s)=0.00162867
CODE_EXECUTION_TIME(s)=0.0186692
RESULT=727044
Throughput=3.89435e+07
VertexSetAllocated=0.00 Bytes
MiniGraphAllocated=0.00 Bytes
        0.02 real         0.13 user         0.00 sys
             5816320  maximum resident set size
                   0  average shared memory size
                   0  average unshared data size
                   0  average unshared stack size
                 462  page reclaims
                   0  page faults
                   0  swaps
                   0  block input operations
                   0  block output operations
                   0  messages sent
                   0  messages received
                   0  signals received
                   0  voluntary context switches
                 148  involuntary context switches
           637738583  instructions retired
           265878749  cycles elapsed
             4784960  peak memory footprint
