Threads=8
LoadTime(s)=0.00134012
CODE_EXECUTION_TIME(s)=0.0191273
RESULT=727044
Throughput=3.80107e+07
VertexSetAllocated=0.00 Bytes
MiniGraphAllocated=0.00 Bytes
        0.02 real         0.14 user         0.00 sys
             5685248  maximum resident set size
                   0  average shared memory size
                   0  average unshared data size
                   0  average unshared stack size
                 452  page reclaims
                   0  page faults
                   0  swaps
                   0  block input operations
                   0  block output operations
                   0  messages sent
                   0  messages received
                   0  signals received
                   0  voluntary context switches
                 164  involuntary context switches
           637729973  instructions retired
           268759579  cycles elapsed
             4604480  peak memory footprint
