Threads=8
LoadTime(s)=0.000838959
CODE_EXECUTION_TIME(s)=0.0212668
RESULT=608389
Throughput=2.86074e+07
VertexSetAllocated=0.00 Bytes
MiniGraphAllocated=0.00 Bytes
        0.02 real         0.15 user         0.00 sys
             4276224  maximum resident set size
                   0  average shared memory size
                   0  average unshared data size
                   0  average unshared stack size
                 372  page reclaims
                   0  page faults
                   0  swaps
                   0  block input operations
                   0  block output operations
                   0  messages sent
                   0  messages received
                   0  signals received
                   0  voluntary context switches
                 275  involuntary context switches
           758785896  instructions retired
           290523381  cycles elapsed
             3211904  peak memory footprint
