Threads=8
LoadTime(s)=0.000610625
CODE_EXECUTION_TIME(s)=0.0191597
RESULT=608389
Throughput=3.17536e+07
VertexSetAllocated=0.00 Bytes
MiniGraphAllocated=0.00 Bytes
        0.02 real         0.13 user         0.00 sys
             4407296  maximum resident set size
                   0  average shared memory size
                   0  average unshared data size
                   0  average unshared stack size
                 372  page reclaims
                   0  page faults
                   0  swaps
                   0  block input operations
                   0  block output operations
                   0  messages sent
                   0  messages received
                   0  signals received
                   0  voluntary context switches
                 350  involuntary context switches
           760345628  instructions retired
           282779908  cycles elapsed
             3359424  peak memory footprint
