Threads=1
LoadTime(s)=0.00515342
time: command terminated abnormally
       15.60 real        15.16 user         0.06 sys
             4980736  maximum resident set size
                   0  average shared memory size
                   0  average unshared data size
                   0  average unshared stack size
                 387  page reclaims
                  22  page faults
                   0  swaps
                   0  block input operations
                   0  block output operations
                   0  messages sent
                   0  messages received
                   0  signals received
                  10  voluntary context switches
                3322  involuntary context switches
         97399608071  instructions retired
         29969499620  cycles elapsed
             3572352  peak memory footprint
