Threads=8
LoadTime(s)=0.00787858
CODE_EXECUTION_TIME(s)=0.0618457
RESULT=2224385
Throughput=3.59667e+07
VertexSetAllocated=0.00 Bytes
MiniGraphAllocated=0.00 Bytes
        0.34 real         0.31 user         0.00 sys
            19365888  maximum resident set size
                   0  average shared memory size
                   0  average unshared data size
                   0  average unshared stack size
                1295  page reclaims
                   0  page faults
                   0  swaps
                   0  block input operations
                   0  block output operations
                   0  messages sent
                   0  messages received
                   0  signals received
                   1  voluntary context switches
                 329  involuntary context switches
          1586213856  instructions retired
           717556799  cycles elapsed
            18268672  peak memory footprint
