Threads=8
LoadTime(s)=0.00613133
CODE_EXECUTION_TIME(s)=1.00927
RESULT=252893
Throughput=250571
VertexSetAllocated=1.02 MB
MiniGraphAllocated=0.00 Bytes
        1.32 real         4.41 user         0.02 sys
            19906560  maximum resident set size
                   0  average shared memory size
                   0  average unshared data size
                   0  average unshared stack size
                1324  page reclaims
                   0  page faults
                   0  swaps
                   0  block input operations
                   0  block output operations
                   0  messages sent
                   0  messages received
                   0  signals received
                   0  voluntary context switches
                4604  involuntary context switches
         17850165780  instructions retired
          9278239182  cycles elapsed
            18908096  peak memory footprint
