Threads=8
LoadTime(s)=0.00833025
CODE_EXECUTION_TIME(s)=2.54421
RESULT=262663639
Throughput=1.0324e+08
VertexSetAllocated=0.00 Bytes
MiniGraphAllocated=1.56 MB
        2.56 real        11.08 user         0.08 sys
            21561344  maximum resident set size
                   0  average shared memory size
                   0  average unshared data size
                   0  average unshared stack size
                1426  page reclaims
                   0  page faults
                   0  swaps
                   0  block input operations
                   0  block output operations
                   0  messages sent
                   0  messages received
                   0  signals received
                   0  voluntary context switches
               14083  involuntary context switches
         54254274300  instructions retired
         23296994893  cycles elapsed
            20628800  peak memory footprint
