Threads=8
LoadTime(s)=0.00802804
CODE_EXECUTION_TIME(s)=1.66966
RESULT=252893
Throughput=151464
VertexSetAllocated=1.02 MB
MiniGraphAllocated=0.00 Bytes
        2.15 real         4.76 user         0.06 sys
            19906560  maximum resident set size
                   0  average shared memory size
                   0  average unshared data size
                   0  average unshared stack size
                1322  page reclaims
                   0  page faults
                   0  swaps
                   0  block input operations
                   0  block output operations
                   0  messages sent
                   0  messages received
                   0  signals received
                   0  voluntary context switches
               10390  involuntary context switches
         17907921703  instructions retired
          9901330228  cycles elapsed
            18924544  peak memory footprint
