Threads=8
LoadTime(s)=0.0104892
CODE_EXECUTION_TIME(s)=2.2189
RESULT=262663639
Throughput=1.18376e+08
VertexSetAllocated=0.00 Bytes
MiniGraphAllocated=1.40 MB
        2.23 real        11.17 user         0.08 sys
            21397504  maximum resident set size
                   0  average shared memory size
                   0  average unshared data size
                   0  average unshared stack size
                1408  page reclaims
                   0  page faults
                   0  swaps
                   0  block input operations
                   0  block output operations
                   0  messages sent
                   0  messages received
                   0  signals received
                   0  voluntary context switches
               14113  involuntary context switches
         54202150767  instructions retired
         22822777061  cycles elapsed
            20349824  peak memory footprint
