Threads=8
LoadTime(s)=0.00857271
CODE_EXECUTION_TIME(s)=1.39788
RESULT=262663639
Throughput=1.87901e+08
VertexSetAllocated=0.00 Bytes
MiniGraphAllocated=1.50 MB
        1.71 real         9.68 user         0.04 sys
            21479424  maximum resident set size
                   0  average shared memory size
                   0  average unshared data size
                   0  average unshared stack size
                1416  page reclaims
                   0  page faults
                   0  swaps
                   0  block input operations
                   0  block output operations
                   0  messages sent
                   0  messages received
                   0  signals received
                   0  voluntary context switches
                8138  involuntary context switches
         54124828693  instructions retired
         19372260013  cycles elapsed
            20464640  peak memory footprint
