Threads=8
LoadTime(s)=0.0214459
CODE_EXECUTION_TIME(s)=0.0448955
RESULT=2224385
Throughput=4.95459e+07
VertexSetAllocated=0.00 Bytes
MiniGraphAllocated=0.00 Bytes
        0.36 real         0.31 user         0.01 sys
            19464192  maximum resident set size
                   0  average shared memory size
                   0  average unshared data size
                   0  average unshared stack size
                1295  page reclaims
                   0  page faults
                   0  swaps
                   0  block input operations
                   0  block output operations
                   0  messages sent
                   0  messages received
                   0  signals received
                  11  voluntary context switches
                 233  involuntary context switches
          1591923482  instructions retired
           697687468  cycles elapsed
            18465664  peak memory footprint
