Threads=8
LoadTime(s)=0.00995579
CODE_EXECUTION_TIME(s)=1.61965
RESULT=258570802
Throughput=1.59646e+08
VertexSetAllocated=521.59 KB
MiniGraphAllocated=741.76 KB
        1.93 real        10.55 user         0.04 sys
            20905984  maximum resident set size
                   0  average shared memory size
                   0  average unshared data size
                   0  average unshared stack size
                1382  page reclaims
                   0  page faults
                   0  swaps
                   0  block input operations
                   0  block output operations
                   0  messages sent
                   0  messages received
                   0  signals received
                   0  voluntary context switches
                6050  involuntary context switches
         51770560713  instructions retired
         20668469178  cycles elapsed
            19940608  peak memory footprint
