Threads=8
LoadTime(s)=0.00884896
CODE_EXECUTION_TIME(s)=2.13703
RESULT=262663639
Throughput=1.22911e+08
VertexSetAllocated=0.00 Bytes
MiniGraphAllocated=1.46 MB
        2.15 real        11.13 user         0.08 sys
            21446656  maximum resident set size
                   0  average shared memory size
                   0  average unshared data size
                   0  average unshared stack size
                1414  page reclaims
                   0  page faults
                   0  swaps
                   0  block input operations
                   0  block output operations
                   0  messages sent
                   0  messages received
                   0  signals received
                   0  voluntary context switches
               12365  involuntary context switches
         54187082216  instructions retired
         22844187633  cycles elapsed
            20431872  peak memory footprint
