Threads=8
LoadTime(s)=0.0100508
CODE_EXECUTION_TIME(s)=1.95462
RESULT=258570802
Throughput=1.32287e+08
VertexSetAllocated=521.59 KB
MiniGraphAllocated=759.12 KB
        2.26 real        10.58 user         0.08 sys
            20856832  maximum resident set size
                   0  average shared memory size
                   0  average unshared data size
                   0  average unshared stack size
                1376  page reclaims
                   0  page faults
                   0  swaps
                   0  block input operations
                   0  block output operations
                   0  messages sent
                   0  messages received
                   0  signals received
                   1  voluntary context switches
               15656  involuntary context switches
         51856401064  instructions retired
         21214251662  cycles elapsed
            19825664  peak memory footprint
