Threads=8
LoadTime(s)=0.0102043
CODE_EXECUTION_TIME(s)=0.197828
RESULT=16713192
Throughput=8.44833e+07
VertexSetAllocated=0.00 Bytes
MiniGraphAllocated=380.60 KB
        0.51 real         1.51 user         0.01 sys
            20168704  maximum resident set size
                   0  average shared memory size
                   0  average unshared data size
                   0  average unshared stack size
                1336  page reclaims
                   0  page faults
                   0  swaps
                   0  block input operations
                   0  block output operations
                   0  messages sent
                   0  messages received
                   0  signals received
                   0  voluntary context switches
                 356  involuntary context switches
          8114705853  instructions retired
          3292843262  cycles elapsed
            19121024  peak memory footprint
