Threads=8
LoadTime(s)=0.00692175
CODE_EXECUTION_TIME(s)=0.061782
RESULT=2341639
Throughput=3.79017e+07
VertexSetAllocated=0.00 Bytes
MiniGraphAllocated=417.75 KB
        0.37 real         0.44 user         0.00 sys
             6455296  maximum resident set size
                   0  average shared memory size
                   0  average unshared data size
                   0  average unshared stack size
                 480  page reclaims
                  19  page faults
                   0  swaps
                   0  block input operations
                   0  block output operations
                   0  messages sent
                   0  messages received
                   0  signals received
                  16  voluntary context switches
                 484  involuntary context switches
          2216562374  instructions retired
           949962751  cycles elapsed
             5407616  peak memory footprint
