Threads=8
LoadTime(s)=0.00179737
CODE_EXECUTION_TIME(s)=1.13597
RESULT=8821744
Throughput=7.76581e+06
VertexSetAllocated=2.17 MB
MiniGraphAllocated=0.00 Bytes
        1.42 real         8.20 user         0.02 sys
             6062080  maximum resident set size
                   0  average shared memory size
                   0  average unshared data size
                   0  average unshared stack size
                 477  page reclaims
                   0  page faults
                   0  swaps
                   0  block input operations
                   0  block output operations
                   0  messages sent
                   0  messages received
                   0  signals received
                   0  voluntary context switches
                6249  involuntary context switches
         49254000321  instructions retired
         18004657997  cycles elapsed
             5030720  peak memory footprint
