Threads=8
LoadTime(s)=0.00187338
CODE_EXECUTION_TIME(s)=2.25368
RESULT=8821744
Throughput=3.91437e+06
VertexSetAllocated=2.17 MB
MiniGraphAllocated=0.00 Bytes
        2.54 real        10.35 user         0.08 sys
             6127616  maximum resident set size
                   0  average shared memory size
                   0  average unshared data size
                   0  average unshared stack size
                 478  page reclaims
                   1  page faults
                   0  swaps
                   0  block input operations
                   0  block output operations
                   0  messages sent
                   0  messages received
                   0  signals received
                   0  voluntary context switches
               15124  involuntary context switches
         49328315821  instructions retired
         21395837027  cycles elapsed
             5096256  peak memory footprint
