Threads=8
LoadTime(s)=0.0019425
CODE_EXECUTION_TIME(s)=11.8056
RESULT=4479591993
Throughput=3.79447e+08
VertexSetAllocated=1.08 MB
MiniGraphAllocated=1.70 MB
       12.10 real        68.23 user         0.30 sys
             8224768  maximum resident set size
                   0  average shared memory size
                   0  average unshared data size
                   0  average unshared stack size
                 607  page reclaims
                   0  page faults
                   0  swaps
                   0  block input operations
                   0  block output operations
                   0  messages sent
                   0  messages received
                   0  signals received
                   0  voluntary context switches
               59668  involuntary context switches
        426724358864  instructions retired
        134277568975  cycles elapsed
             7242944  peak memory footprint
