Threads=8
LoadTime(s)=0.00710533
CODE_EXECUTION_TIME(s)=14.9077
RESULT=4479591993
Throughput=3.00489e+08
VertexSetAllocated=1.08 MB
MiniGraphAllocated=1.59 MB
       15.26 real        67.43 user         0.34 sys
             8142848  maximum resident set size
                   0  average shared memory size
                   0  average unshared data size
                   0  average unshared stack size
                 602  page reclaims
                   1  page faults
                   0  swaps
                   0  block input operations
                   0  block output operations
                   0  messages sent
                   0  messages received
                   0  signals received
                  12  voluntary context switches
               66853  involuntary context switches
        426764275990  instructions retired
        140219941730  cycles elapsed
             7177472  peak memory footprint
