Threads=8
LoadTime(s)=0.00187567
CODE_EXECUTION_TIME(s)=3.25887
RESULT=8821744
Throughput=2.707e+06
VertexSetAllocated=2.17 MB
MiniGraphAllocated=0.00 Bytes
        3.55 real        10.26 user         0.12 sys
             6193152  maximum resident set size
                   0  average shared memory size
                   0  average unshared data size
                   0  average unshared stack size
                 483  page reclaims
                   0  page faults
                   0  swaps
                   0  block input operations
                   0  block output operations
                   0  messages sent
                   0  messages received
                   0  signals received
                   1  voluntary context switches
               22534  involuntary context switches
         49396791569  instructions retired
         21996641909  cycles elapsed
             5178240  peak memory footprint
