Threads=8
LoadTime(s)=0.00180013
CODE_EXECUTION_TIME(s)=0.328313
RESULT=7024917
Throughput=2.1397e+07
VertexSetAllocated=1.08 MB
MiniGraphAllocated=1.67 MB
        0.61 real         1.83 user         0.01 sys
             8159232  maximum resident set size
                   0  average shared memory size
                   0  average unshared data size
                   0  average unshared stack size
                 606  page reclaims
                   0  page faults
                   0  swaps
                   0  block input operations
                   0  block output operations
                   0  messages sent
                   0  messages received
                   0  signals received
                   0  voluntary context switches
                1504  involuntary context switches
          8911322228  instructions retired
          3820912362  cycles elapsed
             7144512  peak memory footprint
