Threads=8
LoadTime(s)=0.00182237
CODE_EXECUTION_TIME(s)=0.170393
RESULT=5809356
Throughput=3.40939e+07
VertexSetAllocated=0.00 Bytes
MiniGraphAllocated=586.78 KB
        0.47 real         1.23 user         0.00 sys
             6651904  maximum resident set size
                   0  average shared memory size
                   0  average unshared data size
                   0  average unshared stack size
                 512  page reclaims
                   0  page faults
                   0  swaps
                   0  block input operations
                   0  block output operations
                   0  messages sent
                   0  messages received
                   0  signals received
                   0  voluntary context switches
                1028  involuntary context switches
          6449944915  instructions retired
          2666557302  cycles elapsed
             5554944  peak memory footprint
