Threads=8
LoadTime(s)=0.00177617
CODE_EXECUTION_TIME(s)=0.176621
RESULT=5809356
Throughput=3.28916e+07
VertexSetAllocated=0.00 Bytes
MiniGraphAllocated=622.13 KB
        0.47 real         1.24 user         0.00 sys
             6701056  maximum resident set size
                   0  average shared memory size
                   0  average unshared data size
                   0  average unshared stack size
                 513  page reclaims
                   0  page faults
                   0  swaps
                   0  block input operations
                   0  block output operations
                   0  messages sent
                   0  messages received
                   0  signals received
                   0  voluntary context switches
                 941  involuntary context switches
          6448722489  instructions retired
          2679935255  cycles elapsed
             5571200  peak memory footprint
