Threads=8
LoadTime(s)=0.000530542
CODE_EXECUTION_TIME(s)=0.152631
RESULT=4514137
Throughput=2.95755e+07
VertexSetAllocated=0.00 Bytes
MiniGraphAllocated=1.24 MB
        0.15 real         1.19 user         0.00 sys
             6209536  maximum resident set size
                   0  average shared memory size
                   0  average unshared data size
                   0  average unshared stack size
                 487  page reclaims
                   0  page faults
                   0  swaps
                   0  block input operations
                   0  block output operations
                   0  messages sent
                   0  messages received
                   0  signals received
                   0  voluntary context switches
                 452  involuntary context switches
          6199859891  instructions retired
          2640172484  cycles elapsed
             5178304  peak memory footprint
