Threads=8
LoadTime(s)=0.00131533
CODE_EXECUTION_TIME(s)=0.22512
RESULT=6233709
Throughput=2.76906e+07
VertexSetAllocated=1.89 MB
MiniGraphAllocated=3.48 MB
        0.52 real         1.55 user         0.01 sys
             8765440  maximum resident set size
                   0  average shared memory size
                   0  average unshared data size
                   0  average unshared stack size
                 640  page reclaims
                   0  page faults
                   0  swaps
                   0  block input operations
                   0  block output operations
                   0  messages sent
                   0  messages received
                   0  signals received
                   0  voluntary context switches
                2127  involuntary context switches
          8509863094  instructions retired
          3337263785  cycles elapsed
             7767168  peak memory footprint
