Threads=8
LoadTime(s)=0.00107663
CODE_EXECUTION_TIME(s)=0.0683788
RESULT=2077903
Throughput=3.03881e+07
VertexSetAllocated=0.00 Bytes
MiniGraphAllocated=1.02 MB
        0.36 real         0.47 user         0.00 sys
             5931008  maximum resident set size
                   0  average shared memory size
                   0  average unshared data size
                   0  average unshared stack size
                 467  page reclaims
                   0  page faults
                   0  swaps
                   0  block input operations
                   0  block output operations
                   0  messages sent
                   0  messages received
                   0  signals received
                   0  voluntary context switches
                 248  involuntary context switches
          2359252819  instructions retired
           985126128  cycles elapsed
             4949120  peak memory footprint
