Threads=8
LoadTime(s)=0.000528833
CODE_EXECUTION_TIME(s)=0.154329
RESULT=4514137
Throughput=2.92501e+07
VertexSetAllocated=0.00 Bytes
MiniGraphAllocated=1.09 MB
        0.15 real         1.20 user         0.00 sys
             6029312  maximum resident set size
                   0  average shared memory size
                   0  average unshared data size
                   0  average unshared stack size
                 474  page reclaims
                   0  page faults
                   0  swaps
                   0  block input operations
                   0  block output operations
                   0  messages sent
                   0  messages received
                   0  signals received
                   0  voluntary context switches
                 609  involuntary context switches
          6201401900  instructions retired
          2645350793  cycles elapsed
             4981632  peak memory footprint
