Threads=8
LoadTime(s)=0.00109088
CODE_EXECUTION_TIME(s)=0.0241992
RESULT=608389
Throughput=2.51409e+07
VertexSetAllocated=0.00 Bytes
MiniGraphAllocated=0.00 Bytes
        0.32 real         0.15 user         0.00 sys
             4374528  maximum resident set size
                   0  average shared memory size
                   0  average unshared data size
                   0  average unshared stack size
                 372  page reclaims
                   0  page faults
                   0  swaps
                   0  block input operations
                   0  block output operations
                   0  messages sent
                   0  messages received
                   0  signals received
                   0  voluntary context switches
                 162  involuntary context switches
           760227842  instructions retired
           297184137  cycles elapsed
             3293760  peak memory footprint
