Threads=8
LoadTime(s)=0.00100537
CODE_EXECUTION_TIME(s)=0.063283
RESULT=2077903
Throughput=3.28351e+07
VertexSetAllocated=0.00 Bytes
MiniGraphAllocated=1.01 MB
        0.35 real         0.45 user         0.00 sys
             5963776  maximum resident set size
                   0  average shared memory size
                   0  average unshared data size
                   0  average unshared stack size
                 469  page reclaims
                   0  page faults
                   0  swaps
                   0  block input operations
                   0  block output operations
                   0  messages sent
                   0  messages received
                   0  signals received
                   0  voluntary context switches
                 129  involuntary context switches
          2357333283  instructions retired
           955729197  cycles elapsed
             4932544  peak memory footprint
