Threads=8
LoadTime(s)=0.0010885
CODE_EXECUTION_TIME(s)=2.03824
RESULT=32230662
Throughput=1.5813e+07
VertexSetAllocated=3.78 MB
MiniGraphAllocated=0.00 Bytes
        2.33 real        13.91 user         0.03 sys
             4784128  maximum resident set size
                   0  average shared memory size
                   0  average unshared data size
                   0  average unshared stack size
                 399  page reclaims
                   0  page faults
                   0  swaps
                   0  block input operations
                   0  block output operations
                   0  messages sent
                   0  messages received
                   0  signals received
                   0  voluntary context switches
                5725  involuntary context switches
         69186505275  instructions retired
         27067106826  cycles elapsed
             3769216  peak memory footprint
