Threads=8
LoadTime(s)=0.00105029
CODE_EXECUTION_TIME(s)=0.167831
RESULT=4514137
Throughput=2.68969e+07
VertexSetAllocated=0.00 Bytes
MiniGraphAllocated=1.23 MB
        0.46 real         1.22 user         0.00 sys
             6160384  maximum resident set size
                   0  average shared memory size
                   0  average unshared data size
                   0  average unshared stack size
                 485  page reclaims
                   0  page faults
                   0  swaps
                   0  block input operations
                   0  block output operations
                   0  messages sent
                   0  messages received
                   0  signals received
                   0  voluntary context switches
                 317  involuntary context switches
          6196994772  instructions retired
          2634948775  cycles elapsed
             5145600  peak memory footprint
