Threads=8
LoadTime(s)=0.000541041
CODE_EXECUTION_TIME(s)=0.153421
RESULT=4514137
Throughput=2.94232e+07
VertexSetAllocated=0.00 Bytes
MiniGraphAllocated=1.17 MB
        0.15 real         1.20 user         0.00 sys
             5996544  maximum resident set size
                   0  average shared memory size
                   0  average unshared data size
                   0  average unshared stack size
                 472  page reclaims
                   0  page faults
                   0  swaps
                   0  block input operations
                   0  block output operations
                   0  messages sent
                   0  messages received
                   0  signals received
                   0  voluntary context switches
                 550  involuntary context switches
          6195923110  instructions retired
          2647987969  cycles elapsed
             4915968  peak memory footprint
