Threads=8
LoadTime(s)=0.00109683
CODE_EXECUTION_TIME(s)=0.171133
RESULT=4514137
Throughput=2.63779e+07
VertexSetAllocated=0.00 Bytes
MiniGraphAllocated=1.19 MB
        0.46 real         1.22 user         0.00 sys
             6062080  maximum resident set size
                   0  average shared memory size
                   0  average unshared data size
                   0  average unshared stack size
                 476  page reclaims
                   0  page faults
                   0  swaps
                   0  block input operations
                   0  block output operations
                   0  messages sent
                   0  messages received
                   0  signals received
                   0  voluntary context switches
                 398  involuntary context switches
          6197463547  instructions retired
          2632253021  cycles elapsed
             5047296  peak memory footprint
