Threads=8
LoadTime(s)=0.000568334
CODE_EXECUTION_TIME(s)=0.154731
RESULT=4514137
Throughput=2.91741e+07
VertexSetAllocated=0.00 Bytes
MiniGraphAllocated=1.20 MB
        0.15 real         1.19 user         0.00 sys
             6193152  maximum resident set size
                   0  average shared memory size
                   0  average unshared data size
                   0  average unshared stack size
                 484  page reclaims
                   0  page faults
                   0  swaps
                   0  block input operations
                   0  block output operations
                   0  messages sent
                   0  messages received
                   0  signals received
                   0  voluntary context switches
                 670  involuntary context switches
          6202420952  instructions retired
          2617749002  cycles elapsed
             5178368  peak memory footprint
