Threads=8
LoadTime(s)=0.000670333
CODE_EXECUTION_TIME(s)=0.0197709
RESULT=608389
Throughput=3.0772e+07
VertexSetAllocated=0.00 Bytes
MiniGraphAllocated=0.00 Bytes
        0.02 real         0.12 user         0.00 sys
             4308992  maximum resident set size
                   0  average shared memory size
                   0  average unshared data size
                   0  average unshared stack size
                 369  page reclaims
                   0  page faults
                   0  swaps
                   0  block input operations
                   0  block output operations
                   0  messages sent
                   0  messages received
                   0  signals received
                   0  voluntary context switches
                 217  involuntary context switches
           757674642  instructions retired
           287391452  cycles elapsed
             3211776  peak memory footprint
