Threads=8
LoadTime(s)=0.000536083
time: command terminated abnormally
        0.00 real         0.01 user         0.00 sys
             4145152  maximum resident set size
                   0  average shared memory size
                   0  average unshared data size
                   0  average unshared stack size
                 349  page reclaims
                   0  page faults
                   0  swaps
                   0  block input operations
                   0  block output operations
                   0  messages sent
                   0  messages received
                   0  signals received
                   0  voluntary context switches
                 124  involuntary context switches
            95523783  instructions retired
            36046815  cycles elapsed
             3047936  peak memory footprint
