Threads=8
LoadTime(s)=0.0113424
CODE_EXECUTION_TIME(s)=0.0884969
RESULT=2224385
Throughput=2.51352e+07
VertexSetAllocated=0.00 Bytes
MiniGraphAllocated=0.00 Bytes
        0.10 real         0.42 user         0.01 sys
            19382272  maximum resident set size
                   0  average shared memory size
                   0  average unshared data size
                   0  average unshared stack size
                1291  page reclaims
                   0  page faults
                   0  swaps
                   0  block input operations
                   0  block output operations
                   0  messages sent
                   0  messages received
                   0  signals received
                   0  voluntary context switches
                1027  involuntary context switches
          1590623091  instructions retired
           860205453  cycles elapsed
            18317952  peak memory footprint
