Threads=8
LoadTime(s)=0.009743
CODE_EXECUTION_TIME(s)=0.0959207
RESULT=2224385
Throughput=2.31898e+07
VertexSetAllocated=0.00 Bytes
MiniGraphAllocated=0.00 Bytes
        0.11 real         0.42 user         0.01 sys
            19546112  maximum resident set size
                   0  average shared memory size
                   0  average unshared data size
                   0  average unshared stack size
                1300  page reclaims
                   0  page faults
                   0  swaps
                   0  block input operations
                   0  block output operations
                   0  messages sent
                   0  messages received
                   0  signals received
                   0  voluntary context switches
                1775  involuntary context switches
          1598678801  instructions retired
           897991513  cycles elapsed
            18531136  peak memory footprint
