Threads=8
LoadTime(s)=0.010225
CODE_EXECUTION_TIME(s)=0.0867574
RESULT=2224385
Throughput=2.56391e+07
VertexSetAllocated=0.00 Bytes
MiniGraphAllocated=0.00 Bytes
        0.10 real         0.41 user         0.01 sys
            19480576  maximum resident set size
                   0  average shared memory size
                   0  average unshared data size
                   0  average unshared stack size
                1296  page reclaims
                   0  page faults
                   0  swaps
                   0  block input operations
                   0  block output operations
                   0  messages sent
                   0  messages received
                   0  signals received
                   0  voluntary context switches
                 679  involuntary context switches
          1588854124  instructions retired
           873846037  cycles elapsed
            18432704  peak memory footprint
