Threads=8
LoadTime(s)=0.0382858
CODE_EXECUTION_TIME(s)=0.11899
RESULT=2224385
Throughput=1.86939e+07
VertexSetAllocated=0.00 Bytes
MiniGraphAllocated=0.00 Bytes
        0.16 real         0.43 user         0.01 sys
            19529728  maximum resident set size
                   0  average shared memory size
                   0  average unshared data size
                   0  average unshared stack size
                1299  page reclaims
                   0  page faults
                   0  swaps
                   0  block input operations
                   0  block output operations
                   0  messages sent
                   0  messages received
                   0  signals received
                   0  voluntary context switches
                1142  involuntary context switches
          1591994240  instructions retired
           965608449  cycles elapsed
            18514752  peak memory footprint
