Threads=8
LoadTime(s)=0.0207387
CODE_EXECUTION_TIME(s)=0.0625407
RESULT=2224385
Throughput=3.5567e+07
VertexSetAllocated=0.00 Bytes
MiniGraphAllocated=0.00 Bytes
        0.08 real         0.40 user         0.01 sys
            19431424  maximum resident set size
                   0  average shared memory size
                   0  average unshared data size
                   0  average unshared stack size
                1294  page reclaims
                   0  page faults
                   0  swaps
                   0  block input operations
                   0  block output operations
                   0  messages sent
                   0  messages received
                   0  signals received
                  12  voluntary context switches
                 500  involuntary context switches
          1592739805  instructions retired
           791376961  cycles elapsed
            18383552  peak memory footprint
