Threads=8
LoadTime(s)=0.0118837
CODE_EXECUTION_TIME(s)=0.234722
RESULT=2224385
Throughput=9.47668e+06
VertexSetAllocated=0.00 Bytes
MiniGraphAllocated=0.00 Bytes
        0.25 real         0.43 user         0.01 sys
            19546112  maximum resident set size
                   0  average shared memory size
                   0  average unshared data size
                   0  average unshared stack size
                1295  page reclaims
                   0  page faults
                   0  swaps
                   0  block input operations
                   0  block output operations
                   0  messages sent
                   0  messages received
                   0  signals received
                   0  voluntary context switches
                1940  involuntary context switches
          1600839404  instructions retired
           941412203  cycles elapsed
            18498240  peak memory footprint
