Threads=8
LoadTime(s)=0.0110566
CODE_EXECUTION_TIME(s)=0.0787988
RESULT=2224385
Throughput=2.82287e+07
VertexSetAllocated=0.00 Bytes
MiniGraphAllocated=0.00 Bytes
        0.09 real         0.41 user         0.01 sys
            19496960  maximum resident set size
                   0  average shared memory size
                   0  average unshared data size
                   0  average unshared stack size
                1298  page reclaims
                   0  page faults
                   0  swaps
                   0  block input operations
                   0  block output operations
                   0  messages sent
                   0  messages received
                   0  signals received
                   0  voluntary context switches
                 488  involuntary context switches
          1586382890  instructions retired
           866093848  cycles elapsed
            18432640  peak memory footprint
