Threads=8
LoadTime(s)=0.00160371
CODE_EXECUTION_TIME(s)=0.0248057
RESULT=727044
Throughput=2.93096e+07
VertexSetAllocated=0.00 Bytes
MiniGraphAllocated=0.00 Bytes
        0.03 real         0.15 user         0.00 sys
             5668864  maximum resident set size
                   0  average shared memory size
                   0  average unshared data size
                   0  average unshared stack size
                 454  page reclaims
                   0  page faults
                   0  swaps
                   0  block input operations
                   0  block output operations
                   0  messages sent
                   0  messages received
                   0  signals received
                   0  voluntary context switches
                 380  involuntary context switches
           639851121  instructions retired
           285044227  cycles elapsed
             4620992  peak memory footprint
