Threads=8
LoadTime(s)=0.00173829
CODE_EXECUTION_TIME(s)=0.0322515
RESULT=727044
Throughput=2.2543e+07
VertexSetAllocated=0.00 Bytes
MiniGraphAllocated=0.00 Bytes
        0.04 real         0.14 user         0.00 sys
             5619712  maximum resident set size
                   0  average shared memory size
                   0  average unshared data size
                   0  average unshared stack size
                 456  page reclaims
                   0  page faults
                   0  swaps
                   0  block input operations
                   0  block output operations
                   0  messages sent
                   0  messages received
                   0  signals received
                   0  voluntary context switches
                 674  involuntary context switches
           641864083  instructions retired
           304447551  cycles elapsed
             4538944  peak memory footprint
