Threads=8
LoadTime(s)=0.000554667
CODE_EXECUTION_TIME(s)=0.023406
time: command terminated abnormally
        0.04 real         0.12 user         0.00 sys
             4456448  maximum resident set size
                   0  average shared memory size
                   0  average unshared data size
                   0  average unshared stack size
                 360  page reclaims
                   0  page faults
                   0  swaps
                   0  block input operations
                   0  block output operations
                   0  messages sent
                   0  messages received
                   0  signals received
                   0  voluntary context switches
                 242  involuntary context switches
           757821130  instructions retired
           272913473  cycles elapsed
             3293760  peak memory footprint
