Threads=8
LoadTime(s)=0.00073625
CODE_EXECUTION_TIME(s)=0.0219493
RESULT=608389
Throughput=2.77179e+07
VertexSetAllocated=0.00 Bytes
MiniGraphAllocated=0.00 Bytes
        0.02 real         0.12 user         0.00 sys
             4472832  maximum resident set size
                   0  average shared memory size
                   0  average unshared data size
                   0  average unshared stack size
                 379  page reclaims
                   0  page faults
                   0  swaps
                   0  block input operations
                   0  block output operations
                   0  messages sent
                   0  messages received
                   0  signals received
                   0  voluntary context switches
                 310  involuntary context switches
           759700271  instructions retired
           285811306  cycles elapsed
             3424960  peak memory footprint
