Threads=8
LoadTime(s)=0.000580209
CODE_EXECUTION_TIME(s)=0.0252055
RESULT=608389
Throughput=2.41371e+07
VertexSetAllocated=0.00 Bytes
MiniGraphAllocated=0.00 Bytes
        0.02 real         0.12 user         0.00 sys
             4276224  maximum resident set size
                   0  average shared memory size
                   0  average unshared data size
                   0  average unshared stack size
                 365  page reclaims
                   0  page faults
                   0  swaps
                   0  block input operations
                   0  block output operations
                   0  messages sent
                   0  messages received
                   0  signals received
                   0  voluntary context switches
                 300  involuntary context switches
           757985910  instructions retired
           280663228  cycles elapsed
             3195456  peak memory footprint
