Threads=8
LoadTime(s)=0.000542333
time: command terminated abnormally
        0.04 real         0.12 user         0.00 sys
             4390912  maximum resident set size
                   0  average shared memory size
                   0  average unshared data size
                   0  average unshared stack size
                 363  page reclaims
                   0  page faults
                   0  swaps
                   0  block input operations
                   0  block output operations
                   0  messages sent
                   0  messages received
                   0  signals received
                   0  voluntary context switches
                 352  involuntary context switches
           758852896  instructions retired
           289528689  cycles elapsed
             3244672  peak memory footprint
