Threads=8
LoadTime(s)=0.00181512
CODE_EXECUTION_TIME(s)=0.0209891
RESULT=608389
Throughput=2.8986e+07
VertexSetAllocated=0.00 Bytes
MiniGraphAllocated=0.00 Bytes
        0.02 real         0.12 user         0.00 sys
             4505600  maximum resident set size
                   0  average shared memory size
                   0  average unshared data size
                   0  average unshared stack size
                 378  page reclaims
                   0  page faults
                   0  swaps
                   0  block input operations
                   0  block output operations
                   0  messages sent
                   0  messages received
                   0  signals received
                   0  voluntary context switches
                 137  involuntary context switches
           757722869  instructions retired
           278622503  cycles elapsed
             3474176  peak memory footprint
