Threads=8
LoadTime(s)=0.000526292
CODE_EXECUTION_TIME(s)=0.0613158
RESULT=608389
Throughput=9.92222e+06
VertexSetAllocated=0.00 Bytes
MiniGraphAllocated=0.00 Bytes
        0.06 real         0.12 user         0.00 sys
             4308992  maximum resident set size
                   0  average shared memory size
                   0  average unshared data size
                   0  average unshared stack size
                 370  page reclaims
                   0  page faults
                   0  swaps
                   0  block input operations
                   0  block output operations
                   0  messages sent
                   0  messages received
                   0  signals received
                   0  voluntary context switches
                 326  involuntary context switches
           758736630  instructions retired
           288459001  cycles elapsed
             3228224  peak memory footprint
