Threads=8
LoadTime(s)=0.00317367
CODE_EXECUTION_TIME(s)=0.0201613
RESULT=608389
Throughput=3.0176e+07
VertexSetAllocated=0.00 Bytes
MiniGraphAllocated=0.00 Bytes
        0.03 real         0.12 user         0.00 sys
             4374528  maximum resident set size
                   0  average shared memory size
                   0  average unshared data size
                   0  average unshared stack size
                 318  page reclaims
                  52  page faults
                   0  swaps
                   0  block input operations
                   0  block output operations
                   0  messages sent
                   0  messages received
                   0  signals received
                  17  voluntary context switches
                 432  involuntary context switches
           766100565  instructions retired
           289102982  cycles elapsed
             3310208  peak memory footprint
