Threads=8
LoadTime(s)=0.00651163
CODE_EXECUTION_TIME(s)=0.05056
RESULT=2224385
Throughput=4.3995e+07
VertexSetAllocated=0.00 Bytes
MiniGraphAllocated=0.00 Bytes
        0.06 real         0.32 user         0.00 sys
            19398656  maximum resident set size
                   0  average shared memory size
                   0  average unshared data size
                   0  average unshared stack size
                1293  page reclaims
                   0  page faults
                   0  swaps
                   0  block input operations
                   0  block output operations
                   0  messages sent
                   0  messages received
                   0  signals received
                   0  voluntary context switches
                 214  involuntary context switches
          1584708032  instructions retired
           736284727  cycles elapsed
            18367232  peak memory footprint
