Threads=8
LoadTime(s)=0.00633858
CODE_EXECUTION_TIME(s)=0.050081
RESULT=2224385
Throughput=4.44157e+07
VertexSetAllocated=0.00 Bytes
MiniGraphAllocated=0.00 Bytes
        0.06 real         0.33 user         0.00 sys
            19431424  maximum resident set size
                   0  average shared memory size
                   0  average unshared data size
                   0  average unshared stack size
                1293  page reclaims
                   0  page faults
                   0  swaps
                   0  block input operations
                   0  block output operations
                   0  messages sent
                   0  messages received
                   0  signals received
                   0  voluntary context switches
                 322  involuntary context switches
          1586288000  instructions retired
           748171413  cycles elapsed
            18400000  peak memory footprint
