Threads=8
LoadTime(s)=0.00672204
CODE_EXECUTION_TIME(s)=0.0541563
RESULT=2224385
Throughput=4.10735e+07
VertexSetAllocated=0.00 Bytes
MiniGraphAllocated=0.00 Bytes
        0.06 real         0.33 user         0.00 sys
            19431424  maximum resident set size
                   0  average shared memory size
                   0  average unshared data size
                   0  average unshared stack size
                1291  page reclaims
                   0  page faults
                   0  swaps
                   0  block input operations
                   0  block output operations
                   0  messages sent
                   0  messages received
                   0  signals received
                   0  voluntary context switches
                 585  involuntary context switches
          1587012354  instructions retired
           746204268  cycles elapsed
            18416448  peak memory footprint
