Threads=8
LoadTime(s)=0.00588733
CODE_EXECUTION_TIME(s)=0.049811
RESULT=2224385
Throughput=4.46565e+07
VertexSetAllocated=0.00 Bytes
MiniGraphAllocated=0.00 Bytes
        0.06 real         0.33 user         0.00 sys
            19349504  maximum resident set size
                   0  average shared memory size
                   0  average unshared data size
                   0  average unshared stack size
                1287  page reclaims
                   0  page faults
                   0  swaps
                   0  block input operations
                   0  block output operations
                   0  messages sent
                   0  messages received
                   0  signals received
                   0  voluntary context switches
                 287  involuntary context switches
          1584924589  instructions retired
           756718724  cycles elapsed
            18285184  peak memory footprint
