Threads=8
LoadTime(s)=0.006386
CODE_EXECUTION_TIME(s)=0.0490807
RESULT=2224385
Throughput=4.5321e+07
VertexSetAllocated=0.00 Bytes
MiniGraphAllocated=0.00 Bytes
        0.05 real         0.32 user         0.00 sys
            19447808  maximum resident set size
                   0  average shared memory size
                   0  average unshared data size
                   0  average unshared stack size
                1296  page reclaims
                   0  page faults
                   0  swaps
                   0  block input operations
                   0  block output operations
                   0  messages sent
                   0  messages received
                   0  signals received
                   0  voluntary context switches
                 314  involuntary context switches
          1585178317  instructions retired
           737589517  cycles elapsed
            18399936  peak memory footprint
