Threads=8
LoadTime(s)=0.00101529
CODE_EXECUTION_TIME(s)=0.017971
RESULT=727044
Throughput=4.04565e+07
VertexSetAllocated=0.00 Bytes
MiniGraphAllocated=0.00 Bytes
        0.02 real         0.11 user         0.00 sys
             5668864  maximum resident set size
                   0  average shared memory size
                   0  average unshared data size
                   0  average unshared stack size
                 452  page reclaims
                   0  page faults
                   0  swaps
                   0  block input operations
                   0  block output operations
                   0  messages sent
                   0  messages received
                   0  signals received
                   0  voluntary context switches
                 169  involuntary context switches
           637463281  instructions retired
           270364346  cycles elapsed
             4588096  peak memory footprint
