Threads=8
LoadTime(s)=0.00107862
CODE_EXECUTION_TIME(s)=0.0188676
RESULT=727044
Throughput=3.85339e+07
VertexSetAllocated=0.00 Bytes
MiniGraphAllocated=0.00 Bytes
        0.02 real         0.11 user         0.00 sys
             5767168  maximum resident set size
                   0  average shared memory size
                   0  average unshared data size
                   0  average unshared stack size
                 458  page reclaims
                   0  page faults
                   0  swaps
                   0  block input operations
                   0  block output operations
                   0  messages sent
                   0  messages received
                   0  signals received
                   0  voluntary context switches
                 210  involuntary context switches
           647192737  instructions retired
           264311125  cycles elapsed
             4719296  peak memory footprint
