Threads=8
LoadTime(s)=0.00100217
CODE_EXECUTION_TIME(s)=0.0177845
RESULT=727044
Throughput=4.08808e+07
VertexSetAllocated=0.00 Bytes
MiniGraphAllocated=0.00 Bytes
        0.02 real         0.11 user         0.00 sys
             5701632  maximum resident set size
                   0  average shared memory size
                   0  average unshared data size
                   0  average unshared stack size
                 453  page reclaims
                   0  page faults
                   0  swaps
                   0  block input operations
                   0  block output operations
                   0  messages sent
                   0  messages received
                   0  signals received
                   0  voluntary context switches
                 231  involuntary context switches
           638084526  instructions retired
           265880958  cycles elapsed
             4620864  peak memory footprint
