Threads=8
LoadTime(s)=0.00107196
time: command terminated abnormally
        0.04 real         0.11 user         0.00 sys
             5783552  maximum resident set size
                   0  average shared memory size
                   0  average unshared data size
                   0  average unshared stack size
                 440  page reclaims
                   0  page faults
                   0  swaps
                   0  block input operations
                   0  block output operations
                   0  messages sent
                   0  messages received
                   0  signals received
                   0  voluntary context switches
                 214  involuntary context switches
           636724027  instructions retired
           267215010  cycles elapsed
             4620864  peak memory footprint
