Threads=8
LoadTime(s)=0.000927167
CODE_EXECUTION_TIME(s)=0.0219651
RESULT=608389
Throughput=2.7698e+07
VertexSetAllocated=0.00 Bytes
MiniGraphAllocated=0.00 Bytes
        0.02 real         0.12 user         0.00 sys
             4472832  maximum resident set size
                   0  average shared memory size
                   0  average unshared data size
                   0  average unshared stack size
                 378  page reclaims
                   0  page faults
                   0  swaps
                   0  block input operations
                   0  block output operations
                   0  messages sent
                   0  messages received
                   0  signals received
                   0  voluntary context switches
                 199  involuntary context switches
           758422018  instructions retired
           282955872  cycles elapsed
             3457856  peak memory footprint
