Threads=8
LoadTime(s)=0.0169362
CODE_EXECUTION_TIME(s)=1.23054
RESULT=252893
Throughput=205513
VertexSetAllocated=1.02 MB
MiniGraphAllocated=0.00 Bytes
        1.57 real         4.55 user         0.05 sys
            19972096  maximum resident set size
                   0  average shared memory size
                   0  average unshared data size
                   0  average unshared stack size
                1326  page reclaims
                   0  page faults
                   0  swaps
                   0  block input operations
                   0  block output operations
                   0  messages sent
                   0  messages received
                   0  signals received
                   0  voluntary context switches
                9341  involuntary context switches
         17890106157  instructions retired
          9812067244  cycles elapsed
            19055872  peak memory footprint
