Threads=8
LoadTime(s)=0.0107465
CODE_EXECUTION_TIME(s)=1.16658
RESULT=50139576
Throughput=4.29801e+07
VertexSetAllocated=521.59 KB
MiniGraphAllocated=536.53 KB
        1.55 real         4.52 user         0.04 sys
            20660224  maximum resident set size
                   0  average shared memory size
                   0  average unshared data size
                   0  average unshared stack size
                1365  page reclaims
                   1  page faults
                   0  swaps
                   0  block input operations
                   0  block output operations
                   0  messages sent
                   0  messages received
                   0  signals received
                   3  voluntary context switches
                6209  involuntary context switches
         19638646210  instructions retired
          9750935659  cycles elapsed
            19694848  peak memory footprint
