Threads=8
LoadTime(s)=0.0126185
CODE_EXECUTION_TIME(s)=2.67458
RESULT=258570802
Throughput=9.66772e+07
VertexSetAllocated=521.59 KB
MiniGraphAllocated=697.56 KB
        2.99 real        10.85 user         0.07 sys
            20660224  maximum resident set size
                   0  average shared memory size
                   0  average unshared data size
                   0  average unshared stack size
                1386  page reclaims
                   1  page faults
                   0  swaps
                   0  block input operations
                   0  block output operations
                   0  messages sent
                   0  messages received
                   0  signals received
                   1  voluntary context switches
               13710  involuntary context switches
         51858273485  instructions retired
         23035118653  cycles elapsed
            19793088  peak memory footprint
