Threads=8
LoadTime(s)=0.0134593
CODE_EXECUTION_TIME(s)=0.0499762
RESULT=2224385
Throughput=4.45089e+07
VertexSetAllocated=0.00 Bytes
MiniGraphAllocated=0.00 Bytes
        0.36 real         0.32 user         0.01 sys
            19365888  maximum resident set size
                   0  average shared memory size
                   0  average unshared data size
                   0  average unshared stack size
                1284  page reclaims
                   7  page faults
                   0  swaps
                   0  block input operations
                   0  block output operations
                   0  messages sent
                   0  messages received
                   0  signals received
                   0  voluntary context switches
                 486  involuntary context switches
          1599226361  instructions retired
           731718539  cycles elapsed
            18285120  peak memory footprint
