Threads=8
LoadTime(s)=0.0140373
CODE_EXECUTION_TIME(s)=1.24975
RESULT=50139576
Throughput=4.01197e+07
VertexSetAllocated=521.59 KB
MiniGraphAllocated=759.54 KB
        1.57 real         4.55 user         0.06 sys
            20742144  maximum resident set size
                   0  average shared memory size
                   0  average unshared data size
                   0  average unshared stack size
                1368  page reclaims
                   4  page faults
                   0  swaps
                   0  block input operations
                   0  block output operations
                   0  messages sent
                   0  messages received
                   0  signals received
                   2  voluntary context switches
                9963  involuntary context switches
         19701443385  instructions retired
          9845247810  cycles elapsed
            19727424  peak memory footprint
