Threads=8
LoadTime(s)=0.0125346
CODE_EXECUTION_TIME(s)=0.482243
RESULT=16713192
Throughput=3.46572e+07
VertexSetAllocated=0.00 Bytes
MiniGraphAllocated=380.63 KB
        0.79 real         1.93 user         0.02 sys
            20185088  maximum resident set size
                   0  average shared memory size
                   0  average unshared data size
                   0  average unshared stack size
                1332  page reclaims
                   4  page faults
                   0  swaps
                   0  block input operations
                   0  block output operations
                   0  messages sent
                   0  messages received
                   0  signals received
                   0  voluntary context switches
                3176  involuntary context switches
          8142038301  instructions retired
          4118197321  cycles elapsed
            19170304  peak memory footprint
