Threads=8
LoadTime(s)=0.00972854
CODE_EXECUTION_TIME(s)=2.92577
RESULT=262663639
Throughput=8.9776e+07
VertexSetAllocated=0.00 Bytes
MiniGraphAllocated=1.34 MB
        2.94 real        10.96 user         0.11 sys
            21004288  maximum resident set size
                   0  average shared memory size
                   0  average unshared data size
                   0  average unshared stack size
                1465  page reclaims
                   1  page faults
                   0  swaps
                   0  block input operations
                   0  block output operations
                   0  messages sent
                   0  messages received
                   0  signals received
                   2  voluntary context switches
               20258  involuntary context switches
         54239198960  instructions retired
         23061064526  cycles elapsed
            20366528  peak memory footprint
