Threads=8
LoadTime(s)=0.013238
CODE_EXECUTION_TIME(s)=0.569418
RESULT=16713192
Throughput=2.93513e+07
VertexSetAllocated=0.00 Bytes
MiniGraphAllocated=390.73 KB
        0.89 real         1.80 user         0.02 sys
            20086784  maximum resident set size
                   0  average shared memory size
                   0  average unshared data size
                   0  average unshared stack size
                1331  page reclaims
                   1  page faults
                   0  swaps
                   0  block input operations
                   0  block output operations
                   0  messages sent
                   0  messages received
                   0  signals received
                   4  voluntary context switches
                4266  involuntary context switches
          8162742223  instructions retired
          3947496595  cycles elapsed
            19006208  peak memory footprint
