Threads=8
LoadTime(s)=0.0108481
CODE_EXECUTION_TIME(s)=1.17426
RESULT=252893
Throughput=215364
VertexSetAllocated=1.02 MB
MiniGraphAllocated=0.00 Bytes
        1.51 real         4.52 user         0.06 sys
            19759104  maximum resident set size
                   0  average shared memory size
                   0  average unshared data size
                   0  average unshared stack size
                1371  page reclaims
                   0  page faults
                   0  swaps
                   0  block input operations
                   0  block output operations
                   0  messages sent
                   0  messages received
                   0  signals received
                   1  voluntary context switches
               10476  involuntary context switches
         17900374560  instructions retired
          9678874893  cycles elapsed
            18826176  peak memory footprint
