Threads=8
LoadTime(s)=0.0109662
CODE_EXECUTION_TIME(s)=2.53083
RESULT=262663639
Throughput=1.03785e+08
VertexSetAllocated=0.00 Bytes
MiniGraphAllocated=1.57 MB
        2.55 real        11.09 user         0.11 sys
            21544960  maximum resident set size
                   0  average shared memory size
                   0  average unshared data size
                   0  average unshared stack size
                1419  page reclaims
                   0  page faults
                   0  swaps
                   0  block input operations
                   0  block output operations
                   0  messages sent
                   0  messages received
                   0  signals received
                   1  voluntary context switches
               18764  involuntary context switches
         54227207452  instructions retired
         23072850969  cycles elapsed
            20530176  peak memory footprint
