Threads=8
LoadTime(s)=0.0131291
CODE_EXECUTION_TIME(s)=1.07429
RESULT=252893
Throughput=235404
VertexSetAllocated=1.02 MB
MiniGraphAllocated=0.00 Bytes
        1.38 real         4.48 user         0.04 sys
            19972096  maximum resident set size
                   0  average shared memory size
                   0  average unshared data size
                   0  average unshared stack size
                1324  page reclaims
                   0  page faults
                   0  swaps
                   0  block input operations
                   0  block output operations
                   0  messages sent
                   0  messages received
                   0  signals received
                   2  voluntary context switches
                7682  involuntary context switches
         17882072532  instructions retired
          9623741068  cycles elapsed
            18973632  peak memory footprint
