Threads=8
LoadTime(s)=0.0164185
CODE_EXECUTION_TIME(s)=3.02057
RESULT=262663639
Throughput=8.69583e+07
VertexSetAllocated=0.00 Bytes
MiniGraphAllocated=1.36 MB
        3.04 real        11.18 user         0.09 sys
            20250624  maximum resident set size
                   0  average shared memory size
                   0  average unshared data size
                   0  average unshared stack size
                1489  page reclaims
                   0  page faults
                   0  swaps
                   0  block input operations
                   0  block output operations
                   0  messages sent
                   0  messages received
                   0  signals received
                   0  voluntary context switches
               16424  involuntary context switches
         54211107894  instructions retired
         23224726057  cycles elapsed
            20382912  peak memory footprint
