Threads=8
LoadTime(s)=0.00858854
CODE_EXECUTION_TIME(s)=3.14146
RESULT=262663639
Throughput=8.36121e+07
VertexSetAllocated=0.00 Bytes
MiniGraphAllocated=1.38 MB
        3.49 real        11.08 user         0.12 sys
            20332544  maximum resident set size
                   0  average shared memory size
                   0  average unshared data size
                   0  average unshared stack size
                1456  page reclaims
                   0  page faults
                   0  swaps
                   0  block input operations
                   0  block output operations
                   0  messages sent
                   0  messages received
                   0  signals received
                   0  voluntary context switches
               22625  involuntary context switches
         54312415507  instructions retired
         23586022800  cycles elapsed
            20317120  peak memory footprint
