Threads=8
LoadTime(s)=0.0104309
time: command terminated abnormally
        2.42 real        11.05 user         0.04 sys
            20824064  maximum resident set size
                   0  average shared memory size
                   0  average unshared data size
                   0  average unshared stack size
                1411  page reclaims
                   1  page faults
                   0  swaps
                   0  block input operations
                   0  block output operations
                   0  messages sent
                   0  messages received
                   0  signals received
                   2  voluntary context switches
                7089  involuntary context switches
         54157700084  instructions retired
         23414720071  cycles elapsed
            20513728  peak memory footprint
