Threads=8
LoadTime(s)=0.0109362
CODE_EXECUTION_TIME(s)=2.64516
RESULT=262663639
Throughput=9.92997e+07
VertexSetAllocated=0.00 Bytes
MiniGraphAllocated=1.43 MB
        2.66 real        11.19 user         0.10 sys
            21364736  maximum resident set size
                   0  average shared memory size
                   0  average unshared data size
                   0  average unshared stack size
                1408  page reclaims
                   1  page faults
                   0  swaps
                   0  block input operations
                   0  block output operations
                   0  messages sent
                   0  messages received
                   0  signals received
                   1  voluntary context switches
               17383  involuntary context switches
         54240159378  instructions retired
         23171826509  cycles elapsed
            20349952  peak memory footprint
