Threads=8
LoadTime(s)=0.00860433
CODE_EXECUTION_TIME(s)=0.92284
RESULT=50139576
Throughput=5.43318e+07
VertexSetAllocated=521.59 KB
MiniGraphAllocated=859.79 KB
        1.23 real         4.41 user         0.02 sys
            20905984  maximum resident set size
                   0  average shared memory size
                   0  average unshared data size
                   0  average unshared stack size
                1383  page reclaims
                   1  page faults
                   0  swaps
                   0  block input operations
                   0  block output operations
                   0  messages sent
                   0  messages received
                   0  signals received
                   0  voluntary context switches
                3587  involuntary context switches
         19596417702  instructions retired
          9406105054  cycles elapsed
            19874816  peak memory footprint
