Threads=8
LoadTime(s)=0.00728108
CODE_EXECUTION_TIME(s)=17.7183
RESULT=4479591993
Throughput=2.52822e+08
VertexSetAllocated=1.08 MB
MiniGraphAllocated=1.62 MB
       18.02 real        66.79 user         0.57 sys
             7356416  maximum resident set size
                   0  average shared memory size
                   0  average unshared data size
                   0  average unshared stack size
                 712  page reclaims
                   1  page faults
                   0  swaps
                   0  block input operations
                   0  block output operations
                   0  messages sent
                   0  messages received
                   0  signals received
                  10  voluntary context switches
              109367  involuntary context switches
        427119324182  instructions retired
        142177385950  cycles elapsed
             7259328  peak memory footprint
