Threads=8
LoadTime(s)=0.001906
CODE_EXECUTION_TIME(s)=0.61032
RESULT=5809356
Throughput=9.51853e+06
VertexSetAllocated=0.00 Bytes
MiniGraphAllocated=649.11 KB
        0.61 real         1.63 user         0.02 sys
             6701056  maximum resident set size
                   0  average shared memory size
                   0  average unshared data size
                   0  average unshared stack size
                 516  page reclaims
                   0  page faults
                   0  swaps
                   0  block input operations
                   0  block output operations
                   0  messages sent
                   0  messages received
                   0  signals received
                   0  voluntary context switches
                3536  involuntary context switches
          6469625953  instructions retired
          3443425596  cycles elapsed
             5571200  peak memory footprint
