Threads=8
LoadTime(s)=0.00200883
CODE_EXECUTION_TIME(s)=0.382741
RESULT=5809356
Throughput=1.51783e+07
VertexSetAllocated=0.00 Bytes
MiniGraphAllocated=601.64 KB
        0.39 real         1.63 user         0.01 sys
             6635520  maximum resident set size
                   0  average shared memory size
                   0  average unshared data size
                   0  average unshared stack size
                 508  page reclaims
                   0  page faults
                   0  swaps
                   0  block input operations
                   0  block output operations
                   0  messages sent
                   0  messages received
                   0  signals received
                   0  voluntary context switches
                2087  involuntary context switches
          6459961558  instructions retired
          3440175809  cycles elapsed
             5505664  peak memory footprint
