Threads=8
LoadTime(s)=0.00197854
CODE_EXECUTION_TIME(s)=0.388779
RESULT=5809356
Throughput=1.49426e+07
VertexSetAllocated=0.00 Bytes
MiniGraphAllocated=616.83 KB
        0.39 real         1.64 user         0.01 sys
             6651904  maximum resident set size
                   0  average shared memory size
                   0  average unshared data size
                   0  average unshared stack size
                 512  page reclaims
                   0  page faults
                   0  swaps
                   0  block input operations
                   0  block output operations
                   0  messages sent
                   0  messages received
                   0  signals received
                   0  voluntary context switches
                1800  involuntary context switches
          6459402727  instructions retired
          3420219866  cycles elapsed
             5522048  peak memory footprint
