Threads=8
LoadTime(s)=0.00180217
CODE_EXECUTION_TIME(s)=0.32716
RESULT=5809356
Throughput=1.77569e+07
VertexSetAllocated=0.00 Bytes
MiniGraphAllocated=630.79 KB
        0.33 real         1.63 user         0.01 sys
             6651904  maximum resident set size
                   0  average shared memory size
                   0  average unshared data size
                   0  average unshared stack size
                 511  page reclaims
                   0  page faults
                   0  swaps
                   0  block input operations
                   0  block output operations
                   0  messages sent
                   0  messages received
                   0  signals received
                   0  voluntary context switches
                1300  involuntary context switches
          6452419363  instructions retired
          3400668352  cycles elapsed
             5522048  peak memory footprint
