Threads=8
LoadTime(s)=0.00180333
CODE_EXECUTION_TIME(s)=0.322049
RESULT=5809356
Throughput=1.80387e+07
VertexSetAllocated=0.00 Bytes
MiniGraphAllocated=610.79 KB
        0.62 real         1.39 user         0.01 sys
             6602752  maximum resident set size
                   0  average shared memory size
                   0  average unshared data size
                   0  average unshared stack size
                 502  page reclaims
                   7  page faults
                   0  swaps
                   0  block input operations
                   0  block output operations
                   0  messages sent
                   0  messages received
                   0  signals received
                   0  voluntary context switches
                1219  involuntary context switches
          6449996027  instructions retired
          3040929163  cycles elapsed
             5472896  peak memory footprint
