Threads=8
LoadTime(s)=0.00685163
CODE_EXECUTION_TIME(s)=0.0721379
RESULT=2341639
Throughput=3.24606e+07
VertexSetAllocated=0.00 Bytes
MiniGraphAllocated=409.45 KB
        0.39 real         0.45 user         0.00 sys
             6537216  maximum resident set size
                   0  average shared memory size
                   0  average unshared data size
                   0  average unshared stack size
                 503  page reclaims
                   1  page faults
                   0  swaps
                   0  block input operations
                   0  block output operations
                   0  messages sent
                   0  messages received
                   0  signals received
                  13  voluntary context switches
                 824  involuntary context switches
          2215035151  instructions retired
           984181209  cycles elapsed
             5473088  peak memory footprint
