Threads=8
LoadTime(s)=0.00191308
CODE_EXECUTION_TIME(s)=1.97891
RESULT=8821744
Throughput=4.45787e+06
VertexSetAllocated=2.17 MB
MiniGraphAllocated=0.00 Bytes
        2.28 real        10.29 user         0.03 sys
             6111232  maximum resident set size
                   0  average shared memory size
                   0  average unshared data size
                   0  average unshared stack size
                 478  page reclaims
                   1  page faults
                   0  swaps
                   0  block input operations
                   0  block output operations
                   0  messages sent
                   0  messages received
                   0  signals received
                   0  voluntary context switches
                5195  involuntary context switches
         49246604055  instructions retired
         21550693504  cycles elapsed
             5096320  peak memory footprint
