Threads=8
LoadTime(s)=0.00165796
CODE_EXECUTION_TIME(s)=0.0245021
RESULT=727044
Throughput=2.96727e+07
VertexSetAllocated=0.00 Bytes
MiniGraphAllocated=0.00 Bytes
        0.36 real         0.13 user         0.00 sys
             5668864  maximum resident set size
                   0  average shared memory size
                   0  average unshared data size
                   0  average unshared stack size
                 456  page reclaims
                   0  page faults
                   0  swaps
                   0  block input operations
                   0  block output operations
                   0  messages sent
                   0  messages received
                   0  signals received
                   0  voluntary context switches
                 273  involuntary context switches
           639424694  instructions retired
           285979211  cycles elapsed
             4571648  peak memory footprint
