Threads=8
LoadTime(s)=0.00147942
CODE_EXECUTION_TIME(s)=0.263212
RESULT=5809356
Throughput=2.2071e+07
VertexSetAllocated=0.00 Bytes
MiniGraphAllocated=626.25 KB
        0.55 real         1.46 user         0.01 sys
             6619136  maximum resident set size
                   0  average shared memory size
                   0  average unshared data size
                   0  average unshared stack size
                 509  page reclaims
                   0  page faults
                   0  swaps
                   0  block input operations
                   0  block output operations
                   0  messages sent
                   0  messages received
                   0  signals received
                   0  voluntary context switches
                1326  involuntary context switches
          6451356347  instructions retired
          3074981093  cycles elapsed
             5489280  peak memory footprint
