Threads=8
LoadTime(s)=0.00181029
CODE_EXECUTION_TIME(s)=0.293195
RESULT=7024917
Throughput=2.39599e+07
VertexSetAllocated=1.08 MB
MiniGraphAllocated=1.94 MB
        0.58 real         1.82 user         0.01 sys
             8470528  maximum resident set size
                   0  average shared memory size
                   0  average unshared data size
                   0  average unshared stack size
                 622  page reclaims
                   0  page faults
                   0  swaps
                   0  block input operations
                   0  block output operations
                   0  messages sent
                   0  messages received
                   0  signals received
                   0  voluntary context switches
                1272  involuntary context switches
          8904782232  instructions retired
          3744950265  cycles elapsed
             7488704  peak memory footprint
