Threads=8
LoadTime(s)=0.001818
CODE_EXECUTION_TIME(s)=0.0740295
RESULT=2341639
Throughput=3.16312e+07
VertexSetAllocated=0.00 Bytes
MiniGraphAllocated=426.29 KB
        0.37 real         0.44 user         0.00 sys
             6422528  maximum resident set size
                   0  average shared memory size
                   0  average unshared data size
                   0  average unshared stack size
                 496  page reclaims
                   0  page faults
                   0  swaps
                   0  block input operations
                   0  block output operations
                   0  messages sent
                   0  messages received
                   0  signals received
                   0  voluntary context switches
                 786  involuntary context switches
          2211702207  instructions retired
          1001757950  cycles elapsed
             5309056  peak memory footprint
