Threads=8
LoadTime(s)=0.00190925
CODE_EXECUTION_TIME(s)=0.430652
RESULT=7024917
Throughput=1.63123e+07
VertexSetAllocated=1.08 MB
MiniGraphAllocated=1.68 MB
        0.73 real         1.84 user         0.02 sys
             8273920  maximum resident set size
                   0  average shared memory size
                   0  average unshared data size
                   0  average unshared stack size
                 598  page reclaims
                   4  page faults
                   0  swaps
                   0  block input operations
                   0  block output operations
                   0  messages sent
                   0  messages received
                   0  signals received
                   3  voluntary context switches
                3821  involuntary context switches
          8928995643  instructions retired
          3978493452  cycles elapsed
             7275712  peak memory footprint
