Threads=8
LoadTime(s)=0.00219929
CODE_EXECUTION_TIME(s)=2.4362
RESULT=8821744
Throughput=3.62111e+06
VertexSetAllocated=2.17 MB
MiniGraphAllocated=0.00 Bytes
        2.73 real        10.30 user         0.06 sys
             6176768  maximum resident set size
                   0  average shared memory size
                   0  average unshared data size
                   0  average unshared stack size
                 481  page reclaims
                   0  page faults
                   0  swaps
                   0  block input operations
                   0  block output operations
                   0  messages sent
                   0  messages received
                   0  signals received
                   0  voluntary context switches
               11161  involuntary context switches
         49298460840  instructions retired
         21764650164  cycles elapsed
             5128960  peak memory footprint
