Threads=8
LoadTime(s)=0.00100183
CODE_EXECUTION_TIME(s)=0.270026
RESULT=4514137
Throughput=1.67174e+07
VertexSetAllocated=0.00 Bytes
MiniGraphAllocated=1.19 MB
        0.27 real         1.54 user         0.00 sys
             6078464  maximum resident set size
                   0  average shared memory size
                   0  average unshared data size
                   0  average unshared stack size
                 474  page reclaims
                   0  page faults
                   0  swaps
                   0  block input operations
                   0  block output operations
                   0  messages sent
                   0  messages received
                   0  signals received
                   0  voluntary context switches
                 988  involuntary context switches
          6203934108  instructions retired
          3134966104  cycles elapsed
             5014336  peak memory footprint
