Threads=8
LoadTime(s)=0.000929417
CODE_EXECUTION_TIME(s)=6.07797
RESULT=32230662
Throughput=5.30287e+06
VertexSetAllocated=3.78 MB
MiniGraphAllocated=0.00 Bytes
        6.52 real        13.88 user         0.14 sys
             4702208  maximum resident set size
                   0  average shared memory size
                   0  average unshared data size
                   0  average unshared stack size
                 507  page reclaims
                   1  page faults
                   0  swaps
                   0  block input operations
                   0  block output operations
                   0  messages sent
                   0  messages received
                   0  signals received
                   1  voluntary context switches
               27742  involuntary context switches
         69370999784  instructions retired
         29965912504  cycles elapsed
             3703552  peak memory footprint
