Threads=8
LoadTime(s)=0.00102379
CODE_EXECUTION_TIME(s)=0.275235
RESULT=4514137
Throughput=1.6401e+07
VertexSetAllocated=0.00 Bytes
MiniGraphAllocated=1.21 MB
        0.28 real         1.52 user         0.00 sys
             6127616  maximum resident set size
                   0  average shared memory size
                   0  average unshared data size
                   0  average unshared stack size
                 478  page reclaims
                   0  page faults
                   0  swaps
                   0  block input operations
                   0  block output operations
                   0  messages sent
                   0  messages received
                   0  signals received
                   0  voluntary context switches
                 792  involuntary context switches
          6203524547  instructions retired
          3157892804  cycles elapsed
             5129280  peak memory footprint
