Threads=8
LoadTime(s)=0.000999792
CODE_EXECUTION_TIME(s)=0.403792
RESULT=6233709
Throughput=1.54379e+07
VertexSetAllocated=1.89 MB
MiniGraphAllocated=3.46 MB
        0.70 real         1.79 user         0.02 sys
             8683520  maximum resident set size
                   0  average shared memory size
                   0  average unshared data size
                   0  average unshared stack size
                 636  page reclaims
                   1  page faults
                   0  swaps
                   0  block input operations
                   0  block output operations
                   0  messages sent
                   0  messages received
                   0  signals received
                   2  voluntary context switches
                3748  involuntary context switches
          8522850677  instructions retired
          3821244088  cycles elapsed
             7685248  peak memory footprint
