Threads=8
LoadTime(s)=0.00102429
CODE_EXECUTION_TIME(s)=0.205457
RESULT=4514137
Throughput=2.19712e+07
VertexSetAllocated=0.00 Bytes
MiniGraphAllocated=1.14 MB
        0.50 real         1.30 user         0.00 sys
             5996544  maximum resident set size
                   0  average shared memory size
                   0  average unshared data size
                   0  average unshared stack size
                 473  page reclaims
                   0  page faults
                   0  swaps
                   0  block input operations
                   0  block output operations
                   0  messages sent
                   0  messages received
                   0  signals received
                   0  voluntary context switches
                 468  involuntary context switches
          6198406763  instructions retired
          2782073770  cycles elapsed
             4965312  peak memory footprint
