Threads=8
LoadTime(s)=0.001
CODE_EXECUTION_TIME(s)=0.271571
RESULT=4514137
Throughput=1.66223e+07
VertexSetAllocated=0.00 Bytes
MiniGraphAllocated=1.16 MB
        0.27 real         1.51 user         0.00 sys
             6111232  maximum resident set size
                   0  average shared memory size
                   0  average unshared data size
                   0  average unshared stack size
                 479  page reclaims
                   0  page faults
                   0  swaps
                   0  block input operations
                   0  block output operations
                   0  messages sent
                   0  messages received
                   0  signals received
                   0  voluntary context switches
                1319  involuntary context switches
          6206032909  instructions retired
          3111135428  cycles elapsed
             5080000  peak memory footprint
