Threads=8
LoadTime(s)=0.00117875
CODE_EXECUTION_TIME(s)=0.210321
RESULT=4514137
Throughput=2.14631e+07
VertexSetAllocated=0.00 Bytes
MiniGraphAllocated=1.22 MB
        0.50 real         1.33 user         0.00 sys
             6144000  maximum resident set size
                   0  average shared memory size
                   0  average unshared data size
                   0  average unshared stack size
                 465  page reclaims
                  19  page faults
                   0  swaps
                   0  block input operations
                   0  block output operations
                   0  messages sent
                   0  messages received
                   0  signals received
                   9  voluntary context switches
                 614  involuntary context switches
          6204811911  instructions retired
          2810269451  cycles elapsed
             5162112  peak memory footprint
