Threads=8
LoadTime(s)=0.00106142
CODE_EXECUTION_TIME(s)=0.267063
RESULT=4514137
Throughput=1.69029e+07
VertexSetAllocated=0.00 Bytes
MiniGraphAllocated=1.17 MB
        0.27 real         1.51 user         0.00 sys
             6094848  maximum resident set size
                   0  average shared memory size
                   0  average unshared data size
                   0  average unshared stack size
                 477  page reclaims
                   0  page faults
                   0  swaps
                   0  block input operations
                   0  block output operations
                   0  messages sent
                   0  messages received
                   0  signals received
                   0  voluntary context switches
                1408  involuntary context switches
          6207139162  instructions retired
          3138616408  cycles elapsed
             5047168  peak memory footprint
