Threads=8
LoadTime(s)=0.00109462
CODE_EXECUTION_TIME(s)=5.0115
RESULT=1127174796
Throughput=2.24918e+08
VertexSetAllocated=1.89 MB
MiniGraphAllocated=1.61 MB
        5.35 real        24.14 user         0.09 sys
             6832128  maximum resident set size
                   0  average shared memory size
                   0  average unshared data size
                   0  average unshared stack size
                 520  page reclaims
                   1  page faults
                   0  swaps
                   0  block input operations
                   0  block output operations
                   0  messages sent
                   0  messages received
                   0  signals received
                   1  voluntary context switches
               16349  involuntary context switches
        142839502263  instructions retired
         50724630281  cycles elapsed
             5800960  peak memory footprint
