Threads=8
LoadTime(s)=0.000688709
CODE_EXECUTION_TIME(s)=0.021065
RESULT=608389
Throughput=2.88815e+07
VertexSetAllocated=0.00 Bytes
MiniGraphAllocated=0.00 Bytes
        0.41 real         0.13 user         0.00 sys
             4341760  maximum resident set size
                   0  average shared memory size
                   0  average unshared data size
                   0  average unshared stack size
                 370  page reclaims
                   0  page faults
                   0  swaps
                   0  block input operations
                   0  block output operations
                   0  messages sent
                   0  messages received
                   0  signals received
                   0  voluntary context switches
                 265  involuntary context switches
           760345778  instructions retired
           293283600  cycles elapsed
             3244544  peak memory footprint
