Threads=8
LoadTime(s)=0.00098325
CODE_EXECUTION_TIME(s)=0.0729286
RESULT=2077903
Throughput=2.84923e+07
VertexSetAllocated=0.00 Bytes
MiniGraphAllocated=839.89 KB
        0.36 real         0.45 user         0.00 sys
             5668864  maximum resident set size
                   0  average shared memory size
                   0  average unshared data size
                   0  average unshared stack size
                 451  page reclaims
                   0  page faults
                   0  swaps
                   0  block input operations
                   0  block output operations
                   0  messages sent
                   0  messages received
                   0  signals received
                   0  voluntary context switches
                 466  involuntary context switches
          2363015465  instructions retired
          1013523948  cycles elapsed
             4654080  peak memory footprint
