Threads=8
LoadTime(s)=0.00101096
CODE_EXECUTION_TIME(s)=0.278965
RESULT=4514137
Throughput=1.61818e+07
VertexSetAllocated=0.00 Bytes
MiniGraphAllocated=1.21 MB
        0.28 real         1.53 user         0.00 sys
             6111232  maximum resident set size
                   0  average shared memory size
                   0  average unshared data size
                   0  average unshared stack size
                 480  page reclaims
                   0  page faults
                   0  swaps
                   0  block input operations
                   0  block output operations
                   0  messages sent
                   0  messages received
                   0  signals received
                   0  voluntary context switches
                 973  involuntary context switches
          6199970192  instructions retired
          3166323912  cycles elapsed
             5063552  peak memory footprint
