Threads=8
LoadTime(s)=0.000975209
CODE_EXECUTION_TIME(s)=0.21139
RESULT=4514137
Throughput=2.13546e+07
VertexSetAllocated=0.00 Bytes
MiniGraphAllocated=1.22 MB
        0.50 real         1.32 user         0.00 sys
             6062080  maximum resident set size
                   0  average shared memory size
                   0  average unshared data size
                   0  average unshared stack size
                 475  page reclaims
                   0  page faults
                   0  swaps
                   0  block input operations
                   0  block output operations
                   0  messages sent
                   0  messages received
                   0  signals received
                   0  voluntary context switches
                 521  involuntary context switches
          6199305494  instructions retired
          2780750746  cycles elapsed
             5030848  peak memory footprint
