Threads=8
LoadTime(s)=0.00580142
CODE_EXECUTION_TIME(s)=1.15293
RESULT=262663639
Throughput=2.27823e+08
VertexSetAllocated=0.00 Bytes
MiniGraphAllocated=1.43 MB
        1.16 real         8.57 user         0.03 sys
            21446656  maximum resident set size
                   0  average shared memory size
                   0  average unshared data size
                   0  average unshared stack size
                1416  page reclaims
                   0  page faults
                   0  swaps
                   0  block input operations
                   0  block output operations
                   0  messages sent
                   0  messages received
                   0  signals received
                   0  voluntary context switches
                6458  involuntary context switches
         54156947074  instructions retired
         18823871748  cycles elapsed
            20497664  peak memory footprint
