Threads=8
LoadTime(s)=0.00595262
CODE_EXECUTION_TIME(s)=1.9015
RESULT=262663639
Throughput=1.38135e+08
VertexSetAllocated=0.00 Bytes
MiniGraphAllocated=1.30 MB
        1.91 real        10.32 user         0.06 sys
            21250048  maximum resident set size
                   0  average shared memory size
                   0  average unshared data size
                   0  average unshared stack size
                1402  page reclaims
                   1  page faults
                   0  swaps
                   0  block input operations
                   0  block output operations
                   0  messages sent
                   0  messages received
                   0  signals received
                   3  voluntary context switches
               11936  involuntary context switches
         54166640044  instructions retired
         21192716728  cycles elapsed
            20202368  peak memory footprint
