Threads=8
LoadTime(s)=0.00956813
CODE_EXECUTION_TIME(s)=4.63839
RESULT=262663639
Throughput=5.66282e+07
VertexSetAllocated=0.00 Bytes
MiniGraphAllocated=1.32 MB
        4.65 real        11.08 user         0.19 sys
            20938752  maximum resident set size
                   0  average shared memory size
                   0  average unshared data size
                   0  average unshared stack size
                1391  page reclaims
                   0  page faults
                   0  swaps
                   0  block input operations
                   0  block output operations
                   0  messages sent
                   0  messages received
                   0  signals received
                   0  voluntary context switches
               35914  involuntary context switches
         54406965609  instructions retired
         23651989077  cycles elapsed
            20071296  peak memory footprint
