Threads=8
LoadTime(s)=0.00604125
CODE_EXECUTION_TIME(s)=1.75663
RESULT=262663639
Throughput=1.49527e+08
VertexSetAllocated=0.00 Bytes
MiniGraphAllocated=1.65 MB
        1.76 real        10.64 user         0.04 sys
            21676032  maximum resident set size
                   0  average shared memory size
                   0  average unshared data size
                   0  average unshared stack size
                1426  page reclaims
                   1  page faults
                   0  swaps
                   0  block input operations
                   0  block output operations
                   0  messages sent
                   0  messages received
                   0  signals received
                   0  voluntary context switches
                7343  involuntary context switches
         54144640599  instructions retired
         21153457508  cycles elapsed
            20677696  peak memory footprint
