Threads=8
LoadTime(s)=0.00910625
CODE_EXECUTION_TIME(s)=3.1737
RESULT=262663639
Throughput=8.27626e+07
VertexSetAllocated=0.00 Bytes
MiniGraphAllocated=1.27 MB
        3.19 real        10.97 user         0.10 sys
            21217280  maximum resident set size
                   0  average shared memory size
                   0  average unshared data size
                   0  average unshared stack size
                1400  page reclaims
                   1  page faults
                   0  swaps
                   0  block input operations
                   0  block output operations
                   0  messages sent
                   0  messages received
                   0  signals received
                   3  voluntary context switches
               17320  involuntary context switches
         54209405937  instructions retired
         23497816289  cycles elapsed
            20186048  peak memory footprint
