Threads=8
LoadTime(s)=0.0102204
CODE_EXECUTION_TIME(s)=3.2158
RESULT=262663639
Throughput=8.16792e+07
VertexSetAllocated=0.00 Bytes
MiniGraphAllocated=1.51 MB
        3.23 real        11.05 user         0.12 sys
            21463040  maximum resident set size
                   0  average shared memory size
                   0  average unshared data size
                   0  average unshared stack size
                1415  page reclaims
                   1  page faults
                   0  swaps
                   0  block input operations
                   0  block output operations
                   0  messages sent
                   0  messages received
                   0  signals received
                   1  voluntary context switches
               23464  involuntary context switches
         54288695803  instructions retired
         23833842525  cycles elapsed
            20448256  peak memory footprint
