Threads=8
LoadTime(s)=0.00608175
CODE_EXECUTION_TIME(s)=1.11531
RESULT=262663639
Throughput=2.35508e+08
VertexSetAllocated=0.00 Bytes
MiniGraphAllocated=1.50 MB
        1.12 real         8.47 user         0.02 sys
            21495808  maximum resident set size
                   0  average shared memory size
                   0  average unshared data size
                   0  average unshared stack size
                1416  page reclaims
                   1  page faults
                   0  swaps
                   0  block input operations
                   0  block output operations
                   0  messages sent
                   0  messages received
                   0  signals received
                   1  voluntary context switches
                4997  involuntary context switches
         54117183251  instructions retired
         18628952056  cycles elapsed
            20481024  peak memory footprint
