Threads=8
LoadTime(s)=0.00596283
CODE_EXECUTION_TIME(s)=2.5221
RESULT=262663639
Throughput=1.04145e+08
VertexSetAllocated=0.00 Bytes
MiniGraphAllocated=1.70 MB
        2.53 real        10.23 user         0.09 sys
            20742144  maximum resident set size
                   0  average shared memory size
                   0  average unshared data size
                   0  average unshared stack size
                1465  page reclaims
                   1  page faults
                   0  swaps
                   0  block input operations
                   0  block output operations
                   0  messages sent
                   0  messages received
                   0  signals received
                   3  voluntary context switches
               17071  involuntary context switches
         54205919601  instructions retired
         21735419584  cycles elapsed
            20677632  peak memory footprint
