Threads=8
LoadTime(s)=0.00585242
CODE_EXECUTION_TIME(s)=1.27833
RESULT=262663639
Throughput=2.05473e+08
VertexSetAllocated=0.00 Bytes
MiniGraphAllocated=1.54 MB
        1.28 real         8.56 user         0.06 sys
            21495808  maximum resident set size
                   0  average shared memory size
                   0  average unshared data size
                   0  average unshared stack size
                1417  page reclaims
                   0  page faults
                   0  swaps
                   0  block input operations
                   0  block output operations
                   0  messages sent
                   0  messages received
                   0  signals received
                   1  voluntary context switches
               13713  involuntary context switches
         54173962075  instructions retired
         18991055789  cycles elapsed
            20464576  peak memory footprint
