Threads=8
LoadTime(s)=0.00599608
CODE_EXECUTION_TIME(s)=2.10726
RESULT=262663639
Throughput=1.24647e+08
VertexSetAllocated=0.00 Bytes
MiniGraphAllocated=1.27 MB
        2.11 real        10.41 user         0.06 sys
            21233664  maximum resident set size
                   0  average shared memory size
                   0  average unshared data size
                   0  average unshared stack size
                1394  page reclaims
                   7  page faults
                   0  swaps
                   0  block input operations
                   0  block output operations
                   0  messages sent
                   0  messages received
                   0  signals received
                   0  voluntary context switches
               12336  involuntary context switches
         54181340935  instructions retired
         21748032559  cycles elapsed
            20218880  peak memory footprint
