Threads=8
LoadTime(s)=0.00582217
CODE_EXECUTION_TIME(s)=1.16924
RESULT=262663639
Throughput=2.24645e+08
VertexSetAllocated=0.00 Bytes
MiniGraphAllocated=1.39 MB
        1.18 real         8.54 user         0.03 sys
            21413888  maximum resident set size
                   0  average shared memory size
                   0  average unshared data size
                   0  average unshared stack size
                1412  page reclaims
                   1  page faults
                   0  swaps
                   0  block input operations
                   0  block output operations
                   0  messages sent
                   0  messages received
                   0  signals received
                   1  voluntary context switches
                7014  involuntary context switches
         54134867440  instructions retired
         18773787563  cycles elapsed
            20432000  peak memory footprint
