Threads=8
LoadTime(s)=0.00593012
CODE_EXECUTION_TIME(s)=1.35822
RESULT=262663639
Throughput=1.93388e+08
VertexSetAllocated=0.00 Bytes
MiniGraphAllocated=1.32 MB
        1.36 real         9.38 user         0.05 sys
            21315584  maximum resident set size
                   0  average shared memory size
                   0  average unshared data size
                   0  average unshared stack size
                1405  page reclaims
                   1  page faults
                   0  swaps
                   0  block input operations
                   0  block output operations
                   0  messages sent
                   0  messages received
                   0  signals received
                   0  voluntary context switches
                9526  involuntary context switches
         54157513484  instructions retired
         19439265328  cycles elapsed
            20300800  peak memory footprint
