Threads=8
LoadTime(s)=0.00963392
CODE_EXECUTION_TIME(s)=2.09341
RESULT=262663639
Throughput=1.25472e+08
VertexSetAllocated=0.00 Bytes
MiniGraphAllocated=1.50 MB
        2.11 real        11.11 user         0.07 sys
            21413888  maximum resident set size
                   0  average shared memory size
                   0  average unshared data size
                   0  average unshared stack size
                1413  page reclaims
                   0  page faults
                   0  swaps
                   0  block input operations
                   0  block output operations
                   0  messages sent
                   0  messages received
                   0  signals received
                   0  voluntary context switches
               11880  involuntary context switches
         54232686461  instructions retired
         22401649195  cycles elapsed
            20415552  peak memory footprint
