Threads=8
LoadTime(s)=0.00591679
CODE_EXECUTION_TIME(s)=1.47437
RESULT=262663639
Throughput=1.78153e+08
VertexSetAllocated=0.00 Bytes
MiniGraphAllocated=1.31 MB
        1.48 real         9.63 user         0.04 sys
            21282816  maximum resident set size
                   0  average shared memory size
                   0  average unshared data size
                   0  average unshared stack size
                1404  page reclaims
                   0  page faults
                   0  swaps
                   0  block input operations
                   0  block output operations
                   0  messages sent
                   0  messages received
                   0  signals received
                   0  voluntary context switches
                7762  involuntary context switches
         54157565528  instructions retired
         20268624394  cycles elapsed
            20268032  peak memory footprint
