Threads=8
LoadTime(s)=0.00600383
CODE_EXECUTION_TIME(s)=2.05772
RESULT=262663639
Throughput=1.27648e+08
VertexSetAllocated=0.00 Bytes
MiniGraphAllocated=1.52 MB
        2.06 real        10.19 user         0.07 sys
            21577728  maximum resident set size
                   0  average shared memory size
                   0  average unshared data size
                   0  average unshared stack size
                1420  page reclaims
                   0  page faults
                   0  swaps
                   0  block input operations
                   0  block output operations
                   0  messages sent
                   0  messages received
                   0  signals received
                   0  voluntary context switches
               13591  involuntary context switches
         54197721599  instructions retired
         21407024724  cycles elapsed
            20562944  peak memory footprint
