Threads=8
LoadTime(s)=0.00590017
CODE_EXECUTION_TIME(s)=1.13596
RESULT=262663639
Throughput=2.31227e+08
VertexSetAllocated=0.00 Bytes
MiniGraphAllocated=1.76 MB
        1.14 real         8.52 user         0.03 sys
            21790720  maximum resident set size
                   0  average shared memory size
                   0  average unshared data size
                   0  average unshared stack size
                1434  page reclaims
                   0  page faults
                   0  swaps
                   0  block input operations
                   0  block output operations
                   0  messages sent
                   0  messages received
                   0  signals received
                   0  voluntary context switches
                6275  involuntary context switches
         54105559798  instructions retired
         18732749182  cycles elapsed
            20775936  peak memory footprint
