Threads=8
LoadTime(s)=0.00595454
CODE_EXECUTION_TIME(s)=1.13245
RESULT=262663639
Throughput=2.31944e+08
VertexSetAllocated=0.00 Bytes
MiniGraphAllocated=1.37 MB
        1.14 real         8.53 user         0.03 sys
            21430272  maximum resident set size
                   0  average shared memory size
                   0  average unshared data size
                   0  average unshared stack size
                1413  page reclaims
                   1  page faults
                   0  swaps
                   0  block input operations
                   0  block output operations
                   0  messages sent
                   0  messages received
                   0  signals received
                   0  voluntary context switches
                5257  involuntary context switches
         54125293497  instructions retired
         18729122288  cycles elapsed
            20431936  peak memory footprint
