Threads=8
LoadTime(s)=0.00590596
CODE_EXECUTION_TIME(s)=1.47951
RESULT=262663639
Throughput=1.77534e+08
VertexSetAllocated=0.00 Bytes
MiniGraphAllocated=1.45 MB
        1.49 real        10.17 user         0.02 sys
            21495808  maximum resident set size
                   0  average shared memory size
                   0  average unshared data size
                   0  average unshared stack size
                1415  page reclaims
                   0  page faults
                   0  swaps
                   0  block input operations
                   0  block output operations
                   0  messages sent
                   0  messages received
                   0  signals received
                   0  voluntary context switches
                4228  involuntary context switches
         54167712566  instructions retired
         20303472146  cycles elapsed
            20481024  peak memory footprint
