Threads=8
LoadTime(s)=0.00100679
CODE_EXECUTION_TIME(s)=0.213049
RESULT=5809356
Throughput=2.72677e+07
VertexSetAllocated=0.00 Bytes
MiniGraphAllocated=661.62 KB
        0.21 real         1.35 user         0.01 sys
             6684672  maximum resident set size
                   0  average shared memory size
                   0  average unshared data size
                   0  average unshared stack size
                 516  page reclaims
                   0  page faults
                   0  swaps
                   0  block input operations
                   0  block output operations
                   0  messages sent
                   0  messages received
                   0  signals received
                   0  voluntary context switches
                2297  involuntary context switches
          6575696462  instructions retired
          2964302986  cycles elapsed
             5587648  peak memory footprint
