Threads=8
LoadTime(s)=0.0010805
CODE_EXECUTION_TIME(s)=0.194677
RESULT=5809356
Throughput=2.9841e+07
VertexSetAllocated=0.00 Bytes
MiniGraphAllocated=679.12 KB
        0.20 real         1.30 user         0.00 sys
             6717440  maximum resident set size
                   0  average shared memory size
                   0  average unshared data size
                   0  average unshared stack size
                 515  page reclaims
                   1  page faults
                   0  swaps
                   0  block input operations
                   0  block output operations
                   0  messages sent
                   0  messages received
                   0  signals received
                   0  voluntary context switches
                1579  involuntary context switches
          6569185201  instructions retired
          2909910661  cycles elapsed
             5603968  peak memory footprint
