Threads=8
LoadTime(s)=0.00100138
CODE_EXECUTION_TIME(s)=0.190646
RESULT=5809356
Throughput=3.0472e+07
VertexSetAllocated=0.00 Bytes
MiniGraphAllocated=681.20 KB
        0.19 real         1.26 user         0.01 sys
             6766592  maximum resident set size
                   0  average shared memory size
                   0  average unshared data size
                   0  average unshared stack size
                 515  page reclaims
                   1  page faults
                   0  swaps
                   0  block input operations
                   0  block output operations
                   0  messages sent
                   0  messages received
                   0  signals received
                   3  voluntary context switches
                1962  involuntary context switches
          6570862385  instructions retired
          2777503833  cycles elapsed
             5653120  peak memory footprint
