Threads=8
LoadTime(s)=0.00103729
CODE_EXECUTION_TIME(s)=0.280828
RESULT=5809356
Throughput=2.06865e+07
VertexSetAllocated=0.00 Bytes
MiniGraphAllocated=645.02 KB
        0.28 real         1.31 user         0.01 sys
             6635520  maximum resident set size
                   0  average shared memory size
                   0  average unshared data size
                   0  average unshared stack size
                 510  page reclaims
                   1  page faults
                   0  swaps
                   0  block input operations
                   0  block output operations
                   0  messages sent
                   0  messages received
                   0  signals received
                   0  voluntary context switches
                2936  involuntary context switches
          6577107598  instructions retired
          2943960388  cycles elapsed
             5522048  peak memory footprint
