Threads=8
LoadTime(s)=0.00108021
CODE_EXECUTION_TIME(s)=0.295526
RESULT=5809356
Throughput=1.96577e+07
VertexSetAllocated=0.00 Bytes
MiniGraphAllocated=731.59 KB
        0.30 real         1.35 user         0.01 sys
             6815744  maximum resident set size
                   0  average shared memory size
                   0  average unshared data size
                   0  average unshared stack size
                 521  page reclaims
                   0  page faults
                   0  swaps
                   0  block input operations
                   0  block output operations
                   0  messages sent
                   0  messages received
                   0  signals received
                   0  voluntary context switches
                4395  involuntary context switches
          6595905581  instructions retired
          3074797402  cycles elapsed
             5718720  peak memory footprint
