Threads=8
LoadTime(s)=0.00103612
CODE_EXECUTION_TIME(s)=0.192086
RESULT=5809356
Throughput=3.02436e+07
VertexSetAllocated=0.00 Bytes
MiniGraphAllocated=618.76 KB
        0.19 real         1.28 user         0.01 sys
             6635520  maximum resident set size
                   0  average shared memory size
                   0  average unshared data size
                   0  average unshared stack size
                 512  page reclaims
                   0  page faults
                   0  swaps
                   0  block input operations
                   0  block output operations
                   0  messages sent
                   0  messages received
                   0  signals received
                   1  voluntary context switches
                1752  involuntary context switches
          6578042852  instructions retired
          2842534717  cycles elapsed
             5522048  peak memory footprint
