Threads=8
LoadTime(s)=0.00110404
CODE_EXECUTION_TIME(s)=0.225857
RESULT=5809356
Throughput=2.57214e+07
VertexSetAllocated=0.00 Bytes
MiniGraphAllocated=672.84 KB
        0.23 real         1.34 user         0.00 sys
             6766592  maximum resident set size
                   0  average shared memory size
                   0  average unshared data size
                   0  average unshared stack size
                 527  page reclaims
                   0  page faults
                   0  swaps
                   0  block input operations
                   0  block output operations
                   0  messages sent
                   0  messages received
                   0  signals received
                   0  voluntary context switches
                1763  involuntary context switches
          6575442642  instructions retired
          3020054265  cycles elapsed
             5653120  peak memory footprint
