Threads=8
LoadTime(s)=0.00105842
CODE_EXECUTION_TIME(s)=0.198707
RESULT=5809356
Throughput=2.92357e+07
VertexSetAllocated=0.00 Bytes
MiniGraphAllocated=718.89 KB
        0.20 real         1.30 user         0.01 sys
             6815744  maximum resident set size
                   0  average shared memory size
                   0  average unshared data size
                   0  average unshared stack size
                 519  page reclaims
                   0  page faults
                   0  swaps
                   0  block input operations
                   0  block output operations
                   0  messages sent
                   0  messages received
                   0  signals received
                   0  voluntary context switches
                1989  involuntary context switches
          6569042213  instructions retired
          2925682809  cycles elapsed
             5735168  peak memory footprint
