Threads=8
LoadTime(s)=0.00122587
CODE_EXECUTION_TIME(s)=0.34514
RESULT=5809356
Throughput=1.68319e+07
VertexSetAllocated=0.00 Bytes
MiniGraphAllocated=641.15 KB
        0.35 real         1.62 user         0.01 sys
             6717440  maximum resident set size
                   0  average shared memory size
                   0  average unshared data size
                   0  average unshared stack size
                 513  page reclaims
                   0  page faults
                   0  swaps
                   0  block input operations
                   0  block output operations
                   0  messages sent
                   0  messages received
                   0  signals received
                   0  voluntary context switches
                2668  involuntary context switches
          6575824431  instructions retired
          3261385150  cycles elapsed
             5636864  peak memory footprint
