Threads=8
LoadTime(s)=0.00690146
CODE_EXECUTION_TIME(s)=0.160553
RESULT=5809356
Throughput=3.61835e+07
VertexSetAllocated=0.00 Bytes
MiniGraphAllocated=690.91 KB
        0.17 real         1.27 user         0.00 sys
             6733824  maximum resident set size
                   0  average shared memory size
                   0  average unshared data size
                   0  average unshared stack size
                 516  page reclaims
                   0  page faults
                   0  swaps
                   0  block input operations
                   0  block output operations
                   0  messages sent
                   0  messages received
                   0  signals received
                  11  voluntary context switches
                 492  involuntary context switches
          6561927640  instructions retired
          2798217956  cycles elapsed
             5620352  peak memory footprint
