Threads=8
LoadTime(s)=0.00108183
CODE_EXECUTION_TIME(s)=0.185895
RESULT=5809356
Throughput=3.12507e+07
VertexSetAllocated=0.00 Bytes
MiniGraphAllocated=652.76 KB
        0.19 real         1.29 user         0.01 sys
             6701056  maximum resident set size
                   0  average shared memory size
                   0  average unshared data size
                   0  average unshared stack size
                 515  page reclaims
                   0  page faults
                   0  swaps
                   0  block input operations
                   0  block output operations
                   0  messages sent
                   0  messages received
                   0  signals received
                   0  voluntary context switches
                1955  involuntary context switches
          6574650650  instructions retired
          2873512494  cycles elapsed
             5587584  peak memory footprint
