Threads=8
LoadTime(s)=0.001067
CODE_EXECUTION_TIME(s)=0.17431
RESULT=5809356
Throughput=3.33278e+07
VertexSetAllocated=0.00 Bytes
MiniGraphAllocated=672.93 KB
        0.18 real         1.24 user         0.00 sys
             6717440  maximum resident set size
                   0  average shared memory size
                   0  average unshared data size
                   0  average unshared stack size
                 516  page reclaims
                   0  page faults
                   0  swaps
                   0  block input operations
                   0  block output operations
                   0  messages sent
                   0  messages received
                   0  signals received
                   5  voluntary context switches
                1555  involuntary context switches
          6565546726  instructions retired
          2733981084  cycles elapsed
             5603968  peak memory footprint
