Threads=8
LoadTime(s)=0.00105679
CODE_EXECUTION_TIME(s)=0.201323
RESULT=5809356
Throughput=2.88559e+07
VertexSetAllocated=0.00 Bytes
MiniGraphAllocated=682.89 KB
        0.20 real         1.29 user         0.01 sys
             6733824  maximum resident set size
                   0  average shared memory size
                   0  average unshared data size
                   0  average unshared stack size
                 516  page reclaims
                   0  page faults
                   0  swaps
                   0  block input operations
                   0  block output operations
                   0  messages sent
                   0  messages received
                   0  signals received
                   0  voluntary context switches
                1642  involuntary context switches
          6575048619  instructions retired
          2887698522  cycles elapsed
             5636800  peak memory footprint
