Threads=8
LoadTime(s)=0.00127671
CODE_EXECUTION_TIME(s)=0.204114
RESULT=5809356
Throughput=2.84614e+07
VertexSetAllocated=0.00 Bytes
MiniGraphAllocated=666.66 KB
        0.21 real         1.31 user         0.01 sys
             6717440  maximum resident set size
                   0  average shared memory size
                   0  average unshared data size
                   0  average unshared stack size
                 516  page reclaims
                   0  page faults
                   0  swaps
                   0  block input operations
                   0  block output operations
                   0  messages sent
                   0  messages received
                   0  signals received
                   1  voluntary context switches
                2157  involuntary context switches
          6575337022  instructions retired
          2948720727  cycles elapsed
             5636864  peak memory footprint
