Threads=8
LoadTime(s)=0.00104637
CODE_EXECUTION_TIME(s)=0.173699
RESULT=5809356
Throughput=3.34449e+07
VertexSetAllocated=0.00 Bytes
MiniGraphAllocated=657.55 KB
        0.17 real         1.27 user         0.00 sys
             6684672  maximum resident set size
                   0  average shared memory size
                   0  average unshared data size
                   0  average unshared stack size
                 513  page reclaims
                   0  page faults
                   0  swaps
                   0  block input operations
                   0  block output operations
                   0  messages sent
                   0  messages received
                   0  signals received
                   1  voluntary context switches
                 932  involuntary context switches
          6566207326  instructions retired
          2796779141  cycles elapsed
             5587648  peak memory footprint
