Threads=8
LoadTime(s)=0.00109812
CODE_EXECUTION_TIME(s)=0.161679
RESULT=5809356
Throughput=3.59314e+07
VertexSetAllocated=0.00 Bytes
MiniGraphAllocated=675.15 KB
        0.16 real         1.26 user         0.00 sys
             6733824  maximum resident set size
                   0  average shared memory size
                   0  average unshared data size
                   0  average unshared stack size
                 510  page reclaims
                   0  page faults
                   0  swaps
                   0  block input operations
                   0  block output operations
                   0  messages sent
                   0  messages received
                   0  signals received
                   0  voluntary context switches
                 617  involuntary context switches
          6555379508  instructions retired
          2789609687  cycles elapsed
             5603968  peak memory footprint
