Threads=8
LoadTime(s)=0.00102558
CODE_EXECUTION_TIME(s)=0.165662
RESULT=5809356
Throughput=3.50675e+07
VertexSetAllocated=0.00 Bytes
MiniGraphAllocated=631.16 KB
        0.17 real         1.27 user         0.00 sys
             6684672  maximum resident set size
                   0  average shared memory size
                   0  average unshared data size
                   0  average unshared stack size
                 512  page reclaims
                   1  page faults
                   0  swaps
                   0  block input operations
                   0  block output operations
                   0  messages sent
                   0  messages received
                   0  signals received
                   0  voluntary context switches
                 453  involuntary context switches
          6562727493  instructions retired
          2794798189  cycles elapsed
             5571200  peak memory footprint
