Threads=8
LoadTime(s)=0.00101879
CODE_EXECUTION_TIME(s)=0.171168
RESULT=5809356
Throughput=3.39395e+07
VertexSetAllocated=0.00 Bytes
MiniGraphAllocated=652.74 KB
        0.17 real         1.27 user         0.00 sys
             6668288  maximum resident set size
                   0  average shared memory size
                   0  average unshared data size
                   0  average unshared stack size
                 513  page reclaims
                   0  page faults
                   0  swaps
                   0  block input operations
                   0  block output operations
                   0  messages sent
                   0  messages received
                   0  signals received
                   0  voluntary context switches
                 649  involuntary context switches
          6558640815  instructions retired
          2798734185  cycles elapsed
             5554816  peak memory footprint
