Threads=8
LoadTime(s)=0.00103238
CODE_EXECUTION_TIME(s)=0.25843
RESULT=5809356
Throughput=2.24794e+07
VertexSetAllocated=0.00 Bytes
MiniGraphAllocated=661.25 KB
        0.26 real         1.32 user         0.01 sys
             6717440  maximum resident set size
                   0  average shared memory size
                   0  average unshared data size
                   0  average unshared stack size
                 516  page reclaims
                   0  page faults
                   0  swaps
                   0  block input operations
                   0  block output operations
                   0  messages sent
                   0  messages received
                   0  signals received
                   0  voluntary context switches
                3995  involuntary context switches
          6592381067  instructions retired
          2993868291  cycles elapsed
             5603968  peak memory footprint
