Threads=8
LoadTime(s)=0.00107421
CODE_EXECUTION_TIME(s)=0.323321
RESULT=5809356
Throughput=1.79678e+07
VertexSetAllocated=0.00 Bytes
MiniGraphAllocated=637.64 KB
        0.33 real         1.48 user         0.01 sys
             6717440  maximum resident set size
                   0  average shared memory size
                   0  average unshared data size
                   0  average unshared stack size
                 516  page reclaims
                   0  page faults
                   0  swaps
                   0  block input operations
                   0  block output operations
                   0  messages sent
                   0  messages received
                   0  signals received
                   1  voluntary context switches
                2771  involuntary context switches
          6582766197  instructions retired
          3222654550  cycles elapsed
             5603968  peak memory footprint
