Threads=8
LoadTime(s)=0.000528542
CODE_EXECUTION_TIME(s)=0.203978
RESULT=4514137
Throughput=2.21305e+07
VertexSetAllocated=0.00 Bytes
MiniGraphAllocated=1.31 MB
        0.20 real         1.30 user         0.01 sys
             6291456  maximum resident set size
                   0  average shared memory size
                   0  average unshared data size
                   0  average unshared stack size
                 488  page reclaims
                   0  page faults
                   0  swaps
                   0  block input operations
                   0  block output operations
                   0  messages sent
                   0  messages received
                   0  signals received
                   0  voluntary context switches
                2129  involuntary context switches
          6537765622  instructions retired
          2918197946  cycles elapsed
             5276672  peak memory footprint
