Threads=8
LoadTime(s)=0.000562875
CODE_EXECUTION_TIME(s)=0.173101
RESULT=4514137
Throughput=2.60781e+07
VertexSetAllocated=0.00 Bytes
MiniGraphAllocated=1.24 MB
        0.17 real         1.27 user         0.00 sys
             6160384  maximum resident set size
                   0  average shared memory size
                   0  average unshared data size
                   0  average unshared stack size
                 481  page reclaims
                   1  page faults
                   0  swaps
                   0  block input operations
                   0  block output operations
                   0  messages sent
                   0  messages received
                   0  signals received
                   1  voluntary context switches
                1154  involuntary context switches
          6529513465  instructions retired
          2807796372  cycles elapsed
             5129152  peak memory footprint
