Threads=8
LoadTime(s)=0.000537708
CODE_EXECUTION_TIME(s)=0.225109
RESULT=4514137
Throughput=2.00531e+07
VertexSetAllocated=0.00 Bytes
MiniGraphAllocated=1.26 MB
        0.22 real         1.27 user         0.00 sys
             6258688  maximum resident set size
                   0  average shared memory size
                   0  average unshared data size
                   0  average unshared stack size
                 487  page reclaims
                   0  page faults
                   0  swaps
                   0  block input operations
                   0  block output operations
                   0  messages sent
                   0  messages received
                   0  signals received
                   0  voluntary context switches
                1071  involuntary context switches
          6532431510  instructions retired
          2801029260  cycles elapsed
             5260352  peak memory footprint
