Threads=8
LoadTime(s)=0.000519625
CODE_EXECUTION_TIME(s)=0.172119
RESULT=4514137
Throughput=2.62268e+07
VertexSetAllocated=0.00 Bytes
MiniGraphAllocated=1.28 MB
        0.17 real         1.34 user         0.00 sys
             6225920  maximum resident set size
                   0  average shared memory size
                   0  average unshared data size
                   0  average unshared stack size
                 486  page reclaims
                   0  page faults
                   0  swaps
                   0  block input operations
                   0  block output operations
                   0  messages sent
                   0  messages received
                   0  signals received
                   0  voluntary context switches
                 648  involuntary context switches
          6527874544  instructions retired
          2851291486  cycles elapsed
             5211136  peak memory footprint
