Threads=8
LoadTime(s)=0.000538541
CODE_EXECUTION_TIME(s)=0.173604
RESULT=4514137
Throughput=2.60025e+07
VertexSetAllocated=0.00 Bytes
MiniGraphAllocated=1.25 MB
        0.17 real         1.24 user         0.00 sys
             6127616  maximum resident set size
                   0  average shared memory size
                   0  average unshared data size
                   0  average unshared stack size
                 480  page reclaims
                   0  page faults
                   0  swaps
                   0  block input operations
                   0  block output operations
                   0  messages sent
                   0  messages received
                   0  signals received
                   0  voluntary context switches
                1757  involuntary context switches
          6534668625  instructions retired
          2724730436  cycles elapsed
             5063488  peak memory footprint
