Threads=8
LoadTime(s)=0.000541583
CODE_EXECUTION_TIME(s)=0.192647
RESULT=4514137
Throughput=2.34322e+07
VertexSetAllocated=0.00 Bytes
MiniGraphAllocated=1.21 MB
        0.19 real         1.31 user         0.00 sys
             6078464  maximum resident set size
                   0  average shared memory size
                   0  average unshared data size
                   0  average unshared stack size
                 476  page reclaims
                   1  page faults
                   0  swaps
                   0  block input operations
                   0  block output operations
                   0  messages sent
                   0  messages received
                   0  signals received
                   1  voluntary context switches
                 726  involuntary context switches
          6526342310  instructions retired
          2936691039  cycles elapsed
             5014336  peak memory footprint
