Threads=8
LoadTime(s)=0.000661
CODE_EXECUTION_TIME(s)=0.186624
RESULT=4514137
Throughput=2.41883e+07
VertexSetAllocated=0.00 Bytes
MiniGraphAllocated=1.20 MB
        0.19 real         1.25 user         0.01 sys
             6144000  maximum resident set size
                   0  average shared memory size
                   0  average unshared data size
                   0  average unshared stack size
                 480  page reclaims
                   1  page faults
                   0  swaps
                   0  block input operations
                   0  block output operations
                   0  messages sent
                   0  messages received
                   0  signals received
                   1  voluntary context switches
                2423  involuntary context switches
          6543239100  instructions retired
          2766549341  cycles elapsed
             5145664  peak memory footprint
