Threads=8
LoadTime(s)=0.000533125
CODE_EXECUTION_TIME(s)=0.209881
RESULT=4514137
Throughput=2.15081e+07
VertexSetAllocated=0.00 Bytes
MiniGraphAllocated=1.17 MB
        0.21 real         1.30 user         0.00 sys
             6127616  maximum resident set size
                   0  average shared memory size
                   0  average unshared data size
                   0  average unshared stack size
                 478  page reclaims
                   1  page faults
                   0  swaps
                   0  block input operations
                   0  block output operations
                   0  messages sent
                   0  messages received
                   0  signals received
                   5  voluntary context switches
                1105  involuntary context switches
          6530304844  instructions retired
          2921813178  cycles elapsed
             5112832  peak memory footprint
