Threads=8
LoadTime(s)=0.000536791
CODE_EXECUTION_TIME(s)=0.276409
RESULT=4514137
Throughput=1.63314e+07
VertexSetAllocated=0.00 Bytes
MiniGraphAllocated=1.22 MB
        0.28 real         1.51 user         0.01 sys
             6176768  maximum resident set size
                   0  average shared memory size
                   0  average unshared data size
                   0  average unshared stack size
                 483  page reclaims
                   0  page faults
                   0  swaps
                   0  block input operations
                   0  block output operations
                   0  messages sent
                   0  messages received
                   0  signals received
                   0  voluntary context switches
                1883  involuntary context switches
          6538441826  instructions retired
          3178166298  cycles elapsed
             5145536  peak memory footprint
