Threads=8
LoadTime(s)=0.000517875
CODE_EXECUTION_TIME(s)=0.206219
RESULT=4514137
Throughput=2.189e+07
VertexSetAllocated=0.00 Bytes
MiniGraphAllocated=1.20 MB
        0.21 real         1.26 user         0.01 sys
             6062080  maximum resident set size
                   0  average shared memory size
                   0  average unshared data size
                   0  average unshared stack size
                 474  page reclaims
                   0  page faults
                   0  swaps
                   0  block input operations
                   0  block output operations
                   0  messages sent
                   0  messages received
                   0  signals received
                   0  voluntary context switches
                2899  involuntary context switches
          6544331172  instructions retired
          2777869278  cycles elapsed
             4997952  peak memory footprint
