Threads=8
LoadTime(s)=0.000586458
CODE_EXECUTION_TIME(s)=0.174816
RESULT=4514137
Throughput=2.58222e+07
VertexSetAllocated=0.00 Bytes
MiniGraphAllocated=1.23 MB
        0.17 real         1.27 user         0.00 sys
             6193152  maximum resident set size
                   0  average shared memory size
                   0  average unshared data size
                   0  average unshared stack size
                 484  page reclaims
                   0  page faults
                   0  swaps
                   0  block input operations
                   0  block output operations
                   0  messages sent
                   0  messages received
                   0  signals received
                   0  voluntary context switches
                1535  involuntary context switches
          6534148475  instructions retired
          2827967599  cycles elapsed
             5194816  peak memory footprint
