Threads=8
LoadTime(s)=0.000557375
CODE_EXECUTION_TIME(s)=0.192432
RESULT=4514137
Throughput=2.34584e+07
VertexSetAllocated=0.00 Bytes
MiniGraphAllocated=1.14 MB
        0.19 real         1.31 user         0.00 sys
             5996544  maximum resident set size
                   0  average shared memory size
                   0  average unshared data size
                   0  average unshared stack size
                 470  page reclaims
                   0  page faults
                   0  swaps
                   0  block input operations
                   0  block output operations
                   0  messages sent
                   0  messages received
                   0  signals received
                   0  voluntary context switches
                 488  involuntary context switches
          6526665739  instructions retired
          2936794093  cycles elapsed
             4932416  peak memory footprint
