Threads=8
LoadTime(s)=0.000530958
CODE_EXECUTION_TIME(s)=0.161991
RESULT=4514137
Throughput=2.78666e+07
VertexSetAllocated=0.00 Bytes
MiniGraphAllocated=1.16 MB
        0.16 real         1.27 user         0.00 sys
             6062080  maximum resident set size
                   0  average shared memory size
                   0  average unshared data size
                   0  average unshared stack size
                 478  page reclaims
                   0  page faults
                   0  swaps
                   0  block input operations
                   0  block output operations
                   0  messages sent
                   0  messages received
                   0  signals received
                   0  voluntary context switches
                 461  involuntary context switches
          6524984038  instructions retired
          2808726300  cycles elapsed
             5030848  peak memory footprint
