Threads=8
LoadTime(s)=0.00052775
CODE_EXECUTION_TIME(s)=0.166225
time: command terminated abnormally
        0.18 real         1.27 user         0.00 sys
             6340608  maximum resident set size
                   0  average shared memory size
                   0  average unshared data size
                   0  average unshared stack size
                 476  page reclaims
                   0  page faults
                   0  swaps
                   0  block input operations
                   0  block output operations
                   0  messages sent
                   0  messages received
                   0  signals received
                   0  voluntary context switches
                 756  involuntary context switches
          6528033396  instructions retired
          2802413360  cycles elapsed
             5227456  peak memory footprint
