Threads=8
LoadTime(s)=0.00594325
CODE_EXECUTION_TIME(s)=0.0395348
RESULT=2224385
Throughput=5.6264e+07
VertexSetAllocated=0.00 Bytes
MiniGraphAllocated=0.00 Bytes
        0.04 real         0.31 user         0.00 sys
            19300352  maximum resident set size
                   0  average shared memory size
                   0  average unshared data size
                   0  average unshared stack size
                1283  page reclaims
                   0  page faults
                   0  swaps
                   0  block input operations
                   0  block output operations
                   0  messages sent
                   0  messages received
                   0  signals received
                   0  voluntary context switches
                 122  involuntary context switches
          1583552957  instructions retired
           699414397  cycles elapsed
            18236032  peak memory footprint
