Threads=8
LoadTime(s)=0.00602671
CODE_EXECUTION_TIME(s)=0.0423512
RESULT=2224385
Throughput=5.25224e+07
VertexSetAllocated=0.00 Bytes
MiniGraphAllocated=0.00 Bytes
        0.05 real         0.32 user         0.00 sys
            19431424  maximum resident set size
                   0  average shared memory size
                   0  average unshared data size
                   0  average unshared stack size
                1293  page reclaims
                   0  page faults
                   0  swaps
                   0  block input operations
                   0  block output operations
                   0  messages sent
                   0  messages received
                   0  signals received
                   0  voluntary context switches
                 126  involuntary context switches
          1583958807  instructions retired
           730362363  cycles elapsed
            18400000  peak memory footprint
