Threads=8
LoadTime(s)=0.00598254
CODE_EXECUTION_TIME(s)=0.0487542
RESULT=2224385
Throughput=4.56244e+07
VertexSetAllocated=0.00 Bytes
MiniGraphAllocated=0.00 Bytes
        0.05 real         0.33 user         0.00 sys
            19333120  maximum resident set size
                   0  average shared memory size
                   0  average unshared data size
                   0  average unshared stack size
                1290  page reclaims
                   0  page faults
                   0  swaps
                   0  block input operations
                   0  block output operations
                   0  messages sent
                   0  messages received
                   0  signals received
                   0  voluntary context switches
                 398  involuntary context switches
          1586377834  instructions retired
           752173216  cycles elapsed
            18268800  peak memory footprint
