Threads=8
LoadTime(s)=0.00586725
time: command terminated abnormally
        0.06 real         0.31 user         0.00 sys
            19595264  maximum resident set size
                   0  average shared memory size
                   0  average unshared data size
                   0  average unshared stack size
                1284  page reclaims
                   0  page faults
                   0  swaps
                   0  block input operations
                   0  block output operations
                   0  messages sent
                   0  messages received
                   0  signals received
                   0  voluntary context switches
                 219  involuntary context switches
          1583331652  instructions retired
           700159031  cycles elapsed
            18449024  peak memory footprint
