Threads=8
LoadTime(s)=0.00585196
CODE_EXECUTION_TIME(s)=0.041751
RESULT=2224385
Throughput=5.32774e+07
VertexSetAllocated=0.00 Bytes
MiniGraphAllocated=0.00 Bytes
        0.05 real         0.32 user         0.00 sys
            19333120  maximum resident set size
                   0  average shared memory size
                   0  average unshared data size
                   0  average unshared stack size
                1287  page reclaims
                   0  page faults
                   0  swaps
                   0  block input operations
                   0  block output operations
                   0  messages sent
                   0  messages received
                   0  signals received
                   0  voluntary context switches
                 197  involuntary context switches
          1584395348  instructions retired
           716595226  cycles elapsed
            18268800  peak memory footprint
