Threads=8
LoadTime(s)=0.00597913
CODE_EXECUTION_TIME(s)=0.0428178
RESULT=2224385
Throughput=5.19501e+07
VertexSetAllocated=0.00 Bytes
MiniGraphAllocated=0.00 Bytes
        0.05 real         0.32 user         0.00 sys
            19382272  maximum resident set size
                   0  average shared memory size
                   0  average unshared data size
                   0  average unshared stack size
                1280  page reclaims
                   7  page faults
                   0  swaps
                   0  block input operations
                   0  block output operations
                   0  messages sent
                   0  messages received
                   0  signals received
                   0  voluntary context switches
                 276  involuntary context switches
          1585529996  instructions retired
           714988844  cycles elapsed
            18350848  peak memory footprint
