Threads=8
LoadTime(s)=0.00602079
CODE_EXECUTION_TIME(s)=0.0417576
RESULT=2224385
Throughput=5.3269e+07
VertexSetAllocated=0.00 Bytes
MiniGraphAllocated=0.00 Bytes
        0.05 real         0.31 user         0.00 sys
            19316736  maximum resident set size
                   0  average shared memory size
                   0  average unshared data size
                   0  average unshared stack size
                1289  page reclaims
                   0  page faults
                   0  swaps
                   0  block input operations
                   0  block output operations
                   0  messages sent
                   0  messages received
                   0  signals received
                   0  voluntary context switches
                 201  involuntary context switches
          1584616260  instructions retired
           700439355  cycles elapsed
            18252416  peak memory footprint
