Threads=8
LoadTime(s)=0.00586192
CODE_EXECUTION_TIME(s)=0.0419692
RESULT=2224385
Throughput=5.30004e+07
VertexSetAllocated=0.00 Bytes
MiniGraphAllocated=0.00 Bytes
        0.05 real         0.32 user         0.00 sys
            19316736  maximum resident set size
                   0  average shared memory size
                   0  average unshared data size
                   0  average unshared stack size
                1280  page reclaims
                   0  page faults
                   0  swaps
                   0  block input operations
                   0  block output operations
                   0  messages sent
                   0  messages received
                   0  signals received
                   0  voluntary context switches
                 256  involuntary context switches
          1584441952  instructions retired
           712332186  cycles elapsed
            18235968  peak memory footprint
