Threads=8
LoadTime(s)=0.0220543
CODE_EXECUTION_TIME(s)=0.04827
RESULT=2224385
Throughput=4.60822e+07
VertexSetAllocated=0.00 Bytes
MiniGraphAllocated=0.00 Bytes
        0.07 real         0.30 user         0.00 sys
            19464192  maximum resident set size
                   0  average shared memory size
                   0  average unshared data size
                   0  average unshared stack size
                1295  page reclaims
                   0  page faults
                   0  swaps
                   0  block input operations
                   0  block output operations
                   0  messages sent
                   0  messages received
                   0  signals received
                  12  voluntary context switches
                 194  involuntary context switches
          1590682835  instructions retired
           665192624  cycles elapsed
            18449216  peak memory footprint
