Threads=8
LoadTime(s)=0.00611062
CODE_EXECUTION_TIME(s)=0.0480848
RESULT=2224385
Throughput=4.62597e+07
VertexSetAllocated=0.00 Bytes
MiniGraphAllocated=0.00 Bytes
        0.05 real         0.32 user         0.00 sys
            19349504  maximum resident set size
                   0  average shared memory size
                   0  average unshared data size
                   0  average unshared stack size
                1289  page reclaims
                   0  page faults
                   0  swaps
                   0  block input operations
                   0  block output operations
                   0  messages sent
                   0  messages received
                   0  signals received
                   0  voluntary context switches
                 508  involuntary context switches
          1587268163  instructions retired
           737739713  cycles elapsed
            18285184  peak memory footprint
