Threads=8
LoadTime(s)=0.00594808
CODE_EXECUTION_TIME(s)=0.0419286
RESULT=2224385
Throughput=5.30518e+07
VertexSetAllocated=0.00 Bytes
MiniGraphAllocated=0.00 Bytes
        0.05 real         0.30 user         0.00 sys
            19398656  maximum resident set size
                   0  average shared memory size
                   0  average unshared data size
                   0  average unshared stack size
                1289  page reclaims
                   0  page faults
                   0  swaps
                   0  block input operations
                   0  block output operations
                   0  messages sent
                   0  messages received
                   0  signals received
                   0  voluntary context switches
                 333  involuntary context switches
          1585406001  instructions retired
           679720495  cycles elapsed
            18383680  peak memory footprint
