Threads=8
LoadTime(s)=0.000992333
CODE_EXECUTION_TIME(s)=0.0169422
RESULT=727044
Throughput=4.29133e+07
VertexSetAllocated=0.00 Bytes
MiniGraphAllocated=0.00 Bytes
        0.02 real         0.10 user         0.00 sys
             5668864  maximum resident set size
                   0  average shared memory size
                   0  average unshared data size
                   0  average unshared stack size
                 444  page reclaims
                   0  page faults
                   0  swaps
                   0  block input operations
                   0  block output operations
                   0  messages sent
                   0  messages received
                   0  signals received
                   0  voluntary context switches
                 119  involuntary context switches
           636851635  instructions retired
           238416581  cycles elapsed
             4588160  peak memory footprint
