Threads=8
LoadTime(s)=0.00101775
CODE_EXECUTION_TIME(s)=0.0152205
RESULT=727044
Throughput=4.77673e+07
VertexSetAllocated=0.00 Bytes
MiniGraphAllocated=0.00 Bytes
        0.01 real         0.11 user         0.00 sys
             5619712  maximum resident set size
                   0  average shared memory size
                   0  average unshared data size
                   0  average unshared stack size
                 450  page reclaims
                   0  page faults
                   0  swaps
                   0  block input operations
                   0  block output operations
                   0  messages sent
                   0  messages received
                   0  signals received
                   0  voluntary context switches
                 169  involuntary context switches
           637647658  instructions retired
           255502782  cycles elapsed
             4538944  peak memory footprint
