Threads=8
LoadTime(s)=0.00100392
CODE_EXECUTION_TIME(s)=0.0212227
RESULT=727044
Throughput=3.42578e+07
VertexSetAllocated=0.00 Bytes
MiniGraphAllocated=0.00 Bytes
        0.02 real         0.10 user         0.00 sys
             5668864  maximum resident set size
                   0  average shared memory size
                   0  average unshared data size
                   0  average unshared stack size
                 449  page reclaims
                   0  page faults
                   0  swaps
                   0  block input operations
                   0  block output operations
                   0  messages sent
                   0  messages received
                   0  signals received
                   0  voluntary context switches
                  60  involuntary context switches
           636444134  instructions retired
           219451236  cycles elapsed
             4604544  peak memory footprint
