Threads=8
LoadTime(s)=0.00672275
CODE_EXECUTION_TIME(s)=0.022285
RESULT=727044
Throughput=3.26249e+07
VertexSetAllocated=0.00 Bytes
MiniGraphAllocated=0.00 Bytes
        0.03 real         0.10 user         0.00 sys
             5718016  maximum resident set size
                   0  average shared memory size
                   0  average unshared data size
                   0  average unshared stack size
                 447  page reclaims
                   0  page faults
                   0  swaps
                   0  block input operations
                   0  block output operations
                   0  messages sent
                   0  messages received
                   0  signals received
                  14  voluntary context switches
                  82  involuntary context switches
           637767316  instructions retired
           223622730  cycles elapsed
             4637312  peak memory footprint
