Threads=8
LoadTime(s)=0.000550709
CODE_EXECUTION_TIME(s)=0.0172222
RESULT=608389
Throughput=3.53259e+07
VertexSetAllocated=0.00 Bytes
MiniGraphAllocated=0.00 Bytes
        0.02 real         0.12 user         0.00 sys
             4308992  maximum resident set size
                   0  average shared memory size
                   0  average unshared data size
                   0  average unshared stack size
                 375  page reclaims
                   0  page faults
                   0  swaps
                   0  block input operations
                   0  block output operations
                   0  messages sent
                   0  messages received
                   0  signals received
                   0  voluntary context switches
                 203  involuntary context switches
           759552362  instructions retired
           285000782  cycles elapsed
             3261184  peak memory footprint
