Threads=8
LoadTime(s)=0.000529417
CODE_EXECUTION_TIME(s)=0.020054
RESULT=608389
Throughput=3.03375e+07
VertexSetAllocated=0.00 Bytes
MiniGraphAllocated=0.00 Bytes
        0.02 real         0.12 user         0.00 sys
             4358144  maximum resident set size
                   0  average shared memory size
                   0  average unshared data size
                   0  average unshared stack size
                 372  page reclaims
                   0  page faults
                   0  swaps
                   0  block input operations
                   0  block output operations
                   0  messages sent
                   0  messages received
                   0  signals received
                   0  voluntary context switches
                 399  involuntary context switches
           761763356  instructions retired
           281717467  cycles elapsed
             3277376  peak memory footprint
