Threads=8
LoadTime(s)=0.0005225
CODE_EXECUTION_TIME(s)=0.0184629
RESULT=608389
Throughput=3.2952e+07
VertexSetAllocated=0.00 Bytes
MiniGraphAllocated=0.00 Bytes
        0.02 real         0.12 user         0.00 sys
             4292608  maximum resident set size
                   0  average shared memory size
                   0  average unshared data size
                   0  average unshared stack size
                 371  page reclaims
                   0  page faults
                   0  swaps
                   0  block input operations
                   0  block output operations
                   0  messages sent
                   0  messages received
                   0  signals received
                   0  voluntary context switches
                 244  involuntary context switches
           758669970  instructions retired
           275248147  cycles elapsed
             3211840  peak memory footprint
