Threads=8
LoadTime(s)=0.000518083
CODE_EXECUTION_TIME(s)=0.017731
RESULT=608389
Throughput=3.43122e+07
VertexSetAllocated=0.00 Bytes
MiniGraphAllocated=0.00 Bytes
        0.02 real         0.12 user         0.00 sys
             4669440  maximum resident set size
                   0  average shared memory size
                   0  average unshared data size
                   0  average unshared stack size
                 397  page reclaims
                   0  page faults
                   0  swaps
                   0  block input operations
                   0  block output operations
                   0  messages sent
                   0  messages received
                   0  signals received
                   0  voluntary context switches
                 230  involuntary context switches
           758796593  instructions retired
           281758477  cycles elapsed
             3605120  peak memory footprint
