Threads=8
LoadTime(s)=0.000521292
CODE_EXECUTION_TIME(s)=0.0177169
RESULT=608389
Throughput=3.43394e+07
VertexSetAllocated=0.00 Bytes
MiniGraphAllocated=0.00 Bytes
        0.02 real         0.12 user         0.00 sys
             4374528  maximum resident set size
                   0  average shared memory size
                   0  average unshared data size
                   0  average unshared stack size
                 369  page reclaims
                   0  page faults
                   0  swaps
                   0  block input operations
                   0  block output operations
                   0  messages sent
                   0  messages received
                   0  signals received
                   0  voluntary context switches
                 258  involuntary context switches
           758031847  instructions retired
           273777108  cycles elapsed
             3310208  peak memory footprint
