Threads=16
LoadTime(s)=0.0108132
CODE_EXECUTION_TIME(s)=1.51848
RESULT=258570802
Throughput=1.70283e+08
VertexSetAllocated=521.59 KB
MiniGraphAllocated=731.72 KB
        1.84 real         9.45 user         0.06 sys
            21200896  maximum resident set size
                   0  average shared memory size
                   0  average unshared data size
                   0  average unshared stack size
                1396  page reclaims
                  17  page faults
                   0  swaps
                   0  block input operations
                   0  block output operations
                   0  messages sent
                   0  messages received
                   0  signals received
                   2  voluntary context switches
               11845  involuntary context switches
         52131451687  instructions retired
         19393454636  cycles elapsed
            19956992  peak memory footprint
