Threads=1
LoadTime(s)=0.0259408
CODE_EXECUTION_TIME(s)=0.26208
RESULT=2224385
Throughput=8.48743e+06
VertexSetAllocated=0.00 Bytes
MiniGraphAllocated=0.00 Bytes
        0.58 real         0.26 user         0.01 sys
            19218432  maximum resident set size
                   0  average shared memory size
                   0  average unshared data size
                   0  average unshared stack size
                1285  page reclaims
                   1  page faults
                   0  swaps
                   0  block input operations
                   0  block output operations
                   0  messages sent
                   0  messages received
                   0  signals received
                  10  voluntary context switches
                 163  involuntary context switches
          1689766120  instructions retired
           540217881  cycles elapsed
            17859136  peak memory footprint
