Threads=4
LoadTime(s)=0.0156879
CODE_EXECUTION_TIME(s)=0.0742643
RESULT=2224385
Throughput=2.99523e+07
VertexSetAllocated=0.00 Bytes
MiniGraphAllocated=0.00 Bytes
        0.39 real         0.29 user         0.01 sys
            19333120  maximum resident set size
                   0  average shared memory size
                   0  average unshared data size
                   0  average unshared stack size
                1295  page reclaims
                   2  page faults
                   0  swaps
                   0  block input operations
                   0  block output operations
                   0  messages sent
                   0  messages received
                   0  signals received
                   0  voluntary context switches
                 341  involuntary context switches
          1689993825  instructions retired
           571186551  cycles elapsed
            17973824  peak memory footprint
