Threads=16
LoadTime(s)=0.0126335
CODE_EXECUTION_TIME(s)=0.0518412
RESULT=2224385
Throughput=4.29076e+07
VertexSetAllocated=0.00 Bytes
MiniGraphAllocated=0.00 Bytes
        0.37 real         0.35 user         0.01 sys
            19824640  maximum resident set size
                   0  average shared memory size
                   0  average unshared data size
                   0  average unshared stack size
                1328  page reclaims
                   1  page faults
                   0  swaps
                   0  block input operations
                   0  block output operations
                   0  messages sent
                   0  messages received
                   0  signals received
                   1  voluntary context switches
                 517  involuntary context switches
          1692280526  instructions retired
           752257114  cycles elapsed
            18498240  peak memory footprint
