Threads=1
LoadTime(s)=0.0152145
CODE_EXECUTION_TIME(s)=1.23797
RESULT=16713192
Throughput=1.35005e+07
VertexSetAllocated=0.00 Bytes
MiniGraphAllocated=91.13 KB
        1.57 real         1.23 user         0.02 sys
            19447808  maximum resident set size
                   0  average shared memory size
                   0  average unshared data size
                   0  average unshared stack size
                1299  page reclaims
                   2  page faults
                   0  swaps
                   0  block input operations
                   0  block output operations
                   0  messages sent
                   0  messages received
                   0  signals received
                   8  voluntary context switches
                 160  involuntary context switches
          8345130171  instructions retired
          2456228654  cycles elapsed
            18055808  peak memory footprint
