Threads=16
LoadTime(s)=0.00770154
CODE_EXECUTION_TIME(s)=1.29499
RESULT=252893
Throughput=195285
VertexSetAllocated=1.02 MB
MiniGraphAllocated=0.00 Bytes
        1.63 real         4.66 user         0.05 sys
            20414464  maximum resident set size
                   0  average shared memory size
                   0  average unshared data size
                   0  average unshared stack size
                1361  page reclaims
                   1  page faults
                   0  swaps
                   0  block input operations
                   0  block output operations
                   0  messages sent
                   0  messages received
                   0  signals received
                   0  voluntary context switches
                9916  involuntary context switches
         18012289439  instructions retired
         10010876871  cycles elapsed
            19203264  peak memory footprint
