Threads=2
LoadTime(s)=0.010696
CODE_EXECUTION_TIME(s)=0.132346
RESULT=2224385
Throughput=1.68073e+07
VertexSetAllocated=0.00 Bytes
MiniGraphAllocated=0.00 Bytes
        0.44 real         0.26 user         0.01 sys
            19202048  maximum resident set size
                   0  average shared memory size
                   0  average unshared data size
                   0  average unshared stack size
                1286  page reclaims
                   1  page faults
                   0  swaps
                   0  block input operations
                   0  block output operations
                   0  messages sent
                   0  messages received
                   0  signals received
                   0  voluntary context switches
                 173  involuntary context switches
          1687321816  instructions retired
           548005169  cycles elapsed
            17826304  peak memory footprint
