Threads=4
LoadTime(s)=0.0108097
CODE_EXECUTION_TIME(s)=0.725711
RESULT=50139576
Throughput=6.90903e+07
VertexSetAllocated=260.80 KB
MiniGraphAllocated=294.51 KB
        1.04 real         2.86 user         0.02 sys
            20152320  maximum resident set size
                   0  average shared memory size
                   0  average unshared data size
                   0  average unshared stack size
                1343  page reclaims
                   1  page faults
                   0  swaps
                   0  block input operations
                   0  block output operations
                   0  messages sent
                   0  messages received
                   0  signals received
                   0  voluntary context switches
                1620  involuntary context switches
         19697196997  instructions retired
          5682881225  cycles elapsed
            18809728  peak memory footprint
