Threads=4
LoadTime(s)=0.0131586
CODE_EXECUTION_TIME(s)=0.479028
RESULT=16713192
Throughput=3.48898e+07
VertexSetAllocated=0.00 Bytes
MiniGraphAllocated=248.30 KB
        0.84 real         1.71 user         0.03 sys
            20119552  maximum resident set size
                   0  average shared memory size
                   0  average unshared data size
                   0  average unshared stack size
                1325  page reclaims
                  18  page faults
                   0  swaps
                   0  block input operations
                   0  block output operations
                   0  messages sent
                   0  messages received
                   0  signals received
                   0  voluntary context switches
                4340  involuntary context switches
          8303525477  instructions retired
          3488824464  cycles elapsed
            18842688  peak memory footprint
