Threads=4
LoadTime(s)=0.0100179
CODE_EXECUTION_TIME(s)=0.77374
RESULT=252893
Throughput=326845
VertexSetAllocated=521.59 KB
MiniGraphAllocated=0.00 Bytes
        1.17 real         3.07 user         0.01 sys
            19709952  maximum resident set size
                   0  average shared memory size
                   0  average unshared data size
                   0  average unshared stack size
                1312  page reclaims
                   6  page faults
                   0  swaps
                   0  block input operations
                   0  block output operations
                   0  messages sent
                   0  messages received
                   0  signals received
                   2  voluntary context switches
                1015  involuntary context switches
         17935680873  instructions retired
          5077132068  cycles elapsed
            18416512  peak memory footprint
