Threads=8
LoadTime(s)=0.0108015
CODE_EXECUTION_TIME(s)=1.14589
RESULT=258570802
Throughput=2.2565e+08
VertexSetAllocated=521.59 KB
MiniGraphAllocated=678.38 KB
        1.47 real         8.47 user         0.05 sys
            21086208  maximum resident set size
                   0  average shared memory size
                   0  average unshared data size
                   0  average unshared stack size
                1405  page reclaims
                   2  page faults
                   0  swaps
                   0  block input operations
                   0  block output operations
                   0  messages sent
                   0  messages received
                   0  signals received
                   0  voluntary context switches
                9132  involuntary context switches
         52121525925  instructions retired
         18554608733  cycles elapsed
            19809408  peak memory footprint
