Threads=16
LoadTime(s)=0.0131669
CODE_EXECUTION_TIME(s)=0.209751
RESULT=16713192
Throughput=7.9681e+07
VertexSetAllocated=0.00 Bytes
MiniGraphAllocated=380.69 KB
        0.53 real         1.52 user         0.02 sys
            20496384  maximum resident set size
                   0  average shared memory size
                   0  average unshared data size
                   0  average unshared stack size
                1368  page reclaims
                   1  page faults
                   0  swaps
                   0  block input operations
                   0  block output operations
                   0  messages sent
                   0  messages received
                   0  signals received
                   0  voluntary context switches
                2229  involuntary context switches
          8250996156  instructions retired
          3352468279  cycles elapsed
            19153728  peak memory footprint
