Threads=1
LoadTime(s)=0.00992417
CODE_EXECUTION_TIME(s)=1.24469
RESULT=16713192
Throughput=1.34276e+07
VertexSetAllocated=0.00 Bytes
MiniGraphAllocated=91.13 KB
        1.56 real         1.23 user         0.01 sys
            19480576  maximum resident set size
                   0  average shared memory size
                   0  average unshared data size
                   0  average unshared stack size
                1300  page reclaims
                   1  page faults
                   0  swaps
                   0  block input operations
                   0  block output operations
                   0  messages sent
                   0  messages received
                   0  signals received
                   0  voluntary context switches
                 671  involuntary context switches
          8348223169  instructions retired
          2466687216  cycles elapsed
            18105024  peak memory footprint
