Threads=2
LoadTime(s)=0.0108342
CODE_EXECUTION_TIME(s)=3.44001
RESULT=262663639
Throughput=7.63555e+07
VertexSetAllocated=0.00 Bytes
MiniGraphAllocated=330.63 KB
        3.76 real         6.83 user         0.04 sys
            19972096  maximum resident set size
                   0  average shared memory size
                   0  average unshared data size
                   0  average unshared stack size
                1330  page reclaims
                   2  page faults
                   0  swaps
                   0  block input operations
                   0  block output operations
                   0  messages sent
                   0  messages received
                   0  signals received
                   1  voluntary context switches
                1734  involuntary context switches
         54467279496  instructions retired
         13528533047  cycles elapsed
            18645952  peak memory footprint
