Threads=4
LoadTime(s)=0.0333485
CODE_EXECUTION_TIME(s)=6.08336
RESULT=4816095
Throughput=791684
VertexSetAllocated=1.15 MB
MiniGraphAllocated=1.17 MB
        6.43 real        24.10 user         0.16 sys
            21413888  maximum resident set size
                   0  average shared memory size
                   0  average unshared data size
                   0  average unshared stack size
                1422  page reclaims
                   2  page faults
                   0  swaps
                   0  block input operations
                   0  block output operations
                   0  messages sent
                   0  messages received
                   0  signals received
                   8  voluntary context switches
                5315  involuntary context switches
        131135419670  instructions retired
         37047950303  cycles elapsed
            20104192  peak memory footprint
