Threads=2
LoadTime(s)=0.0121107
CODE_EXECUTION_TIME(s)=0.606974
RESULT=16713192
Throughput=2.75353e+07
VertexSetAllocated=0.00 Bytes
MiniGraphAllocated=129.21 KB
        0.92 real         1.21 user         0.01 sys
            19759104  maximum resident set size
                   0  average shared memory size
                   0  average unshared data size
                   0  average unshared stack size
                1318  page reclaims
                   1  page faults
                   0  swaps
                   0  block input operations
                   0  block output operations
                   0  messages sent
                   0  messages received
                   0  signals received
                   0  voluntary context switches
                 181  involuntary context switches
          8242981853  instructions retired
          2399377059  cycles elapsed
            18432896  peak memory footprint
