Threads=2
LoadTime(s)=0.00975746
CODE_EXECUTION_TIME(s)=0.627432
RESULT=16713192
Throughput=2.66374e+07
VertexSetAllocated=0.00 Bytes
MiniGraphAllocated=129.21 KB
        0.93 real         1.22 user         0.02 sys
            19611648  maximum resident set size
                   0  average shared memory size
                   0  average unshared data size
                   0  average unshared stack size
                1310  page reclaims
                   1  page faults
                   0  swaps
                   0  block input operations
                   0  block output operations
                   0  messages sent
                   0  messages received
                   0  signals received
                   0  voluntary context switches
                1792  involuntary context switches
          8255352496  instructions retired
          2460530334  cycles elapsed
            18236096  peak memory footprint
