Threads=1
LoadTime(s)=0.0166472
CODE_EXECUTION_TIME(s)=6.9488
RESULT=262663639
Throughput=3.77999e+07
VertexSetAllocated=0.00 Bytes
MiniGraphAllocated=182.14 KB
        7.27 real         6.88 user         0.07 sys
            19578880  maximum resident set size
                   0  average shared memory size
                   0  average unshared data size
                   0  average unshared stack size
                1306  page reclaims
                   1  page faults
                   0  swaps
                   0  block input operations
                   0  block output operations
                   0  messages sent
                   0  messages received
                   0  signals received
                   0  voluntary context switches
                 885  involuntary context switches
         54642853662  instructions retired
         13682980951  cycles elapsed
            18203392  peak memory footprint
