Threads=1
LoadTime(s)=0.0343964
CODE_EXECUTION_TIME(s)=0.388425
RESULT=727044
Throughput=1.87178e+06
VertexSetAllocated=0.00 Bytes
MiniGraphAllocated=0.00 Bytes
        1.08 real         0.16 user         0.01 sys
             5652480  maximum resident set size
                   0  average shared memory size
                   0  average unshared data size
                   0  average unshared stack size
                 457  page reclaims
                   2  page faults
                   0  swaps
                   0  block input operations
                   0  block output operations
                   0  messages sent
                   0  messages received
                   0  signals received
                  10  voluntary context switches
                1532  involuntary context switches
           665405123  instructions retired
           296980919  cycles elapsed
             4309632  peak memory footprint
