Threads=8
LoadTime(s)=0.00921054
CODE_EXECUTION_TIME(s)=13.4635
RESULT=4479591993
Throughput=3.32721e+08
VertexSetAllocated=1.08 MB
MiniGraphAllocated=1.69 MB
       13.82 real        68.97 user         0.55 sys
             8585216  maximum resident set size
                   0  average shared memory size
                   0  average unshared data size
                   0  average unshared stack size
                 638  page reclaims
                   3  page faults
                   0  swaps
                   0  block input operations
                   0  block output operations
                   0  messages sent
                   0  messages received
                   0  signals received
                  11  voluntary context switches
              100037  involuntary context switches
        427121865251  instructions retired
        139978561802  cycles elapsed
             7341312  peak memory footprint
