Threads=4
LoadTime(s)=0.00272404
CODE_EXECUTION_TIME(s)=0.0967672
RESULT=2341639
Throughput=2.41987e+07
VertexSetAllocated=0.00 Bytes
MiniGraphAllocated=194.94 KB
        0.44 real         0.38 user         0.00 sys
             6127616  maximum resident set size
                   0  average shared memory size
                   0  average unshared data size
                   0  average unshared stack size
                 489  page reclaims
                   1  page faults
                   0  swaps
                   0  block input operations
                   0  block output operations
                   0  messages sent
                   0  messages received
                   0  signals received
                   0  voluntary context switches
                 252  involuntary context switches
          2231178765  instructions retired
           733535476  cycles elapsed
             4735616  peak memory footprint
