Threads=1
LoadTime(s)=0.00180558
CODE_EXECUTION_TIME(s)=1.0002
RESULT=5809356
Throughput=5.80818e+06
VertexSetAllocated=0.00 Bytes
MiniGraphAllocated=85.14 KB
        1.30 real         0.99 user         0.00 sys
             5554176  maximum resident set size
                   0  average shared memory size
                   0  average unshared data size
                   0  average unshared stack size
                 452  page reclaims
                   1  page faults
                   0  swaps
                   0  block input operations
                   0  block output operations
                   0  messages sent
                   0  messages received
                   0  signals received
                   0  voluntary context switches
                 303  involuntary context switches
          6502547221  instructions retired
          1973301896  cycles elapsed
             4096448  peak memory footprint
