Threads=2
LoadTime(s)=0.0119459
CODE_EXECUTION_TIME(s)=27.3472
RESULT=4479591993
Throughput=1.63804e+08
VertexSetAllocated=277.26 KB
MiniGraphAllocated=453.67 KB
       27.82 real        52.68 user         0.30 sys
             6422528  maximum resident set size
                   0  average shared memory size
                   0  average unshared data size
                   0  average unshared stack size
                 561  page reclaims
                   7  page faults
                   0  swaps
                   0  block input operations
                   0  block output operations
                   0  messages sent
                   0  messages received
                   0  signals received
                  10  voluntary context switches
               37783  involuntary context switches
        426596089062  instructions retired
        103374915850  cycles elapsed
             5276800  peak memory footprint
