Threads=4
LoadTime(s)=0.00260604
CODE_EXECUTION_TIME(s)=0.0329631
RESULT=727044
Throughput=2.20563e+07
VertexSetAllocated=0.00 Bytes
MiniGraphAllocated=0.00 Bytes
        0.43 real         0.11 user         0.00 sys
             5750784  maximum resident set size
                   0  average shared memory size
                   0  average unshared data size
                   0  average unshared stack size
                 462  page reclaims
                   2  page faults
                   0  swaps
                   0  block input operations
                   0  block output operations
                   0  messages sent
                   0  messages received
                   0  signals received
                   1  voluntary context switches
                 267  involuntary context switches
           653205162  instructions retired
           249724277  cycles elapsed
             4407936  peak memory footprint
