Threads=1
LoadTime(s)=0.0118951
CODE_EXECUTION_TIME(s)=0.363545
RESULT=2341639
Throughput=6.44112e+06
VertexSetAllocated=0.00 Bytes
MiniGraphAllocated=57.17 KB
        0.69 real         0.36 user         0.00 sys
             5783552  maximum resident set size
                   0  average shared memory size
                   0  average unshared data size
                   0  average unshared stack size
                 465  page reclaims
                   2  page faults
                   0  swaps
                   0  block input operations
                   0  block output operations
                   0  messages sent
                   0  messages received
                   0  signals received
                   8  voluntary context switches
                 263  involuntary context switches
          2247420651  instructions retired
           723263605  cycles elapsed
             4391552  peak memory footprint
