Threads=4
LoadTime(s)=0.00151408
CODE_EXECUTION_TIME(s)=2.89892
RESULT=8821744
Throughput=3.04311e+06
VertexSetAllocated=1.08 MB
MiniGraphAllocated=0.00 Bytes
        3.22 real        10.60 user         0.10 sys
             5963776  maximum resident set size
                   0  average shared memory size
                   0  average unshared data size
                   0  average unshared stack size
                 476  page reclaims
                   4  page faults
                   0  swaps
                   0  block input operations
                   0  block output operations
                   0  messages sent
                   0  messages received
                   0  signals received
                   3  voluntary context switches
               16116  involuntary context switches
         49364285899  instructions retired
         19203761748  cycles elapsed
             4620992  peak memory footprint
