Threads=16
LoadTime(s)=0.00279713
CODE_EXECUTION_TIME(s)=0.0696431
RESULT=2341639
Throughput=3.36234e+07
VertexSetAllocated=0.00 Bytes
MiniGraphAllocated=418.03 KB
        0.38 real         0.46 user         0.00 sys
             6848512  maximum resident set size
                   0  average shared memory size
                   0  average unshared data size
                   0  average unshared stack size
                 532  page reclaims
                   1  page faults
                   0  swaps
                   0  block input operations
                   0  block output operations
                   0  messages sent
                   0  messages received
                   0  signals received
                   0  voluntary context switches
                 487  involuntary context switches
          2237932585  instructions retired
           992649232  cycles elapsed
             5456512  peak memory footprint
