Threads=8
LoadTime(s)=0.00252758
CODE_EXECUTION_TIME(s)=0.0714878
RESULT=2341639
Throughput=3.27558e+07
VertexSetAllocated=0.00 Bytes
MiniGraphAllocated=389.59 KB
        0.38 real         0.45 user         0.00 sys
             6733824  maximum resident set size
                   0  average shared memory size
                   0  average unshared data size
                   0  average unshared stack size
                 528  page reclaims
                   1  page faults
                   0  swaps
                   0  block input operations
                   0  block output operations
                   0  messages sent
                   0  messages received
                   0  signals received
                   0  voluntary context switches
                 296  involuntary context switches
          2231975668  instructions retired
           991445863  cycles elapsed
             5374720  peak memory footprint
