Threads=4
LoadTime(s)=0.00288375
CODE_EXECUTION_TIME(s)=0.0958077
RESULT=2341639
Throughput=2.4441e+07
VertexSetAllocated=0.00 Bytes
MiniGraphAllocated=230.60 KB
        0.40 real         0.38 user         0.00 sys
             6176768  maximum resident set size
                   0  average shared memory size
                   0  average unshared data size
                   0  average unshared stack size
                 493  page reclaims
                   1  page faults
                   0  swaps
                   0  block input operations
                   0  block output operations
                   0  messages sent
                   0  messages received
                   0  signals received
                   0  voluntary context switches
                 147  involuntary context switches
          2230212384  instructions retired
           720962586  cycles elapsed
             4784768  peak memory footprint
