Threads=16
LoadTime(s)=0.00151492
CODE_EXECUTION_TIME(s)=2.33187
RESULT=8821744
Throughput=3.78311e+06
VertexSetAllocated=2.17 MB
MiniGraphAllocated=0.00 Bytes
        2.68 real        10.27 user         0.06 sys
             6586368  maximum resident set size
                   0  average shared memory size
                   0  average unshared data size
                   0  average unshared stack size
                 515  page reclaims
                   2  page faults
                   0  swaps
                   0  block input operations
                   0  block output operations
                   0  messages sent
                   0  messages received
                   0  signals received
                   1  voluntary context switches
                9418  involuntary context switches
         49322499606  instructions retired
         21843075130  cycles elapsed
             5325824  peak memory footprint
