Threads=2
LoadTime(s)=0.00266642
CODE_EXECUTION_TIME(s)=0.181344
RESULT=2341639
Throughput=1.29127e+07
VertexSetAllocated=0.00 Bytes
MiniGraphAllocated=114.43 KB
        0.48 real         0.36 user         0.00 sys
             5881856  maximum resident set size
                   0  average shared memory size
                   0  average unshared data size
                   0  average unshared stack size
                 474  page reclaims
                   1  page faults
                   0  swaps
                   0  block input operations
                   0  block output operations
                   0  messages sent
                   0  messages received
                   0  signals received
                   0  voluntary context switches
                 325  involuntary context switches
          2231969036  instructions retired
           721038158  cycles elapsed
             4456960  peak memory footprint
