Threads=4
LoadTime(s)=0.00201221
CODE_EXECUTION_TIME(s)=0.0365953
RESULT=608389
Throughput=1.66248e+07
VertexSetAllocated=0.00 Bytes
MiniGraphAllocated=0.00 Bytes
        0.34 real         0.14 user         0.00 sys
             4407296  maximum resident set size
                   0  average shared memory size
                   0  average unshared data size
                   0  average unshared stack size
                 385  page reclaims
                   1  page faults
                   0  swaps
                   0  block input operations
                   0  block output operations
                   0  messages sent
                   0  messages received
                   0  signals received
                   0  voluntary context switches
                  91  involuntary context switches
           762313914  instructions retired
           247579721  cycles elapsed
             3031552  peak memory footprint
