Threads=2
LoadTime(s)=0.00366392
CODE_EXECUTION_TIME(s)=1.80718
RESULT=2077903
Throughput=1.1498e+06
VertexSetAllocated=0.00 Bytes
MiniGraphAllocated=320.17 KB
        2.69 real         0.56 user         0.04 sys
             4882432  maximum resident set size
                   0  average shared memory size
                   0  average unshared data size
                   0  average unshared stack size
                 510  page reclaims
                   3  page faults
                   0  swaps
                   0  block input operations
                   0  block output operations
                   0  messages sent
                   0  messages received
                   0  signals received
                   9  voluntary context switches
                6676  involuntary context switches
          2424930473  instructions retired
          1264441436  cycles elapsed
             3588992  peak memory footprint
