Threads=8
LoadTime(s)=0.00184708
CODE_EXECUTION_TIME(s)=0.0660403
RESULT=2077903
Throughput=3.14642e+07
VertexSetAllocated=0.00 Bytes
MiniGraphAllocated=1.01 MB
        0.39 real         0.47 user         0.00 sys
             6275072  maximum resident set size
                   0  average shared memory size
                   0  average unshared data size
                   0  average unshared stack size
                 500  page reclaims
                   1  page faults
                   0  swaps
                   0  block input operations
                   0  block output operations
                   0  messages sent
                   0  messages received
                   0  signals received
                   0  voluntary context switches
                 187  involuntary context switches
          2368419755  instructions retired
           998398615  cycles elapsed
             5014656  peak memory footprint
