Threads=2
LoadTime(s)=0.00480504
CODE_EXECUTION_TIME(s)=5.3531
RESULT=32230662
Throughput=6.02094e+06
VertexSetAllocated=966.89 KB
MiniGraphAllocated=0.00 Bytes
        5.66 real        10.43 user         0.10 sys
             4276224  maximum resident set size
                   0  average shared memory size
                   0  average unshared data size
                   0  average unshared stack size
                 470  page reclaims
                   2  page faults
                   0  swaps
                   0  block input operations
                   0  block output operations
                   0  messages sent
                   0  messages received
                   0  signals received
                  10  voluntary context switches
               16223  involuntary context switches
         69292369991  instructions retired
         20840099922  cycles elapsed
             3015360  peak memory footprint
