Threads=4
LoadTime(s)=0.0019385
CODE_EXECUTION_TIME(s)=0.101675
RESULT=2077903
Throughput=2.04368e+07
VertexSetAllocated=0.00 Bytes
MiniGraphAllocated=607.77 KB
        0.40 real         0.40 user         0.00 sys
             5357568  maximum resident set size
                   0  average shared memory size
                   0  average unshared data size
                   0  average unshared stack size
                 443  page reclaims
                   1  page faults
                   0  swaps
                   0  block input operations
                   0  block output operations
                   0  messages sent
                   0  messages received
                   0  signals received
                   0  voluntary context switches
                  86  involuntary context switches
          2365460863  instructions retired
           777071075  cycles elapsed
             3982016  peak memory footprint
