Threads=8
LoadTime(s)=0.00176008
CODE_EXECUTION_TIME(s)=4.03904
RESULT=1127174796
Throughput=2.7907e+08
VertexSetAllocated=1.89 MB
MiniGraphAllocated=1.81 MB
        4.37 real        24.80 user         0.08 sys
             7405568  maximum resident set size
                   0  average shared memory size
                   0  average unshared data size
                   0  average unshared stack size
                 567  page reclaims
                   1  page faults
                   0  swaps
                   0  block input operations
                   0  block output operations
                   0  messages sent
                   0  messages received
                   0  signals received
                   1  voluntary context switches
               13837  involuntary context switches
        142860155170  instructions retired
         48110662613  cycles elapsed
             6095872  peak memory footprint
