Threads=2
LoadTime(s)=0.00185767
CODE_EXECUTION_TIME(s)=0.504002
RESULT=4514137
Throughput=8.95659e+06
VertexSetAllocated=0.00 Bytes
MiniGraphAllocated=357.92 KB
        0.80 real         1.00 user         0.00 sys
             4800512  maximum resident set size
                   0  average shared memory size
                   0  average unshared data size
                   0  average unshared stack size
                 407  page reclaims
                   1  page faults
                   0  swaps
                   0  block input operations
                   0  block output operations
                   0  messages sent
                   0  messages received
                   0  signals received
                   0  voluntary context switches
                 368  involuntary context switches
          6208469391  instructions retired
          1970839638  cycles elapsed
             3441472  peak memory footprint
