Threads=1
LoadTime(s)=0.0125925
CODE_EXECUTION_TIME(s)=0.426905
RESULT=2077903
Throughput=4.86736e+06
VertexSetAllocated=0.00 Bytes
MiniGraphAllocated=227.03 KB
        0.93 real         0.42 user         0.01 sys
             4767744  maximum resident set size
                   0  average shared memory size
                   0  average unshared data size
                   0  average unshared stack size
                 374  page reclaims
                  32  page faults
                   0  swaps
                   0  block input operations
                   0  block output operations
                   0  messages sent
                   0  messages received
                   0  signals received
                  12  voluntary context switches
                 785  involuntary context switches
          2377737242  instructions retired
           764202558  cycles elapsed
             3490880  peak memory footprint
