Threads=1
LoadTime(s)=0.00103587
CODE_EXECUTION_TIME(s)=18.1346
RESULT=1127174796
Throughput=6.21561e+07
VertexSetAllocated=241.72 KB
MiniGraphAllocated=363.05 KB
       18.43 real        17.79 user         0.11 sys
             4603904  maximum resident set size
                   0  average shared memory size
                   0  average unshared data size
                   0  average unshared stack size
                 478  page reclaims
                   3  page faults
                   0  swaps
                   0  block input operations
                   0  block output operations
                   0  messages sent
                   0  messages received
                   0  signals received
                   1  voluntary context switches
                9726  involuntary context switches
        142806087694  instructions retired
         35169175452  cycles elapsed
             3228288  peak memory footprint
