Threads=8
LoadTime(s)=0.0107943
CODE_EXECUTION_TIME(s)=0.0800476
RESULT=2224385
Throughput=2.77883e+07
VertexSetAllocated=0.00 Bytes
MiniGraphAllocated=0.00 Bytes
        0.09 real         0.42 user         0.01 sys
            19300352  maximum resident set size
                   0  average shared memory size
                   0  average unshared data size
                   0  average unshared stack size
                1276  page reclaims
                   0  page faults
                   0  swaps
                   0  block input operations
                   0  block output operations
                   0  messages sent
                   0  messages received
                   0  signals received
                   0  voluntary context switches
                 423  involuntary context switches
          1588705535  instructions retired
           852046806  cycles elapsed
            18236032  peak memory footprint
