Threads=8
LoadTime(s)=0.013604
CODE_EXECUTION_TIME(s)=0.0845965
RESULT=2224385
Throughput=2.62941e+07
VertexSetAllocated=0.00 Bytes
MiniGraphAllocated=0.00 Bytes
        0.10 real         0.41 user         0.01 sys
            19513344  maximum resident set size
                   0  average shared memory size
                   0  average unshared data size
                   0  average unshared stack size
                1296  page reclaims
                   0  page faults
                   0  swaps
                   0  block input operations
                   0  block output operations
                   0  messages sent
                   0  messages received
                   0  signals received
                   0  voluntary context switches
                 664  involuntary context switches
          1588469360  instructions retired
           896382808  cycles elapsed
            18465472  peak memory footprint
