Threads=8
LoadTime(s)=0.0109584
CODE_EXECUTION_TIME(s)=0.120842
RESULT=2224385
Throughput=1.84074e+07
VertexSetAllocated=0.00 Bytes
MiniGraphAllocated=0.00 Bytes
        0.14 real         0.41 user         0.01 sys
            19431424  maximum resident set size
                   0  average shared memory size
                   0  average unshared data size
                   0  average unshared stack size
                1293  page reclaims
                   0  page faults
                   0  swaps
                   0  block input operations
                   0  block output operations
                   0  messages sent
                   0  messages received
                   0  signals received
                   0  voluntary context switches
                 494  involuntary context switches
          1586686292  instructions retired
           916327428  cycles elapsed
            18367104  peak memory footprint
