Threads=8
LoadTime(s)=0.0111025
CODE_EXECUTION_TIME(s)=0.0645588
RESULT=2224385
Throughput=3.44552e+07
VertexSetAllocated=0.00 Bytes
MiniGraphAllocated=0.00 Bytes
        0.08 real         0.42 user         0.01 sys
            19415040  maximum resident set size
                   0  average shared memory size
                   0  average unshared data size
                   0  average unshared stack size
                1294  page reclaims
                   0  page faults
                   0  swaps
                   0  block input operations
                   0  block output operations
                   0  messages sent
                   0  messages received
                   0  signals received
                   0  voluntary context switches
                 307  involuntary context switches
          1585212116  instructions retired
           831049507  cycles elapsed
            18400064  peak memory footprint
