Threads=8
LoadTime(s)=0.00739862
CODE_EXECUTION_TIME(s)=0.0297133
RESULT=727044
Throughput=2.44686e+07
VertexSetAllocated=0.00 Bytes
MiniGraphAllocated=0.00 Bytes
        0.04 real         0.14 user         0.00 sys
             5652480  maximum resident set size
                   0  average shared memory size
                   0  average unshared data size
                   0  average unshared stack size
                 444  page reclaims
                   0  page faults
                   0  swaps
                   0  block input operations
                   0  block output operations
                   0  messages sent
                   0  messages received
                   0  signals received
                   1  voluntary context switches
                 118  involuntary context switches
           636407111  instructions retired
           290252260  cycles elapsed
             4555328  peak memory footprint
