Threads=8
LoadTime(s)=0.00676263
CODE_EXECUTION_TIME(s)=0.0316848
RESULT=727044
Throughput=2.29461e+07
VertexSetAllocated=0.00 Bytes
MiniGraphAllocated=0.00 Bytes
        0.04 real         0.14 user         0.00 sys
             5750784  maximum resident set size
                   0  average shared memory size
                   0  average unshared data size
                   0  average unshared stack size
                 458  page reclaims
                   0  page faults
                   0  swaps
                   0  block input operations
                   0  block output operations
                   0  messages sent
                   0  messages received
                   0  signals received
                   0  voluntary context switches
                 227  involuntary context switches
           637933556  instructions retired
           301398996  cycles elapsed
             4735808  peak memory footprint
