Threads=8
LoadTime(s)=0.00795888
CODE_EXECUTION_TIME(s)=0.0447161
RESULT=727044
Throughput=1.62591e+07
VertexSetAllocated=0.00 Bytes
MiniGraphAllocated=0.00 Bytes
        0.06 real         0.14 user         0.00 sys
             5947392  maximum resident set size
                   0  average shared memory size
                   0  average unshared data size
                   0  average unshared stack size
                 462  page reclaims
                   0  page faults
                   0  swaps
                   0  block input operations
                   0  block output operations
                   0  messages sent
                   0  messages received
                   0  signals received
                   0  voluntary context switches
                 562  involuntary context switches
           640255895  instructions retired
           300757785  cycles elapsed
             4965312  peak memory footprint
