Threads=8
LoadTime(s)=0.00208837
CODE_EXECUTION_TIME(s)=0.028187
RESULT=727044
Throughput=2.57936e+07
VertexSetAllocated=0.00 Bytes
MiniGraphAllocated=0.00 Bytes
        0.03 real         0.14 user         0.00 sys
             5816320  maximum resident set size
                   0  average shared memory size
                   0  average unshared data size
                   0  average unshared stack size
                 452  page reclaims
                   8  page faults
                   0  swaps
                   0  block input operations
                   0  block output operations
                   0  messages sent
                   0  messages received
                   0  signals received
                   0  voluntary context switches
                 307  involuntary context switches
           638846649  instructions retired
           291163417  cycles elapsed
             4752000  peak memory footprint
