Threads=8
LoadTime(s)=0.00547638
CODE_EXECUTION_TIME(s)=0.0276564
RESULT=727044
Throughput=2.62885e+07
VertexSetAllocated=0.00 Bytes
MiniGraphAllocated=0.00 Bytes
        0.04 real         0.14 user         0.00 sys
             5734400  maximum resident set size
                   0  average shared memory size
                   0  average unshared data size
                   0  average unshared stack size
                 458  page reclaims
                   0  page faults
                   0  swaps
                   0  block input operations
                   0  block output operations
                   0  messages sent
                   0  messages received
                   0  signals received
                   0  voluntary context switches
                 247  involuntary context switches
           638163963  instructions retired
           292574652  cycles elapsed
             4686528  peak memory footprint
