Threads=8
LoadTime(s)=0.00168863
CODE_EXECUTION_TIME(s)=0.0368218
RESULT=727044
Throughput=1.97449e+07
VertexSetAllocated=0.00 Bytes
MiniGraphAllocated=0.00 Bytes
        0.04 real         0.13 user         0.00 sys
             5652480  maximum resident set size
                   0  average shared memory size
                   0  average unshared data size
                   0  average unshared stack size
                 458  page reclaims
                   0  page faults
                   0  swaps
                   0  block input operations
                   0  block output operations
                   0  messages sent
                   0  messages received
                   0  signals received
                   0  voluntary context switches
                 685  involuntary context switches
           642340871  instructions retired
           314470421  cycles elapsed
             4555392  peak memory footprint
