Threads=8
LoadTime(s)=0.00183942
CODE_EXECUTION_TIME(s)=0.0469364
RESULT=727044
Throughput=1.549e+07
VertexSetAllocated=0.00 Bytes
MiniGraphAllocated=0.00 Bytes
        0.05 real         0.13 user         0.00 sys
             5865472  maximum resident set size
                   0  average shared memory size
                   0  average unshared data size
                   0  average unshared stack size
                 454  page reclaims
                   0  page faults
                   0  swaps
                   0  block input operations
                   0  block output operations
                   0  messages sent
                   0  messages received
                   0  signals received
                   0  voluntary context switches
                 326  involuntary context switches
           641352499  instructions retired
           314658003  cycles elapsed
             4883456  peak memory footprint
