Threads=8
LoadTime(s)=0.00788725
CODE_EXECUTION_TIME(s)=0.0351093
RESULT=727044
Throughput=2.0708e+07
VertexSetAllocated=0.00 Bytes
MiniGraphAllocated=0.00 Bytes
        0.05 real         0.14 user         0.00 sys
             5865472  maximum resident set size
                   0  average shared memory size
                   0  average unshared data size
                   0  average unshared stack size
                 465  page reclaims
                   0  page faults
                   0  swaps
                   0  block input operations
                   0  block output operations
                   0  messages sent
                   0  messages received
                   0  signals received
                   0  voluntary context switches
                2806  involuntary context switches
           663233852  instructions retired
           302350189  cycles elapsed
             4834048  peak memory footprint
