Threads=8
LoadTime(s)=0.00202779
CODE_EXECUTION_TIME(s)=0.0349275
RESULT=727044
Throughput=2.08158e+07
VertexSetAllocated=0.00 Bytes
MiniGraphAllocated=0.00 Bytes
        0.04 real         0.15 user         0.00 sys
             5619712  maximum resident set size
                   0  average shared memory size
                   0  average unshared data size
                   0  average unshared stack size
                 461  page reclaims
                   0  page faults
                   0  swaps
                   0  block input operations
                   0  block output operations
                   0  messages sent
                   0  messages received
                   0  signals received
                   0  voluntary context switches
                 521  involuntary context switches
           640153843  instructions retired
           286857674  cycles elapsed
             4538944  peak memory footprint
