Threads=8
LoadTime(s)=0.000993583
CODE_EXECUTION_TIME(s)=0.0328633
RESULT=608389
Throughput=1.85127e+07
VertexSetAllocated=0.00 Bytes
MiniGraphAllocated=0.00 Bytes
        0.04 real         0.15 user         0.00 sys
             4341760  maximum resident set size
                   0  average shared memory size
                   0  average unshared data size
                   0  average unshared stack size
                 363  page reclaims
                   0  page faults
                   0  swaps
                   0  block input operations
                   0  block output operations
                   0  messages sent
                   0  messages received
                   0  signals received
                   0  voluntary context switches
                 472  involuntary context switches
           759441696  instructions retired
           312603946  cycles elapsed
             3260992  peak memory footprint
