Threads=8
LoadTime(s)=0.00324258
CODE_EXECUTION_TIME(s)=0.0199695
RESULT=608389
Throughput=3.04658e+07
VertexSetAllocated=0.00 Bytes
MiniGraphAllocated=0.00 Bytes
        0.03 real         0.12 user         0.00 sys
             4341760  maximum resident set size
                   0  average shared memory size
                   0  average unshared data size
                   0  average unshared stack size
                 320  page reclaims
                  52  page faults
                   0  swaps
                   0  block input operations
                   0  block output operations
                   0  messages sent
                   0  messages received
                   0  signals received
                  20  voluntary context switches
                 404  involuntary context switches
           765471345  instructions retired
           292233433  cycles elapsed
             3260992  peak memory footprint
