Threads=8
LoadTime(s)=0.0010455
CODE_EXECUTION_TIME(s)=0.0234139
RESULT=608389
Throughput=2.59841e+07
VertexSetAllocated=0.00 Bytes
MiniGraphAllocated=0.00 Bytes
        0.03 real         0.15 user         0.00 sys
             4390912  maximum resident set size
                   0  average shared memory size
                   0  average unshared data size
                   0  average unshared stack size
                 376  page reclaims
                   0  page faults
                   0  swaps
                   0  block input operations
                   0  block output operations
                   0  messages sent
                   0  messages received
                   0  signals received
                   0  voluntary context switches
                 262  involuntary context switches
           758694936  instructions retired
           298440441  cycles elapsed
             3326592  peak memory footprint
