Threads=8
LoadTime(s)=0.000593083
CODE_EXECUTION_TIME(s)=0.0209342
RESULT=608389
Throughput=2.9062e+07
VertexSetAllocated=0.00 Bytes
MiniGraphAllocated=0.00 Bytes
        0.02 real         0.13 user         0.00 sys
             4292608  maximum resident set size
                   0  average shared memory size
                   0  average unshared data size
                   0  average unshared stack size
                 373  page reclaims
                   0  page faults
                   0  swaps
                   0  block input operations
                   0  block output operations
                   0  messages sent
                   0  messages received
                   0  signals received
                   0  voluntary context switches
                 313  involuntary context switches
           759440299  instructions retired
           295491914  cycles elapsed
             3228288  peak memory footprint
