Threads=8
LoadTime(s)=0.000934125
CODE_EXECUTION_TIME(s)=0.0473262
RESULT=608389
Throughput=1.28552e+07
VertexSetAllocated=0.00 Bytes
MiniGraphAllocated=0.00 Bytes
        0.05 real         0.15 user         0.00 sys
             4390912  maximum resident set size
                   0  average shared memory size
                   0  average unshared data size
                   0  average unshared stack size
                 370  page reclaims
                   0  page faults
                   0  swaps
                   0  block input operations
                   0  block output operations
                   0  messages sent
                   0  messages received
                   0  signals received
                   0  voluntary context switches
                 339  involuntary context switches
           758496565  instructions retired
           303979613  cycles elapsed
             3310144  peak memory footprint
