Threads=8
LoadTime(s)=0.016257
CODE_EXECUTION_TIME(s)=0.424054
RESULT=16713192
Throughput=3.94129e+07
VertexSetAllocated=0.00 Bytes
MiniGraphAllocated=370.55 KB
        0.74 real         1.89 user         0.02 sys
            19873792  maximum resident set size
                   0  average shared memory size
                   0  average unshared data size
                   0  average unshared stack size
                1318  page reclaims
                   0  page faults
                   0  swaps
                   0  block input operations
                   0  block output operations
                   0  messages sent
                   0  messages received
                   0  signals received
                   0  voluntary context switches
                4222  involuntary context switches
          8127636317  instructions retired
          4125202515  cycles elapsed
            18776768  peak memory footprint
