Threads=8
LoadTime(s)=0.0139641
CODE_EXECUTION_TIME(s)=0.497121
RESULT=252893
Throughput=508715
VertexSetAllocated=1.02 MB
MiniGraphAllocated=0.00 Bytes
        0.82 real         3.39 user         0.03 sys
            20054016  maximum resident set size
                   0  average shared memory size
                   0  average unshared data size
                   0  average unshared stack size
                1329  page reclaims
                   1  page faults
                   0  swaps
                   0  block input operations
                   0  block output operations
                   0  messages sent
                   0  messages received
                   0  signals received
                   0  voluntary context switches
                5274  involuntary context switches
         17859257645  instructions retired
          7438438723  cycles elapsed
            19104896  peak memory footprint
