Threads=8
LoadTime(s)=0.010449
CODE_EXECUTION_TIME(s)=0.0494503
RESULT=2224385
Throughput=4.49822e+07
VertexSetAllocated=0.00 Bytes
MiniGraphAllocated=0.00 Bytes
        0.36 real         0.34 user         0.01 sys
            19546112  maximum resident set size
                   0  average shared memory size
                   0  average unshared data size
                   0  average unshared stack size
                1299  page reclaims
                   0  page faults
                   0  swaps
                   0  block input operations
                   0  block output operations
                   0  messages sent
                   0  messages received
                   0  signals received
                   0  voluntary context switches
                 488  involuntary context switches
          1587714162  instructions retired
           726836980  cycles elapsed
            18498240  peak memory footprint
