Threads=8
LoadTime(s)=0.0147615
CODE_EXECUTION_TIME(s)=2.44088
RESULT=262663639
Throughput=1.0761e+08
VertexSetAllocated=0.00 Bytes
MiniGraphAllocated=1.29 MB
        2.46 real        11.04 user         0.08 sys
            21250048  maximum resident set size
                   0  average shared memory size
                   0  average unshared data size
                   0  average unshared stack size
                1404  page reclaims
                   0  page faults
                   0  swaps
                   0  block input operations
                   0  block output operations
                   0  messages sent
                   0  messages received
                   0  signals received
                   0  voluntary context switches
               15806  involuntary context switches
         54215742712  instructions retired
         23325172310  cycles elapsed
            20251712  peak memory footprint
