Threads=8
LoadTime(s)=0.0112596
CODE_EXECUTION_TIME(s)=2.84196
RESULT=262663639
Throughput=9.24235e+07
VertexSetAllocated=0.00 Bytes
MiniGraphAllocated=1.37 MB
        2.86 real        11.12 user         0.13 sys
            21610496  maximum resident set size
                   0  average shared memory size
                   0  average unshared data size
                   0  average unshared stack size
                1424  page reclaims
                   0  page faults
                   0  swaps
                   0  block input operations
                   0  block output operations
                   0  messages sent
                   0  messages received
                   0  signals received
                   0  voluntary context switches
               24314  involuntary context switches
         54283644127  instructions retired
         23385577360  cycles elapsed
            20612160  peak memory footprint
