Threads=8
LoadTime(s)=0.0104581
CODE_EXECUTION_TIME(s)=0.545999
RESULT=16713192
Throughput=3.06103e+07
VertexSetAllocated=0.00 Bytes
MiniGraphAllocated=380.63 KB
        0.86 real         1.84 user         0.03 sys
            20037632  maximum resident set size
                   0  average shared memory size
                   0  average unshared data size
                   0  average unshared stack size
                1327  page reclaims
                   0  page faults
                   0  swaps
                   0  block input operations
                   0  block output operations
                   0  messages sent
                   0  messages received
                   0  signals received
                   0  voluntary context switches
                5468  involuntary context switches
          8140323674  instructions retired
          4033784367  cycles elapsed
            18957056  peak memory footprint
