Threads=8
LoadTime(s)=0.0128076
CODE_EXECUTION_TIME(s)=4.36472
RESULT=258570802
Throughput=5.92411e+07
VertexSetAllocated=521.59 KB
MiniGraphAllocated=674.05 KB
        4.68 real        10.55 user         0.20 sys
            20365312  maximum resident set size
                   0  average shared memory size
                   0  average unshared data size
                   0  average unshared stack size
                1429  page reclaims
                   0  page faults
                   0  swaps
                   0  block input operations
                   0  block output operations
                   0  messages sent
                   0  messages received
                   0  signals received
                   1  voluntary context switches
               36731  involuntary context switches
         52024908684  instructions retired
         22510728036  cycles elapsed
            19776640  peak memory footprint
