Threads=8
LoadTime(s)=0.0100505
CODE_EXECUTION_TIME(s)=0.0514492
RESULT=2224385
Throughput=4.32346e+07
VertexSetAllocated=0.00 Bytes
MiniGraphAllocated=0.00 Bytes
        0.36 real         0.33 user         0.01 sys
            19464192  maximum resident set size
                   0  average shared memory size
                   0  average unshared data size
                   0  average unshared stack size
                1295  page reclaims
                   0  page faults
                   0  swaps
                   0  block input operations
                   0  block output operations
                   0  messages sent
                   0  messages received
                   0  signals received
                   0  voluntary context switches
                 529  involuntary context switches
          1588247896  instructions retired
           719443264  cycles elapsed
            18383424  peak memory footprint
