Threads=8
LoadTime(s)=0.0176642
CODE_EXECUTION_TIME(s)=1.67542
RESULT=258570802
Throughput=1.54332e+08
VertexSetAllocated=521.59 KB
MiniGraphAllocated=737.10 KB
        2.00 real        10.56 user         0.04 sys
            20840448  maximum resident set size
                   0  average shared memory size
                   0  average unshared data size
                   0  average unshared stack size
                1378  page reclaims
                   0  page faults
                   0  swaps
                   0  block input operations
                   0  block output operations
                   0  messages sent
                   0  messages received
                   0  signals received
                   1  voluntary context switches
                7068  involuntary context switches
         51801829644  instructions retired
         20873623864  cycles elapsed
            19825728  peak memory footprint
