Threads=8
LoadTime(s)=0.00214375
CODE_EXECUTION_TIME(s)=2.40848
RESULT=8821744
Throughput=3.66279e+06
VertexSetAllocated=2.17 MB
MiniGraphAllocated=0.00 Bytes
        2.73 real        10.35 user         0.11 sys
             6193152  maximum resident set size
                   0  average shared memory size
                   0  average unshared data size
                   0  average unshared stack size
                 485  page reclaims
                   0  page faults
                   0  swaps
                   0  block input operations
                   0  block output operations
                   0  messages sent
                   0  messages received
                   0  signals received
                   0  voluntary context switches
               22825  involuntary context switches
         49392758350  instructions retired
         21506556317  cycles elapsed
             5178240  peak memory footprint
