Threads=8
LoadTime(s)=0.00181475
CODE_EXECUTION_TIME(s)=2.1162
RESULT=8821744
Throughput=4.16867e+06
VertexSetAllocated=2.17 MB
MiniGraphAllocated=0.00 Bytes
        2.40 real        10.37 user         0.07 sys
             6144000  maximum resident set size
                   0  average shared memory size
                   0  average unshared data size
                   0  average unshared stack size
                 480  page reclaims
                   1  page faults
                   0  swaps
                   0  block input operations
                   0  block output operations
                   0  messages sent
                   0  messages received
                   0  signals received
                   1  voluntary context switches
               13380  involuntary context switches
         49315372573  instructions retired
         21136474601  cycles elapsed
             5096192  peak memory footprint
