Threads=8
LoadTime(s)=0.00194796
CODE_EXECUTION_TIME(s)=0.307758
RESULT=5809356
Throughput=1.88764e+07
VertexSetAllocated=0.00 Bytes
MiniGraphAllocated=610.75 KB
        0.31 real         1.64 user         0.01 sys
             6701056  maximum resident set size
                   0  average shared memory size
                   0  average unshared data size
                   0  average unshared stack size
                 513  page reclaims
                   0  page faults
                   0  swaps
                   0  block input operations
                   0  block output operations
                   0  messages sent
                   0  messages received
                   0  signals received
                   0  voluntary context switches
                2044  involuntary context switches
          6452962142  instructions retired
          3107572463  cycles elapsed
             5587648  peak memory footprint
