Threads=8
LoadTime(s)=0.00180183
time: command terminated abnormally
        2.80 real        10.34 user         0.09 sys
             6455296  maximum resident set size
                   0  average shared memory size
                   0  average unshared data size
                   0  average unshared stack size
                 479  page reclaims
                   0  page faults
                   0  swaps
                   0  block input operations
                   0  block output operations
                   0  messages sent
                   0  messages received
                   0  signals received
                   0  voluntary context switches
               17802  involuntary context switches
         49348945399  instructions retired
         21538754767  cycles elapsed
             5374912  peak memory footprint
