Threads=8
LoadTime(s)=0.00693742
CODE_EXECUTION_TIME(s)=15.6186
RESULT=4479591993
Throughput=2.86811e+08
VertexSetAllocated=1.08 MB
MiniGraphAllocated=1.72 MB
       15.93 real        67.03 user         0.38 sys
             7749632  maximum resident set size
                   0  average shared memory size
                   0  average unshared data size
                   0  average unshared stack size
                 716  page reclaims
                   1  page faults
                   0  swaps
                   0  block input operations
                   0  block output operations
                   0  messages sent
                   0  messages received
                   0  signals received
                   9  voluntary context switches
               75719  involuntary context switches
        426840422758  instructions retired
        139872676649  cycles elapsed
             7357760  peak memory footprint
