Threads=8
LoadTime(s)=0.00160571
CODE_EXECUTION_TIME(s)=0.195789
RESULT=5809356
Throughput=2.96715e+07
VertexSetAllocated=0.00 Bytes
MiniGraphAllocated=596.79 KB
        0.49 real         1.43 user         0.00 sys
             6651904  maximum resident set size
                   0  average shared memory size
                   0  average unshared data size
                   0  average unshared stack size
                 509  page reclaims
                   1  page faults
                   0  swaps
                   0  block input operations
                   0  block output operations
                   0  messages sent
                   0  messages received
                   0  signals received
                   0  voluntary context switches
                 940  involuntary context switches
          6446479362  instructions retired
          2851073791  cycles elapsed
             5522048  peak memory footprint
