Threads=8
LoadTime(s)=0.00689692
CODE_EXECUTION_TIME(s)=0.0812968
RESULT=2341639
Throughput=2.88036e+07
VertexSetAllocated=0.00 Bytes
MiniGraphAllocated=396.38 KB
        0.40 real         0.45 user         0.00 sys
             6406144  maximum resident set size
                   0  average shared memory size
                   0  average unshared data size
                   0  average unshared stack size
                 496  page reclaims
                   1  page faults
                   0  swaps
                   0  block input operations
                   0  block output operations
                   0  messages sent
                   0  messages received
                   0  signals received
                   8  voluntary context switches
                 885  involuntary context switches
          2216626574  instructions retired
           966476966  cycles elapsed
             5358464  peak memory footprint
