Threads=8
LoadTime(s)=0.00286408
CODE_EXECUTION_TIME(s)=0.100709
RESULT=2341639
Throughput=2.32516e+07
VertexSetAllocated=0.00 Bytes
MiniGraphAllocated=395.59 KB
        0.39 real         0.44 user         0.01 sys
             6488064  maximum resident set size
                   0  average shared memory size
                   0  average unshared data size
                   0  average unshared stack size
                 503  page reclaims
                   0  page faults
                   0  swaps
                   0  block input operations
                   0  block output operations
                   0  messages sent
                   0  messages received
                   0  signals received
                   1  voluntary context switches
                1817  involuntary context switches
          2222623947  instructions retired
           941245597  cycles elapsed
             5423936  peak memory footprint
