Threads=8
LoadTime(s)=0.00215708
CODE_EXECUTION_TIME(s)=1.522
RESULT=8821744
Throughput=5.79614e+06
VertexSetAllocated=2.17 MB
MiniGraphAllocated=0.00 Bytes
        1.83 real        10.24 user         0.02 sys
             6275072  maximum resident set size
                   0  average shared memory size
                   0  average unshared data size
                   0  average unshared stack size
                 471  page reclaims
                  19  page faults
                   0  swaps
                   0  block input operations
                   0  block output operations
                   0  messages sent
                   0  messages received
                   0  signals received
                   4  voluntary context switches
                3811  involuntary context switches
         49250362593  instructions retired
         19977059672  cycles elapsed
             5276608  peak memory footprint
