Threads=8
LoadTime(s)=0.00273896
CODE_EXECUTION_TIME(s)=0.18457
RESULT=5809356
Throughput=3.1475e+07
VertexSetAllocated=0.00 Bytes
MiniGraphAllocated=678.01 KB
        0.51 real         1.33 user         0.00 sys
             6750208  maximum resident set size
                   0  average shared memory size
                   0  average unshared data size
                   0  average unshared stack size
                 518  page reclaims
                   0  page faults
                   0  swaps
                   0  block input operations
                   0  block output operations
                   0  messages sent
                   0  messages received
                   0  signals received
                   0  voluntary context switches
                1127  involuntary context switches
          6448249550  instructions retired
          2792901841  cycles elapsed
             5669696  peak memory footprint
