Threads=8
LoadTime(s)=0.010805
CODE_EXECUTION_TIME(s)=14.0801
RESULT=4479591993
Throughput=3.18151e+08
VertexSetAllocated=1.08 MB
MiniGraphAllocated=1.68 MB
       14.39 real        67.15 user         0.27 sys
             8093696  maximum resident set size
                   0  average shared memory size
                   0  average unshared data size
                   0  average unshared stack size
                 681  page reclaims
                   1  page faults
                   0  swaps
                   0  block input operations
                   0  block output operations
                   0  messages sent
                   0  messages received
                   0  signals received
                   9  voluntary context switches
               48759  involuntary context switches
        426624915117  instructions retired
        140439141828  cycles elapsed
             7128192  peak memory footprint
