Threads=8
LoadTime(s)=0.00179062
CODE_EXECUTION_TIME(s)=0.276767
RESULT=5809356
Throughput=2.09901e+07
VertexSetAllocated=0.00 Bytes
MiniGraphAllocated=616.04 KB
        0.28 real         1.61 user         0.01 sys
             6684672  maximum resident set size
                   0  average shared memory size
                   0  average unshared data size
                   0  average unshared stack size
                 513  page reclaims
                   0  page faults
                   0  swaps
                   0  block input operations
                   0  block output operations
                   0  messages sent
                   0  messages received
                   0  signals received
                   0  voluntary context switches
                2044  involuntary context switches
          6454390644  instructions retired
          3237136191  cycles elapsed
             5587712  peak memory footprint
