Threads=8
LoadTime(s)=0.00201083
CODE_EXECUTION_TIME(s)=2.08937
RESULT=8821744
Throughput=4.2222e+06
VertexSetAllocated=2.17 MB
MiniGraphAllocated=0.00 Bytes
        2.37 real        10.29 user         0.07 sys
             6111232  maximum resident set size
                   0  average shared memory size
                   0  average unshared data size
                   0  average unshared stack size
                 481  page reclaims
                   0  page faults
                   0  swaps
                   0  block input operations
                   0  block output operations
                   0  messages sent
                   0  messages received
                   0  signals received
                   0  voluntary context switches
               13463  involuntary context switches
         49314631736  instructions retired
         20961248250  cycles elapsed
             5079872  peak memory footprint
