Threads=8
LoadTime(s)=0.00185275
CODE_EXECUTION_TIME(s)=0.270635
RESULT=5809356
Throughput=2.14657e+07
VertexSetAllocated=0.00 Bytes
MiniGraphAllocated=661.90 KB
        0.27 real         1.60 user         0.01 sys
             6733824  maximum resident set size
                   0  average shared memory size
                   0  average unshared data size
                   0  average unshared stack size
                 515  page reclaims
                   0  page faults
                   0  swaps
                   0  block input operations
                   0  block output operations
                   0  messages sent
                   0  messages received
                   0  signals received
                   0  voluntary context switches
                1322  involuntary context switches
          6452449479  instructions retired
          3173196820  cycles elapsed
             5603968  peak memory footprint
