Threads=8
LoadTime(s)=0.00197404
CODE_EXECUTION_TIME(s)=1.50273
RESULT=8821744
Throughput=5.87047e+06
VertexSetAllocated=2.17 MB
MiniGraphAllocated=0.00 Bytes
        1.80 real        10.15 user         0.03 sys
             6062080  maximum resident set size
                   0  average shared memory size
                   0  average unshared data size
                   0  average unshared stack size
                 477  page reclaims
                   0  page faults
                   0  swaps
                   0  block input operations
                   0  block output operations
                   0  messages sent
                   0  messages received
                   0  signals received
                   0  voluntary context switches
                5883  involuntary context switches
         49252899148  instructions retired
         19758876309  cycles elapsed
             5014272  peak memory footprint
