Threads=8
LoadTime(s)=0.00386837
CODE_EXECUTION_TIME(s)=1.94295
RESULT=8821744
Throughput=4.54038e+06
VertexSetAllocated=2.17 MB
MiniGraphAllocated=0.00 Bytes
        2.28 real        10.24 user         0.03 sys
             6291456  maximum resident set size
                   0  average shared memory size
                   0  average unshared data size
                   0  average unshared stack size
                 488  page reclaims
                   1  page faults
                   0  swaps
                   0  block input operations
                   0  block output operations
                   0  messages sent
                   0  messages received
                   0  signals received
                   1  voluntary context switches
                6586  involuntary context switches
         49260044681  instructions retired
         20992615229  cycles elapsed
             5292992  peak memory footprint
