Threads=8
LoadTime(s)=0.00161083
CODE_EXECUTION_TIME(s)=0.0236895
RESULT=727044
Throughput=3.06906e+07
VertexSetAllocated=0.00 Bytes
MiniGraphAllocated=0.00 Bytes
        0.31 real         0.12 user         0.00 sys
             5652480  maximum resident set size
                   0  average shared memory size
                   0  average unshared data size
                   0  average unshared stack size
                 454  page reclaims
                   0  page faults
                   0  swaps
                   0  block input operations
                   0  block output operations
                   0  messages sent
                   0  messages received
                   0  signals received
                   0  voluntary context switches
                 194  involuntary context switches
           638508844  instructions retired
           279054159  cycles elapsed
             4555264  peak memory footprint
