Threads=8
LoadTime(s)=0.00206725
CODE_EXECUTION_TIME(s)=0.272146
RESULT=5809356
Throughput=2.13465e+07
VertexSetAllocated=0.00 Bytes
MiniGraphAllocated=623.18 KB
        0.28 real         1.64 user         0.01 sys
             6717440  maximum resident set size
                   0  average shared memory size
                   0  average unshared data size
                   0  average unshared stack size
                 515  page reclaims
                   0  page faults
                   0  swaps
                   0  block input operations
                   0  block output operations
                   0  messages sent
                   0  messages received
                   0  signals received
                   0  voluntary context switches
                1430  involuntary context switches
          6445039017  instructions retired
          3204573108  cycles elapsed
             5620480  peak memory footprint
