Threads=8
LoadTime(s)=0.000978375
CODE_EXECUTION_TIME(s)=0.306096
RESULT=4514137
Throughput=1.47475e+07
VertexSetAllocated=0.00 Bytes
MiniGraphAllocated=1.22 MB
        0.31 real         1.52 user         0.01 sys
             6209536  maximum resident set size
                   0  average shared memory size
                   0  average unshared data size
                   0  average unshared stack size
                 484  page reclaims
                   0  page faults
                   0  swaps
                   0  block input operations
                   0  block output operations
                   0  messages sent
                   0  messages received
                   0  signals received
                   0  voluntary context switches
                1428  involuntary context switches
          6209557948  instructions retired
          3143185882  cycles elapsed
             5211200  peak memory footprint
