Threads=8
LoadTime(s)=0.00107263
CODE_EXECUTION_TIME(s)=5.08684
RESULT=1127174796
Throughput=2.21586e+08
VertexSetAllocated=1.89 MB
MiniGraphAllocated=1.81 MB
        5.39 real        24.56 user         0.19 sys
             7110656  maximum resident set size
                   0  average shared memory size
                   0  average unshared data size
                   0  average unshared stack size
                 623  page reclaims
                   0  page faults
                   0  swaps
                   0  block input operations
                   0  block output operations
                   0  messages sent
                   0  messages received
                   0  signals received
                   1  voluntary context switches
               36225  involuntary context switches
        143003644220  instructions retired
         48995709556  cycles elapsed
             6112320  peak memory footprint
