Threads=8
LoadTime(s)=0.00116079
CODE_EXECUTION_TIME(s)=5.16886
RESULT=32230662
Throughput=6.23555e+06
VertexSetAllocated=3.78 MB
MiniGraphAllocated=0.00 Bytes
        5.71 real        13.92 user         0.19 sys
             4800512  maximum resident set size
                   0  average shared memory size
                   0  average unshared data size
                   0  average unshared stack size
                 515  page reclaims
                   1  page faults
                   0  swaps
                   0  block input operations
                   0  block output operations
                   0  messages sent
                   0  messages received
                   0  signals received
                   1  voluntary context switches
               38332  involuntary context switches
         69458774452  instructions retired
         29947357216  cycles elapsed
             3883904  peak memory footprint
