Threads=8
LoadTime(s)=0.000984375
CODE_EXECUTION_TIME(s)=0.430993
RESULT=4514137
Throughput=1.04738e+07
VertexSetAllocated=0.00 Bytes
MiniGraphAllocated=1.16 MB
        0.43 real         1.56 user         0.02 sys
             6078464  maximum resident set size
                   0  average shared memory size
                   0  average unshared data size
                   0  average unshared stack size
                 474  page reclaims
                   0  page faults
                   0  swaps
                   0  block input operations
                   0  block output operations
                   0  messages sent
                   0  messages received
                   0  signals received
                   0  voluntary context switches
                4512  involuntary context switches
          6229650907  instructions retired
          3109338648  cycles elapsed
             5047232  peak memory footprint
