Threads=8
LoadTime(s)=0.00103233
CODE_EXECUTION_TIME(s)=3.01871
RESULT=32230662
Throughput=1.0677e+07
VertexSetAllocated=3.78 MB
MiniGraphAllocated=0.00 Bytes
        3.31 real        13.85 user         0.07 sys
             4702208  maximum resident set size
                   0  average shared memory size
                   0  average unshared data size
                   0  average unshared stack size
                 455  page reclaims
                   1  page faults
                   0  swaps
                   0  block input operations
                   0  block output operations
                   0  messages sent
                   0  messages received
                   0  signals received
                   1  voluntary context switches
               12637  involuntary context switches
         69248235779  instructions retired
         28950789403  cycles elapsed
             3703680  peak memory footprint
