Threads=8
LoadTime(s)=0.000976209
CODE_EXECUTION_TIME(s)=0.292864
RESULT=4514137
Throughput=1.54138e+07
VertexSetAllocated=0.00 Bytes
MiniGraphAllocated=1.21 MB
        0.59 real         1.41 user         0.01 sys
             6111232  maximum resident set size
                   0  average shared memory size
                   0  average unshared data size
                   0  average unshared stack size
                 477  page reclaims
                   0  page faults
                   0  swaps
                   0  block input operations
                   0  block output operations
                   0  messages sent
                   0  messages received
                   0  signals received
                   1  voluntary context switches
                1593  involuntary context switches
          6207913622  instructions retired
          3019390921  cycles elapsed
             5080000  peak memory footprint
