Threads=8
LoadTime(s)=0.00112171
CODE_EXECUTION_TIME(s)=0.325306
RESULT=4514137
Throughput=1.38766e+07
VertexSetAllocated=0.00 Bytes
MiniGraphAllocated=1.20 MB
        0.33 real         1.54 user         0.01 sys
             6144000  maximum resident set size
                   0  average shared memory size
                   0  average unshared data size
                   0  average unshared stack size
                 481  page reclaims
                   0  page faults
                   0  swaps
                   0  block input operations
                   0  block output operations
                   0  messages sent
                   0  messages received
                   0  signals received
                   0  voluntary context switches
                2548  involuntary context switches
          6214677616  instructions retired
          3152483185  cycles elapsed
             5112768  peak memory footprint
