Threads=8
LoadTime(s)=0.000985875
CODE_EXECUTION_TIME(s)=3.17408
RESULT=32230662
Throughput=1.01543e+07
VertexSetAllocated=3.78 MB
MiniGraphAllocated=0.00 Bytes
        3.47 real        13.97 user         0.08 sys
             4734976  maximum resident set size
                   0  average shared memory size
                   0  average unshared data size
                   0  average unshared stack size
                 395  page reclaims
                   0  page faults
                   0  swaps
                   0  block input operations
                   0  block output operations
                   0  messages sent
                   0  messages received
                   0  signals received
                   0  voluntary context switches
               15596  involuntary context switches
         69267437467  instructions retired
         28909445479  cycles elapsed
             3687168  peak memory footprint
