Threads=8
LoadTime(s)=0.00100062
CODE_EXECUTION_TIME(s)=0.298207
RESULT=4514137
Throughput=1.51376e+07
VertexSetAllocated=0.00 Bytes
MiniGraphAllocated=1.17 MB
        0.30 real         1.54 user         0.01 sys
             6029312  maximum resident set size
                   0  average shared memory size
                   0  average unshared data size
                   0  average unshared stack size
                 473  page reclaims
                   0  page faults
                   0  swaps
                   0  block input operations
                   0  block output operations
                   0  messages sent
                   0  messages received
                   0  signals received
                   0  voluntary context switches
                1712  involuntary context switches
          6208010404  instructions retired
          3181172212  cycles elapsed
             4981632  peak memory footprint
