Threads=8
LoadTime(s)=0.000987083
CODE_EXECUTION_TIME(s)=0.295645
RESULT=4514137
Throughput=1.52688e+07
VertexSetAllocated=0.00 Bytes
MiniGraphAllocated=1.17 MB
        0.60 real         1.41 user         0.00 sys
             6045696  maximum resident set size
                   0  average shared memory size
                   0  average unshared data size
                   0  average unshared stack size
                 475  page reclaims
                   0  page faults
                   0  swaps
                   0  block input operations
                   0  block output operations
                   0  messages sent
                   0  messages received
                   0  signals received
                   0  voluntary context switches
                1414  involuntary context switches
          6206419072  instructions retired
          3085908426  cycles elapsed
             5047360  peak memory footprint
