Threads=8
LoadTime(s)=0.000821375
CODE_EXECUTION_TIME(s)=0.076267
RESULT=2077903
Throughput=2.72451e+07
VertexSetAllocated=0.00 Bytes
MiniGraphAllocated=967.10 KB
        0.36 real         0.46 user         0.00 sys
             5767168  maximum resident set size
                   0  average shared memory size
                   0  average unshared data size
                   0  average unshared stack size
                 456  page reclaims
                   0  page faults
                   0  swaps
                   0  block input operations
                   0  block output operations
                   0  messages sent
                   0  messages received
                   0  signals received
                   1  voluntary context switches
                 487  involuntary context switches
          2361320119  instructions retired
          1005960365  cycles elapsed
             4703040  peak memory footprint
