Threads=8
LoadTime(s)=0.00424267
CODE_EXECUTION_TIME(s)=0.0232371
RESULT=608389
Throughput=2.61818e+07
VertexSetAllocated=0.00 Bytes
MiniGraphAllocated=0.00 Bytes
        0.44 real         0.13 user         0.00 sys
             4374528  maximum resident set size
                   0  average shared memory size
                   0  average unshared data size
                   0  average unshared stack size
                 349  page reclaims
                  23  page faults
                   0  swaps
                   0  block input operations
                   0  block output operations
                   0  messages sent
                   0  messages received
                   0  signals received
                  10  voluntary context switches
                 289  involuntary context switches
           762073505  instructions retired
           300415729  cycles elapsed
             3293760  peak memory footprint
