Threads=8
LoadTime(s)=0.0009865
CODE_EXECUTION_TIME(s)=3.09847
RESULT=32230662
Throughput=1.04021e+07
VertexSetAllocated=3.78 MB
MiniGraphAllocated=0.00 Bytes
        3.39 real        13.91 user         0.08 sys
             4816896  maximum resident set size
                   0  average shared memory size
                   0  average unshared data size
                   0  average unshared stack size
                 399  page reclaims
                   0  page faults
                   0  swaps
                   0  block input operations
                   0  block output operations
                   0  messages sent
                   0  messages received
                   0  signals received
                   0  voluntary context switches
               15753  involuntary context switches
         69268616747  instructions retired
         28822836634  cycles elapsed
             3785536  peak memory footprint
