Threads=8
LoadTime(s)=0.001583
CODE_EXECUTION_TIME(s)=0.385714
RESULT=2077903
Throughput=5.38717e+06
VertexSetAllocated=0.00 Bytes
MiniGraphAllocated=958.32 KB
        0.88 real         0.53 user         0.01 sys
             5816320  maximum resident set size
                   0  average shared memory size
                   0  average unshared data size
                   0  average unshared stack size
                 463  page reclaims
                   1  page faults
                   0  swaps
                   0  block input operations
                   0  block output operations
                   0  messages sent
                   0  messages received
                   0  signals received
                   0  voluntary context switches
                2165  involuntary context switches
          2373720911  instructions retired
          1179346775  cycles elapsed
             4768640  peak memory footprint
