Threads=8
LoadTime(s)=0.000987708
CODE_EXECUTION_TIME(s)=2.81066
RESULT=32230662
Throughput=1.14673e+07
VertexSetAllocated=3.78 MB
MiniGraphAllocated=0.00 Bytes
        3.11 real        13.84 user         0.04 sys
             4800512  maximum resident set size
                   0  average shared memory size
                   0  average unshared data size
                   0  average unshared stack size
                 404  page reclaims
                   0  page faults
                   0  swaps
                   0  block input operations
                   0  block output operations
                   0  messages sent
                   0  messages received
                   0  signals received
                   0  voluntary context switches
                7828  involuntary context switches
         69206053607  instructions retired
         28949390972  cycles elapsed
             3769152  peak memory footprint
