Threads=8
LoadTime(s)=0.000995959
CODE_EXECUTION_TIME(s)=3.12654
RESULT=32230662
Throughput=1.03087e+07
VertexSetAllocated=3.78 MB
MiniGraphAllocated=0.00 Bytes
        3.44 real        13.90 user         0.08 sys
             4816896  maximum resident set size
                   0  average shared memory size
                   0  average unshared data size
                   0  average unshared stack size
                 396  page reclaims
                   1  page faults
                   0  swaps
                   0  block input operations
                   0  block output operations
                   0  messages sent
                   0  messages received
                   0  signals received
                   0  voluntary context switches
               15857  involuntary context switches
         69272290412  instructions retired
         29019296216  cycles elapsed
             3801984  peak memory footprint
