Threads=8
LoadTime(s)=0.000997166
CODE_EXECUTION_TIME(s)=2.9668
RESULT=32230662
Throughput=1.08638e+07
VertexSetAllocated=3.78 MB
MiniGraphAllocated=0.00 Bytes
        3.26 real        14.00 user         0.10 sys
             4767744  maximum resident set size
                   0  average shared memory size
                   0  average unshared data size
                   0  average unshared stack size
                 379  page reclaims
                  18  page faults
                   0  swaps
                   0  block input operations
                   0  block output operations
                   0  messages sent
                   0  messages received
                   0  signals received
                   1  voluntary context switches
               19459  involuntary context switches
         69305306473  instructions retired
         28872488569  cycles elapsed
             3736384  peak memory footprint
