Threads=8
LoadTime(s)=0.0098725
CODE_EXECUTION_TIME(s)=0.0990988
RESULT=2224385
Throughput=2.24461e+07
VertexSetAllocated=0.00 Bytes
MiniGraphAllocated=0.00 Bytes
        0.11 real         0.41 user         0.00 sys
            19529728  maximum resident set size
                   0  average shared memory size
                   0  average unshared data size
                   0  average unshared stack size
                1297  page reclaims
                   0  page faults
                   0  swaps
                   0  block input operations
                   0  block output operations
                   0  messages sent
                   0  messages received
                   0  signals received
                   0  voluntary context switches
                 298  involuntary context switches
          1584869394  instructions retired
           938285386  cycles elapsed
            18514752  peak memory footprint
