Threads=8
LoadTime(s)=0.0108956
CODE_EXECUTION_TIME(s)=0.0865577
RESULT=2224385
Throughput=2.56983e+07
VertexSetAllocated=0.00 Bytes
MiniGraphAllocated=0.00 Bytes
        0.10 real         0.41 user         0.01 sys
            19513344  maximum resident set size
                   0  average shared memory size
                   0  average unshared data size
                   0  average unshared stack size
                1295  page reclaims
                   0  page faults
                   0  swaps
                   0  block input operations
                   0  block output operations
                   0  messages sent
                   0  messages received
                   0  signals received
                   0  voluntary context switches
                 430  involuntary context switches
          1585681249  instructions retired
           878965297  cycles elapsed
            18514816  peak memory footprint
