Threads=8
LoadTime(s)=0.0103193
CODE_EXECUTION_TIME(s)=0.0834646
RESULT=2224385
Throughput=2.66506e+07
VertexSetAllocated=0.00 Bytes
MiniGraphAllocated=0.00 Bytes
        0.10 real         0.42 user         0.01 sys
            19431424  maximum resident set size
                   0  average shared memory size
                   0  average unshared data size
                   0  average unshared stack size
                1297  page reclaims
                   0  page faults
                   0  swaps
                   0  block input operations
                   0  block output operations
                   0  messages sent
                   0  messages received
                   0  signals received
                   1  voluntary context switches
                 634  involuntary context switches
          1588065387  instructions retired
           862318961  cycles elapsed
            18383552  peak memory footprint
