Threads=8
LoadTime(s)=0.021116
CODE_EXECUTION_TIME(s)=0.0588428
RESULT=2224385
Throughput=3.78021e+07
VertexSetAllocated=0.00 Bytes
MiniGraphAllocated=0.00 Bytes
        0.08 real         0.40 user         0.01 sys
            19480576  maximum resident set size
                   0  average shared memory size
                   0  average unshared data size
                   0  average unshared stack size
                1300  page reclaims
                   0  page faults
                   0  swaps
                   0  block input operations
                   0  block output operations
                   0  messages sent
                   0  messages received
                   0  signals received
                  12  voluntary context switches
                 273  involuntary context switches
          1590513952  instructions retired
           801505281  cycles elapsed
            18432704  peak memory footprint
