Threads=8
LoadTime(s)=0.0019475
CODE_EXECUTION_TIME(s)=0.0632713
RESULT=727044
Throughput=1.14909e+07
VertexSetAllocated=0.00 Bytes
MiniGraphAllocated=0.00 Bytes
        0.07 real         0.14 user         0.00 sys
             5832704  maximum resident set size
                   0  average shared memory size
                   0  average unshared data size
                   0  average unshared stack size
                 462  page reclaims
                   0  page faults
                   0  swaps
                   0  block input operations
                   0  block output operations
                   0  messages sent
                   0  messages received
                   0  signals received
                   0  voluntary context switches
                 325  involuntary context switches
           639098410  instructions retired
           278258817  cycles elapsed
             4883520  peak memory footprint
