Threads=8
LoadTime(s)=0.00196725
CODE_EXECUTION_TIME(s)=0.0221995
RESULT=727044
Throughput=3.27505e+07
VertexSetAllocated=0.00 Bytes
MiniGraphAllocated=0.00 Bytes
        0.03 real         0.14 user         0.00 sys
             5816320  maximum resident set size
                   0  average shared memory size
                   0  average unshared data size
                   0  average unshared stack size
                 460  page reclaims
                   0  page faults
                   0  swaps
                   0  block input operations
                   0  block output operations
                   0  messages sent
                   0  messages received
                   0  signals received
                   0  voluntary context switches
                 160  involuntary context switches
           637434987  instructions retired
           280648164  cycles elapsed
             4801344  peak memory footprint
