Threads=8
LoadTime(s)=0.0016395
CODE_EXECUTION_TIME(s)=0.0226768
RESULT=727044
Throughput=3.20611e+07
VertexSetAllocated=0.00 Bytes
MiniGraphAllocated=0.00 Bytes
        0.03 real         0.14 user         0.00 sys
             5685248  maximum resident set size
                   0  average shared memory size
                   0  average unshared data size
                   0  average unshared stack size
                 459  page reclaims
                   0  page faults
                   0  swaps
                   0  block input operations
                   0  block output operations
                   0  messages sent
                   0  messages received
                   0  signals received
                   0  voluntary context switches
                 172  involuntary context switches
           638030032  instructions retired
           281261877  cycles elapsed
             4653824  peak memory footprint
