Threads=8
LoadTime(s)=0.00208958
CODE_EXECUTION_TIME(s)=0.0325273
RESULT=727044
Throughput=2.23518e+07
VertexSetAllocated=0.00 Bytes
MiniGraphAllocated=0.00 Bytes
        0.04 real         0.14 user         0.00 sys
             5881856  maximum resident set size
                   0  average shared memory size
                   0  average unshared data size
                   0  average unshared stack size
                 466  page reclaims
                   0  page faults
                   0  swaps
                   0  block input operations
                   0  block output operations
                   0  messages sent
                   0  messages received
                   0  signals received
                   0  voluntary context switches
                 916  involuntary context switches
           644928357  instructions retired
           306366127  cycles elapsed
             4866880  peak memory footprint
