Threads=8
LoadTime(s)=0.000840042
CODE_EXECUTION_TIME(s)=0.0250881
RESULT=608389
Throughput=2.42501e+07
VertexSetAllocated=0.00 Bytes
MiniGraphAllocated=0.00 Bytes
        0.03 real         0.15 user         0.00 sys
             4308992  maximum resident set size
                   0  average shared memory size
                   0  average unshared data size
                   0  average unshared stack size
                 373  page reclaims
                   0  page faults
                   0  swaps
                   0  block input operations
                   0  block output operations
                   0  messages sent
                   0  messages received
                   0  signals received
                   0  voluntary context switches
                 399  involuntary context switches
           759995431  instructions retired
           299493852  cycles elapsed
             3228224  peak memory footprint
