Threads=8
LoadTime(s)=0.000886542
CODE_EXECUTION_TIME(s)=0.0247872
RESULT=608389
Throughput=2.45445e+07
VertexSetAllocated=0.00 Bytes
MiniGraphAllocated=0.00 Bytes
        0.03 real         0.15 user         0.00 sys
             4276224  maximum resident set size
                   0  average shared memory size
                   0  average unshared data size
                   0  average unshared stack size
                 370  page reclaims
                   0  page faults
                   0  swaps
                   0  block input operations
                   0  block output operations
                   0  messages sent
                   0  messages received
                   0  signals received
                   0  voluntary context switches
                 298  involuntary context switches
           758845603  instructions retired
           307190869  cycles elapsed
             3195456  peak memory footprint
