Threads=8
LoadTime(s)=0.000557458
CODE_EXECUTION_TIME(s)=0.0201951
RESULT=608389
Throughput=3.01256e+07
VertexSetAllocated=0.00 Bytes
MiniGraphAllocated=0.00 Bytes
        0.02 real         0.12 user         0.00 sys
             4292608  maximum resident set size
                   0  average shared memory size
                   0  average unshared data size
                   0  average unshared stack size
                 369  page reclaims
                   0  page faults
                   0  swaps
                   0  block input operations
                   0  block output operations
                   0  messages sent
                   0  messages received
                   0  signals received
                   0  voluntary context switches
                 312  involuntary context switches
           759962127  instructions retired
           284481968  cycles elapsed
             3211840  peak memory footprint
