Threads=8
LoadTime(s)=0.000827541
CODE_EXECUTION_TIME(s)=0.0338997
RESULT=608389
Throughput=1.79468e+07
VertexSetAllocated=0.00 Bytes
MiniGraphAllocated=0.00 Bytes
        0.04 real         0.15 user         0.00 sys
             4308992  maximum resident set size
                   0  average shared memory size
                   0  average unshared data size
                   0  average unshared stack size
                 370  page reclaims
                   0  page faults
                   0  swaps
                   0  block input operations
                   0  block output operations
                   0  messages sent
                   0  messages received
                   0  signals received
                   0  voluntary context switches
                 196  involuntary context switches
           757836610  instructions retired
           298600488  cycles elapsed
             3244672  peak memory footprint
