Threads=8
LoadTime(s)=0.000873916
CODE_EXECUTION_TIME(s)=0.0229586
RESULT=608389
Throughput=2.64994e+07
VertexSetAllocated=0.00 Bytes
MiniGraphAllocated=0.00 Bytes
        0.02 real         0.15 user         0.00 sys
             4358144  maximum resident set size
                   0  average shared memory size
                   0  average unshared data size
                   0  average unshared stack size
                 372  page reclaims
                   0  page faults
                   0  swaps
                   0  block input operations
                   0  block output operations
                   0  messages sent
                   0  messages received
                   0  signals received
                   0  voluntary context switches
                 351  involuntary context switches
           760897221  instructions retired
           301100756  cycles elapsed
             3310272  peak memory footprint
