Threads=2
LoadTime(s)=0.82376
CODE_EXECUTION_TIME(s)=343.42
RESULT=15650755323
Throughput=4.55733e+07
VertexSetAllocated=3.23 MB
MiniGraphAllocated=11.63 MB
      344.79 real       610.82 user        10.02 sys
           339968000  maximum resident set size
                   0  average shared memory size
                   0  average unshared data size
                   0  average unshared stack size
              416028  page reclaims
                  39  page faults
                   0  swaps
                   0  block input operations
                   0  block output operations
                   0  messages sent
                   0  messages received
                   0  signals received
                 874  voluntary context switches
             1157423  involuntary context switches
       3781099573075  instructions retired
       1101924217562  cycles elapsed
           388023936  peak memory footprint
