Threads=2
LoadTime(s)=0.517433
CODE_EXECUTION_TIME(s)=14.0618
RESULT=177820130
Throughput=1.26456e+07
VertexSetAllocated=0.00 Bytes
MiniGraphAllocated=0.00 Bytes
       14.88 real        27.75 user         0.33 sys
           311689216  maximum resident set size
                   0  average shared memory size
                   0  average unshared data size
                   0  average unshared stack size
               35534  page reclaims
                   3  page faults
                   0  swaps
                   0  block input operations
                   0  block output operations
                   0  messages sent
                   0  messages received
                   0  signals received
                  12  voluntary context switches
                8965  involuntary context switches
        170385943732  instructions retired
         55357660298  cycles elapsed
           375424256  peak memory footprint
