Threads=2
LoadTime(s)=0.444133
CODE_EXECUTION_TIME(s)=22.0154
RESULT=10503213
Throughput=477086
VertexSetAllocated=80.99 KB
MiniGraphAllocated=232.93 KB
       22.78 real        36.18 user         0.88 sys
           217497600  maximum resident set size
                   0  average shared memory size
                   0  average unshared data size
                   0  average unshared stack size
               21762  page reclaims
                   3  page faults
                   0  swaps
                   0  block input operations
                   0  block output operations
                   0  messages sent
                   0  messages received
                   0  signals received
                 163  voluntary context switches
              124761  involuntary context switches
        178424596132  instructions retired
         70810748385  cycles elapsed
           225297664  peak memory footprint
