Threads=8
LoadTime(s)=0.112938
CODE_EXECUTION_TIME(s)=4.12354
RESULT=3501071
Throughput=849045
VertexSetAllocated=0.00 Bytes
MiniGraphAllocated=397.00 KB
        4.54 real        22.50 user         0.14 sys
           227016704  maximum resident set size
                   0  average shared memory size
                   0  average unshared data size
                   0  average unshared stack size
               14062  page reclaims
                   1  page faults
                   0  swaps
                   0  block input operations
                   0  block output operations
                   0  messages sent
                   0  messages received
                   0  signals received
                   3  voluntary context switches
               15383  involuntary context switches
         77383036152  instructions retired
         46591217728  cycles elapsed
           225952960  peak memory footprint
