Threads=1
LoadTime(s)=0.122903
CODE_EXECUTION_TIME(s)=33.3854
RESULT=10503213
Throughput=314605
VertexSetAllocated=40.50 KB
MiniGraphAllocated=142.76 KB
       33.86 real        32.44 user         0.32 sys
           226033664  maximum resident set size
                   0  average shared memory size
                   0  average unshared data size
                   0  average unshared stack size
               21025  page reclaims
                   2  page faults
                   0  swaps
                   0  block input operations
                   0  block output operations
                   0  messages sent
                   0  messages received
                   0  signals received
                   6  voluntary context switches
               14629  involuntary context switches
        177165662867  instructions retired
         63773752942  cycles elapsed
           225035456  peak memory footprint
