Threads=2
LoadTime(s)=0.255127
CODE_EXECUTION_TIME(s)=3.19103
RESULT=7515023
Throughput=2.35504e+06
VertexSetAllocated=0.00 Bytes
MiniGraphAllocated=0.00 Bytes
        3.75 real         6.38 user         0.13 sys
           189988864  maximum resident set size
                   0  average shared memory size
                   0  average unshared data size
                   0  average unshared stack size
               15584  page reclaims
                   2  page faults
                   0  swaps
                   0  block input operations
                   0  block output operations
                   0  messages sent
                   0  messages received
                   0  signals received
                   8  voluntary context switches
                2302  involuntary context switches
         30640407810  instructions retired
         12808372010  cycles elapsed
           224756672  peak memory footprint
