Threads=4
LoadTime(s)=0.186596
CODE_EXECUTION_TIME(s)=8.80892
RESULT=14960895
Throughput=1.69838e+06
VertexSetAllocated=5.52 MB
MiniGraphAllocated=11.19 MB
        9.30 real        35.06 user         0.10 sys
            64815104  maximum resident set size
                   0  average shared memory size
                   0  average unshared data size
                   0  average unshared stack size
                4212  page reclaims
                   3  page faults
                   0  swaps
                   0  block input operations
                   0  block output operations
                   0  messages sent
                   0  messages received
                   0  signals received
                  12  voluntary context switches
                6723  involuntary context switches
        235226530562  instructions retired
         58705376365  cycles elapsed
            64701504  peak memory footprint
