Threads=1
LoadTime(s)=0.0374468
CODE_EXECUTION_TIME(s)=29.7585
RESULT=14960895
Throughput=502744
VertexSetAllocated=1.38 MB
MiniGraphAllocated=8.71 MB
       30.10 real        29.72 user         0.05 sys
            63160320  maximum resident set size
                   0  average shared memory size
                   0  average unshared data size
                   0  average unshared stack size
                4253  page reclaims
                   2  page faults
                   0  swaps
                   0  block input operations
                   0  block output operations
                   0  messages sent
                   0  messages received
                   0  signals received
                   3  voluntary context switches
                 656  involuntary context switches
        235517725971  instructions retired
         58584462340  cycles elapsed
            61817728  peak memory footprint
