Threads=16
LoadTime(s)=0.0345605
CODE_EXECUTION_TIME(s)=0.295643
RESULT=3056386
Throughput=1.03381e+07
VertexSetAllocated=0.00 Bytes
MiniGraphAllocated=0.00 Bytes
        0.63 real         2.14 user         0.03 sys
            55050240  maximum resident set size
                   0  average shared memory size
                   0  average unshared data size
                   0  average unshared stack size
                3476  page reclaims
                   1  page faults
                   0  swaps
                   0  block input operations
                   0  block output operations
                   0  messages sent
                   0  messages received
                   0  signals received
                   1  voluntary context switches
                1863  involuntary context switches
         11522685259  instructions retired
          4496732610  cycles elapsed
            53723840  peak memory footprint
