Threads=16
LoadTime(s)=0.0293324
CODE_EXECUTION_TIME(s)=0.729266
RESULT=4986965
Throughput=6.83833e+06
VertexSetAllocated=0.00 Bytes
MiniGraphAllocated=456.68 KB
        1.05 real         5.60 user         0.03 sys
            55787520  maximum resident set size
                   0  average shared memory size
                   0  average unshared data size
                   0  average unshared stack size
                3520  page reclaims
                   1  page faults
                   0  swaps
                   0  block input operations
                   0  block output operations
                   0  messages sent
                   0  messages received
                   0  signals received
                   0  voluntary context switches
                3346  involuntary context switches
         30173326558  instructions retired
         12322219819  cycles elapsed
            54461312  peak memory footprint
