Threads=8
LoadTime(s)=0.0124178
CODE_EXECUTION_TIME(s)=0.113464
RESULT=2224385
Throughput=1.96043e+07
VertexSetAllocated=0.00 Bytes
MiniGraphAllocated=0.00 Bytes
        0.13 real         0.41 user         0.01 sys
            19480576  maximum resident set size
                   0  average shared memory size
                   0  average unshared data size
                   0  average unshared stack size
                1293  page reclaims
                   0  page faults
                   0  swaps
                   0  block input operations
                   0  block output operations
                   0  messages sent
                   0  messages received
                   0  signals received
                   0  voluntary context switches
                 495  involuntary context switches
          1587433433  instructions retired
           975415774  cycles elapsed
            18465600  peak memory footprint
