Threads=8
LoadTime(s)=0.0103858
CODE_EXECUTION_TIME(s)=0.0988877
RESULT=2224385
Throughput=2.2494e+07
VertexSetAllocated=0.00 Bytes
MiniGraphAllocated=0.00 Bytes
        0.11 real         0.41 user         0.01 sys
            19398656  maximum resident set size
                   0  average shared memory size
                   0  average unshared data size
                   0  average unshared stack size
                1284  page reclaims
                   0  page faults
                   0  swaps
                   0  block input operations
                   0  block output operations
                   0  messages sent
                   0  messages received
                   0  signals received
                   0  voluntary context switches
                1101  involuntary context switches
          1591409299  instructions retired
           891463892  cycles elapsed
            18334336  peak memory footprint
