Threads=8
LoadTime(s)=0.0106455
CODE_EXECUTION_TIME(s)=0.0699563
RESULT=2224385
Throughput=3.17968e+07
VertexSetAllocated=0.00 Bytes
MiniGraphAllocated=0.00 Bytes
        0.08 real         0.42 user         0.01 sys
            19398656  maximum resident set size
                   0  average shared memory size
                   0  average unshared data size
                   0  average unshared stack size
                1290  page reclaims
                   0  page faults
                   0  swaps
                   0  block input operations
                   0  block output operations
                   0  messages sent
                   0  messages received
                   0  signals received
                   0  voluntary context switches
                 491  involuntary context switches
          1586674873  instructions retired
           846632095  cycles elapsed
            18367232  peak memory footprint
