Threads=8
LoadTime(s)=0.00924854
CODE_EXECUTION_TIME(s)=0.0668656
RESULT=2224385
Throughput=3.32665e+07
VertexSetAllocated=0.00 Bytes
MiniGraphAllocated=0.00 Bytes
        0.08 real         0.43 user         0.01 sys
            19447808  maximum resident set size
                   0  average shared memory size
                   0  average unshared data size
                   0  average unshared stack size
                1286  page reclaims
                   7  page faults
                   0  swaps
                   0  block input operations
                   0  block output operations
                   0  messages sent
                   0  messages received
                   0  signals received
                   0  voluntary context switches
                 740  involuntary context switches
          1589640383  instructions retired
           784929833  cycles elapsed
            18383488  peak memory footprint
