Threads=8
LoadTime(s)=0.0106257
CODE_EXECUTION_TIME(s)=0.0696099
RESULT=2224385
Throughput=3.1955e+07
VertexSetAllocated=0.00 Bytes
MiniGraphAllocated=0.00 Bytes
        0.08 real         0.42 user         0.01 sys
            19415040  maximum resident set size
                   0  average shared memory size
                   0  average unshared data size
                   0  average unshared stack size
                1289  page reclaims
                   0  page faults
                   0  swaps
                   0  block input operations
                   0  block output operations
                   0  messages sent
                   0  messages received
                   0  signals received
                   0  voluntary context switches
                 643  involuntary context switches
          1588173053  instructions retired
           838211334  cycles elapsed
            18383616  peak memory footprint
