Threads=8
LoadTime(s)=0.00984683
CODE_EXECUTION_TIME(s)=0.0619837
RESULT=2224385
Throughput=3.58866e+07
VertexSetAllocated=0.00 Bytes
MiniGraphAllocated=0.00 Bytes
        0.07 real         0.41 user         0.01 sys
            19464192  maximum resident set size
                   0  average shared memory size
                   0  average unshared data size
                   0  average unshared stack size
                1295  page reclaims
                   0  page faults
                   0  swaps
                   0  block input operations
                   0  block output operations
                   0  messages sent
                   0  messages received
                   0  signals received
                   0  voluntary context switches
                 307  involuntary context switches
          1585199809  instructions retired
           808188594  cycles elapsed
            18399872  peak memory footprint
