Threads=8
LoadTime(s)=0.00968571
CODE_EXECUTION_TIME(s)=0.0693332
RESULT=2224385
Throughput=3.20825e+07
VertexSetAllocated=0.00 Bytes
MiniGraphAllocated=0.00 Bytes
        0.08 real         0.43 user         0.01 sys
            19300352  maximum resident set size
                   0  average shared memory size
                   0  average unshared data size
                   0  average unshared stack size
                1287  page reclaims
                   0  page faults
                   0  swaps
                   0  block input operations
                   0  block output operations
                   0  messages sent
                   0  messages received
                   0  signals received
                   0  voluntary context switches
                 736  involuntary context switches
          1588569235  instructions retired
           836538015  cycles elapsed
            18236032  peak memory footprint
