Threads=8
LoadTime(s)=0.00153204
CODE_EXECUTION_TIME(s)=0.0219493
RESULT=727044
Throughput=3.31237e+07
VertexSetAllocated=0.00 Bytes
MiniGraphAllocated=0.00 Bytes
        0.02 real         0.15 user         0.00 sys
             5652480  maximum resident set size
                   0  average shared memory size
                   0  average unshared data size
                   0  average unshared stack size
                 455  page reclaims
                   0  page faults
                   0  swaps
                   0  block input operations
                   0  block output operations
                   0  messages sent
                   0  messages received
                   0  signals received
                   0  voluntary context switches
                 160  involuntary context switches
           637833342  instructions retired
           267151908  cycles elapsed
             4571712  peak memory footprint
