Threads=8
LoadTime(s)=0.00156625
CODE_EXECUTION_TIME(s)=0.0552436
RESULT=727044
Throughput=1.31607e+07
VertexSetAllocated=0.00 Bytes
MiniGraphAllocated=0.00 Bytes
        0.06 real         0.15 user         0.00 sys
             5636096  maximum resident set size
                   0  average shared memory size
                   0  average unshared data size
                   0  average unshared stack size
                 455  page reclaims
                   0  page faults
                   0  swaps
                   0  block input operations
                   0  block output operations
                   0  messages sent
                   0  messages received
                   0  signals received
                   0  voluntary context switches
                 318  involuntary context switches
           638851795  instructions retired
           287157260  cycles elapsed
             4555328  peak memory footprint
