Threads=8
LoadTime(s)=0.00673896
CODE_EXECUTION_TIME(s)=0.0188009
RESULT=727044
Throughput=3.86708e+07
VertexSetAllocated=0.00 Bytes
MiniGraphAllocated=0.00 Bytes
        0.03 real         0.13 user         0.00 sys
             5701632  maximum resident set size
                   0  average shared memory size
                   0  average unshared data size
                   0  average unshared stack size
                 456  page reclaims
                   0  page faults
                   0  swaps
                   0  block input operations
                   0  block output operations
                   0  messages sent
                   0  messages received
                   0  signals received
                   9  voluntary context switches
                 293  involuntary context switches
           640355893  instructions retired
           270091760  cycles elapsed
             4653760  peak memory footprint
