Threads=8
LoadTime(s)=0.00160908
CODE_EXECUTION_TIME(s)=0.0200517
RESULT=727044
Throughput=3.62585e+07
VertexSetAllocated=0.00 Bytes
MiniGraphAllocated=0.00 Bytes
        0.02 real         0.15 user         0.00 sys
             5619712  maximum resident set size
                   0  average shared memory size
                   0  average unshared data size
                   0  average unshared stack size
                 448  page reclaims
                   0  page faults
                   0  swaps
                   0  block input operations
                   0  block output operations
                   0  messages sent
                   0  messages received
                   0  signals received
                   0  voluntary context switches
                 168  involuntary context switches
           637905097  instructions retired
           270779846  cycles elapsed
             4538944  peak memory footprint
