Threads=8
LoadTime(s)=0.00174396
CODE_EXECUTION_TIME(s)=0.0210708
RESULT=727044
Throughput=3.45048e+07
VertexSetAllocated=0.00 Bytes
MiniGraphAllocated=0.00 Bytes
        0.02 real         0.15 user         0.00 sys
             6144000  maximum resident set size
                   0  average shared memory size
                   0  average unshared data size
                   0  average unshared stack size
                 482  page reclaims
                   0  page faults
                   0  swaps
                   0  block input operations
                   0  block output operations
                   0  messages sent
                   0  messages received
                   0  signals received
                   0  voluntary context switches
                 186  involuntary context switches
           638134800  instructions retired
           271008026  cycles elapsed
             5096128  peak memory footprint
