Threads=8
LoadTime(s)=0.00166421
CODE_EXECUTION_TIME(s)=0.0236546
RESULT=727044
Throughput=3.07358e+07
VertexSetAllocated=0.00 Bytes
MiniGraphAllocated=0.00 Bytes
        0.03 real         0.13 user         0.00 sys
             5783552  maximum resident set size
                   0  average shared memory size
                   0  average unshared data size
                   0  average unshared stack size
                 457  page reclaims
                   0  page faults
                   0  swaps
                   0  block input operations
                   0  block output operations
                   0  messages sent
                   0  messages received
                   0  signals received
                   0  voluntary context switches
                 266  involuntary context switches
           638543661  instructions retired
           274069584  cycles elapsed
             4752128  peak memory footprint
