Threads=8
LoadTime(s)=0.001484
CODE_EXECUTION_TIME(s)=0.0344225
RESULT=608389
Throughput=1.76742e+07
VertexSetAllocated=0.00 Bytes
MiniGraphAllocated=0.00 Bytes
        0.04 real         0.15 user         0.00 sys
             4571136  maximum resident set size
                   0  average shared memory size
                   0  average unshared data size
                   0  average unshared stack size
                 383  page reclaims
                   0  page faults
                   0  swaps
                   0  block input operations
                   0  block output operations
                   0  messages sent
                   0  messages received
                   0  signals received
                   0  voluntary context switches
                 478  involuntary context switches
           760154764  instructions retired
           306149456  cycles elapsed
             3539712  peak memory footprint
