Threads=8
LoadTime(s)=0.000862708
CODE_EXECUTION_TIME(s)=0.0556872
RESULT=608389
Throughput=1.09251e+07
VertexSetAllocated=0.00 Bytes
MiniGraphAllocated=0.00 Bytes
        0.06 real         0.15 user         0.00 sys
             4292608  maximum resident set size
                   0  average shared memory size
                   0  average unshared data size
                   0  average unshared stack size
                 367  page reclaims
                   0  page faults
                   0  swaps
                   0  block input operations
                   0  block output operations
                   0  messages sent
                   0  messages received
                   0  signals received
                   0  voluntary context switches
                1280  involuntary context switches
           767226963  instructions retired
           315195560  cycles elapsed
             3228288  peak memory footprint
