Threads=8
LoadTime(s)=0.000916166
CODE_EXECUTION_TIME(s)=0.0461182
RESULT=608389
Throughput=1.31919e+07
VertexSetAllocated=0.00 Bytes
MiniGraphAllocated=0.00 Bytes
        0.05 real         0.15 user         0.00 sys
             4456448  maximum resident set size
                   0  average shared memory size
                   0  average unshared data size
                   0  average unshared stack size
                 371  page reclaims
                   0  page faults
                   0  swaps
                   0  block input operations
                   0  block output operations
                   0  messages sent
                   0  messages received
                   0  signals received
                   0  voluntary context switches
                 565  involuntary context switches
           760276411  instructions retired
           324075450  cycles elapsed
             3375744  peak memory footprint
