Threads=8
LoadTime(s)=0.00116592
CODE_EXECUTION_TIME(s)=0.0481619
RESULT=608389
Throughput=1.26322e+07
VertexSetAllocated=0.00 Bytes
MiniGraphAllocated=0.00 Bytes
        0.05 real         0.17 user         0.00 sys
             4505600  maximum resident set size
                   0  average shared memory size
                   0  average unshared data size
                   0  average unshared stack size
                 380  page reclaims
                   0  page faults
                   0  swaps
                   0  block input operations
                   0  block output operations
                   0  messages sent
                   0  messages received
                   0  signals received
                   0  voluntary context switches
                 146  involuntary context switches
           758051032  instructions retired
           267410195  cycles elapsed
             3507072  peak memory footprint
