Threads=8
LoadTime(s)=0.000674458
CODE_EXECUTION_TIME(s)=0.0210076
RESULT=608389
Throughput=2.89604e+07
VertexSetAllocated=0.00 Bytes
MiniGraphAllocated=0.00 Bytes
        0.02 real         0.14 user         0.00 sys
             4374528  maximum resident set size
                   0  average shared memory size
                   0  average unshared data size
                   0  average unshared stack size
                 370  page reclaims
                   0  page faults
                   0  swaps
                   0  block input operations
                   0  block output operations
                   0  messages sent
                   0  messages received
                   0  signals received
                   0  voluntary context switches
                 478  involuntary context switches
           762395660  instructions retired
           294272433  cycles elapsed
             3293760  peak memory footprint
