Threads=8
LoadTime(s)=0.00108258
CODE_EXECUTION_TIME(s)=0.0277875
RESULT=608389
Throughput=2.18943e+07
VertexSetAllocated=0.00 Bytes
MiniGraphAllocated=0.00 Bytes
        0.03 real         0.15 user         0.00 sys
             4407296  maximum resident set size
                   0  average shared memory size
                   0  average unshared data size
                   0  average unshared stack size
                 378  page reclaims
                   0  page faults
                   0  swaps
                   0  block input operations
                   0  block output operations
                   0  messages sent
                   0  messages received
                   0  signals received
                   0  voluntary context switches
                 557  involuntary context switches
           761789368  instructions retired
           306538412  cycles elapsed
             3392320  peak memory footprint
