Threads=8
LoadTime(s)=0.000819459
CODE_EXECUTION_TIME(s)=0.0219265
RESULT=608389
Throughput=2.77467e+07
VertexSetAllocated=0.00 Bytes
MiniGraphAllocated=0.00 Bytes
        0.02 real         0.16 user         0.00 sys
             4341760  maximum resident set size
                   0  average shared memory size
                   0  average unshared data size
                   0  average unshared stack size
                 372  page reclaims
                   0  page faults
                   0  swaps
                   0  block input operations
                   0  block output operations
                   0  messages sent
                   0  messages received
                   0  signals received
                   0  voluntary context switches
                 250  involuntary context switches
           759939964  instructions retired
           293846217  cycles elapsed
             3260992  peak memory footprint
