Threads=8
LoadTime(s)=0.000875125
CODE_EXECUTION_TIME(s)=0.0299294
RESULT=608389
Throughput=2.03275e+07
VertexSetAllocated=0.00 Bytes
MiniGraphAllocated=0.00 Bytes
        0.03 real         0.15 user         0.00 sys
             4341760  maximum resident set size
                   0  average shared memory size
                   0  average unshared data size
                   0  average unshared stack size
                 378  page reclaims
                   0  page faults
                   0  swaps
                   0  block input operations
                   0  block output operations
                   0  messages sent
                   0  messages received
                   0  signals received
                   0  voluntary context switches
                 670  involuntary context switches
           762143971  instructions retired
           315881362  cycles elapsed
             3277440  peak memory footprint
