Threads=8
LoadTime(s)=0.000962459
CODE_EXECUTION_TIME(s)=0.0236268
RESULT=608389
Throughput=2.575e+07
VertexSetAllocated=0.00 Bytes
MiniGraphAllocated=0.00 Bytes
        0.03 real         0.15 user         0.00 sys
             4440064  maximum resident set size
                   0  average shared memory size
                   0  average unshared data size
                   0  average unshared stack size
                 372  page reclaims
                   0  page faults
                   0  swaps
                   0  block input operations
                   0  block output operations
                   0  messages sent
                   0  messages received
                   0  signals received
                   0  voluntary context switches
                 545  involuntary context switches
           761818236  instructions retired
           296406326  cycles elapsed
             3392192  peak memory footprint
