Threads=8
LoadTime(s)=0.00615863
CODE_EXECUTION_TIME(s)=0.0414695
RESULT=2224385
Throughput=5.36391e+07
VertexSetAllocated=0.00 Bytes
MiniGraphAllocated=0.00 Bytes
        0.05 real         0.31 user         0.00 sys
            19464192  maximum resident set size
                   0  average shared memory size
                   0  average unshared data size
                   0  average unshared stack size
                1295  page reclaims
                   0  page faults
                   0  swaps
                   0  block input operations
                   0  block output operations
                   0  messages sent
                   0  messages received
                   0  signals received
                   0  voluntary context switches
                 184  involuntary context switches
          1584030210  instructions retired
           703407106  cycles elapsed
            18432768  peak memory footprint
