Threads=8
LoadTime(s)=0.008231
CODE_EXECUTION_TIME(s)=0.0496324
RESULT=2224385
Throughput=4.48172e+07
VertexSetAllocated=0.00 Bytes
MiniGraphAllocated=0.00 Bytes
        0.06 real         0.38 user         0.00 sys
            19316736  maximum resident set size
                   0  average shared memory size
                   0  average unshared data size
                   0  average unshared stack size
                1288  page reclaims
                   0  page faults
                   0  swaps
                   0  block input operations
                   0  block output operations
                   0  messages sent
                   0  messages received
                   0  signals received
                   0  voluntary context switches
                 230  involuntary context switches
          1584246083  instructions retired
           745219713  cycles elapsed
            18252416  peak memory footprint
