Threads=8
LoadTime(s)=0.005893
CODE_EXECUTION_TIME(s)=0.046724
RESULT=2224385
Throughput=4.76069e+07
VertexSetAllocated=0.00 Bytes
MiniGraphAllocated=0.00 Bytes
        0.05 real         0.32 user         0.00 sys
            19333120  maximum resident set size
                   0  average shared memory size
                   0  average unshared data size
                   0  average unshared stack size
                1286  page reclaims
                   0  page faults
                   0  swaps
                   0  block input operations
                   0  block output operations
                   0  messages sent
                   0  messages received
                   0  signals received
                   0  voluntary context switches
                 232  involuntary context switches
          1584695388  instructions retired
           727542206  cycles elapsed
            18268800  peak memory footprint
