Threads=8
LoadTime(s)=0.00586025
CODE_EXECUTION_TIME(s)=0.0436597
RESULT=2224385
Throughput=5.09482e+07
VertexSetAllocated=0.00 Bytes
MiniGraphAllocated=0.00 Bytes
        0.05 real         0.32 user         0.00 sys
            19316736  maximum resident set size
                   0  average shared memory size
                   0  average unshared data size
                   0  average unshared stack size
                1288  page reclaims
                   0  page faults
                   0  swaps
                   0  block input operations
                   0  block output operations
                   0  messages sent
                   0  messages received
                   0  signals received
                   0  voluntary context switches
                 326  involuntary context switches
          1585925207  instructions retired
           720508801  cycles elapsed
            18252416  peak memory footprint
