Threads=8
LoadTime(s)=0.00105887
CODE_EXECUTION_TIME(s)=0.0155349
RESULT=727044
Throughput=4.68006e+07
VertexSetAllocated=0.00 Bytes
MiniGraphAllocated=0.00 Bytes
        0.02 real         0.11 user         0.00 sys
             5718016  maximum resident set size
                   0  average shared memory size
                   0  average unshared data size
                   0  average unshared stack size
                 456  page reclaims
                   0  page faults
                   0  swaps
                   0  block input operations
                   0  block output operations
                   0  messages sent
                   0  messages received
                   0  signals received
                   0  voluntary context switches
                 141  involuntary context switches
           637429064  instructions retired
           254969520  cycles elapsed
             4670144  peak memory footprint
