Threads=8
LoadTime(s)=0.00112587
CODE_EXECUTION_TIME(s)=0.0153675
RESULT=727044
Throughput=4.73106e+07
VertexSetAllocated=0.00 Bytes
MiniGraphAllocated=0.00 Bytes
        0.02 real         0.11 user         0.00 sys
             5701632  maximum resident set size
                   0  average shared memory size
                   0  average unshared data size
                   0  average unshared stack size
                 456  page reclaims
                   0  page faults
                   0  swaps
                   0  block input operations
                   0  block output operations
                   0  messages sent
                   0  messages received
                   0  signals received
                   0  voluntary context switches
                 142  involuntary context switches
           637851739  instructions retired
           254455737  cycles elapsed
             4670208  peak memory footprint
