Threads=8
LoadTime(s)=0.00101767
CODE_EXECUTION_TIME(s)=0.0177704
RESULT=727044
Throughput=4.09132e+07
VertexSetAllocated=0.00 Bytes
MiniGraphAllocated=0.00 Bytes
        0.02 real         0.11 user         0.00 sys
             5652480  maximum resident set size
                   0  average shared memory size
                   0  average unshared data size
                   0  average unshared stack size
                 454  page reclaims
                   0  page faults
                   0  swaps
                   0  block input operations
                   0  block output operations
                   0  messages sent
                   0  messages received
                   0  signals received
                   0  voluntary context switches
                 302  involuntary context switches
           638617028  instructions retired
           266516479  cycles elapsed
             4588160  peak memory footprint
