Threads=8
LoadTime(s)=0.0005285
CODE_EXECUTION_TIME(s)=0.0180036
RESULT=608389
Throughput=3.37926e+07
VertexSetAllocated=0.00 Bytes
MiniGraphAllocated=0.00 Bytes
        0.02 real         0.12 user         0.00 sys
             4456448  maximum resident set size
                   0  average shared memory size
                   0  average unshared data size
                   0  average unshared stack size
                 379  page reclaims
                   0  page faults
                   0  swaps
                   0  block input operations
                   0  block output operations
                   0  messages sent
                   0  messages received
                   0  signals received
                   0  voluntary context switches
                 294  involuntary context switches
           759586185  instructions retired
           281101618  cycles elapsed
             3375680  peak memory footprint
