Threads=8
LoadTime(s)=0.000531042
CODE_EXECUTION_TIME(s)=0.0174592
RESULT=608389
Throughput=3.48462e+07
VertexSetAllocated=0.00 Bytes
MiniGraphAllocated=0.00 Bytes
        0.02 real         0.12 user         0.00 sys
             4325376  maximum resident set size
                   0  average shared memory size
                   0  average unshared data size
                   0  average unshared stack size
                 371  page reclaims
                   0  page faults
                   0  swaps
                   0  block input operations
                   0  block output operations
                   0  messages sent
                   0  messages received
                   0  signals received
                   0  voluntary context switches
                 257  involuntary context switches
           758636068  instructions retired
           277952858  cycles elapsed
             3244608  peak memory footprint
