Threads=8
LoadTime(s)=0.00936067
CODE_EXECUTION_TIME(s)=2.67004
RESULT=262663639
Throughput=9.83743e+07
VertexSetAllocated=0.00 Bytes
MiniGraphAllocated=1.23 MB
        2.68 real        11.10 user         0.10 sys
            21102592  maximum resident set size
                   0  average shared memory size
                   0  average unshared data size
                   0  average unshared stack size
                1394  page reclaims
                   1  page faults
                   0  swaps
                   0  block input operations
                   0  block output operations
                   0  messages sent
                   0  messages received
                   0  signals received
                   4  voluntary context switches
               19926  involuntary context switches
         54215008763  instructions retired
         23385996058  cycles elapsed
            20087808  peak memory footprint
