Threads=8
LoadTime(s)=0.024992
CODE_EXECUTION_TIME(s)=0.0642198
RESULT=2224385
Throughput=3.46371e+07
VertexSetAllocated=0.00 Bytes
MiniGraphAllocated=0.00 Bytes
        0.38 real         0.33 user         0.01 sys
            19431424  maximum resident set size
                   0  average shared memory size
                   0  average unshared data size
                   0  average unshared stack size
                1295  page reclaims
                   0  page faults
                   0  swaps
                   0  block input operations
                   0  block output operations
                   0  messages sent
                   0  messages received
                   0  signals received
                  11  voluntary context switches
                 816  involuntary context switches
          1597362186  instructions retired
           752803777  cycles elapsed
            18383552  peak memory footprint
