Threads=8
LoadTime(s)=0.00902213
CODE_EXECUTION_TIME(s)=2.56711
RESULT=262663639
Throughput=1.02319e+08
VertexSetAllocated=0.00 Bytes
MiniGraphAllocated=1.49 MB
        2.86 real        10.84 user         0.10 sys
            21413888  maximum resident set size
                   0  average shared memory size
                   0  average unshared data size
                   0  average unshared stack size
                1412  page reclaims
                   0  page faults
                   0  swaps
                   0  block input operations
                   0  block output operations
                   0  messages sent
                   0  messages received
                   0  signals received
                   0  voluntary context switches
               18062  involuntary context switches
         54256226452  instructions retired
         22985085385  cycles elapsed
            20399104  peak memory footprint
