Threads=8
LoadTime(s)=0.0104443
CODE_EXECUTION_TIME(s)=0.769068
RESULT=252893
Throughput=328831
VertexSetAllocated=1.02 MB
MiniGraphAllocated=0.00 Bytes
        1.06 real         4.24 user         0.01 sys
            19972096  maximum resident set size
                   0  average shared memory size
                   0  average unshared data size
                   0  average unshared stack size
                1326  page reclaims
                   0  page faults
                   0  swaps
                   0  block input operations
                   0  block output operations
                   0  messages sent
                   0  messages received
                   0  signals received
                   0  voluntary context switches
                1514  involuntary context switches
         17825929942  instructions retired
          8843829435  cycles elapsed
            18973632  peak memory footprint
