Threads=8
LoadTime(s)=0.011393
CODE_EXECUTION_TIME(s)=2.4433
RESULT=258570802
Throughput=1.05829e+08
VertexSetAllocated=521.59 KB
MiniGraphAllocated=740.61 KB
        2.74 real        10.90 user         0.04 sys
            20774912  maximum resident set size
                   0  average shared memory size
                   0  average unshared data size
                   0  average unshared stack size
                1373  page reclaims
                   1  page faults
                   0  swaps
                   0  block input operations
                   0  block output operations
                   0  messages sent
                   0  messages received
                   0  signals received
                   3  voluntary context switches
                7382  involuntary context switches
         51861896997  instructions retired
         22918301252  cycles elapsed
            19760192  peak memory footprint
