Threads=8
LoadTime(s)=0.00872879
CODE_EXECUTION_TIME(s)=2.46759
RESULT=262663639
Throughput=1.06445e+08
VertexSetAllocated=0.00 Bytes
MiniGraphAllocated=1.32 MB
        2.76 real        10.88 user         0.07 sys
            21266432  maximum resident set size
                   0  average shared memory size
                   0  average unshared data size
                   0  average unshared stack size
                1404  page reclaims
                   0  page faults
                   0  swaps
                   0  block input operations
                   0  block output operations
                   0  messages sent
                   0  messages received
                   0  signals received
                   0  voluntary context switches
               12150  involuntary context switches
         54198222861  instructions retired
         23142909668  cycles elapsed
            20235200  peak memory footprint
