Threads=8
LoadTime(s)=0.00987704
CODE_EXECUTION_TIME(s)=0.821191
RESULT=252893
Throughput=307959
VertexSetAllocated=1.02 MB
MiniGraphAllocated=0.00 Bytes
        1.12 real         4.34 user         0.02 sys
            19939328  maximum resident set size
                   0  average shared memory size
                   0  average unshared data size
                   0  average unshared stack size
                1324  page reclaims
                   0  page faults
                   0  swaps
                   0  block input operations
                   0  block output operations
                   0  messages sent
                   0  messages received
                   0  signals received
                   0  voluntary context switches
                1896  involuntary context switches
         17829162776  instructions retired
          9108414692  cycles elapsed
            18940864  peak memory footprint
