Threads=8
LoadTime(s)=0.00887729
CODE_EXECUTION_TIME(s)=0.0526445
RESULT=2224385
Throughput=4.22529e+07
VertexSetAllocated=0.00 Bytes
MiniGraphAllocated=0.00 Bytes
        0.35 real         0.32 user         0.01 sys
            19382272  maximum resident set size
                   0  average shared memory size
                   0  average unshared data size
                   0  average unshared stack size
                1291  page reclaims
                   0  page faults
                   0  swaps
                   0  block input operations
                   0  block output operations
                   0  messages sent
                   0  messages received
                   0  signals received
                   0  voluntary context switches
                 114  involuntary context switches
          1584856805  instructions retired
           732077171  cycles elapsed
            18334400  peak memory footprint
