Threads=8
LoadTime(s)=0.0232417
CODE_EXECUTION_TIME(s)=2.56783
RESULT=262663639
Throughput=1.0229e+08
VertexSetAllocated=0.00 Bytes
MiniGraphAllocated=1.34 MB
        2.59 real        11.08 user         0.07 sys
            21250048  maximum resident set size
                   0  average shared memory size
                   0  average unshared data size
                   0  average unshared stack size
                1402  page reclaims
                   0  page faults
                   0  swaps
                   0  block input operations
                   0  block output operations
                   0  messages sent
                   0  messages received
                   0  signals received
                   0  voluntary context switches
               11950  involuntary context switches
         54181151527  instructions retired
         22926201861  cycles elapsed
            20202368  peak memory footprint
