Threads=8
LoadTime(s)=0.0116429
CODE_EXECUTION_TIME(s)=2.69858
RESULT=262663639
Throughput=9.73341e+07
VertexSetAllocated=0.00 Bytes
MiniGraphAllocated=1.33 MB
        2.71 real        11.05 user         0.11 sys
            21299200  maximum resident set size
                   0  average shared memory size
                   0  average unshared data size
                   0  average unshared stack size
                1405  page reclaims
                   0  page faults
                   0  swaps
                   0  block input operations
                   0  block output operations
                   0  messages sent
                   0  messages received
                   0  signals received
                   3  voluntary context switches
               19404  involuntary context switches
         54204298563  instructions retired
         23400228548  cycles elapsed
            20300864  peak memory footprint
