Threads=8
LoadTime(s)=0.0108437
CODE_EXECUTION_TIME(s)=2.60578
RESULT=262663639
Throughput=1.008e+08
VertexSetAllocated=0.00 Bytes
MiniGraphAllocated=1.23 MB
        2.62 real        11.05 user         0.11 sys
            21184512  maximum resident set size
                   0  average shared memory size
                   0  average unshared data size
                   0  average unshared stack size
                1399  page reclaims
                   0  page faults
                   0  swaps
                   0  block input operations
                   0  block output operations
                   0  messages sent
                   0  messages received
                   0  signals received
                   0  voluntary context switches
               20145  involuntary context switches
         54316857069  instructions retired
         23292890758  cycles elapsed
            20169728  peak memory footprint
