Threads=8
LoadTime(s)=0.00889967
CODE_EXECUTION_TIME(s)=0.873595
RESULT=252893
Throughput=289485
VertexSetAllocated=1.02 MB
MiniGraphAllocated=0.00 Bytes
        1.17 real         4.29 user         0.02 sys
            20332544  maximum resident set size
                   0  average shared memory size
                   0  average unshared data size
                   0  average unshared stack size
                1348  page reclaims
                   0  page faults
                   0  swaps
                   0  block input operations
                   0  block output operations
                   0  messages sent
                   0  messages received
                   0  signals received
                   0  voluntary context switches
                1977  involuntary context switches
         17829673191  instructions retired
          9029200215  cycles elapsed
            19334080  peak memory footprint
