Threads=8
LoadTime(s)=0.0131127
CODE_EXECUTION_TIME(s)=0.450533
RESULT=16713192
Throughput=3.70965e+07
VertexSetAllocated=0.00 Bytes
MiniGraphAllocated=380.66 KB
        0.80 real         1.88 user         0.01 sys
            20119552  maximum resident set size
                   0  average shared memory size
                   0  average unshared data size
                   0  average unshared stack size
                1327  page reclaims
                   0  page faults
                   0  swaps
                   0  block input operations
                   0  block output operations
                   0  messages sent
                   0  messages received
                   0  signals received
                   0  voluntary context switches
                1712  involuntary context switches
          8122185035  instructions retired
          4105696163  cycles elapsed
            19071936  peak memory footprint
