Threads=8
LoadTime(s)=0.00186796
CODE_EXECUTION_TIME(s)=2.07057
RESULT=8821744
Throughput=4.26054e+06
VertexSetAllocated=2.17 MB
MiniGraphAllocated=0.00 Bytes
        2.36 real        10.31 user         0.06 sys
             6094848  maximum resident set size
                   0  average shared memory size
                   0  average unshared data size
                   0  average unshared stack size
                 478  page reclaims
                   1  page faults
                   0  swaps
                   0  block input operations
                   0  block output operations
                   0  messages sent
                   0  messages received
                   0  signals received
                   1  voluntary context switches
               10813  involuntary context switches
         49292852986  instructions retired
         20933543081  cycles elapsed
             5063488  peak memory footprint
