Threads=8
LoadTime(s)=0.00185654
CODE_EXECUTION_TIME(s)=1.93401
RESULT=8821744
Throughput=4.56138e+06
VertexSetAllocated=2.17 MB
MiniGraphAllocated=0.00 Bytes
        2.23 real        10.24 user         0.02 sys
             6127616  maximum resident set size
                   0  average shared memory size
                   0  average unshared data size
                   0  average unshared stack size
                 481  page reclaims
                   0  page faults
                   0  swaps
                   0  block input operations
                   0  block output operations
                   0  messages sent
                   0  messages received
                   0  signals received
                   0  voluntary context switches
                3661  involuntary context switches
         49234677217  instructions retired
         21233150145  cycles elapsed
             5112704  peak memory footprint
