Threads=8
LoadTime(s)=0.00184192
CODE_EXECUTION_TIME(s)=0.229908
RESULT=5809356
Throughput=2.52682e+07
VertexSetAllocated=0.00 Bytes
MiniGraphAllocated=601.12 KB
        0.52 real         1.41 user         0.00 sys
             6586368  maximum resident set size
                   0  average shared memory size
                   0  average unshared data size
                   0  average unshared stack size
                 508  page reclaims
                   0  page faults
                   0  swaps
                   0  block input operations
                   0  block output operations
                   0  messages sent
                   0  messages received
                   0  signals received
                   0  voluntary context switches
                1042  involuntary context switches
          6444802636  instructions retired
          2938768329  cycles elapsed
             5456512  peak memory footprint
