Threads=8
LoadTime(s)=0.00180396
CODE_EXECUTION_TIME(s)=0.0712878
RESULT=2341639
Throughput=3.28477e+07
VertexSetAllocated=0.00 Bytes
MiniGraphAllocated=425.24 KB
        0.36 real         0.45 user         0.00 sys
             6307840  maximum resident set size
                   0  average shared memory size
                   0  average unshared data size
                   0  average unshared stack size
                 492  page reclaims
                   0  page faults
                   0  swaps
                   0  block input operations
                   0  block output operations
                   0  messages sent
                   0  messages received
                   0  signals received
                   0  voluntary context switches
                 150  involuntary context switches
          2211428364  instructions retired
           988301114  cycles elapsed
             5194368  peak memory footprint
