Threads=8
LoadTime(s)=0.0017935
CODE_EXECUTION_TIME(s)=0.069734
RESULT=2341639
Throughput=3.35796e+07
VertexSetAllocated=0.00 Bytes
MiniGraphAllocated=384.65 KB
        0.36 real         0.44 user         0.00 sys
             6373376  maximum resident set size
                   0  average shared memory size
                   0  average unshared data size
                   0  average unshared stack size
                 493  page reclaims
                   0  page faults
                   0  swaps
                   0  block input operations
                   0  block output operations
                   0  messages sent
                   0  messages received
                   0  signals received
                   0  voluntary context switches
                 137  involuntary context switches
          2208691304  instructions retired
           988519652  cycles elapsed
             5259904  peak memory footprint
