Threads=8
LoadTime(s)=0.00224867
CODE_EXECUTION_TIME(s)=1.82964
RESULT=8821744
Throughput=4.82156e+06
VertexSetAllocated=2.17 MB
MiniGraphAllocated=0.00 Bytes
        2.12 real        10.31 user         0.02 sys
             6193152  maximum resident set size
                   0  average shared memory size
                   0  average unshared data size
                   0  average unshared stack size
                 481  page reclaims
                   0  page faults
                   0  swaps
                   0  block input operations
                   0  block output operations
                   0  messages sent
                   0  messages received
                   0  signals received
                   3  voluntary context switches
                3494  involuntary context switches
         49233928298  instructions retired
         21169418321  cycles elapsed
             5145344  peak memory footprint
