Threads=8
LoadTime(s)=0.00178346
CODE_EXECUTION_TIME(s)=0.0222663
RESULT=727044
Throughput=3.26522e+07
VertexSetAllocated=0.00 Bytes
MiniGraphAllocated=0.00 Bytes
        0.31 real         0.12 user         0.00 sys
             5652480  maximum resident set size
                   0  average shared memory size
                   0  average unshared data size
                   0  average unshared stack size
                 452  page reclaims
                   2  page faults
                   0  swaps
                   0  block input operations
                   0  block output operations
                   0  messages sent
                   0  messages received
                   0  signals received
                   1  voluntary context switches
                  93  involuntary context switches
           638065241  instructions retired
           273118425  cycles elapsed
             4571712  peak memory footprint
