Threads=8
LoadTime(s)=0.00168588
CODE_EXECUTION_TIME(s)=0.216662
RESULT=5809356
Throughput=2.6813e+07
VertexSetAllocated=0.00 Bytes
MiniGraphAllocated=699.46 KB
        0.50 real         1.38 user         0.00 sys
             6766592  maximum resident set size
                   0  average shared memory size
                   0  average unshared data size
                   0  average unshared stack size
                 501  page reclaims
                  18  page faults
                   0  swaps
                   0  block input operations
                   0  block output operations
                   0  messages sent
                   0  messages received
                   0  signals received
                   5  voluntary context switches
                 506  involuntary context switches
          6443375190  instructions retired
          2891074181  cycles elapsed
             5653184  peak memory footprint
