Threads=8
LoadTime(s)=0.00111533
CODE_EXECUTION_TIME(s)=1.82994
RESULT=8821744
Throughput=4.82079e+06
VertexSetAllocated=2.17 MB
MiniGraphAllocated=0.00 Bytes
        2.11 real        10.29 user         0.02 sys
             6275072  maximum resident set size
                   0  average shared memory size
                   0  average unshared data size
                   0  average unshared stack size
                 488  page reclaims
                   0  page faults
                   0  swaps
                   0  block input operations
                   0  block output operations
                   0  messages sent
                   0  messages received
                   0  signals received
                   0  voluntary context switches
                4115  involuntary context switches
         49238095696  instructions retired
         21028919730  cycles elapsed
             5276608  peak memory footprint
