Threads=8
LoadTime(s)=0.001924
CODE_EXECUTION_TIME(s)=0.346287
RESULT=5809356
Throughput=1.67761e+07
VertexSetAllocated=0.00 Bytes
MiniGraphAllocated=636.86 KB
        0.35 real         1.62 user         0.02 sys
             6684672  maximum resident set size
                   0  average shared memory size
                   0  average unshared data size
                   0  average unshared stack size
                 514  page reclaims
                   0  page faults
                   0  swaps
                   0  block input operations
                   0  block output operations
                   0  messages sent
                   0  messages received
                   0  signals received
                   0  voluntary context switches
                2691  involuntary context switches
          6465746325  instructions retired
          3353554538  cycles elapsed
             5554816  peak memory footprint
