Threads=8
LoadTime(s)=0.00203854
CODE_EXECUTION_TIME(s)=0.294656
RESULT=5809356
Throughput=1.97157e+07
VertexSetAllocated=0.00 Bytes
MiniGraphAllocated=672.85 KB
        0.30 real         1.61 user         0.00 sys
             6684672  maximum resident set size
                   0  average shared memory size
                   0  average unshared data size
                   0  average unshared stack size
                 512  page reclaims
                   0  page faults
                   0  swaps
                   0  block input operations
                   0  block output operations
                   0  messages sent
                   0  messages received
                   0  signals received
                   0  voluntary context switches
                 628  involuntary context switches
          6441426217  instructions retired
          3341993339  cycles elapsed
             5554816  peak memory footprint
