Threads=8
LoadTime(s)=0.00169325
CODE_EXECUTION_TIME(s)=0.274325
RESULT=5809356
Throughput=2.11769e+07
VertexSetAllocated=0.00 Bytes
MiniGraphAllocated=661.76 KB
        0.28 real         1.57 user         0.00 sys
             6651904  maximum resident set size
                   0  average shared memory size
                   0  average unshared data size
                   0  average unshared stack size
                 512  page reclaims
                   0  page faults
                   0  swaps
                   0  block input operations
                   0  block output operations
                   0  messages sent
                   0  messages received
                   0  signals received
                   0  voluntary context switches
                 582  involuntary context switches
          6438325065  instructions retired
          3263897250  cycles elapsed
             5522048  peak memory footprint
