Threads=8
LoadTime(s)=0.00182017
CODE_EXECUTION_TIME(s)=2.03529
RESULT=8821744
Throughput=4.33438e+06
VertexSetAllocated=2.17 MB
MiniGraphAllocated=0.00 Bytes
        2.34 real        10.10 user         0.02 sys
             6193152  maximum resident set size
                   0  average shared memory size
                   0  average unshared data size
                   0  average unshared stack size
                 481  page reclaims
                   0  page faults
                   0  swaps
                   0  block input operations
                   0  block output operations
                   0  messages sent
                   0  messages received
                   0  signals received
                   0  voluntary context switches
                3887  involuntary context switches
         49237050707  instructions retired
         21269122147  cycles elapsed
             5161792  peak memory footprint
