Threads=8
LoadTime(s)=0.00698617
CODE_EXECUTION_TIME(s)=13.5332
RESULT=4479591993
Throughput=3.31008e+08
VertexSetAllocated=1.08 MB
MiniGraphAllocated=1.70 MB
       13.84 real        66.83 user         0.15 sys
             8339456  maximum resident set size
                   0  average shared memory size
                   0  average unshared data size
                   0  average unshared stack size
                 612  page reclaims
                   1  page faults
                   0  swaps
                   0  block input operations
                   0  block output operations
                   0  messages sent
                   0  messages received
                   0  signals received
                  11  voluntary context switches
               28056  involuntary context switches
        426459481433  instructions retired
        140767587555  cycles elapsed
             7357632  peak memory footprint
