Threads=8
LoadTime(s)=0.00178825
CODE_EXECUTION_TIME(s)=13.1855
RESULT=4479591993
Throughput=3.39737e+08
VertexSetAllocated=1.08 MB
MiniGraphAllocated=1.81 MB
       13.48 real        66.96 user         0.14 sys
             8306688  maximum resident set size
                   0  average shared memory size
                   0  average unshared data size
                   0  average unshared stack size
                 610  page reclaims
                   1  page faults
                   0  swaps
                   0  block input operations
                   0  block output operations
                   0  messages sent
                   0  messages received
                   0  signals received
                   3  voluntary context switches
               26049  involuntary context switches
        426426061605  instructions retired
        140407299008  cycles elapsed
             7341312  peak memory footprint
