Threads=8
LoadTime(s)=0.0018325
CODE_EXECUTION_TIME(s)=0.225761
RESULT=5809356
Throughput=2.57323e+07
VertexSetAllocated=0.00 Bytes
MiniGraphAllocated=611.68 KB
        0.51 real         1.41 user         0.00 sys
             6619136  maximum resident set size
                   0  average shared memory size
                   0  average unshared data size
                   0  average unshared stack size
                 508  page reclaims
                   1  page faults
                   0  swaps
                   0  block input operations
                   0  block output operations
                   0  messages sent
                   0  messages received
                   0  signals received
                   0  voluntary context switches
                 410  involuntary context switches
          6445165029  instructions retired
          2931597357  cycles elapsed
             5489280  peak memory footprint
