Threads=8
LoadTime(s)=0.00707275
CODE_EXECUTION_TIME(s)=0.0692711
RESULT=2341639
Throughput=3.3804e+07
VertexSetAllocated=0.00 Bytes
MiniGraphAllocated=393.39 KB
        0.37 real         0.44 user         0.00 sys
             6373376  maximum resident set size
                   0  average shared memory size
                   0  average unshared data size
                   0  average unshared stack size
                 495  page reclaims
                   1  page faults
                   0  swaps
                   0  block input operations
                   0  block output operations
                   0  messages sent
                   0  messages received
                   0  signals received
                   8  voluntary context switches
                 285  involuntary context switches
          2210706514  instructions retired
           976631243  cycles elapsed
             5259904  peak memory footprint
