Threads=8
LoadTime(s)=0.00102625
CODE_EXECUTION_TIME(s)=4.90938
RESULT=32230662
Throughput=6.56512e+06
VertexSetAllocated=3.78 MB
MiniGraphAllocated=0.00 Bytes
        5.23 real        13.77 user         0.17 sys
             4767744  maximum resident set size
                   0  average shared memory size
                   0  average unshared data size
                   0  average unshared stack size
                 513  page reclaims
                   1  page faults
                   0  swaps
                   0  block input operations
                   0  block output operations
                   0  messages sent
                   0  messages received
                   0  signals received
                   0  voluntary context switches
               34719  involuntary context switches
         69422924619  instructions retired
         29723568618  cycles elapsed
             3801984  peak memory footprint
