Threads=8
LoadTime(s)=0.000844875
time: command terminated abnormally
        7.92 real        24.26 user         0.30 sys
             6782976  maximum resident set size
                   0  average shared memory size
                   0  average unshared data size
                   0  average unshared stack size
                 557  page reclaims
                   1  page faults
                   0  swaps
                   0  block input operations
                   0  block output operations
                   0  messages sent
                   0  messages received
                   0  signals received
                   0  voluntary context switches
               60278  involuntary context switches
        143193068433  instructions retired
         51513587989  cycles elapsed
             6145088  peak memory footprint
