Threads=8
LoadTime(s)=0.000982417
CODE_EXECUTION_TIME(s)=0.296183
RESULT=4514137
Throughput=1.5241e+07
VertexSetAllocated=0.00 Bytes
MiniGraphAllocated=1.18 MB
        0.30 real         1.53 user         0.01 sys
             5996544  maximum resident set size
                   0  average shared memory size
                   0  average unshared data size
                   0  average unshared stack size
                 472  page reclaims
                   0  page faults
                   0  swaps
                   0  block input operations
                   0  block output operations
                   0  messages sent
                   0  messages received
                   0  signals received
                   0  voluntary context switches
                1737  involuntary context switches
          6208419734  instructions retired
          3135795094  cycles elapsed
             4932416  peak memory footprint
