Threads=8
LoadTime(s)=0.00100146
CODE_EXECUTION_TIME(s)=2.50162
RESULT=32230662
Throughput=1.28839e+07
VertexSetAllocated=3.78 MB
MiniGraphAllocated=0.00 Bytes
        2.79 real        13.96 user         0.03 sys
             4767744  maximum resident set size
                   0  average shared memory size
                   0  average unshared data size
                   0  average unshared stack size
                 399  page reclaims
                   0  page faults
                   0  swaps
                   0  block input operations
                   0  block output operations
                   0  messages sent
                   0  messages received
                   0  signals received
                   1  voluntary context switches
                5191  involuntary context switches
         69184128159  instructions retired
         28561806931  cycles elapsed
             3752832  peak memory footprint
