Threads=8
LoadTime(s)=0.00104754
CODE_EXECUTION_TIME(s)=2.71392
RESULT=32230662
Throughput=1.18761e+07
VertexSetAllocated=3.78 MB
MiniGraphAllocated=0.00 Bytes
        3.00 real        14.06 user         0.08 sys
             4800512  maximum resident set size
                   0  average shared memory size
                   0  average unshared data size
                   0  average unshared stack size
                 397  page reclaims
                   0  page faults
                   0  swaps
                   0  block input operations
                   0  block output operations
                   0  messages sent
                   0  messages received
                   0  signals received
                   0  voluntary context switches
               14257  involuntary context switches
         69259434307  instructions retired
         28683686637  cycles elapsed
             3752704  peak memory footprint
