Threads=8
LoadTime(s)=0.00085575
CODE_EXECUTION_TIME(s)=0.320287
RESULT=4514137
Throughput=1.4094e+07
VertexSetAllocated=0.00 Bytes
MiniGraphAllocated=1.15 MB
        0.32 real         1.50 user         0.00 sys
             6062080  maximum resident set size
                   0  average shared memory size
                   0  average unshared data size
                   0  average unshared stack size
                 471  page reclaims
                   1  page faults
                   0  swaps
                   0  block input operations
                   0  block output operations
                   0  messages sent
                   0  messages received
                   0  signals received
                   0  voluntary context switches
                1296  involuntary context switches
          6207491810  instructions retired
          3116196945  cycles elapsed
             5014400  peak memory footprint
