Threads=8
LoadTime(s)=0.000966542
CODE_EXECUTION_TIME(s)=0.104174
RESULT=2077903
Throughput=1.99464e+07
VertexSetAllocated=0.00 Bytes
MiniGraphAllocated=816.20 KB
        0.44 real         0.50 user         0.00 sys
             5701632  maximum resident set size
                   0  average shared memory size
                   0  average unshared data size
                   0  average unshared stack size
                 453  page reclaims
                   0  page faults
                   0  swaps
                   0  block input operations
                   0  block output operations
                   0  messages sent
                   0  messages received
                   0  signals received
                   0  voluntary context switches
                1177  involuntary context switches
          2366870893  instructions retired
          1037984095  cycles elapsed
             4686848  peak memory footprint
