Threads=8
LoadTime(s)=0.000574084
CODE_EXECUTION_TIME(s)=0.0761992
RESULT=2077903
Throughput=2.72694e+07
VertexSetAllocated=0.00 Bytes
MiniGraphAllocated=1000.09 KB
        0.37 real         0.46 user         0.00 sys
             5914624  maximum resident set size
                   0  average shared memory size
                   0  average unshared data size
                   0  average unshared stack size
                 465  page reclaims
                   0  page faults
                   0  swaps
                   0  block input operations
                   0  block output operations
                   0  messages sent
                   0  messages received
                   0  signals received
                   0  voluntary context switches
                 488  involuntary context switches
          2362607020  instructions retired
           991375240  cycles elapsed
             4883392  peak memory footprint
