Threads=8
LoadTime(s)=0.00100521
CODE_EXECUTION_TIME(s)=6.69196
RESULT=1127174796
Throughput=1.68437e+08
VertexSetAllocated=1.89 MB
MiniGraphAllocated=1.80 MB
        6.99 real        24.23 user         0.22 sys
             6291456  maximum resident set size
                   0  average shared memory size
                   0  average unshared data size
                   0  average unshared stack size
                 660  page reclaims
                   1  page faults
                   0  swaps
                   0  block input operations
                   0  block output operations
                   0  messages sent
                   0  messages received
                   0  signals received
                   1  voluntary context switches
               43088  involuntary context switches
        143056712651  instructions retired
         50762630442  cycles elapsed
             6112448  peak memory footprint
