Threads=8
LoadTime(s)=0.000911
CODE_EXECUTION_TIME(s)=0.0905311
RESULT=2077903
Throughput=2.29524e+07
VertexSetAllocated=0.00 Bytes
MiniGraphAllocated=987.84 KB
        0.49 real         0.48 user         0.00 sys
             5799936  maximum resident set size
                   0  average shared memory size
                   0  average unshared data size
                   0  average unshared stack size
                 459  page reclaims
                   0  page faults
                   0  swaps
                   0  block input operations
                   0  block output operations
                   0  messages sent
                   0  messages received
                   0  signals received
                   0  voluntary context switches
                 817  involuntary context switches
          2362916927  instructions retired
          1009849344  cycles elapsed
             4768704  peak memory footprint
