Threads=8
LoadTime(s)=0.00103179
CODE_EXECUTION_TIME(s)=2.20811
RESULT=32230662
Throughput=1.45965e+07
VertexSetAllocated=3.78 MB
MiniGraphAllocated=0.00 Bytes
        2.51 real        14.14 user         0.05 sys
             4866048  maximum resident set size
                   0  average shared memory size
                   0  average unshared data size
                   0  average unshared stack size
                 386  page reclaims
                  17  page faults
                   0  swaps
                   0  block input operations
                   0  block output operations
                   0  messages sent
                   0  messages received
                   0  signals received
                   3  voluntary context switches
               10128  involuntary context switches
         69228901655  instructions retired
         27377803612  cycles elapsed
             3851136  peak memory footprint
