Threads=8
LoadTime(s)=0.000961625
CODE_EXECUTION_TIME(s)=0.213893
RESULT=4514137
Throughput=2.11047e+07
VertexSetAllocated=0.00 Bytes
MiniGraphAllocated=1.19 MB
        0.51 real         1.37 user         0.00 sys
             6111232  maximum resident set size
                   0  average shared memory size
                   0  average unshared data size
                   0  average unshared stack size
                 479  page reclaims
                   0  page faults
                   0  swaps
                   0  block input operations
                   0  block output operations
                   0  messages sent
                   0  messages received
                   0  signals received
                   0  voluntary context switches
                 740  involuntary context switches
          6200195724  instructions retired
          2840643296  cycles elapsed
             5080000  peak memory footprint
