Threads=8
LoadTime(s)=0.00102571
CODE_EXECUTION_TIME(s)=0.024983
RESULT=608389
Throughput=2.43522e+07
VertexSetAllocated=0.00 Bytes
MiniGraphAllocated=0.00 Bytes
        0.36 real         0.13 user         0.00 sys
             4407296  maximum resident set size
                   0  average shared memory size
                   0  average unshared data size
                   0  average unshared stack size
                 378  page reclaims
                   0  page faults
                   0  swaps
                   0  block input operations
                   0  block output operations
                   0  messages sent
                   0  messages received
                   0  signals received
                   0  voluntary context switches
                 322  involuntary context switches
           761954038  instructions retired
           298896046  cycles elapsed
             3326528  peak memory footprint
