Threads=8
LoadTime(s)=0.000986292
CODE_EXECUTION_TIME(s)=0.025569
RESULT=608389
Throughput=2.3794e+07
VertexSetAllocated=0.00 Bytes
MiniGraphAllocated=0.00 Bytes
        0.32 real         0.13 user         0.00 sys
             4308992  maximum resident set size
                   0  average shared memory size
                   0  average unshared data size
                   0  average unshared stack size
                 358  page reclaims
                  16  page faults
                   0  swaps
                   0  block input operations
                   0  block output operations
                   0  messages sent
                   0  messages received
                   0  signals received
                   2  voluntary context switches
                 355  involuntary context switches
           764770295  instructions retired
           294715919  cycles elapsed
             3228224  peak memory footprint
