Threads=8
LoadTime(s)=0.000864292
CODE_EXECUTION_TIME(s)=0.260676
RESULT=4514137
Throughput=1.73171e+07
VertexSetAllocated=0.00 Bytes
MiniGraphAllocated=1.20 MB
        0.58 real         1.41 user         0.01 sys
             6094848  maximum resident set size
                   0  average shared memory size
                   0  average unshared data size
                   0  average unshared stack size
                 475  page reclaims
                   1  page faults
                   0  swaps
                   0  block input operations
                   0  block output operations
                   0  messages sent
                   0  messages received
                   0  signals received
                   0  voluntary context switches
                1877  involuntary context switches
          6216916649  instructions retired
          2984301009  cycles elapsed
             5063616  peak memory footprint
