Threads=8
LoadTime(s)=0.00366121
CODE_EXECUTION_TIME(s)=0.0314827
RESULT=608389
Throughput=1.93245e+07
VertexSetAllocated=0.00 Bytes
MiniGraphAllocated=0.00 Bytes
        0.36 real         0.13 user         0.00 sys
             4407296  maximum resident set size
                   0  average shared memory size
                   0  average unshared data size
                   0  average unshared stack size
                 353  page reclaims
                  23  page faults
                   0  swaps
                   0  block input operations
                   0  block output operations
                   0  messages sent
                   0  messages received
                   0  signals received
                  11  voluntary context switches
                 503  involuntary context switches
           763617189  instructions retired
           307907255  cycles elapsed
             3310080  peak memory footprint
