Threads=8
LoadTime(s)=0.00959079
CODE_EXECUTION_TIME(s)=0.771292
RESULT=16713192
Throughput=2.16691e+07
VertexSetAllocated=0.00 Bytes
MiniGraphAllocated=380.63 KB
        1.09 real         2.08 user         0.05 sys
            20168704  maximum resident set size
                   0  average shared memory size
                   0  average unshared data size
                   0  average unshared stack size
                1335  page reclaims
                   0  page faults
                   0  swaps
                   0  block input operations
                   0  block output operations
                   0  messages sent
                   0  messages received
                   0  signals received
                   0  voluntary context switches
                8657  involuntary context switches
          8206559143  instructions retired
          4541170947  cycles elapsed
            19121024  peak memory footprint
