Threads=8
LoadTime(s)=0.0148676
CODE_EXECUTION_TIME(s)=0.514256
RESULT=16713192
Throughput=3.24997e+07
VertexSetAllocated=0.00 Bytes
MiniGraphAllocated=390.76 KB
        0.86 real         1.94 user         0.02 sys
            20054016  maximum resident set size
                   0  average shared memory size
                   0  average unshared data size
                   0  average unshared stack size
                1327  page reclaims
                   0  page faults
                   0  swaps
                   0  block input operations
                   0  block output operations
                   0  messages sent
                   0  messages received
                   0  signals received
                   1  voluntary context switches
                2764  involuntary context switches
          8157661474  instructions retired
          4324184486  cycles elapsed
            18956992  peak memory footprint
