Threads=8
LoadTime(s)=0.0100261
CODE_EXECUTION_TIME(s)=0.532476
RESULT=50139576
Throughput=9.4163e+07
VertexSetAllocated=521.59 KB
MiniGraphAllocated=752.63 KB
        0.84 real         3.93 user         0.01 sys
            20873216  maximum resident set size
                   0  average shared memory size
                   0  average unshared data size
                   0  average unshared stack size
                1380  page reclaims
                   0  page faults
                   0  swaps
                   0  block input operations
                   0  block output operations
                   0  messages sent
                   0  messages received
                   0  signals received
                   0  voluntary context switches
                1129  involuntary context switches
         19593841692  instructions retired
          7913162600  cycles elapsed
            19891392  peak memory footprint
