Threads=8
LoadTime(s)=0.010615
CODE_EXECUTION_TIME(s)=3.10835
RESULT=258570802
Throughput=8.31858e+07
VertexSetAllocated=521.59 KB
MiniGraphAllocated=725.17 KB
        3.45 real        10.98 user         0.18 sys
            20807680  maximum resident set size
                   0  average shared memory size
                   0  average unshared data size
                   0  average unshared stack size
                1357  page reclaims
                  19  page faults
                   0  swaps
                   0  block input operations
                   0  block output operations
                   0  messages sent
                   0  messages received
                   0  signals received
                   2  voluntary context switches
               32700  involuntary context switches
         52085878629  instructions retired
         23597014463  cycles elapsed
            19842304  peak memory footprint
