Threads=8
LoadTime(s)=0.00876246
CODE_EXECUTION_TIME(s)=1.88493
RESULT=262663639
Throughput=1.39349e+08
VertexSetAllocated=0.00 Bytes
MiniGraphAllocated=1.48 MB
        1.90 real        11.10 user         0.03 sys
            21430272  maximum resident set size
                   0  average shared memory size
                   0  average unshared data size
                   0  average unshared stack size
                1413  page reclaims
                   0  page faults
                   0  swaps
                   0  block input operations
                   0  block output operations
                   0  messages sent
                   0  messages received
                   0  signals received
                   0  voluntary context switches
                3679  involuntary context switches
         54096386024  instructions retired
         22348927931  cycles elapsed
            20415488  peak memory footprint
