Threads=8
LoadTime(s)=0.00864863
CODE_EXECUTION_TIME(s)=2.15288
RESULT=258570802
Throughput=1.20105e+08
VertexSetAllocated=521.59 KB
MiniGraphAllocated=697.79 KB
        2.45 real        10.84 user         0.03 sys
            20774912  maximum resident set size
                   0  average shared memory size
                   0  average unshared data size
                   0  average unshared stack size
                1373  page reclaims
                   0  page faults
                   0  swaps
                   0  block input operations
                   0  block output operations
                   0  messages sent
                   0  messages received
                   0  signals received
                   0  voluntary context switches
                5050  involuntary context switches
         51783652376  instructions retired
         22783328651  cycles elapsed
            19793088  peak memory footprint
