Threads=8
LoadTime(s)=0.0110374
CODE_EXECUTION_TIME(s)=2.56165
RESULT=258570802
Throughput=1.00939e+08
VertexSetAllocated=521.59 KB
MiniGraphAllocated=768.21 KB
        2.86 real        10.96 user         0.07 sys
            20873216  maximum resident set size
                   0  average shared memory size
                   0  average unshared data size
                   0  average unshared stack size
                1380  page reclaims
                   0  page faults
                   0  swaps
                   0  block input operations
                   0  block output operations
                   0  messages sent
                   0  messages received
                   0  signals received
                   1  voluntary context switches
               13096  involuntary context switches
         51874670513  instructions retired
         23177425755  cycles elapsed
            19924288  peak memory footprint
