Threads=8
LoadTime(s)=0.0100039
CODE_EXECUTION_TIME(s)=0.446701
RESULT=252893
Throughput=566135
VertexSetAllocated=1.02 MB
MiniGraphAllocated=0.00 Bytes
        0.74 real         3.39 user         0.01 sys
            20054016  maximum resident set size
                   0  average shared memory size
                   0  average unshared data size
                   0  average unshared stack size
                1330  page reclaims
                   0  page faults
                   0  swaps
                   0  block input operations
                   0  block output operations
                   0  messages sent
                   0  messages received
                   0  signals received
                   0  voluntary context switches
                 888  involuntary context switches
         17821350192  instructions retired
          7394651407  cycles elapsed
            19072000  peak memory footprint
