Threads=8
LoadTime(s)=0.0100316
CODE_EXECUTION_TIME(s)=0.0458546
RESULT=2224385
Throughput=4.85095e+07
VertexSetAllocated=0.00 Bytes
MiniGraphAllocated=0.00 Bytes
        0.35 real         0.34 user         0.01 sys
            19349504  maximum resident set size
                   0  average shared memory size
                   0  average unshared data size
                   0  average unshared stack size
                1289  page reclaims
                   0  page faults
                   0  swaps
                   0  block input operations
                   0  block output operations
                   0  messages sent
                   0  messages received
                   0  signals received
                   0  voluntary context switches
                  92  involuntary context switches
          1584262059  instructions retired
           716372945  cycles elapsed
            18268736  peak memory footprint
