Threads=8
LoadTime(s)=0.00951721
CODE_EXECUTION_TIME(s)=1.9126
RESULT=262663639
Throughput=1.37333e+08
VertexSetAllocated=0.00 Bytes
MiniGraphAllocated=1.50 MB
        1.92 real        11.14 user         0.03 sys
            21479424  maximum resident set size
                   0  average shared memory size
                   0  average unshared data size
                   0  average unshared stack size
                1417  page reclaims
                   0  page faults
                   0  swaps
                   0  block input operations
                   0  block output operations
                   0  messages sent
                   0  messages received
                   0  signals received
                   0  voluntary context switches
                3775  involuntary context switches
         54127945394  instructions retired
         22349090825  cycles elapsed
            20464640  peak memory footprint
