Threads=8
LoadTime(s)=0.00903438
CODE_EXECUTION_TIME(s)=1.87156
RESULT=262663639
Throughput=1.40345e+08
VertexSetAllocated=0.00 Bytes
MiniGraphAllocated=1.43 MB
        1.88 real        11.23 user         0.03 sys
            21397504  maximum resident set size
                   0  average shared memory size
                   0  average unshared data size
                   0  average unshared stack size
                1411  page reclaims
                   0  page faults
                   0  swaps
                   0  block input operations
                   0  block output operations
                   0  messages sent
                   0  messages received
                   0  signals received
                   0  voluntary context switches
                3710  involuntary context switches
         54084269794  instructions retired
         22426376952  cycles elapsed
            20382720  peak memory footprint
