Threads=8
LoadTime(s)=0.00986608
CODE_EXECUTION_TIME(s)=1.95303
RESULT=262663639
Throughput=1.3449e+08
VertexSetAllocated=0.00 Bytes
MiniGraphAllocated=1.45 MB
        1.97 real        11.19 user         0.03 sys
            21413888  maximum resident set size
                   0  average shared memory size
                   0  average unshared data size
                   0  average unshared stack size
                1411  page reclaims
                   0  page faults
                   0  swaps
                   0  block input operations
                   0  block output operations
                   0  messages sent
                   0  messages received
                   0  signals received
                   0  voluntary context switches
                4675  involuntary context switches
         54085169336  instructions retired
         22418486062  cycles elapsed
            20382656  peak memory footprint
