Threads=8
LoadTime(s)=0.00996662
CODE_EXECUTION_TIME(s)=0.0455745
RESULT=2224385
Throughput=4.88076e+07
VertexSetAllocated=0.00 Bytes
MiniGraphAllocated=0.00 Bytes
        0.35 real         0.33 user         0.01 sys
            19333120  maximum resident set size
                   0  average shared memory size
                   0  average unshared data size
                   0  average unshared stack size
                1289  page reclaims
                   0  page faults
                   0  swaps
                   0  block input operations
                   0  block output operations
                   0  messages sent
                   0  messages received
                   0  signals received
                   0  voluntary context switches
                 100  involuntary context switches
          1584507689  instructions retired
           707367231  cycles elapsed
            18235904  peak memory footprint
