Threads=8
LoadTime(s)=0.010066
CODE_EXECUTION_TIME(s)=0.045144
RESULT=2224385
Throughput=4.92731e+07
VertexSetAllocated=0.00 Bytes
MiniGraphAllocated=0.00 Bytes
        0.35 real         0.33 user         0.01 sys
            19333120  maximum resident set size
                   0  average shared memory size
                   0  average unshared data size
                   0  average unshared stack size
                1289  page reclaims
                   0  page faults
                   0  swaps
                   0  block input operations
                   0  block output operations
                   0  messages sent
                   0  messages received
                   0  signals received
                   0  voluntary context switches
                  99  involuntary context switches
          1584123447  instructions retired
           715366250  cycles elapsed
            18285248  peak memory footprint
