Threads=8
LoadTime(s)=0.00995121
CODE_EXECUTION_TIME(s)=0.0454889
RESULT=2224385
Throughput=4.88995e+07
VertexSetAllocated=0.00 Bytes
MiniGraphAllocated=0.00 Bytes
        0.35 real         0.33 user         0.01 sys
            19333120  maximum resident set size
                   0  average shared memory size
                   0  average unshared data size
                   0  average unshared stack size
                1289  page reclaims
                   0  page faults
                   0  swaps
                   0  block input operations
                   0  block output operations
                   0  messages sent
                   0  messages received
                   0  signals received
                   0  voluntary context switches
                  97  involuntary context switches
          1584275681  instructions retired
           707720503  cycles elapsed
            18252352  peak memory footprint
