Threads=8
LoadTime(s)=0.00199571
CODE_EXECUTION_TIME(s)=0.29868
RESULT=5809356
Throughput=1.94501e+07
VertexSetAllocated=0.00 Bytes
MiniGraphAllocated=643.53 KB
        0.30 real         1.60 user         0.00 sys
             6668288  maximum resident set size
                   0  average shared memory size
                   0  average unshared data size
                   0  average unshared stack size
                 511  page reclaims
                   0  page faults
                   0  swaps
                   0  block input operations
                   0  block output operations
                   0  messages sent
                   0  messages received
                   0  signals received
                   0  voluntary context switches
                 838  involuntary context switches
          6437798112  instructions retired
          3316145718  cycles elapsed
             5538432  peak memory footprint
