Threads=8
LoadTime(s)=0.00164496
CODE_EXECUTION_TIME(s)=0.460131
RESULT=7024917
Throughput=1.52672e+07
VertexSetAllocated=1.08 MB
MiniGraphAllocated=1.63 MB
        0.77 real         1.80 user         0.01 sys
             8077312  maximum resident set size
                   0  average shared memory size
                   0  average unshared data size
                   0  average unshared stack size
                 599  page reclaims
                   0  page faults
                   0  swaps
                   0  block input operations
                   0  block output operations
                   0  messages sent
                   0  messages received
                   0  signals received
                   0  voluntary context switches
                3015  involuntary context switches
          8919932858  instructions retired
          4012840393  cycles elapsed
             7062592  peak memory footprint
