Threads=8
LoadTime(s)=0.00197625
CODE_EXECUTION_TIME(s)=0.664281
RESULT=7024917
Throughput=1.05752e+07
VertexSetAllocated=1.08 MB
MiniGraphAllocated=1.81 MB
        1.15 real         1.97 user         0.03 sys
             8323072  maximum resident set size
                   0  average shared memory size
                   0  average unshared data size
                   0  average unshared stack size
                 616  page reclaims
                   1  page faults
                   0  swaps
                   0  block input operations
                   0  block output operations
                   0  messages sent
                   0  messages received
                   0  signals received
                   0  voluntary context switches
                5394  involuntary context switches
          8948193166  instructions retired
          4287647568  cycles elapsed
             7308352  peak memory footprint
