Threads=8
LoadTime(s)=0.00798762
CODE_EXECUTION_TIME(s)=0.120007
RESULT=727044
Throughput=6.05836e+06
VertexSetAllocated=0.00 Bytes
MiniGraphAllocated=0.00 Bytes
        0.70 real         0.11 user         0.00 sys
             5783552  maximum resident set size
                   0  average shared memory size
                   0  average unshared data size
                   0  average unshared stack size
                 451  page reclaims
                   0  page faults
                   0  swaps
                   0  block input operations
                   0  block output operations
                   0  messages sent
                   0  messages received
                   0  signals received
                   8  voluntary context switches
                 268  involuntary context switches
           640537622  instructions retired
           264283693  cycles elapsed
             4752128  peak memory footprint
