Threads=8
LoadTime(s)=0.00177337
CODE_EXECUTION_TIME(s)=0.0701381
RESULT=2341639
Throughput=3.33861e+07
VertexSetAllocated=0.00 Bytes
MiniGraphAllocated=393.30 KB
        0.36 real         0.44 user         0.00 sys
             6373376  maximum resident set size
                   0  average shared memory size
                   0  average unshared data size
                   0  average unshared stack size
                 493  page reclaims
                   0  page faults
                   0  swaps
                   0  block input operations
                   0  block output operations
                   0  messages sent
                   0  messages received
                   0  signals received
                   0  voluntary context switches
                 144  involuntary context switches
          2206742304  instructions retired
           985950547  cycles elapsed
             5259904  peak memory footprint
