Threads=8
LoadTime(s)=0.00183458
CODE_EXECUTION_TIME(s)=0.0736144
RESULT=2341639
Throughput=3.18095e+07
VertexSetAllocated=0.00 Bytes
MiniGraphAllocated=411.21 KB
        0.36 real         0.44 user         0.00 sys
             6340608  maximum resident set size
                   0  average shared memory size
                   0  average unshared data size
                   0  average unshared stack size
                 494  page reclaims
                   0  page faults
                   0  swaps
                   0  block input operations
                   0  block output operations
                   0  messages sent
                   0  messages received
                   0  signals received
                   0  voluntary context switches
                 219  involuntary context switches
          2208584883  instructions retired
           982661055  cycles elapsed
             5227136  peak memory footprint
