Threads=8
LoadTime(s)=0.00108546
CODE_EXECUTION_TIME(s)=0.385211
RESULT=7024917
Throughput=1.82366e+07
VertexSetAllocated=1.08 MB
MiniGraphAllocated=1.93 MB
        0.67 real         1.84 user         0.01 sys
             8552448  maximum resident set size
                   0  average shared memory size
                   0  average unshared data size
                   0  average unshared stack size
                 628  page reclaims
                   0  page faults
                   0  swaps
                   0  block input operations
                   0  block output operations
                   0  messages sent
                   0  messages received
                   0  signals received
                   0  voluntary context switches
                2817  involuntary context switches
          8921968117  instructions retired
          3916886451  cycles elapsed
             7570624  peak memory footprint
