Threads=8
LoadTime(s)=0.00765746
CODE_EXECUTION_TIME(s)=17.6567
RESULT=4479591993
Throughput=2.53705e+08
VertexSetAllocated=1.08 MB
MiniGraphAllocated=1.74 MB
       17.96 real        66.74 user         0.53 sys
             8142848  maximum resident set size
                   0  average shared memory size
                   0  average unshared data size
                   0  average unshared stack size
                 696  page reclaims
                   1  page faults
                   0  swaps
                   0  block input operations
                   0  block output operations
                   0  messages sent
                   0  messages received
                   0  signals received
                  12  voluntary context switches
              102932  involuntary context switches
        427061564648  instructions retired
        142351238006  cycles elapsed
             7242816  peak memory footprint
