Threads=8
LoadTime(s)=0.00178046
CODE_EXECUTION_TIME(s)=0.204993
RESULT=5809356
Throughput=2.83393e+07
VertexSetAllocated=0.00 Bytes
MiniGraphAllocated=634.79 KB
        0.61 real         1.34 user         0.00 sys
             6635520  maximum resident set size
                   0  average shared memory size
                   0  average unshared data size
                   0  average unshared stack size
                 510  page reclaims
                   0  page faults
                   0  swaps
                   0  block input operations
                   0  block output operations
                   0  messages sent
                   0  messages received
                   0  signals received
                   0  voluntary context switches
                 384  involuntary context switches
          6438186998  instructions retired
          2895696395  cycles elapsed
             5505664  peak memory footprint
