Threads=8
LoadTime(s)=0.00190837
CODE_EXECUTION_TIME(s)=0.307489
RESULT=5809356
Throughput=1.88929e+07
VertexSetAllocated=0.00 Bytes
MiniGraphAllocated=653.06 KB
        0.31 real         1.60 user         0.01 sys
             6668288  maximum resident set size
                   0  average shared memory size
                   0  average unshared data size
                   0  average unshared stack size
                 516  page reclaims
                   0  page faults
                   0  swaps
                   0  block input operations
                   0  block output operations
                   0  messages sent
                   0  messages received
                   0  signals received
                   0  voluntary context switches
                1206  involuntary context switches
          6441961723  instructions retired
          3326450015  cycles elapsed
             5538432  peak memory footprint
