Threads=8
LoadTime(s)=0.00188617
CODE_EXECUTION_TIME(s)=3.20651
RESULT=8821744
Throughput=2.7512e+06
VertexSetAllocated=2.17 MB
MiniGraphAllocated=0.00 Bytes
        3.49 real        10.22 user         0.11 sys
             6160384  maximum resident set size
                   0  average shared memory size
                   0  average unshared data size
                   0  average unshared stack size
                 483  page reclaims
                   0  page faults
                   0  swaps
                   0  block input operations
                   0  block output operations
                   0  messages sent
                   0  messages received
                   0  signals received
                   1  voluntary context switches
               22709  involuntary context switches
         49394102569  instructions retired
         21797350840  cycles elapsed
             5211264  peak memory footprint
