Threads=8
LoadTime(s)=0.0019515
CODE_EXECUTION_TIME(s)=1.11182
RESULT=8821744
Throughput=7.93449e+06
VertexSetAllocated=2.17 MB
MiniGraphAllocated=0.00 Bytes
        1.41 real         8.50 user         0.01 sys
             6160384  maximum resident set size
                   0  average shared memory size
                   0  average unshared data size
                   0  average unshared stack size
                 485  page reclaims
                   0  page faults
                   0  swaps
                   0  block input operations
                   0  block output operations
                   0  messages sent
                   0  messages received
                   0  signals received
                   0  voluntary context switches
                2054  involuntary context switches
         49219139397  instructions retired
         18617601039  cycles elapsed
             5129024  peak memory footprint
