Threads=8
LoadTime(s)=0.00172746
CODE_EXECUTION_TIME(s)=0.0178766
RESULT=727044
Throughput=4.06701e+07
VertexSetAllocated=0.00 Bytes
MiniGraphAllocated=0.00 Bytes
        0.31 real         0.13 user         0.00 sys
             5668864  maximum resident set size
                   0  average shared memory size
                   0  average unshared data size
                   0  average unshared stack size
                 454  page reclaims
                   0  page faults
                   0  swaps
                   0  block input operations
                   0  block output operations
                   0  messages sent
                   0  messages received
                   0  signals received
                   0  voluntary context switches
                 251  involuntary context switches
           639415740  instructions retired
           271654463  cycles elapsed
             4571648  peak memory footprint
