Threads=8
LoadTime(s)=0.00185121
CODE_EXECUTION_TIME(s)=15.5656
RESULT=4479591993
Throughput=2.87788e+08
VertexSetAllocated=1.08 MB
MiniGraphAllocated=1.61 MB
       15.86 real        67.33 user         0.51 sys
             8060928  maximum resident set size
                   0  average shared memory size
                   0  average unshared data size
                   0  average unshared stack size
                 596  page reclaims
                   1  page faults
                   0  swaps
                   0  block input operations
                   0  block output operations
                   0  messages sent
                   0  messages received
                   0  signals received
                   3  voluntary context switches
               95610  involuntary context switches
        427009794632  instructions retired
        140905987490  cycles elapsed
             7062656  peak memory footprint
