Threads=8
LoadTime(s)=0.00180571
CODE_EXECUTION_TIME(s)=0.220486
RESULT=5809356
Throughput=2.63479e+07
VertexSetAllocated=0.00 Bytes
MiniGraphAllocated=614.78 KB
        0.51 real         1.41 user         0.00 sys
             6619136  maximum resident set size
                   0  average shared memory size
                   0  average unshared data size
                   0  average unshared stack size
                 510  page reclaims
                   0  page faults
                   0  swaps
                   0  block input operations
                   0  block output operations
                   0  messages sent
                   0  messages received
                   0  signals received
                   0  voluntary context switches
                 449  involuntary context switches
          6437506001  instructions retired
          2942753180  cycles elapsed
             5489280  peak memory footprint
