Threads=8
LoadTime(s)=0.00185392
CODE_EXECUTION_TIME(s)=0.301149
RESULT=5809356
Throughput=1.92906e+07
VertexSetAllocated=0.00 Bytes
MiniGraphAllocated=674.84 KB
        0.31 real         1.60 user         0.00 sys
             6717440  maximum resident set size
                   0  average shared memory size
                   0  average unshared data size
                   0  average unshared stack size
                 516  page reclaims
                   0  page faults
                   0  swaps
                   0  block input operations
                   0  block output operations
                   0  messages sent
                   0  messages received
                   0  signals received
                   0  voluntary context switches
                 756  involuntary context switches
          6448084630  instructions retired
          3317450891  cycles elapsed
             5587584  peak memory footprint
