Threads=8
LoadTime(s)=0.000787
CODE_EXECUTION_TIME(s)=0.167699
RESULT=4514137
Throughput=2.69181e+07
VertexSetAllocated=0.00 Bytes
MiniGraphAllocated=1.21 MB
        0.53 real         1.22 user         0.00 sys
             6144000  maximum resident set size
                   0  average shared memory size
                   0  average unshared data size
                   0  average unshared stack size
                 479  page reclaims
                   0  page faults
                   0  swaps
                   0  block input operations
                   0  block output operations
                   0  messages sent
                   0  messages received
                   0  signals received
                   0  voluntary context switches
                 354  involuntary context switches
          6199449615  instructions retired
          2621651352  cycles elapsed
             5112768  peak memory footprint
