Threads=8
LoadTime(s)=0.00110992
CODE_EXECUTION_TIME(s)=2.10929
RESULT=32230662
Throughput=1.52804e+07
VertexSetAllocated=3.78 MB
MiniGraphAllocated=0.00 Bytes
        2.41 real        14.14 user         0.05 sys
             4898816  maximum resident set size
                   0  average shared memory size
                   0  average unshared data size
                   0  average unshared stack size
                 403  page reclaims
                   0  page faults
                   0  swaps
                   0  block input operations
                   0  block output operations
                   0  messages sent
                   0  messages received
                   0  signals received
                   0  voluntary context switches
                8470  involuntary context switches
         69210428421  instructions retired
         27236868811  cycles elapsed
             3900352  peak memory footprint
