Threads=8
LoadTime(s)=0.000532667
CODE_EXECUTION_TIME(s)=0.153469
RESULT=4514137
Throughput=2.9414e+07
VertexSetAllocated=0.00 Bytes
MiniGraphAllocated=1.16 MB
        0.15 real         1.20 user         0.00 sys
             6127616  maximum resident set size
                   0  average shared memory size
                   0  average unshared data size
                   0  average unshared stack size
                 480  page reclaims
                   0  page faults
                   0  swaps
                   0  block input operations
                   0  block output operations
                   0  messages sent
                   0  messages received
                   0  signals received
                   0  voluntary context switches
                 357  involuntary context switches
          6197745023  instructions retired
          2653049503  cycles elapsed
             5129280  peak memory footprint
