Threads=8
LoadTime(s)=0.00109179
CODE_EXECUTION_TIME(s)=3.77672
RESULT=1127174796
Throughput=2.98453e+08
VertexSetAllocated=1.89 MB
MiniGraphAllocated=1.88 MB
        4.07 real        24.57 user         0.04 sys
             7110656  maximum resident set size
                   0  average shared memory size
                   0  average unshared data size
                   0  average unshared stack size
                 539  page reclaims
                   0  page faults
                   0  swaps
                   0  block input operations
                   0  block output operations
                   0  messages sent
                   0  messages received
                   0  signals received
                   0  voluntary context switches
                6646  involuntary context switches
        142751560016  instructions retired
         48032216516  cycles elapsed
             6128832  peak memory footprint
