Threads=8
LoadTime(s)=0.00112458
time: command terminated abnormally
        0.37 real         0.45 user         0.00 sys
             6012928  maximum resident set size
                   0  average shared memory size
                   0  average unshared data size
                   0  average unshared stack size
                 454  page reclaims
                   0  page faults
                   0  swaps
                   0  block input operations
                   0  block output operations
                   0  messages sent
                   0  messages received
                   0  signals received
                   0  voluntary context switches
                 207  involuntary context switches
          2356850617  instructions retired
           955743263  cycles elapsed
             4883328  peak memory footprint
