Threads=8
LoadTime(s)=0.00123546
CODE_EXECUTION_TIME(s)=2.24139
RESULT=32230662
Throughput=1.43798e+07
VertexSetAllocated=3.78 MB
MiniGraphAllocated=0.00 Bytes
        2.54 real        14.16 user         0.06 sys
             4833280  maximum resident set size
                   0  average shared memory size
                   0  average unshared data size
                   0  average unshared stack size
                 401  page reclaims
                   0  page faults
                   0  swaps
                   0  block input operations
                   0  block output operations
                   0  messages sent
                   0  messages received
                   0  signals received
                   0  voluntary context switches
               10693  involuntary context switches
         69228653536  instructions retired
         27453613187  cycles elapsed
             3818368  peak memory footprint
