Threads=8
LoadTime(s)=0.000509625
time: command terminated abnormally
        0.17 real         1.20 user         0.00 sys
             6242304  maximum resident set size
                   0  average shared memory size
                   0  average unshared data size
                   0  average unshared stack size
                 475  page reclaims
                   0  page faults
                   0  swaps
                   0  block input operations
                   0  block output operations
                   0  messages sent
                   0  messages received
                   0  signals received
                   0  voluntary context switches
                 275  involuntary context switches
          6195186186  instructions retired
          2641188132  cycles elapsed
             5145536  peak memory footprint
