Threads=8
LoadTime(s)=0.00064325
CODE_EXECUTION_TIME(s)=2.22139
RESULT=32230662
Throughput=1.45092e+07
VertexSetAllocated=3.78 MB
MiniGraphAllocated=0.00 Bytes
        2.51 real        14.15 user         0.06 sys
             4947968  maximum resident set size
                   0  average shared memory size
                   0  average unshared data size
                   0  average unshared stack size
                 405  page reclaims
                   0  page faults
                   0  swaps
                   0  block input operations
                   0  block output operations
                   0  messages sent
                   0  messages received
                   0  signals received
                   0  voluntary context switches
               11150  involuntary context switches
         69232776561  instructions retired
         27459719528  cycles elapsed
             3949504  peak memory footprint
