Threads=8
LoadTime(s)=0.000892833
CODE_EXECUTION_TIME(s)=0.162036
RESULT=4514137
Throughput=2.78589e+07
VertexSetAllocated=0.00 Bytes
MiniGraphAllocated=1.19 MB
        0.46 real         1.21 user         0.00 sys
             6062080  maximum resident set size
                   0  average shared memory size
                   0  average unshared data size
                   0  average unshared stack size
                 477  page reclaims
                   0  page faults
                   0  swaps
                   0  block input operations
                   0  block output operations
                   0  messages sent
                   0  messages received
                   0  signals received
                   0  voluntary context switches
                 290  involuntary context switches
          6194176980  instructions retired
          2621073636  cycles elapsed
             4997952  peak memory footprint
