Threads=8
LoadTime(s)=0.0009215
CODE_EXECUTION_TIME(s)=0.20804
RESULT=6233709
Throughput=2.9964e+07
VertexSetAllocated=1.89 MB
MiniGraphAllocated=3.35 MB
        0.50 real         1.56 user         0.00 sys
             8683520  maximum resident set size
                   0  average shared memory size
                   0  average unshared data size
                   0  average unshared stack size
                 636  page reclaims
                   0  page faults
                   0  swaps
                   0  block input operations
                   0  block output operations
                   0  messages sent
                   0  messages received
                   0  signals received
                   0  voluntary context switches
                 556  involuntary context switches
          8495980940  instructions retired
          3378155341  cycles elapsed
             7685248  peak memory footprint
