Threads=8
LoadTime(s)=0.000894083
CODE_EXECUTION_TIME(s)=0.211404
RESULT=6233709
Throughput=2.94871e+07
VertexSetAllocated=1.89 MB
MiniGraphAllocated=3.07 MB
        0.51 real         1.55 user         0.00 sys
             8372224  maximum resident set size
                   0  average shared memory size
                   0  average unshared data size
                   0  average unshared stack size
                 618  page reclaims
                   0  page faults
                   0  swaps
                   0  block input operations
                   0  block output operations
                   0  messages sent
                   0  messages received
                   0  signals received
                   0  voluntary context switches
                 453  involuntary context switches
          8495564257  instructions retired
          3379968967  cycles elapsed
             7390400  peak memory footprint
