Threads=8
LoadTime(s)=0.00104733
CODE_EXECUTION_TIME(s)=0.165506
RESULT=4514137
Throughput=2.72748e+07
VertexSetAllocated=0.00 Bytes
MiniGraphAllocated=1.20 MB
        0.45 real         1.23 user         0.00 sys
             6062080  maximum resident set size
                   0  average shared memory size
                   0  average unshared data size
                   0  average unshared stack size
                 478  page reclaims
                   0  page faults
                   0  swaps
                   0  block input operations
                   0  block output operations
                   0  messages sent
                   0  messages received
                   0  signals received
                   0  voluntary context switches
                 320  involuntary context switches
          6196466655  instructions retired
          2660018539  cycles elapsed
             5030848  peak memory footprint
