Threads=8
LoadTime(s)=0.000503041
CODE_EXECUTION_TIME(s)=0.152594
RESULT=4514137
Throughput=2.95826e+07
VertexSetAllocated=0.00 Bytes
MiniGraphAllocated=1.02 MB
        0.15 real         1.21 user         0.00 sys
             5881856  maximum resident set size
                   0  average shared memory size
                   0  average unshared data size
                   0  average unshared stack size
                 467  page reclaims
                   0  page faults
                   0  swaps
                   0  block input operations
                   0  block output operations
                   0  messages sent
                   0  messages received
                   0  signals received
                   0  voluntary context switches
                 292  involuntary context switches
          6196117842  instructions retired
          2665610753  cycles elapsed
             4817728  peak memory footprint
