Threads=8
LoadTime(s)=0.000805292
CODE_EXECUTION_TIME(s)=2.07826
RESULT=32230662
Throughput=1.55085e+07
VertexSetAllocated=3.78 MB
MiniGraphAllocated=0.00 Bytes
        2.37 real        13.82 user         0.05 sys
             4866048  maximum resident set size
                   0  average shared memory size
                   0  average unshared data size
                   0  average unshared stack size
                 402  page reclaims
                   0  page faults
                   0  swaps
                   0  block input operations
                   0  block output operations
                   0  messages sent
                   0  messages received
                   0  signals received
                   0  voluntary context switches
                9302  involuntary context switches
         69215042447  instructions retired
         27263033384  cycles elapsed
             3818240  peak memory footprint
