Threads=8
LoadTime(s)=0.000892791
CODE_EXECUTION_TIME(s)=3.71979
RESULT=1127174796
Throughput=3.03021e+08
VertexSetAllocated=1.89 MB
MiniGraphAllocated=1.84 MB
        4.02 real        24.39 user         0.04 sys
             7127040  maximum resident set size
                   0  average shared memory size
                   0  average unshared data size
                   0  average unshared stack size
                 541  page reclaims
                   0  page faults
                   0  swaps
                   0  block input operations
                   0  block output operations
                   0  messages sent
                   0  messages received
                   0  signals received
                   0  voluntary context switches
                6348  involuntary context switches
        142749110956  instructions retired
         47830279629  cycles elapsed
             6145216  peak memory footprint
