Threads=8
LoadTime(s)=0.00107096
CODE_EXECUTION_TIME(s)=3.18929
RESULT=1127174796
Throughput=3.53425e+08
VertexSetAllocated=1.89 MB
MiniGraphAllocated=1.82 MB
        3.60 real        22.56 user         0.03 sys
             7110656  maximum resident set size
                   0  average shared memory size
                   0  average unshared data size
                   0  average unshared stack size
                 538  page reclaims
                   0  page faults
                   0  swaps
                   0  block input operations
                   0  block output operations
                   0  messages sent
                   0  messages received
                   0  signals received
                   0  voluntary context switches
                6000  involuntary context switches
        142744654671  instructions retired
         46045349172  cycles elapsed
             6128832  peak memory footprint
