Threads=8
LoadTime(s)=0.00108658
CODE_EXECUTION_TIME(s)=0.0705971
RESULT=2077903
Throughput=2.94333e+07
VertexSetAllocated=0.00 Bytes
MiniGraphAllocated=1.01 MB
        0.36 real         0.47 user         0.00 sys
             5898240  maximum resident set size
                   0  average shared memory size
                   0  average unshared data size
                   0  average unshared stack size
                 465  page reclaims
                   0  page faults
                   0  swaps
                   0  block input operations
                   0  block output operations
                   0  messages sent
                   0  messages received
                   0  signals received
                   0  voluntary context switches
                 254  involuntary context switches
          2358409729  instructions retired
          1004654643  cycles elapsed
             4867008  peak memory footprint
