Threads=8
LoadTime(s)=0.00093225
CODE_EXECUTION_TIME(s)=0.0595512
RESULT=2077903
Throughput=3.48927e+07
VertexSetAllocated=0.00 Bytes
MiniGraphAllocated=1.00 MB
        0.36 real         0.45 user         0.00 sys
             5980160  maximum resident set size
                   0  average shared memory size
                   0  average unshared data size
                   0  average unshared stack size
                 469  page reclaims
                   0  page faults
                   0  swaps
                   0  block input operations
                   0  block output operations
                   0  messages sent
                   0  messages received
                   0  signals received
                   0  voluntary context switches
                 152  involuntary context switches
          2358597916  instructions retired
           962141759  cycles elapsed
             4965376  peak memory footprint
