Threads=8
LoadTime(s)=0.00093525
CODE_EXECUTION_TIME(s)=0.0626367
RESULT=2077903
Throughput=3.31739e+07
VertexSetAllocated=0.00 Bytes
MiniGraphAllocated=991.43 KB
        0.36 real         0.46 user         0.00 sys
             5832704  maximum resident set size
                   0  average shared memory size
                   0  average unshared data size
                   0  average unshared stack size
                 460  page reclaims
                   0  page faults
                   0  swaps
                   0  block input operations
                   0  block output operations
                   0  messages sent
                   0  messages received
                   0  signals received
                   0  voluntary context switches
                 188  involuntary context switches
          2358626399  instructions retired
           985806348  cycles elapsed
             4785024  peak memory footprint
