Threads=1
LoadTime(s)=0.00618725
time: command terminated abnormally
        4.15 real         4.13 user         0.01 sys
             5177344  maximum resident set size
                   0  average shared memory size
                   0  average unshared data size
                   0  average unshared stack size
                 364  page reclaims
                  57  page faults
                   0  swaps
                   0  block input operations
                   0  block output operations
                   0  messages sent
                   0  messages received
                   0  signals received
                   9  voluntary context switches
                 546  involuntary context switches
         26488639356  instructions retired
          8157591602  cycles elapsed
             3851200  peak memory footprint
