Threads=8
LoadTime(s)=0.00909179
CODE_EXECUTION_TIME(s)=1.74193
RESULT=252893
Throughput=145180
VertexSetAllocated=1.02 MB
MiniGraphAllocated=0.00 Bytes
        2.07 real         4.67 user         0.07 sys
            19759104  maximum resident set size
                   0  average shared memory size
                   0  average unshared data size
                   0  average unshared stack size
                1372  page reclaims
                   1  page faults
                   0  swaps
                   0  block input operations
                   0  block output operations
                   0  messages sent
                   0  messages received
                   0  signals received
                   0  voluntary context switches
               12430  involuntary context switches
         17914593136  instructions retired
         10356256926  cycles elapsed
            18793280  peak memory footprint
