Threads=8
LoadTime(s)=0.0123574
CODE_EXECUTION_TIME(s)=3.19408
RESULT=262663639
Throughput=8.22344e+07
VertexSetAllocated=0.00 Bytes
MiniGraphAllocated=1.28 MB
        3.51 real        10.89 user         0.14 sys
            20316160  maximum resident set size
                   0  average shared memory size
                   0  average unshared data size
                   0  average unshared stack size
                1433  page reclaims
                   1  page faults
                   0  swaps
                   0  block input operations
                   0  block output operations
                   0  messages sent
                   0  messages received
                   0  signals received
                   0  voluntary context switches
               24062  involuntary context switches
         54282224622  instructions retired
         23768316036  cycles elapsed
            20185984  peak memory footprint
