Threads=8
LoadTime(s)=0.0967342
CODE_EXECUTION_TIME(s)=3.72014
RESULT=262663639
Throughput=7.06058e+07
VertexSetAllocated=0.00 Bytes
MiniGraphAllocated=1.28 MB
        3.83 real        11.14 user         0.17 sys
            20135936  maximum resident set size
                   0  average shared memory size
                   0  average unshared data size
                   0  average unshared stack size
                1467  page reclaims
                   1  page faults
                   0  swaps
                   0  block input operations
                   0  block output operations
                   0  messages sent
                   0  messages received
                   0  signals received
                   0  voluntary context switches
               28679  involuntary context switches
         54316047594  instructions retired
         23524010277  cycles elapsed
            20071424  peak memory footprint
