Threads=8
LoadTime(s)=0.0135695
CODE_EXECUTION_TIME(s)=2.87813
RESULT=262663639
Throughput=9.12618e+07
VertexSetAllocated=0.00 Bytes
MiniGraphAllocated=1.38 MB
        2.90 real        11.04 user         0.11 sys
            20938752  maximum resident set size
                   0  average shared memory size
                   0  average unshared data size
                   0  average unshared stack size
                1459  page reclaims
                   1  page faults
                   0  swaps
                   0  block input operations
                   0  block output operations
                   0  messages sent
                   0  messages received
                   0  signals received
                   0  voluntary context switches
               21277  involuntary context switches
         54231082950  instructions retired
         23281095998  cycles elapsed
            20448384  peak memory footprint
