Threads=8
LoadTime(s)=0.0134241
CODE_EXECUTION_TIME(s)=2.31782
RESULT=262663639
Throughput=1.13324e+08
VertexSetAllocated=0.00 Bytes
MiniGraphAllocated=1.39 MB
        2.62 real        10.88 user         0.06 sys
            20873216  maximum resident set size
                   0  average shared memory size
                   0  average unshared data size
                   0  average unshared stack size
                1417  page reclaims
                   0  page faults
                   0  swaps
                   0  block input operations
                   0  block output operations
                   0  messages sent
                   0  messages received
                   0  signals received
                   0  voluntary context switches
                9982  involuntary context switches
         54184763471  instructions retired
         22893067773  cycles elapsed
            20153280  peak memory footprint
