Threads=8
LoadTime(s)=0.0135857
CODE_EXECUTION_TIME(s)=0.353729
RESULT=16713192
Throughput=4.72486e+07
VertexSetAllocated=0.00 Bytes
MiniGraphAllocated=394.73 KB
        0.66 real         1.83 user         0.01 sys
            20332544  maximum resident set size
                   0  average shared memory size
                   0  average unshared data size
                   0  average unshared stack size
                1348  page reclaims
                   0  page faults
                   0  swaps
                   0  block input operations
                   0  block output operations
                   0  messages sent
                   0  messages received
                   0  signals received
                   0  voluntary context switches
                1709  involuntary context switches
          8131254527  instructions retired
          3933739723  cycles elapsed
            19284864  peak memory footprint
