Threads=8
LoadTime(s)=0.0114436
CODE_EXECUTION_TIME(s)=5.06854
RESULT=262663639
Throughput=5.18223e+07
VertexSetAllocated=0.00 Bytes
MiniGraphAllocated=1.43 MB
        5.09 real        10.98 user         0.17 sys
            20316160  maximum resident set size
                   0  average shared memory size
                   0  average unshared data size
                   0  average unshared stack size
                1454  page reclaims
                   0  page faults
                   0  swaps
                   0  block input operations
                   0  block output operations
                   0  messages sent
                   0  messages received
                   0  signals received
                   1  voluntary context switches
               31951  involuntary context switches
         54319658795  instructions retired
         24253106025  cycles elapsed
            20448384  peak memory footprint
