Threads=8
LoadTime(s)=0.00886533
CODE_EXECUTION_TIME(s)=2.6105
RESULT=258570802
Throughput=9.90502e+07
VertexSetAllocated=521.59 KB
MiniGraphAllocated=806.33 KB
        2.93 real        10.98 user         0.06 sys
            20742144  maximum resident set size
                   0  average shared memory size
                   0  average unshared data size
                   0  average unshared stack size
                1419  page reclaims
                   1  page faults
                   0  swaps
                   0  block input operations
                   0  block output operations
                   0  messages sent
                   0  messages received
                   0  signals received
                   0  voluntary context switches
               10644  involuntary context switches
         51897481918  instructions retired
         22958350017  cycles elapsed
            19973248  peak memory footprint
