Threads=8
LoadTime(s)=0.0282613
CODE_EXECUTION_TIME(s)=0.0515218
RESULT=2224385
Throughput=4.31737e+07
VertexSetAllocated=0.00 Bytes
MiniGraphAllocated=0.00 Bytes
        0.39 real         0.32 user         0.01 sys
            19578880  maximum resident set size
                   0  average shared memory size
                   0  average unshared data size
                   0  average unshared stack size
                1300  page reclaims
                   1  page faults
                   0  swaps
                   0  block input operations
                   0  block output operations
                   0  messages sent
                   0  messages received
                   0  signals received
                  11  voluntary context switches
                 474  involuntary context switches
          1593677146  instructions retired
           736836903  cycles elapsed
            18613248  peak memory footprint
