Threads=8
LoadTime(s)=0.0115111
CODE_EXECUTION_TIME(s)=3.08206
RESULT=262663639
Throughput=8.52234e+07
VertexSetAllocated=0.00 Bytes
MiniGraphAllocated=1.26 MB
        3.10 real        11.03 user         0.13 sys
            20987904  maximum resident set size
                   0  average shared memory size
                   0  average unshared data size
                   0  average unshared stack size
                1419  page reclaims
                   1  page faults
                   0  swaps
                   0  block input operations
                   0  block output operations
                   0  messages sent
                   0  messages received
                   0  signals received
                   0  voluntary context switches
               23619  involuntary context switches
         54243601377  instructions retired
         23947363225  cycles elapsed
            20300928  peak memory footprint
