Threads=8
LoadTime(s)=0.00943175
CODE_EXECUTION_TIME(s)=0.0596993
RESULT=2224385
Throughput=3.72598e+07
VertexSetAllocated=0.00 Bytes
MiniGraphAllocated=0.00 Bytes
        0.36 real         0.33 user         0.01 sys
            19382272  maximum resident set size
                   0  average shared memory size
                   0  average unshared data size
                   0  average unshared stack size
                1291  page reclaims
                   0  page faults
                   0  swaps
                   0  block input operations
                   0  block output operations
                   0  messages sent
                   0  messages received
                   0  signals received
                   1  voluntary context switches
                 612  involuntary context switches
          1589417478  instructions retired
           738278963  cycles elapsed
            18285056  peak memory footprint
