Threads=8
LoadTime(s)=0.0114526
CODE_EXECUTION_TIME(s)=1.19971
RESULT=252893
Throughput=210795
VertexSetAllocated=1.02 MB
MiniGraphAllocated=0.00 Bytes
        1.50 real         4.42 user         0.05 sys
            20021248  maximum resident set size
                   0  average shared memory size
                   0  average unshared data size
                   0  average unshared stack size
                1328  page reclaims
                   0  page faults
                   0  swaps
                   0  block input operations
                   0  block output operations
                   0  messages sent
                   0  messages received
                   0  signals received
                   0  voluntary context switches
                9196  involuntary context switches
         17890245624  instructions retired
          9581175395  cycles elapsed
            19072128  peak memory footprint
