Threads=8
LoadTime(s)=0.011861
CODE_EXECUTION_TIME(s)=1.15344
RESULT=252893
Throughput=219251
VertexSetAllocated=1.02 MB
MiniGraphAllocated=0.00 Bytes
        1.46 real         4.45 user         0.04 sys
            19922944  maximum resident set size
                   0  average shared memory size
                   0  average unshared data size
                   0  average unshared stack size
                1324  page reclaims
                   0  page faults
                   0  swaps
                   0  block input operations
                   0  block output operations
                   0  messages sent
                   0  messages received
                   0  signals received
                   0  voluntary context switches
                7303  involuntary context switches
         17872752677  instructions retired
          9639351539  cycles elapsed
            18973824  peak memory footprint
