Threads=8
LoadTime(s)=0.0114479
CODE_EXECUTION_TIME(s)=0.925199
RESULT=252893
Throughput=273339
VertexSetAllocated=1.02 MB
MiniGraphAllocated=0.00 Bytes
        1.25 real         4.39 user         0.02 sys
            19939328  maximum resident set size
                   0  average shared memory size
                   0  average unshared data size
                   0  average unshared stack size
                1323  page reclaims
                   1  page faults
                   0  swaps
                   0  block input operations
                   0  block output operations
                   0  messages sent
                   0  messages received
                   0  signals received
                   2  voluntary context switches
                2269  involuntary context switches
         17833197509  instructions retired
          9513769792  cycles elapsed
            18973760  peak memory footprint
