Threads=8
LoadTime(s)=0.0135724
CODE_EXECUTION_TIME(s)=2.2299
RESULT=258570802
Throughput=1.15956e+08
VertexSetAllocated=521.59 KB
MiniGraphAllocated=736.21 KB
        2.54 real        10.87 user         0.04 sys
            20856832  maximum resident set size
                   0  average shared memory size
                   0  average unshared data size
                   0  average unshared stack size
                1377  page reclaims
                   1  page faults
                   0  swaps
                   0  block input operations
                   0  block output operations
                   0  messages sent
                   0  messages received
                   0  signals received
                   0  voluntary context switches
                6606  involuntary context switches
         51847644696  instructions retired
         22751091481  cycles elapsed
            19842112  peak memory footprint
