Threads=8
LoadTime(s)=0.00192621
CODE_EXECUTION_TIME(s)=0.41867
RESULT=5809356
Throughput=1.38757e+07
VertexSetAllocated=0.00 Bytes
MiniGraphAllocated=659.17 KB
        0.42 real         1.63 user         0.02 sys
             6701056  maximum resident set size
                   0  average shared memory size
                   0  average unshared data size
                   0  average unshared stack size
                 513  page reclaims
                   0  page faults
                   0  swaps
                   0  block input operations
                   0  block output operations
                   0  messages sent
                   0  messages received
                   0  signals received
                   0  voluntary context switches
                4024  involuntary context switches
          6478035270  instructions retired
          3453928888  cycles elapsed
             5571200  peak memory footprint
