Threads=8
LoadTime(s)=0.00190429
CODE_EXECUTION_TIME(s)=0.0243836
RESULT=727044
Throughput=2.98169e+07
VertexSetAllocated=0.00 Bytes
MiniGraphAllocated=0.00 Bytes
        0.33 real         0.12 user         0.00 sys
             5734400  maximum resident set size
                   0  average shared memory size
                   0  average unshared data size
                   0  average unshared stack size
                 458  page reclaims
                   0  page faults
                   0  swaps
                   0  block input operations
                   0  block output operations
                   0  messages sent
                   0  messages received
                   0  signals received
                   1  voluntary context switches
                 510  involuntary context switches
           641759306  instructions retired
           282512993  cycles elapsed
             4653632  peak memory footprint
