Threads=8
LoadTime(s)=0.00188379
CODE_EXECUTION_TIME(s)=0.0758605
RESULT=2341639
Throughput=3.08677e+07
VertexSetAllocated=0.00 Bytes
MiniGraphAllocated=420.23 KB
        0.48 real         0.49 user         0.00 sys
             6373376  maximum resident set size
                   0  average shared memory size
                   0  average unshared data size
                   0  average unshared stack size
                 476  page reclaims
                  18  page faults
                   0  swaps
                   0  block input operations
                   0  block output operations
                   0  messages sent
                   0  messages received
                   0  signals received
                   5  voluntary context switches
                 444  involuntary context switches
          2214501492  instructions retired
          1014479988  cycles elapsed
             5259904  peak memory footprint
