Threads=8
LoadTime(s)=0.0113465
CODE_EXECUTION_TIME(s)=13.9055
RESULT=4479591993
Throughput=3.22146e+08
VertexSetAllocated=1.08 MB
MiniGraphAllocated=1.62 MB
       14.22 real        67.16 user         0.18 sys
             7995392  maximum resident set size
                   0  average shared memory size
                   0  average unshared data size
                   0  average unshared stack size
                 701  page reclaims
                   1  page faults
                   0  swaps
                   0  block input operations
                   0  block output operations
                   0  messages sent
                   0  messages received
                   0  signals received
                   9  voluntary context switches
               33467  involuntary context switches
        426495552590  instructions retired
        140109300476  cycles elapsed
             7111808  peak memory footprint
