Threads=8
LoadTime(s)=0.00183104
CODE_EXECUTION_TIME(s)=2.31038
RESULT=8821744
Throughput=3.8183e+06
VertexSetAllocated=2.17 MB
MiniGraphAllocated=0.00 Bytes
        2.62 real        10.40 user         0.07 sys
             6045696  maximum resident set size
                   0  average shared memory size
                   0  average unshared data size
                   0  average unshared stack size
                 524  page reclaims
                   2  page faults
                   0  swaps
                   0  block input operations
                   0  block output operations
                   0  messages sent
                   0  messages received
                   0  signals received
                   1  voluntary context switches
               12964  involuntary context switches
         49313297729  instructions retired
         21260365566  cycles elapsed
             5079872  peak memory footprint
