Threads=8
LoadTime(s)=0.00177821
CODE_EXECUTION_TIME(s)=0.631178
RESULT=5809356
Throughput=9.20399e+06
VertexSetAllocated=0.00 Bytes
MiniGraphAllocated=610.92 KB
        0.99 real         1.66 user         0.02 sys
             6635520  maximum resident set size
                   0  average shared memory size
                   0  average unshared data size
                   0  average unshared stack size
                 508  page reclaims
                   0  page faults
                   0  swaps
                   0  block input operations
                   0  block output operations
                   0  messages sent
                   0  messages received
                   0  signals received
                   2  voluntary context switches
                3954  involuntary context switches
          6475365108  instructions retired
          3630716137  cycles elapsed
             5505664  peak memory footprint
