Threads=8
LoadTime(s)=0.00128446
CODE_EXECUTION_TIME(s)=0.462892
RESULT=5809356
Throughput=1.25501e+07
VertexSetAllocated=0.00 Bytes
MiniGraphAllocated=631.62 KB
        0.47 real         1.59 user         0.02 sys
             6701056  maximum resident set size
                   0  average shared memory size
                   0  average unshared data size
                   0  average unshared stack size
                 513  page reclaims
                   0  page faults
                   0  swaps
                   0  block input operations
                   0  block output operations
                   0  messages sent
                   0  messages received
                   0  signals received
                   0  voluntary context switches
                3698  involuntary context switches
          6471840241  instructions retired
          3553132921  cycles elapsed
             5587648  peak memory footprint
