Threads=8
LoadTime(s)=0.00167629
CODE_EXECUTION_TIME(s)=14.8604
RESULT=4479591993
Throughput=3.01444e+08
VertexSetAllocated=1.08 MB
MiniGraphAllocated=1.67 MB
       15.15 real        67.64 user         0.40 sys
             7995392  maximum resident set size
                   0  average shared memory size
                   0  average unshared data size
                   0  average unshared stack size
                 694  page reclaims
                   1  page faults
                   0  swaps
                   0  block input operations
                   0  block output operations
                   0  messages sent
                   0  messages received
                   0  signals received
                   2  voluntary context switches
               76294  involuntary context switches
        426852059153  instructions retired
        140031340660  cycles elapsed
             7193920  peak memory footprint
