Threads=8
LoadTime(s)=0.00194892
CODE_EXECUTION_TIME(s)=0.0236517
RESULT=727044
Throughput=3.07396e+07
VertexSetAllocated=0.00 Bytes
MiniGraphAllocated=0.00 Bytes
        0.45 real         0.13 user         0.00 sys
             5685248  maximum resident set size
                   0  average shared memory size
                   0  average unshared data size
                   0  average unshared stack size
                 435  page reclaims
                  17  page faults
                   0  swaps
                   0  block input operations
                   0  block output operations
                   0  messages sent
                   0  messages received
                   0  signals received
                   1  voluntary context switches
                 306  involuntary context switches
           647757077  instructions retired
           286999190  cycles elapsed
             4588032  peak memory footprint
