Threads=8
LoadTime(s)=0.00152742
CODE_EXECUTION_TIME(s)=2.27587
RESULT=8821744
Throughput=3.87621e+06
VertexSetAllocated=2.17 MB
MiniGraphAllocated=0.00 Bytes
        2.58 real        10.34 user         0.07 sys
             6144000  maximum resident set size
                   0  average shared memory size
                   0  average unshared data size
                   0  average unshared stack size
                 477  page reclaims
                   1  page faults
                   0  swaps
                   0  block input operations
                   0  block output operations
                   0  messages sent
                   0  messages received
                   0  signals received
                   1  voluntary context switches
               13704  involuntary context switches
         49315697176  instructions retired
         21301845268  cycles elapsed
             5112640  peak memory footprint
