Threads=8
LoadTime(s)=0.00184854
CODE_EXECUTION_TIME(s)=0.482323
RESULT=5809356
Throughput=1.20445e+07
VertexSetAllocated=0.00 Bytes
MiniGraphAllocated=670.45 KB
        0.82 real         1.57 user         0.02 sys
             6668288  maximum resident set size
                   0  average shared memory size
                   0  average unshared data size
                   0  average unshared stack size
                 495  page reclaims
                  18  page faults
                   0  swaps
                   0  block input operations
                   0  block output operations
                   0  messages sent
                   0  messages received
                   0  signals received
                   2  voluntary context switches
                3242  involuntary context switches
          6466875965  instructions retired
          3484610912  cycles elapsed
             5571328  peak memory footprint
