Threads=8
LoadTime(s)=0.00212671
CODE_EXECUTION_TIME(s)=2.62554
RESULT=32230662
Throughput=1.22758e+07
VertexSetAllocated=3.78 MB
MiniGraphAllocated=0.00 Bytes
        2.94 real        13.95 user         0.03 sys
             4784128  maximum resident set size
                   0  average shared memory size
                   0  average unshared data size
                   0  average unshared stack size
                 402  page reclaims
                   1  page faults
                   0  swaps
                   0  block input operations
                   0  block output operations
                   0  messages sent
                   0  messages received
                   0  signals received
                   1  voluntary context switches
                6260  involuntary context switches
         69191068786  instructions retired
         28749156234  cycles elapsed
             3752768  peak memory footprint
