Threads=8
LoadTime(s)=0.000998333
CODE_EXECUTION_TIME(s)=0.0720482
RESULT=2077903
Throughput=2.88405e+07
VertexSetAllocated=0.00 Bytes
MiniGraphAllocated=989.54 KB
        0.36 real         0.45 user         0.00 sys
             5832704  maximum resident set size
                   0  average shared memory size
                   0  average unshared data size
                   0  average unshared stack size
                 462  page reclaims
                   1  page faults
                   0  swaps
                   0  block input operations
                   0  block output operations
                   0  messages sent
                   0  messages received
                   0  signals received
                   1  voluntary context switches
                 164  involuntary context switches
          2358008696  instructions retired
          1000382319  cycles elapsed
             4817920  peak memory footprint
