Threads=8
LoadTime(s)=0.00101925
CODE_EXECUTION_TIME(s)=2.77651
RESULT=32230662
Throughput=1.16083e+07
VertexSetAllocated=3.78 MB
MiniGraphAllocated=0.00 Bytes
        3.07 real        13.90 user         0.04 sys
             4816896  maximum resident set size
                   0  average shared memory size
                   0  average unshared data size
                   0  average unshared stack size
                 399  page reclaims
                   0  page faults
                   0  swaps
                   0  block input operations
                   0  block output operations
                   0  messages sent
                   0  messages received
                   0  signals received
                   1  voluntary context switches
                6527  involuntary context switches
         69205550237  instructions retired
         28629670967  cycles elapsed
             3801984  peak memory footprint
