Threads=8
LoadTime(s)=0.000889084
CODE_EXECUTION_TIME(s)=0.52258
RESULT=4514137
Throughput=8.63818e+06
VertexSetAllocated=0.00 Bytes
MiniGraphAllocated=1.14 MB
        0.53 real         1.53 user         0.02 sys
             5947392  maximum resident set size
                   0  average shared memory size
                   0  average unshared data size
                   0  average unshared stack size
                 473  page reclaims
                   0  page faults
                   0  swaps
                   0  block input operations
                   0  block output operations
                   0  messages sent
                   0  messages received
                   0  signals received
                   0  voluntary context switches
                4913  involuntary context switches
          6230696924  instructions retired
          3348975093  cycles elapsed
             4899712  peak memory footprint
