Threads=8
LoadTime(s)=0.000988292
CODE_EXECUTION_TIME(s)=0.0724065
RESULT=2077903
Throughput=2.86977e+07
VertexSetAllocated=0.00 Bytes
MiniGraphAllocated=1010.12 KB
        0.35 real         0.45 user         0.00 sys
             5849088  maximum resident set size
                   0  average shared memory size
                   0  average unshared data size
                   0  average unshared stack size
                 462  page reclaims
                   0  page faults
                   0  swaps
                   0  block input operations
                   0  block output operations
                   0  messages sent
                   0  messages received
                   0  signals received
                   0  voluntary context switches
                 277  involuntary context switches
          2359656604  instructions retired
           998872557  cycles elapsed
             4834304  peak memory footprint
