Threads=8
LoadTime(s)=0.00397917
CODE_EXECUTION_TIME(s)=3.59073
RESULT=32230662
Throughput=8.97609e+06
VertexSetAllocated=3.78 MB
MiniGraphAllocated=0.00 Bytes
        3.93 real        14.06 user         0.12 sys
             4767744  maximum resident set size
                   0  average shared memory size
                   0  average unshared data size
                   0  average unshared stack size
                 433  page reclaims
                   1  page faults
                   0  swaps
                   0  block input operations
                   0  block output operations
                   0  messages sent
                   0  messages received
                   0  signals received
                   8  voluntary context switches
               21662  involuntary context switches
         69319903247  instructions retired
         29221119905  cycles elapsed
             3851136  peak memory footprint
