Threads=8
LoadTime(s)=0.000915708
CODE_EXECUTION_TIME(s)=0.568677
RESULT=4514137
Throughput=7.93797e+06
VertexSetAllocated=0.00 Bytes
MiniGraphAllocated=1.22 MB
        0.57 real         1.56 user         0.02 sys
             6160384  maximum resident set size
                   0  average shared memory size
                   0  average unshared data size
                   0  average unshared stack size
                 483  page reclaims
                   0  page faults
                   0  swaps
                   0  block input operations
                   0  block output operations
                   0  messages sent
                   0  messages received
                   0  signals received
                   0  voluntary context switches
                4350  involuntary context switches
          6229149608  instructions retired
          3163881140  cycles elapsed
             5145600  peak memory footprint
