Threads=8
LoadTime(s)=0.00103267
CODE_EXECUTION_TIME(s)=0.441354
RESULT=4514137
Throughput=1.02279e+07
VertexSetAllocated=0.00 Bytes
MiniGraphAllocated=1.20 MB
        0.77 real         1.43 user         0.01 sys
             6127616  maximum resident set size
                   0  average shared memory size
                   0  average unshared data size
                   0  average unshared stack size
                 480  page reclaims
                   0  page faults
                   0  swaps
                   0  block input operations
                   0  block output operations
                   0  messages sent
                   0  messages received
                   0  signals received
                   0  voluntary context switches
                3107  involuntary context switches
          6218284629  instructions retired
          3205405234  cycles elapsed
             5112832  peak memory footprint
