Threads=8
LoadTime(s)=0.000814833
CODE_EXECUTION_TIME(s)=1.03487
RESULT=4514137
Throughput=4.36204e+06
VertexSetAllocated=0.00 Bytes
MiniGraphAllocated=1.17 MB
        1.38 real         1.50 user         0.03 sys
             6111232  maximum resident set size
                   0  average shared memory size
                   0  average unshared data size
                   0  average unshared stack size
                 487  page reclaims
                   0  page faults
                   0  swaps
                   0  block input operations
                   0  block output operations
                   0  messages sent
                   0  messages received
                   0  signals received
                   0  voluntary context switches
                5949  involuntary context switches
          6244167827  instructions retired
          3361071569  cycles elapsed
             5080000  peak memory footprint
