Threads=8
LoadTime(s)=0.000976208
CODE_EXECUTION_TIME(s)=1.27258
RESULT=4514137
Throughput=3.54723e+06
VertexSetAllocated=0.00 Bytes
MiniGraphAllocated=1.21 MB
        2.19 real         1.54 user         0.03 sys
             6029312  maximum resident set size
                   0  average shared memory size
                   0  average unshared data size
                   0  average unshared stack size
                 578  page reclaims
                   1  page faults
                   0  swaps
                   0  block input operations
                   0  block output operations
                   0  messages sent
                   0  messages received
                   0  signals received
                   1  voluntary context switches
                7337  involuntary context switches
          6254755116  instructions retired
          3439108993  cycles elapsed
             5030848  peak memory footprint
