Threads=8
LoadTime(s)=0.00129192
CODE_EXECUTION_TIME(s)=0.545667
RESULT=4514137
Throughput=8.27269e+06
VertexSetAllocated=0.00 Bytes
MiniGraphAllocated=1.19 MB
        0.55 real         1.54 user         0.02 sys
             6045696  maximum resident set size
                   0  average shared memory size
                   0  average unshared data size
                   0  average unshared stack size
                 469  page reclaims
                   0  page faults
                   0  swaps
                   0  block input operations
                   0  block output operations
                   0  messages sent
                   0  messages received
                   0  signals received
                   0  voluntary context switches
                4696  involuntary context switches
          6233322585  instructions retired
          3335219169  cycles elapsed
             4998080  peak memory footprint
