Threads=1
LoadTime(s)=0.0563119
CODE_EXECUTION_TIME(s)=2.97922
RESULT=50139576
Throughput=1.68298e+07
VertexSetAllocated=65.20 KB
MiniGraphAllocated=90.22 KB
        3.37 real         2.91 user         0.03 sys
            19431424  maximum resident set size
                   0  average shared memory size
                   0  average unshared data size
                   0  average unshared stack size
                1311  page reclaims
                   2  page faults
                   0  swaps
                   0  block input operations
                   0  block output operations
                   0  messages sent
                   0  messages received
                   0  signals received
                   1  voluntary context switches
                3270  involuntary context switches
         20146468490  instructions retired
          5832833955  cycles elapsed
            18105152  peak memory footprint
