Threads=16
LoadTime(s)=0.00924583
CODE_EXECUTION_TIME(s)=1.41519
RESULT=16713192
Throughput=1.18098e+07
VertexSetAllocated=0.00 Bytes
MiniGraphAllocated=390.72 KB
        1.85 real         2.10 user         0.07 sys
            20217856  maximum resident set size
                   0  average shared memory size
                   0  average unshared data size
                   0  average unshared stack size
                1413  page reclaims
                   1  page faults
                   0  swaps
                   0  block input operations
                   0  block output operations
                   0  messages sent
                   0  messages received
                   0  signals received
                   2  voluntary context switches
               12414  involuntary context switches
          8304890692  instructions retired
          4748870803  cycles elapsed
            19186560  peak memory footprint
