Threads=8
LoadTime(s)=0.0125027
CODE_EXECUTION_TIME(s)=0.48486
RESULT=252893
Throughput=521579
VertexSetAllocated=1.02 MB
MiniGraphAllocated=0.00 Bytes
        0.81 real         3.44 user         0.02 sys
            20234240  maximum resident set size
                   0  average shared memory size
                   0  average unshared data size
                   0  average unshared stack size
                1353  page reclaims
                   1  page faults
                   0  swaps
                   0  block input operations
                   0  block output operations
                   0  messages sent
                   0  messages received
                   0  signals received
                   0  voluntary context switches
                2284  involuntary context switches
         18570553213  instructions retired
          7518152921  cycles elapsed
            18973696  peak memory footprint
