Threads=8
LoadTime(s)=0.0144534
CODE_EXECUTION_TIME(s)=0.0577258
RESULT=2224385
Throughput=3.85336e+07
VertexSetAllocated=0.00 Bytes
MiniGraphAllocated=0.00 Bytes
        0.40 real         0.34 user         0.01 sys
            19841024  maximum resident set size
                   0  average shared memory size
                   0  average unshared data size
                   0  average unshared stack size
                1326  page reclaims
                   1  page faults
                   0  swaps
                   0  block input operations
                   0  block output operations
                   0  messages sent
                   0  messages received
                   0  signals received
                   0  voluntary context switches
                 579  involuntary context switches
          1693543541  instructions retired
           725045449  cycles elapsed
            18547520  peak memory footprint
