Threads=16
LoadTime(s)=0.00905217
CODE_EXECUTION_TIME(s)=0.470664
RESULT=50139576
Throughput=1.06529e+08
VertexSetAllocated=521.59 KB
MiniGraphAllocated=593.45 KB
        0.79 real         3.55 user         0.01 sys
            20938752  maximum resident set size
                   0  average shared memory size
                   0  average unshared data size
                   0  average unshared stack size
                1379  page reclaims
                  19  page faults
                   0  swaps
                   0  block input operations
                   0  block output operations
                   0  messages sent
                   0  messages received
                   0  signals received
                   5  voluntary context switches
                 959  involuntary context switches
         20094715430  instructions retired
          7790632319  cycles elapsed
            19629120  peak memory footprint
