Threads=16
LoadTime(s)=0.0135485
CODE_EXECUTION_TIME(s)=0.461142
RESULT=252893
Throughput=548406
VertexSetAllocated=1.02 MB
MiniGraphAllocated=0.00 Bytes
        0.77 real         3.47 user         0.01 sys
            20447232  maximum resident set size
                   0  average shared memory size
                   0  average unshared data size
                   0  average unshared stack size
                1348  page reclaims
                  19  page faults
                   0  swaps
                   0  block input operations
                   0  block output operations
                   0  messages sent
                   0  messages received
                   0  signals received
                   2  voluntary context switches
                1054  involuntary context switches
         18561869687  instructions retired
          7581556055  cycles elapsed
            19285376  peak memory footprint
