Threads=4
LoadTime(s)=0.0178766
CODE_EXECUTION_TIME(s)=0.734609
RESULT=252893
Throughput=344255
VertexSetAllocated=521.59 KB
MiniGraphAllocated=0.00 Bytes
        1.05 real         2.84 user         0.02 sys
            19726336  maximum resident set size
                   0  average shared memory size
                   0  average unshared data size
                   0  average unshared stack size
                1321  page reclaims
                   1  page faults
                   0  swaps
                   0  block input operations
                   0  block output operations
                   0  messages sent
                   0  messages received
                   0  signals received
                   6  voluntary context switches
                2825  involuntary context switches
         18571541633  instructions retired
          5819929371  cycles elapsed
            18449344  peak memory footprint
