Threads=1
LoadTime(s)=0.0134035
CODE_EXECUTION_TIME(s)=1.23708
RESULT=16713192
Throughput=1.35102e+07
VertexSetAllocated=0.00 Bytes
MiniGraphAllocated=91.13 KB
        1.55 real         1.22 user         0.01 sys
            19513344  maximum resident set size
                   0  average shared memory size
                   0  average unshared data size
                   0  average unshared stack size
                1290  page reclaims
                  15  page faults
                   0  swaps
                   0  block input operations
                   0  block output operations
                   0  messages sent
                   0  messages received
                   0  signals received
                   1  voluntary context switches
                 887  involuntary context switches
          8353654605  instructions retired
          2450002692  cycles elapsed
            18154240  peak memory footprint
