Threads=16
LoadTime(s)=0.0284727
CODE_EXECUTION_TIME(s)=8.63324
RESULT=4816095
Throughput=557855
VertexSetAllocated=2.16 MB
MiniGraphAllocated=3.08 MB
        9.08 real        31.60 user         0.36 sys
            21413888  maximum resident set size
                   0  average shared memory size
                   0  average unshared data size
                   0  average unshared stack size
                1615  page reclaims
                   2  page faults
                   0  swaps
                   0  block input operations
                   0  block output operations
                   0  messages sent
                   0  messages received
                   0  signals received
                  10  voluntary context switches
               64814  involuntary context switches
        136034544515  instructions retired
         66056651884  cycles elapsed
            22824064  peak memory footprint
