Threads=1
LoadTime(s)=0.0107459
CODE_EXECUTION_TIME(s)=7.19552
RESULT=258570802
Throughput=3.5935e+07
VertexSetAllocated=65.20 KB
MiniGraphAllocated=144.31 KB
        7.51 real         7.17 user         0.02 sys
            19562496  maximum resident set size
                   0  average shared memory size
                   0  average unshared data size
                   0  average unshared stack size
                1305  page reclaims
                   1  page faults
                   0  swaps
                   0  block input operations
                   0  block output operations
                   0  messages sent
                   0  messages received
                   0  signals received
                   0  voluntary context switches
                 998  involuntary context switches
         52798794825  instructions retired
         14169126148  cycles elapsed
            18203456  peak memory footprint
