Threads=16
LoadTime(s)=0.0225387
CODE_EXECUTION_TIME(s)=0.0720231
RESULT=2224385
Throughput=3.08843e+07
VertexSetAllocated=0.00 Bytes
MiniGraphAllocated=0.00 Bytes
        0.40 real         0.36 user         0.01 sys
            19759104  maximum resident set size
                   0  average shared memory size
                   0  average unshared data size
                   0  average unshared stack size
                1321  page reclaims
                   1  page faults
                   0  swaps
                   0  block input operations
                   0  block output operations
                   0  messages sent
                   0  messages received
                   0  signals received
                   1  voluntary context switches
                 728  involuntary context switches
          1695006968  instructions retired
           837382370  cycles elapsed
            18416256  peak memory footprint
