Threads=8
LoadTime(s)=0.0119378
CODE_EXECUTION_TIME(s)=0.479695
RESULT=16713192
Throughput=3.48413e+07
VertexSetAllocated=0.00 Bytes
MiniGraphAllocated=462.41 KB
        0.78 real         1.80 user         0.03 sys
            20594688  maximum resident set size
                   0  average shared memory size
                   0  average unshared data size
                   0  average unshared stack size
                1354  page reclaims
                  20  page faults
                   0  swaps
                   0  block input operations
                   0  block output operations
                   0  messages sent
                   0  messages received
                   0  signals received
                   5  voluntary context switches
                5056  involuntary context switches
          8242587517  instructions retired
          4047360859  cycles elapsed
            19252032  peak memory footprint
