Threads=4
LoadTime(s)=0.0158524
CODE_EXECUTION_TIME(s)=0.0718041
RESULT=2224385
Throughput=3.09785e+07
VertexSetAllocated=0.00 Bytes
MiniGraphAllocated=0.00 Bytes
        0.38 real         0.29 user         0.01 sys
            19464192  maximum resident set size
                   0  average shared memory size
                   0  average unshared data size
                   0  average unshared stack size
                1302  page reclaims
                   1  page faults
                   0  swaps
                   0  block input operations
                   0  block output operations
                   0  messages sent
                   0  messages received
                   0  signals received
                   0  voluntary context switches
                 280  involuntary context switches
          1689408447  instructions retired
           557155192  cycles elapsed
            18104896  peak memory footprint
