Threads=2
LoadTime(s)=0.011075
CODE_EXECUTION_TIME(s)=0.843325
RESULT=16713192
Throughput=1.98182e+07
VertexSetAllocated=0.00 Bytes
MiniGraphAllocated=129.21 KB
        1.20 real         1.64 user         0.02 sys
            19644416  maximum resident set size
                   0  average shared memory size
                   0  average unshared data size
                   0  average unshared stack size
                1312  page reclaims
                   1  page faults
                   0  swaps
                   0  block input operations
                   0  block output operations
                   0  messages sent
                   0  messages received
                   0  signals received
                   1  voluntary context switches
                2298  involuntary context switches
          8259400564  instructions retired
          2545707768  cycles elapsed
            18301760  peak memory footprint
