Threads=2
LoadTime(s)=0.0112733
CODE_EXECUTION_TIME(s)=1.3631
RESULT=252893
Throughput=185528
VertexSetAllocated=260.80 KB
MiniGraphAllocated=0.00 Bytes
        1.69 real         2.67 user         0.02 sys
            19431424  maximum resident set size
                   0  average shared memory size
                   0  average unshared data size
                   0  average unshared stack size
                1297  page reclaims
                   2  page faults
                   0  swaps
                   0  block input operations
                   0  block output operations
                   0  messages sent
                   0  messages received
                   0  signals received
                   1  voluntary context switches
                3191  involuntary context switches
         18573583942  instructions retired
          5333490735  cycles elapsed
            18105088  peak memory footprint
