Threads=2
LoadTime(s)=0.0138965
CODE_EXECUTION_TIME(s)=1.45222
RESULT=50139576
Throughput=3.45261e+07
VertexSetAllocated=130.40 KB
MiniGraphAllocated=128.27 KB
        1.78 real         2.88 user         0.02 sys
            19759104  maximum resident set size
                   0  average shared memory size
                   0  average unshared data size
                   0  average unshared stack size
                1301  page reclaims
                  19  page faults
                   0  swaps
                   0  block input operations
                   0  block output operations
                   0  messages sent
                   0  messages received
                   0  signals received
                   2  voluntary context switches
                1746  involuntary context switches
         20041303238  instructions retired
          5708523305  cycles elapsed
            18416512  peak memory footprint
