Threads=1
LoadTime(s)=0.00763558
CODE_EXECUTION_TIME(s)=0.356457
RESULT=2341639
Throughput=6.56921e+06
VertexSetAllocated=0.00 Bytes
MiniGraphAllocated=57.17 KB
        0.68 real         0.36 user         0.00 sys
             5734400  maximum resident set size
                   0  average shared memory size
                   0  average unshared data size
                   0  average unshared stack size
                 442  page reclaims
                  20  page faults
                   0  swaps
                   0  block input operations
                   0  block output operations
                   0  messages sent
                   0  messages received
                   0  signals received
                  14  voluntary context switches
                  47  involuntary context switches
          2250270354  instructions retired
           720543476  cycles elapsed
             4358848  peak memory footprint
