Threads=8
LoadTime(s)=0.00318213
CODE_EXECUTION_TIME(s)=0.177832
RESULT=5809356
Throughput=3.26677e+07
VertexSetAllocated=0.00 Bytes
MiniGraphAllocated=623.48 KB
        0.48 real         1.23 user         0.01 sys
             6995968  maximum resident set size
                   0  average shared memory size
                   0  average unshared data size
                   0  average unshared stack size
                 547  page reclaims
                   1  page faults
                   0  swaps
                   0  block input operations
                   0  block output operations
                   0  messages sent
                   0  messages received
                   0  signals received
                   0  voluntary context switches
                1411  involuntary context switches
          6486136654  instructions retired
          2659580730  cycles elapsed
             5636928  peak memory footprint
