Threads=1
LoadTime(s)=0.00262633
CODE_EXECUTION_TIME(s)=50.4855
RESULT=4479591993
Throughput=8.87302e+07
VertexSetAllocated=138.63 KB
MiniGraphAllocated=227.46 KB
       50.81 real        49.62 user         0.33 sys
             5931008  maximum resident set size
                   0  average shared memory size
                   0  average unshared data size
                   0  average unshared stack size
                 623  page reclaims
                   2  page faults
                   0  swaps
                   0  block input operations
                   0  block output operations
                   0  messages sent
                   0  messages received
                   0  signals received
                  12  voluntary context switches
               30919  involuntary context switches
        426670127711  instructions retired
         98374217936  cycles elapsed
             4555520  peak memory footprint
