Threads=8
LoadTime(s)=0.00266275
CODE_EXECUTION_TIME(s)=0.0660351
RESULT=2341639
Throughput=3.54605e+07
VertexSetAllocated=0.00 Bytes
MiniGraphAllocated=405.69 KB
        0.37 real         0.45 user         0.00 sys
             6701056  maximum resident set size
                   0  average shared memory size
                   0  average unshared data size
                   0  average unshared stack size
                 525  page reclaims
                   1  page faults
                   0  swaps
                   0  block input operations
                   0  block output operations
                   0  messages sent
                   0  messages received
                   0  signals received
                   0  voluntary context switches
                 615  involuntary context switches
          2235315266  instructions retired
           963238180  cycles elapsed
             5325504  peak memory footprint
