Threads=1
LoadTime(s)=0.00267146
CODE_EXECUTION_TIME(s)=1.38237
RESULT=7024917
Throughput=5.0818e+06
VertexSetAllocated=138.63 KB
MiniGraphAllocated=357.13 KB
        1.73 real         1.37 user         0.00 sys
             6012928  maximum resident set size
                   0  average shared memory size
                   0  average unshared data size
                   0  average unshared stack size
                 480  page reclaims
                   1  page faults
                   0  swaps
                   0  block input operations
                   0  block output operations
                   0  messages sent
                   0  messages received
                   0  signals received
                   0  voluntary context switches
                 353  involuntary context switches
          8993038408  instructions retired
          2720035823  cycles elapsed
             4620992  peak memory footprint
