Threads=1
LoadTime(s)=0.0104569
CODE_EXECUTION_TIME(s)=0.359511
RESULT=2341639
Throughput=6.5134e+06
VertexSetAllocated=0.00 Bytes
MiniGraphAllocated=57.17 KB
        0.68 real         0.36 user         0.00 sys
             5767168  maximum resident set size
                   0  average shared memory size
                   0  average unshared data size
                   0  average unshared stack size
                 462  page reclaims
                   2  page faults
                   0  swaps
                   0  block input operations
                   0  block output operations
                   0  messages sent
                   0  messages received
                   0  signals received
                  13  voluntary context switches
                  76  involuntary context switches
          2246232978  instructions retired
           719948636  cycles elapsed
             4440960  peak memory footprint
