Threads=8
LoadTime(s)=0.00251038
CODE_EXECUTION_TIME(s)=0.0219931
RESULT=727044
Throughput=3.30578e+07
VertexSetAllocated=0.00 Bytes
MiniGraphAllocated=0.00 Bytes
        0.33 real         0.12 user         0.00 sys
             6012928  maximum resident set size
                   0  average shared memory size
                   0  average unshared data size
                   0  average unshared stack size
                 487  page reclaims
                   1  page faults
                   0  swaps
                   0  block input operations
                   0  block output operations
                   0  messages sent
                   0  messages received
                   0  signals received
                   1  voluntary context switches
                 194  involuntary context switches
           652958300  instructions retired
           276797190  cycles elapsed
             4670080  peak memory footprint
