Threads=16
LoadTime(s)=0.0113452
CODE_EXECUTION_TIME(s)=26.6263
RESULT=512196821
Throughput=1.92365e+07
VertexSetAllocated=6.23 MB
MiniGraphAllocated=6.84 MB
       26.95 real       131.52 user         1.01 sys
            12976128  maximum resident set size
                   0  average shared memory size
                   0  average unshared data size
                   0  average unshared stack size
                1163  page reclaims
                   3  page faults
                   0  swaps
                   0  block input operations
                   0  block output operations
                   0  messages sent
                   0  messages received
                   0  signals received
                  14  voluntary context switches
              188029  involuntary context switches
        626495960963  instructions retired
        266441172180  cycles elapsed
            13190336  peak memory footprint
