Threads=2
LoadTime(s)=0.00350062
CODE_EXECUTION_TIME(s)=0.18303
RESULT=2341639
Throughput=1.27938e+07
VertexSetAllocated=0.00 Bytes
MiniGraphAllocated=114.43 KB
        0.50 real         0.37 user         0.00 sys
             5799936  maximum resident set size
                   0  average shared memory size
                   0  average unshared data size
                   0  average unshared stack size
                 469  page reclaims
                   1  page faults
                   0  swaps
                   0  block input operations
                   0  block output operations
                   0  messages sent
                   0  messages received
                   0  signals received
                   4  voluntary context switches
                  13  involuntary context switches
          2229690036  instructions retired
           716602179  cycles elapsed
             4407936  peak memory footprint
