Threads=4
LoadTime(s)=0.00392829
CODE_EXECUTION_TIME(s)=0.032944
RESULT=727044
Throughput=2.20691e+07
VertexSetAllocated=0.00 Bytes
MiniGraphAllocated=0.00 Bytes
        0.35 real         0.12 user         0.00 sys
             5783552  maximum resident set size
                   0  average shared memory size
                   0  average unshared data size
                   0  average unshared stack size
                 471  page reclaims
                   1  page faults
                   0  swaps
                   0  block input operations
                   0  block output operations
                   0  messages sent
                   0  messages received
                   0  signals received
                   0  voluntary context switches
                 227  involuntary context switches
           652986261  instructions retired
           265401396  cycles elapsed
             4457152  peak memory footprint
