Threads=1
LoadTime(s)=0.00244004
CODE_EXECUTION_TIME(s)=6.87566
RESULT=8821744
Throughput=1.28304e+06
VertexSetAllocated=277.26 KB
MiniGraphAllocated=0.00 Bytes
        7.17 real         6.83 user         0.03 sys
             5537792  maximum resident set size
                   0  average shared memory size
                   0  average unshared data size
                   0  average unshared stack size
                 432  page reclaims
                  19  page faults
                   0  swaps
                   0  block input operations
                   0  block output operations
                   0  messages sent
                   0  messages received
                   0  signals received
                   3  voluntary context switches
                1663  involuntary context switches
         49356698254  instructions retired
         13519582292  cycles elapsed
             4195008  peak memory footprint
