Threads=8
LoadTime(s)=0.00812488
CODE_EXECUTION_TIME(s)=24.5893
RESULT=512196821
Throughput=2.083e+07
VertexSetAllocated=4.87 MB
MiniGraphAllocated=7.00 MB
       24.92 real       132.20 user         0.79 sys
            13090816  maximum resident set size
                   0  average shared memory size
                   0  average unshared data size
                   0  average unshared stack size
                1122  page reclaims
                   3  page faults
                   0  swaps
                   0  block input operations
                   0  block output operations
                   0  messages sent
                   0  messages received
                   0  signals received
                  18  voluntary context switches
              143172  involuntary context switches
        626126091127  instructions retired
        262082666492  cycles elapsed
            13239488  peak memory footprint
