Threads=2
LoadTime(s)=0.00265333
CODE_EXECUTION_TIME(s)=0.0743568
RESULT=727044
Throughput=9.77778e+06
VertexSetAllocated=0.00 Bytes
MiniGraphAllocated=0.00 Bytes
        0.41 real         0.12 user         0.00 sys
             5521408  maximum resident set size
                   0  average shared memory size
                   0  average unshared data size
                   0  average unshared stack size
                 451  page reclaims
                   1  page faults
                   0  swaps
                   0  block input operations
                   0  block output operations
                   0  messages sent
                   0  messages received
                   0  signals received
                   0  voluntary context switches
                 715  involuntary context switches
           656228176  instructions retired
           252288070  cycles elapsed
             4178560  peak memory footprint
