Threads=2
LoadTime(s)=0.00264363
CODE_EXECUTION_TIME(s)=3.50587
RESULT=8821744
Throughput=2.51628e+06
VertexSetAllocated=554.52 KB
MiniGraphAllocated=0.00 Bytes
        4.13 real         6.84 user         0.02 sys
             5668864  maximum resident set size
                   0  average shared memory size
                   0  average unshared data size
                   0  average unshared stack size
                 459  page reclaims
                   2  page faults
                   0  swaps
                   0  block input operations
                   0  block output operations
                   0  messages sent
                   0  messages received
                   0  signals received
                   0  voluntary context switches
                1719  involuntary context switches
         49352156814  instructions retired
         13513644460  cycles elapsed
             4342528  peak memory footprint
