Threads=4
LoadTime(s)=0.0079785
CODE_EXECUTION_TIME(s)=77.893
RESULT=1527784701
Throughput=1.96139e+07
VertexSetAllocated=4.72 MB
MiniGraphAllocated=4.98 MB
       78.22 real       230.69 user         3.44 sys
             7946240  maximum resident set size
                   0  average shared memory size
                   0  average unshared data size
                   0  average unshared stack size
                1203  page reclaims
                   3  page faults
                   0  swaps
                   0  block input operations
                   0  block output operations
                   0  messages sent
                   0  messages received
                   0  signals received
                  13  voluntary context switches
              610229  involuntary context switches
       1035618343063  instructions retired
        432969862403  cycles elapsed
             8815616  peak memory footprint
