Threads=1
LoadTime(s)=0.00184088
CODE_EXECUTION_TIME(s)=19.1856
RESULT=1127174796
Throughput=5.8751e+07
VertexSetAllocated=241.72 KB
MiniGraphAllocated=363.05 KB
       19.49 real        18.24 user         0.16 sys
             4620288  maximum resident set size
                   0  average shared memory size
                   0  average unshared data size
                   0  average unshared stack size
                 496  page reclaims
                   8  page faults
                   0  swaps
                   0  block input operations
                   0  block output operations
                   0  messages sent
                   0  messages received
                   0  signals received
                   6  voluntary context switches
               21861  involuntary context switches
        142975175272  instructions retired
         35637603158  cycles elapsed
             3261120  peak memory footprint
