Threads=2
LoadTime(s)=0.00178333
CODE_EXECUTION_TIME(s)=0.197946
RESULT=2077903
Throughput=1.04973e+07
VertexSetAllocated=0.00 Bytes
MiniGraphAllocated=320.17 KB
        0.53 real         0.39 user         0.00 sys
             4800512  maximum resident set size
                   0  average shared memory size
                   0  average unshared data size
                   0  average unshared stack size
                 404  page reclaims
                   1  page faults
                   0  swaps
                   0  block input operations
                   0  block output operations
                   0  messages sent
                   0  messages received
                   0  signals received
                   0  voluntary context switches
                 311  involuntary context switches
          2367029262  instructions retired
           766646172  cycles elapsed
             3457856  peak memory footprint
