Threads=1
LoadTime(s)=0.00510042
CODE_EXECUTION_TIME(s)=0.398173
RESULT=2077903
Throughput=5.21859e+06
VertexSetAllocated=0.00 Bytes
MiniGraphAllocated=227.03 KB
        0.72 real         0.37 user         0.00 sys
             4587520  maximum resident set size
                   0  average shared memory size
                   0  average unshared data size
                   0  average unshared stack size
                 392  page reclaims
                   2  page faults
                   0  swaps
                   0  block input operations
                   0  block output operations
                   0  messages sent
                   0  messages received
                   0  signals received
                  12  voluntary context switches
                 175  involuntary context switches
          2366951151  instructions retired
           755423637  cycles elapsed
             3244864  peak memory footprint
