Threads=16
LoadTime(s)=0.00174171
CODE_EXECUTION_TIME(s)=0.0736666
RESULT=2077903
Throughput=2.82068e+07
VertexSetAllocated=0.00 Bytes
MiniGraphAllocated=958.07 KB
        0.37 real         0.46 user         0.00 sys
             6176768  maximum resident set size
                   0  average shared memory size
                   0  average unshared data size
                   0  average unshared stack size
                 494  page reclaims
                   1  page faults
                   0  swaps
                   0  block input operations
                   0  block output operations
                   0  messages sent
                   0  messages received
                   0  signals received
                   1  voluntary context switches
                 156  involuntary context switches
          2367415165  instructions retired
          1012452000  cycles elapsed
             4899904  peak memory footprint
