Threads=1
LoadTime(s)=0.00193808
CODE_EXECUTION_TIME(s)=174.692
RESULT=1527784701
Throughput=8.74561e+06
VertexSetAllocated=966.89 KB
MiniGraphAllocated=1.42 MB
      175.00 real       170.23 user         0.96 sys
             5701632  maximum resident set size
                   0  average shared memory size
                   0  average unshared data size
                   0  average unshared stack size
                 596  page reclaims
                  20  page faults
                   0  swaps
                   0  block input operations
                   0  block output operations
                   0  messages sent
                   0  messages received
                   0  signals received
                   4  voluntary context switches
              112751  involuntary context switches
       1031337613669  instructions retired
        335201501115  cycles elapsed
             4391680  peak memory footprint
