Threads=2
LoadTime(s)=0.00133883
CODE_EXECUTION_TIME(s)=0.222642
RESULT=2077903
Throughput=9.33292e+06
VertexSetAllocated=0.00 Bytes
MiniGraphAllocated=320.17 KB
        0.57 real         0.43 user         0.00 sys
             4734976  maximum resident set size
                   0  average shared memory size
                   0  average unshared data size
                   0  average unshared stack size
                 403  page reclaims
                   1  page faults
                   0  swaps
                   0  block input operations
                   0  block output operations
                   0  messages sent
                   0  messages received
                   0  signals received
                   0  voluntary context switches
                 730  involuntary context switches
          2370379547  instructions retired
           759398046  cycles elapsed
             3375872  peak memory footprint
