Threads=16
LoadTime(s)=0.00185446
CODE_EXECUTION_TIME(s)=0.180243
RESULT=4514137
Throughput=2.50447e+07
VertexSetAllocated=0.00 Bytes
MiniGraphAllocated=1.21 MB
        0.49 real         1.28 user         0.00 sys
             6520832  maximum resident set size
                   0  average shared memory size
                   0  average unshared data size
                   0  average unshared stack size
                 511  page reclaims
                   2  page faults
                   0  swaps
                   0  block input operations
                   0  block output operations
                   0  messages sent
                   0  messages received
                   0  signals received
                   0  voluntary context switches
                 744  involuntary context switches
          6210879369  instructions retired
          2669156385  cycles elapsed
             5227584  peak memory footprint
