Threads=16
LoadTime(s)=0.00183842
CODE_EXECUTION_TIME(s)=2.10056
RESULT=32230662
Throughput=1.53438e+07
VertexSetAllocated=3.78 MB
MiniGraphAllocated=0.00 Bytes
        2.46 real        14.17 user         0.03 sys
             5226496  maximum resident set size
                   0  average shared memory size
                   0  average unshared data size
                   0  average unshared stack size
                 433  page reclaims
                   7  page faults
                   0  swaps
                   0  block input operations
                   0  block output operations
                   0  messages sent
                   0  messages received
                   0  signals received
                   0  voluntary context switches
                5574  involuntary context switches
         69259463603  instructions retired
         27406218496  cycles elapsed
             3982400  peak memory footprint
