Threads=8
LoadTime(s)=0.00431479
CODE_EXECUTION_TIME(s)=58.0701
RESULT=1527784701
Throughput=2.63093e+07
VertexSetAllocated=8.50 MB
MiniGraphAllocated=8.40 MB
       58.41 real       232.99 user         2.17 sys
            11501568  maximum resident set size
                   0  average shared memory size
                   0  average unshared data size
                   0  average unshared stack size
                1580  page reclaims
                   3  page faults
                   0  swaps
                   0  block input operations
                   0  block output operations
                   0  messages sent
                   0  messages received
                   0  signals received
                  11  voluntary context switches
              393930  involuntary context switches
       1033884199062  instructions retired
        483659770654  cycles elapsed
            13075456  peak memory footprint
