Threads=4
LoadTime(s)=0.00186567
CODE_EXECUTION_TIME(s)=0.351618
RESULT=6233709
Throughput=1.77286e+07
VertexSetAllocated=966.89 KB
MiniGraphAllocated=1.86 MB
        0.66 real         1.39 user         0.00 sys
             6897664  maximum resident set size
                   0  average shared memory size
                   0  average unshared data size
                   0  average unshared stack size
                 534  page reclaims
                   1  page faults
                   0  swaps
                   0  block input operations
                   0  block output operations
                   0  messages sent
                   0  messages received
                   0  signals received
                   0  voluntary context switches
                 578  involuntary context switches
          8536004512  instructions retired
          2733877537  cycles elapsed
             5637312  peak memory footprint
