Threads=16
LoadTime(s)=0.00483225
CODE_EXECUTION_TIME(s)=52.7031
RESULT=1527784701
Throughput=2.89885e+07
VertexSetAllocated=9.44 MB
MiniGraphAllocated=8.42 MB
       53.07 real       233.07 user         1.93 sys
            12681216  maximum resident set size
                   0  average shared memory size
                   0  average unshared data size
                   0  average unshared stack size
                1340  page reclaims
                   3  page faults
                   0  swaps
                   0  block input operations
                   0  block output operations
                   0  messages sent
                   0  messages received
                   0  signals received
                  13  voluntary context switches
              352569  involuntary context switches
       1033553888101  instructions retired
        480329418037  cycles elapsed
            13239680  peak memory footprint
