Threads=16
LoadTime(s)=0.00141942
CODE_EXECUTION_TIME(s)=0.2152
RESULT=6233709
Throughput=2.8967e+07
VertexSetAllocated=1.89 MB
MiniGraphAllocated=3.34 MB
        0.54 real         1.54 user         0.01 sys
             9109504  maximum resident set size
                   0  average shared memory size
                   0  average unshared data size
                   0  average unshared stack size
                 671  page reclaims
                   1  page faults
                   0  swaps
                   0  block input operations
                   0  block output operations
                   0  messages sent
                   0  messages received
                   0  signals received
                   0  voluntary context switches
                1975  involuntary context switches
          8549858235  instructions retired
          3378153317  cycles elapsed
             7898496  peak memory footprint
