Threads=16
LoadTime(s)=0.00327917
CODE_EXECUTION_TIME(s)=6.34733
RESULT=1127174796
Throughput=1.77583e+08
VertexSetAllocated=1.89 MB
MiniGraphAllocated=1.88 MB
        6.90 real        24.28 user         0.23 sys
             6782976  maximum resident set size
                   0  average shared memory size
                   0  average unshared data size
                   0  average unshared stack size
                 636  page reclaims
                   3  page faults
                   0  swaps
                   0  block input operations
                   0  block output operations
                   0  messages sent
                   0  messages received
                   0  signals received
                   8  voluntary context switches
               39130  involuntary context switches
        143130615280  instructions retired
         51059987742  cycles elapsed
             6194368  peak memory footprint
