Threads=2
LoadTime(s)=0.00156229
CODE_EXECUTION_TIME(s)=0.674843
RESULT=6233709
Throughput=9.23727e+06
VertexSetAllocated=483.45 KB
MiniGraphAllocated=1.07 MB
        0.98 real         1.35 user         0.00 sys
             5472256  maximum resident set size
                   0  average shared memory size
                   0  average unshared data size
                   0  average unshared stack size
                 443  page reclaims
                   7  page faults
                   0  swaps
                   0  block input operations
                   0  block output operations
                   0  messages sent
                   0  messages received
                   0  signals received
                   1  voluntary context switches
                 155  involuntary context switches
          8530932256  instructions retired
          2652825161  cycles elapsed
             4063872  peak memory footprint
