Threads=4
LoadTime(s)=0.00541354
CODE_EXECUTION_TIME(s)=8.0107
RESULT=1127174796
Throughput=1.40709e+08
VertexSetAllocated=966.89 KB
MiniGraphAllocated=971.87 KB
        8.48 real        25.33 user         0.34 sys
             5963776  maximum resident set size
                   0  average shared memory size
                   0  average unshared data size
                   0  average unshared stack size
                 560  page reclaims
                   3  page faults
                   0  swaps
                   0  block input operations
                   0  block output operations
                   0  messages sent
                   0  messages received
                   0  signals received
                  10  voluntary context switches
               57407  involuntary context switches
        143286738737  instructions retired
         46809927350  cycles elapsed
             4670464  peak memory footprint
