Threads=2
LoadTime(s)=0.00374779
CODE_EXECUTION_TIME(s)=0.59137
RESULT=4514137
Throughput=7.63336e+06
VertexSetAllocated=0.00 Bytes
MiniGraphAllocated=357.92 KB
        0.91 real         1.17 user         0.00 sys
             4898816  maximum resident set size
                   0  average shared memory size
                   0  average unshared data size
                   0  average unshared stack size
                 413  page reclaims
                   1  page faults
                   0  swaps
                   0  block input operations
                   0  block output operations
                   0  messages sent
                   0  messages received
                   0  signals received
                   0  voluntary context switches
                 698  involuntary context switches
          6211356851  instructions retired
          1987200059  cycles elapsed
             3556224  peak memory footprint
