Threads=8
LoadTime(s)=0.00971913
CODE_EXECUTION_TIME(s)=0.0734458
RESULT=2224385
Throughput=3.02861e+07
VertexSetAllocated=0.00 Bytes
MiniGraphAllocated=0.00 Bytes
        0.09 real         0.41 user         0.01 sys
            19513344  maximum resident set size
                   0  average shared memory size
                   0  average unshared data size
                   0  average unshared stack size
                1299  page reclaims
                   0  page faults
                   0  swaps
                   0  block input operations
                   0  block output operations
                   0  messages sent
                   0  messages received
                   0  signals received
                   0  voluntary context switches
                 441  involuntary context switches
          1586734834  instructions retired
           850049810  cycles elapsed
            18498368  peak memory footprint
