Threads=8
LoadTime(s)=0.0175256
CODE_EXECUTION_TIME(s)=0.0600005
RESULT=2224385
Throughput=3.70727e+07
VertexSetAllocated=0.00 Bytes
MiniGraphAllocated=0.00 Bytes
        0.09 real         0.36 user         0.01 sys
            19464192  maximum resident set size
                   0  average shared memory size
                   0  average unshared data size
                   0  average unshared stack size
                1299  page reclaims
                   0  page faults
                   0  swaps
                   0  block input operations
                   0  block output operations
                   0  messages sent
                   0  messages received
                   0  signals received
                   0  voluntary context switches
                 742  involuntary context switches
          1590704703  instructions retired
           774609077  cycles elapsed
            18399872  peak memory footprint
