Threads=8
LoadTime(s)=0.00956979
CODE_EXECUTION_TIME(s)=0.0552636
RESULT=2224385
Throughput=4.02505e+07
VertexSetAllocated=0.00 Bytes
MiniGraphAllocated=0.00 Bytes
        0.07 real         0.43 user         0.00 sys
            19415040  maximum resident set size
                   0  average shared memory size
                   0  average unshared data size
                   0  average unshared stack size
                1289  page reclaims
                   0  page faults
                   0  swaps
                   0  block input operations
                   0  block output operations
                   0  messages sent
                   0  messages received
                   0  signals received
                   0  voluntary context switches
                 237  involuntary context switches
          1584790564  instructions retired
           786557126  cycles elapsed
            18350720  peak memory footprint
