Threads=8
LoadTime(s)=0.0100835
CODE_EXECUTION_TIME(s)=0.0610553
RESULT=2224385
Throughput=3.64323e+07
VertexSetAllocated=0.00 Bytes
MiniGraphAllocated=0.00 Bytes
        0.07 real         0.42 user         0.00 sys
            19415040  maximum resident set size
                   0  average shared memory size
                   0  average unshared data size
                   0  average unshared stack size
                1285  page reclaims
                   0  page faults
                   0  swaps
                   0  block input operations
                   0  block output operations
                   0  messages sent
                   0  messages received
                   0  signals received
                   0  voluntary context switches
                 276  involuntary context switches
          1584302185  instructions retired
           804065053  cycles elapsed
            18350784  peak memory footprint
