Threads=8
LoadTime(s)=0.0108285
CODE_EXECUTION_TIME(s)=0.0719054
RESULT=2224385
Throughput=3.09349e+07
VertexSetAllocated=0.00 Bytes
MiniGraphAllocated=0.00 Bytes
        0.09 real         0.41 user         0.01 sys
            19562496  maximum resident set size
                   0  average shared memory size
                   0  average unshared data size
                   0  average unshared stack size
                1301  page reclaims
                   0  page faults
                   0  swaps
                   0  block input operations
                   0  block output operations
                   0  messages sent
                   0  messages received
                   0  signals received
                   0  voluntary context switches
                 323  involuntary context switches
          1585283484  instructions retired
           858900895  cycles elapsed
            18563968  peak memory footprint
