Threads=8
LoadTime(s)=0.0124592
CODE_EXECUTION_TIME(s)=0.0599713
RESULT=2224385
Throughput=3.70908e+07
VertexSetAllocated=0.00 Bytes
MiniGraphAllocated=0.00 Bytes
        0.08 real         0.42 user         0.01 sys
            19415040  maximum resident set size
                   0  average shared memory size
                   0  average unshared data size
                   0  average unshared stack size
                1301  page reclaims
                   0  page faults
                   0  swaps
                   0  block input operations
                   0  block output operations
                   0  messages sent
                   0  messages received
                   0  signals received
                   0  voluntary context switches
                 226  involuntary context switches
          1584966838  instructions retired
           812755330  cycles elapsed
            18383616  peak memory footprint
