Threads=8
LoadTime(s)=0.0208821
CODE_EXECUTION_TIME(s)=0.0771904
RESULT=2224385
Throughput=2.88169e+07
VertexSetAllocated=0.00 Bytes
MiniGraphAllocated=0.00 Bytes
        0.10 real         0.43 user         0.01 sys
            19431424  maximum resident set size
                   0  average shared memory size
                   0  average unshared data size
                   0  average unshared stack size
                1292  page reclaims
                   0  page faults
                   0  swaps
                   0  block input operations
                   0  block output operations
                   0  messages sent
                   0  messages received
                   0  signals received
                  12  voluntary context switches
                 397  involuntary context switches
          1591585833  instructions retired
           837396438  cycles elapsed
            18383552  peak memory footprint
