Threads=8
LoadTime(s)=0.0102451
CODE_EXECUTION_TIME(s)=0.0632845
RESULT=2224385
Throughput=3.5149e+07
VertexSetAllocated=0.00 Bytes
MiniGraphAllocated=0.00 Bytes
        0.07 real         0.42 user         0.01 sys
            19496960  maximum resident set size
                   0  average shared memory size
                   0  average unshared data size
                   0  average unshared stack size
                1295  page reclaims
                   0  page faults
                   0  swaps
                   0  block input operations
                   0  block output operations
                   0  messages sent
                   0  messages received
                   0  signals received
                   0  voluntary context switches
                 333  involuntary context switches
          1585345461  instructions retired
           805699991  cycles elapsed
            18481984  peak memory footprint
