Threads=8
LoadTime(s)=0.001367
CODE_EXECUTION_TIME(s)=0.0182983
RESULT=727044
Throughput=3.97329e+07
VertexSetAllocated=0.00 Bytes
MiniGraphAllocated=0.00 Bytes
        0.02 real         0.13 user         0.00 sys
             5619712  maximum resident set size
                   0  average shared memory size
                   0  average unshared data size
                   0  average unshared stack size
                 450  page reclaims
                   0  page faults
                   0  swaps
                   0  block input operations
                   0  block output operations
                   0  messages sent
                   0  messages received
                   0  signals received
                   0  voluntary context switches
                 160  involuntary context switches
           637651634  instructions retired
           264808338  cycles elapsed
             4555392  peak memory footprint
