Threads=8
LoadTime(s)=0.00159288
CODE_EXECUTION_TIME(s)=0.0208961
RESULT=727044
Throughput=3.47933e+07
VertexSetAllocated=0.00 Bytes
MiniGraphAllocated=0.00 Bytes
        0.02 real         0.15 user         0.00 sys
             5668864  maximum resident set size
                   0  average shared memory size
                   0  average unshared data size
                   0  average unshared stack size
                 452  page reclaims
                   0  page faults
                   0  swaps
                   0  block input operations
                   0  block output operations
                   0  messages sent
                   0  messages received
                   0  signals received
                   0  voluntary context switches
                 174  involuntary context switches
           637943663  instructions retired
           278234112  cycles elapsed
             4604544  peak memory footprint
