Threads=8
LoadTime(s)=0.00136587
CODE_EXECUTION_TIME(s)=0.0186308
RESULT=727044
Throughput=3.90238e+07
VertexSetAllocated=0.00 Bytes
MiniGraphAllocated=0.00 Bytes
        0.02 real         0.13 user         0.00 sys
             5718016  maximum resident set size
                   0  average shared memory size
                   0  average unshared data size
                   0  average unshared stack size
                 456  page reclaims
                   0  page faults
                   0  swaps
                   0  block input operations
                   0  block output operations
                   0  messages sent
                   0  messages received
                   0  signals received
                   0  voluntary context switches
                 131  involuntary context switches
           637665753  instructions retired
           268280405  cycles elapsed
             4653696  peak memory footprint
