Threads=8
LoadTime(s)=0.00136112
CODE_EXECUTION_TIME(s)=0.0214587
RESULT=727044
Throughput=3.38811e+07
VertexSetAllocated=0.00 Bytes
MiniGraphAllocated=0.00 Bytes
        0.02 real         0.13 user         0.00 sys
             5685248  maximum resident set size
                   0  average shared memory size
                   0  average unshared data size
                   0  average unshared stack size
                 454  page reclaims
                   0  page faults
                   0  swaps
                   0  block input operations
                   0  block output operations
                   0  messages sent
                   0  messages received
                   0  signals received
                   0  voluntary context switches
                 186  involuntary context switches
           637664477  instructions retired
           275880929  cycles elapsed
             4620928  peak memory footprint
