Threads=8
LoadTime(s)=0.00132712
CODE_EXECUTION_TIME(s)=0.0191101
RESULT=727044
Throughput=3.8045e+07
VertexSetAllocated=0.00 Bytes
MiniGraphAllocated=0.00 Bytes
        0.02 real         0.14 user         0.00 sys
             6045696  maximum resident set size
                   0  average shared memory size
                   0  average unshared data size
                   0  average unshared stack size
                 474  page reclaims
                   0  page faults
                   0  swaps
                   0  block input operations
                   0  block output operations
                   0  messages sent
                   0  messages received
                   0  signals received
                   0  voluntary context switches
                 180  involuntary context switches
           638490408  instructions retired
           278860199  cycles elapsed
             4964928  peak memory footprint
