Threads=8
LoadTime(s)=0.007724
CODE_EXECUTION_TIME(s)=0.0201253
RESULT=727044
Throughput=3.61258e+07
VertexSetAllocated=0.00 Bytes
MiniGraphAllocated=0.00 Bytes
        0.03 real         0.13 user         0.00 sys
             5750784  maximum resident set size
                   0  average shared memory size
                   0  average unshared data size
                   0  average unshared stack size
                 456  page reclaims
                   0  page faults
                   0  swaps
                   0  block input operations
                   0  block output operations
                   0  messages sent
                   0  messages received
                   0  signals received
                  14  voluntary context switches
                 160  involuntary context switches
           639501489  instructions retired
           260954595  cycles elapsed
             4719360  peak memory footprint
