Threads=8
LoadTime(s)=0.000726833
CODE_EXECUTION_TIME(s)=0.0243791
RESULT=608389
Throughput=2.49554e+07
VertexSetAllocated=0.00 Bytes
MiniGraphAllocated=0.00 Bytes
        0.03 real         0.15 user         0.00 sys
             4390912  maximum resident set size
                   0  average shared memory size
                   0  average unshared data size
                   0  average unshared stack size
                 372  page reclaims
                   0  page faults
                   0  swaps
                   0  block input operations
                   0  block output operations
                   0  messages sent
                   0  messages received
                   0  signals received
                   0  voluntary context switches
                 353  involuntary context switches
           762043802  instructions retired
           297815645  cycles elapsed
             3310144  peak memory footprint
