Threads=8
LoadTime(s)=0.000771708
CODE_EXECUTION_TIME(s)=0.0270079
RESULT=608389
Throughput=2.25263e+07
VertexSetAllocated=0.00 Bytes
MiniGraphAllocated=0.00 Bytes
        0.03 real         0.13 user         0.00 sys
             4390912  maximum resident set size
                   0  average shared memory size
                   0  average unshared data size
                   0  average unshared stack size
                 376  page reclaims
                   0  page faults
                   0  swaps
                   0  block input operations
                   0  block output operations
                   0  messages sent
                   0  messages received
                   0  signals received
                   0  voluntary context switches
                 568  involuntary context switches
           761974919  instructions retired
           307924299  cycles elapsed
             3359488  peak memory footprint
