Threads=8
LoadTime(s)=0.00984496
CODE_EXECUTION_TIME(s)=0.066024
RESULT=2224385
Throughput=3.36906e+07
VertexSetAllocated=0.00 Bytes
MiniGraphAllocated=0.00 Bytes
        0.08 real         0.42 user         0.01 sys
            19480576  maximum resident set size
                   0  average shared memory size
                   0  average unshared data size
                   0  average unshared stack size
                1293  page reclaims
                   0  page faults
                   0  swaps
                   0  block input operations
                   0  block output operations
                   0  messages sent
                   0  messages received
                   0  signals received
                   0  voluntary context switches
                 683  involuntary context switches
          1588582450  instructions retired
           815032204  cycles elapsed
            18449152  peak memory footprint
