Threads=8
LoadTime(s)=0.0108969
CODE_EXECUTION_TIME(s)=0.0722872
RESULT=2224385
Throughput=3.07715e+07
VertexSetAllocated=0.00 Bytes
MiniGraphAllocated=0.00 Bytes
        0.09 real         0.41 user         0.01 sys
            19496960  maximum resident set size
                   0  average shared memory size
                   0  average unshared data size
                   0  average unshared stack size
                1297  page reclaims
                   0  page faults
                   0  swaps
                   0  block input operations
                   0  block output operations
                   0  messages sent
                   0  messages received
                   0  signals received
                   0  voluntary context switches
                 425  involuntary context switches
          1586358874  instructions retired
           847427248  cycles elapsed
            18465536  peak memory footprint
