Threads=8
LoadTime(s)=0.0100885
CODE_EXECUTION_TIME(s)=0.0682943
RESULT=2224385
Throughput=3.25706e+07
VertexSetAllocated=0.00 Bytes
MiniGraphAllocated=0.00 Bytes
        0.08 real         0.43 user         0.01 sys
            19480576  maximum resident set size
                   0  average shared memory size
                   0  average unshared data size
                   0  average unshared stack size
                1291  page reclaims
                   0  page faults
                   0  swaps
                   0  block input operations
                   0  block output operations
                   0  messages sent
                   0  messages received
                   0  signals received
                   0  voluntary context switches
                 636  involuntary context switches
          1593203621  instructions retired
           828820728  cycles elapsed
            18432704  peak memory footprint
