Threads=8
LoadTime(s)=0.00950992
CODE_EXECUTION_TIME(s)=0.0579103
RESULT=2224385
Throughput=3.84109e+07
VertexSetAllocated=0.00 Bytes
MiniGraphAllocated=0.00 Bytes
        0.07 real         0.42 user         0.01 sys
            19333120  maximum resident set size
                   0  average shared memory size
                   0  average unshared data size
                   0  average unshared stack size
                1287  page reclaims
                   0  page faults
                   0  swaps
                   0  block input operations
                   0  block output operations
                   0  messages sent
                   0  messages received
                   0  signals received
                   0  voluntary context switches
                 368  involuntary context switches
          1585829601  instructions retired
           778561823  cycles elapsed
            18268800  peak memory footprint
