Threads=8
LoadTime(s)=0.0100796
CODE_EXECUTION_TIME(s)=0.0640449
RESULT=2224385
Throughput=3.47316e+07
VertexSetAllocated=0.00 Bytes
MiniGraphAllocated=0.00 Bytes
        0.08 real         0.42 user         0.01 sys
            19365888  maximum resident set size
                   0  average shared memory size
                   0  average unshared data size
                   0  average unshared stack size
                1291  page reclaims
                   0  page faults
                   0  swaps
                   0  block input operations
                   0  block output operations
                   0  messages sent
                   0  messages received
                   0  signals received
                   0  voluntary context switches
                 430  involuntary context switches
          1586008428  instructions retired
           800504947  cycles elapsed
            18334464  peak memory footprint
