Threads=8
LoadTime(s)=0.0115897
CODE_EXECUTION_TIME(s)=0.0627554
RESULT=2224385
Throughput=3.54453e+07
VertexSetAllocated=0.00 Bytes
MiniGraphAllocated=0.00 Bytes
        0.08 real         0.42 user         0.01 sys
            19480576  maximum resident set size
                   0  average shared memory size
                   0  average unshared data size
                   0  average unshared stack size
                1295  page reclaims
                   0  page faults
                   0  swaps
                   0  block input operations
                   0  block output operations
                   0  messages sent
                   0  messages received
                   0  signals received
                   0  voluntary context switches
                 440  involuntary context switches
          1586268848  instructions retired
           819089748  cycles elapsed
            18449152  peak memory footprint
