Threads=8
LoadTime(s)=0.00142954
CODE_EXECUTION_TIME(s)=0.0204055
RESULT=727044
Throughput=3.56298e+07
VertexSetAllocated=0.00 Bytes
MiniGraphAllocated=0.00 Bytes
        0.02 real         0.13 user         0.00 sys
             5783552  maximum resident set size
                   0  average shared memory size
                   0  average unshared data size
                   0  average unshared stack size
                 462  page reclaims
                   0  page faults
                   0  swaps
                   0  block input operations
                   0  block output operations
                   0  messages sent
                   0  messages received
                   0  signals received
                   0  voluntary context switches
                 275  involuntary context switches
           638426278  instructions retired
           260638061  cycles elapsed
             4719232  peak memory footprint
