Threads=8
LoadTime(s)=0.00137796
CODE_EXECUTION_TIME(s)=0.0197725
RESULT=727044
Throughput=3.67704e+07
VertexSetAllocated=0.00 Bytes
MiniGraphAllocated=0.00 Bytes
        0.02 real         0.14 user         0.00 sys
             5750784  maximum resident set size
                   0  average shared memory size
                   0  average unshared data size
                   0  average unshared stack size
                 458  page reclaims
                   0  page faults
                   0  swaps
                   0  block input operations
                   0  block output operations
                   0  messages sent
                   0  messages received
                   0  signals received
                   0  voluntary context switches
                 273  involuntary context switches
           638684904  instructions retired
           267247804  cycles elapsed
             4719360  peak memory footprint
