Threads=8
LoadTime(s)=0.00170696
CODE_EXECUTION_TIME(s)=0.0184023
RESULT=727044
Throughput=3.95083e+07
VertexSetAllocated=0.00 Bytes
MiniGraphAllocated=0.00 Bytes
        0.02 real         0.13 user         0.00 sys
             5849088  maximum resident set size
                   0  average shared memory size
                   0  average unshared data size
                   0  average unshared stack size
                 461  page reclaims
                   0  page faults
                   0  swaps
                   0  block input operations
                   0  block output operations
                   0  messages sent
                   0  messages received
                   0  signals received
                   0  voluntary context switches
                 128  involuntary context switches
           637139509  instructions retired
           262329120  cycles elapsed
             4850560  peak memory footprint
