Threads=8
LoadTime(s)=0.00170338
CODE_EXECUTION_TIME(s)=0.0256221
RESULT=727044
Throughput=2.83756e+07
VertexSetAllocated=0.00 Bytes
MiniGraphAllocated=0.00 Bytes
        0.03 real         0.15 user         0.00 sys
             5652480  maximum resident set size
                   0  average shared memory size
                   0  average unshared data size
                   0  average unshared stack size
                 450  page reclaims
                   6  page faults
                   0  swaps
                   0  block input operations
                   0  block output operations
                   0  messages sent
                   0  messages received
                   0  signals received
                   0  voluntary context switches
                 373  involuntary context switches
           639500900  instructions retired
           285044281  cycles elapsed
             4588160  peak memory footprint
