Threads=8
LoadTime(s)=0.00131117
CODE_EXECUTION_TIME(s)=0.162677
RESULT=608389
Throughput=3.73985e+06
VertexSetAllocated=0.00 Bytes
MiniGraphAllocated=0.00 Bytes
        0.17 real         0.14 user         0.00 sys
             4407296  maximum resident set size
                   0  average shared memory size
                   0  average unshared data size
                   0  average unshared stack size
                 377  page reclaims
                   0  page faults
                   0  swaps
                   0  block input operations
                   0  block output operations
                   0  messages sent
                   0  messages received
                   0  signals received
                   0  voluntary context switches
                1010  involuntary context switches
           763751885  instructions retired
           349635896  cycles elapsed
             3342976  peak memory footprint
