Threads=8
LoadTime(s)=0.00105821
CODE_EXECUTION_TIME(s)=0.0208591
RESULT=608389
Throughput=2.91666e+07
VertexSetAllocated=0.00 Bytes
MiniGraphAllocated=0.00 Bytes
        0.02 real         0.15 user         0.00 sys
             4423680  maximum resident set size
                   0  average shared memory size
                   0  average unshared data size
                   0  average unshared stack size
                 377  page reclaims
                   0  page faults
                   0  swaps
                   0  block input operations
                   0  block output operations
                   0  messages sent
                   0  messages received
                   0  signals received
                   0  voluntary context switches
                 199  involuntary context switches
           760515067  instructions retired
           293539569  cycles elapsed
             3375808  peak memory footprint
