Threads=8
LoadTime(s)=0.000820834
CODE_EXECUTION_TIME(s)=0.0200623
RESULT=608389
Throughput=3.0325e+07
VertexSetAllocated=0.00 Bytes
MiniGraphAllocated=0.00 Bytes
        0.02 real         0.15 user         0.00 sys
             4276224  maximum resident set size
                   0  average shared memory size
                   0  average unshared data size
                   0  average unshared stack size
                 366  page reclaims
                   0  page faults
                   0  swaps
                   0  block input operations
                   0  block output operations
                   0  messages sent
                   0  messages received
                   0  signals received
                   0  voluntary context switches
                 231  involuntary context switches
           759026899  instructions retired
           289636007  cycles elapsed
             3211904  peak memory footprint
