Threads=8
LoadTime(s)=0.000950792
CODE_EXECUTION_TIME(s)=0.0263739
RESULT=608389
Throughput=2.30679e+07
VertexSetAllocated=0.00 Bytes
MiniGraphAllocated=0.00 Bytes
        0.03 real         0.15 user         0.00 sys
             4358144  maximum resident set size
                   0  average shared memory size
                   0  average unshared data size
                   0  average unshared stack size
                 375  page reclaims
                   0  page faults
                   0  swaps
                   0  block input operations
                   0  block output operations
                   0  messages sent
                   0  messages received
                   0  signals received
                   0  voluntary context switches
                 551  involuntary context switches
           761532731  instructions retired
           309067639  cycles elapsed
             3277376  peak memory footprint
