Threads=8
LoadTime(s)=0.000691959
time: command terminated abnormally
        0.05 real         0.15 user         0.00 sys
             4407296  maximum resident set size
                   0  average shared memory size
                   0  average unshared data size
                   0  average unshared stack size
                 361  page reclaims
                   0  page faults
                   0  swaps
                   0  block input operations
                   0  block output operations
                   0  messages sent
                   0  messages received
                   0  signals received
                   0  voluntary context switches
                 394  involuntary context switches
           760515760  instructions retired
           292621892  cycles elapsed
             3244608  peak memory footprint
