Threads=8
LoadTime(s)=0.000825292
CODE_EXECUTION_TIME(s)=0.03227
RESULT=608389
Throughput=1.88531e+07
VertexSetAllocated=0.00 Bytes
MiniGraphAllocated=0.00 Bytes
        0.03 real         0.16 user         0.00 sys
             4292608  maximum resident set size
                   0  average shared memory size
                   0  average unshared data size
                   0  average unshared stack size
                 367  page reclaims
                   0  page faults
                   0  swaps
                   0  block input operations
                   0  block output operations
                   0  messages sent
                   0  messages received
                   0  signals received
                   0  voluntary context switches
                 282  involuntary context switches
           757649495  instructions retired
           289351887  cycles elapsed
             3228288  peak memory footprint
