Threads=8
LoadTime(s)=0.00185462
CODE_EXECUTION_TIME(s)=0.0549314
RESULT=608389
Throughput=1.10754e+07
VertexSetAllocated=0.00 Bytes
MiniGraphAllocated=0.00 Bytes
        0.06 real         0.14 user         0.00 sys
             4472832  maximum resident set size
                   0  average shared memory size
                   0  average unshared data size
                   0  average unshared stack size
                 371  page reclaims
                   0  page faults
                   0  swaps
                   0  block input operations
                   0  block output operations
                   0  messages sent
                   0  messages received
                   0  signals received
                   0  voluntary context switches
                 956  involuntary context switches
           763033275  instructions retired
           340392105  cycles elapsed
             3441472  peak memory footprint
