Threads=8
LoadTime(s)=0.000507291
CODE_EXECUTION_TIME(s)=0.017889
RESULT=608389
Throughput=3.4009e+07
VertexSetAllocated=0.00 Bytes
MiniGraphAllocated=0.00 Bytes
        0.02 real         0.12 user         0.00 sys
             4325376  maximum resident set size
                   0  average shared memory size
                   0  average unshared data size
                   0  average unshared stack size
                 371  page reclaims
                   0  page faults
                   0  swaps
                   0  block input operations
                   0  block output operations
                   0  messages sent
                   0  messages received
                   0  signals received
                   0  voluntary context switches
                 565  involuntary context switches
           762227275  instructions retired
           290290573  cycles elapsed
             3244608  peak memory footprint
