Threads=8
LoadTime(s)=0.000720916
CODE_EXECUTION_TIME(s)=0.026922
RESULT=608389
Throughput=2.25982e+07
VertexSetAllocated=0.00 Bytes
MiniGraphAllocated=0.00 Bytes
        0.03 real         0.15 user         0.00 sys
             4456448  maximum resident set size
                   0  average shared memory size
                   0  average unshared data size
                   0  average unshared stack size
                 374  page reclaims
                   0  page faults
                   0  swaps
                   0  block input operations
                   0  block output operations
                   0  messages sent
                   0  messages received
                   0  signals received
                   0  voluntary context switches
                 280  involuntary context switches
           758880643  instructions retired
           273353705  cycles elapsed
             3392128  peak memory footprint
