Threads=8
LoadTime(s)=0.000767
CODE_EXECUTION_TIME(s)=0.0212398
RESULT=608389
Throughput=2.86438e+07
VertexSetAllocated=0.00 Bytes
MiniGraphAllocated=0.00 Bytes
        0.02 real         0.14 user         0.00 sys
             4308992  maximum resident set size
                   0  average shared memory size
                   0  average unshared data size
                   0  average unshared stack size
                 374  page reclaims
                   0  page faults
                   0  swaps
                   0  block input operations
                   0  block output operations
                   0  messages sent
                   0  messages received
                   0  signals received
                   0  voluntary context switches
                 363  involuntary context switches
           760454420  instructions retired
           287812710  cycles elapsed
             3244672  peak memory footprint
