Threads=8
LoadTime(s)=0.000612041
time: command terminated abnormally
        0.04 real         0.13 user         0.00 sys
             4423680  maximum resident set size
                   0  average shared memory size
                   0  average unshared data size
                   0  average unshared stack size
                 357  page reclaims
                   0  page faults
                   0  swaps
                   0  block input operations
                   0  block output operations
                   0  messages sent
                   0  messages received
                   0  signals received
                   0  voluntary context switches
                 252  involuntary context switches
           758229080  instructions retired
           279557217  cycles elapsed
             3260992  peak memory footprint
