Threads=8
LoadTime(s)=0.0150847
CODE_EXECUTION_TIME(s)=0.0788597
RESULT=2224385
Throughput=2.82069e+07
VertexSetAllocated=0.00 Bytes
MiniGraphAllocated=0.00 Bytes
        0.10 real         0.42 user         0.01 sys
            19562496  maximum resident set size
                   0  average shared memory size
                   0  average unshared data size
                   0  average unshared stack size
                1302  page reclaims
                   0  page faults
                   0  swaps
                   0  block input operations
                   0  block output operations
                   0  messages sent
                   0  messages received
                   0  signals received
                   0  voluntary context switches
                 495  involuntary context switches
          1587206106  instructions retired
           872478863  cycles elapsed
            18580416  peak memory footprint
