Threads=8
LoadTime(s)=0.0100229
CODE_EXECUTION_TIME(s)=0.074941
RESULT=2224385
Throughput=2.96818e+07
VertexSetAllocated=0.00 Bytes
MiniGraphAllocated=0.00 Bytes
        0.09 real         0.41 user         0.01 sys
            19480576  maximum resident set size
                   0  average shared memory size
                   0  average unshared data size
                   0  average unshared stack size
                1296  page reclaims
                   0  page faults
                   0  swaps
                   0  block input operations
                   0  block output operations
                   0  messages sent
                   0  messages received
                   0  signals received
                   0  voluntary context switches
                 313  involuntary context switches
          1585241614  instructions retired
           832078242  cycles elapsed
            18465600  peak memory footprint
