Threads=8
LoadTime(s)=0.00992571
CODE_EXECUTION_TIME(s)=0.083165
RESULT=2224385
Throughput=2.67466e+07
VertexSetAllocated=0.00 Bytes
MiniGraphAllocated=0.00 Bytes
        0.10 real         0.41 user         0.01 sys
            19431424  maximum resident set size
                   0  average shared memory size
                   0  average unshared data size
                   0  average unshared stack size
                1294  page reclaims
                   0  page faults
                   0  swaps
                   0  block input operations
                   0  block output operations
                   0  messages sent
                   0  messages received
                   0  signals received
                   0  voluntary context switches
                 430  involuntary context switches
          1585799353  instructions retired
           859980899  cycles elapsed
            18416448  peak memory footprint
