Threads=8
LoadTime(s)=0.0107143
CODE_EXECUTION_TIME(s)=0.078077
RESULT=2224385
Throughput=2.84896e+07
VertexSetAllocated=0.00 Bytes
MiniGraphAllocated=0.00 Bytes
        0.09 real         0.41 user         0.01 sys
            19644416  maximum resident set size
                   0  average shared memory size
                   0  average unshared data size
                   0  average unshared stack size
                1308  page reclaims
                   0  page faults
                   0  swaps
                   0  block input operations
                   0  block output operations
                   0  messages sent
                   0  messages received
                   0  signals received
                   0  voluntary context switches
                 424  involuntary context switches
          1587038176  instructions retired
           861871914  cycles elapsed
            18645888  peak memory footprint
