Threads=8
LoadTime(s)=0.0106775
CODE_EXECUTION_TIME(s)=0.066901
RESULT=2224385
Throughput=3.32489e+07
VertexSetAllocated=0.00 Bytes
MiniGraphAllocated=0.00 Bytes
        0.08 real         0.43 user         0.01 sys
            19529728  maximum resident set size
                   0  average shared memory size
                   0  average unshared data size
                   0  average unshared stack size
                1296  page reclaims
                   0  page faults
                   0  swaps
                   0  block input operations
                   0  block output operations
                   0  messages sent
                   0  messages received
                   0  signals received
                   0  voluntary context switches
                 354  involuntary context switches
          1585414473  instructions retired
           834039124  cycles elapsed
            18514752  peak memory footprint
