Threads=8
LoadTime(s)=0.00189212
CODE_EXECUTION_TIME(s)=0.0408849
RESULT=727044
Throughput=1.77827e+07
VertexSetAllocated=0.00 Bytes
MiniGraphAllocated=0.00 Bytes
        0.04 real         0.14 user         0.00 sys
             5849088  maximum resident set size
                   0  average shared memory size
                   0  average unshared data size
                   0  average unshared stack size
                 460  page reclaims
                   0  page faults
                   0  swaps
                   0  block input operations
                   0  block output operations
                   0  messages sent
                   0  messages received
                   0  signals received
                   0  voluntary context switches
                 307  involuntary context switches
           638807593  instructions retired
           315818340  cycles elapsed
             4817664  peak memory footprint
