Threads=8
LoadTime(s)=0.00161937
CODE_EXECUTION_TIME(s)=0.0235806
RESULT=727044
Throughput=3.08323e+07
VertexSetAllocated=0.00 Bytes
MiniGraphAllocated=0.00 Bytes
        0.03 real         0.15 user         0.00 sys
             5668864  maximum resident set size
                   0  average shared memory size
                   0  average unshared data size
                   0  average unshared stack size
                 452  page reclaims
                   0  page faults
                   0  swaps
                   0  block input operations
                   0  block output operations
                   0  messages sent
                   0  messages received
                   0  signals received
                   0  voluntary context switches
                 230  involuntary context switches
           638287317  instructions retired
           283917475  cycles elapsed
             4588096  peak memory footprint
