Threads=8
LoadTime(s)=0.00301642
CODE_EXECUTION_TIME(s)=0.0308227
RESULT=727044
Throughput=2.3588e+07
VertexSetAllocated=0.00 Bytes
MiniGraphAllocated=0.00 Bytes
        0.04 real         0.14 user         0.00 sys
             5701632  maximum resident set size
                   0  average shared memory size
                   0  average unshared data size
                   0  average unshared stack size
                 456  page reclaims
                   0  page faults
                   0  swaps
                   0  block input operations
                   0  block output operations
                   0  messages sent
                   0  messages received
                   0  signals received
                   0  voluntary context switches
                 727  involuntary context switches
           641874025  instructions retired
           300600294  cycles elapsed
             4637312  peak memory footprint
