Threads=8
LoadTime(s)=0.00174075
CODE_EXECUTION_TIME(s)=0.032286
RESULT=727044
Throughput=2.25189e+07
VertexSetAllocated=0.00 Bytes
MiniGraphAllocated=0.00 Bytes
        0.04 real         0.14 user         0.00 sys
             5668864  maximum resident set size
                   0  average shared memory size
                   0  average unshared data size
                   0  average unshared stack size
                 445  page reclaims
                   0  page faults
                   0  swaps
                   0  block input operations
                   0  block output operations
                   0  messages sent
                   0  messages received
                   0  signals received
                   1  voluntary context switches
                 460  involuntary context switches
           639002814  instructions retired
           297550535  cycles elapsed
             4588160  peak memory footprint
