Threads=8
LoadTime(s)=0.00175154
CODE_EXECUTION_TIME(s)=0.0233685
RESULT=727044
Throughput=3.11122e+07
VertexSetAllocated=0.00 Bytes
MiniGraphAllocated=0.00 Bytes
        0.03 real         0.14 user         0.00 sys
             5685248  maximum resident set size
                   0  average shared memory size
                   0  average unshared data size
                   0  average unshared stack size
                 457  page reclaims
                   0  page faults
                   0  swaps
                   0  block input operations
                   0  block output operations
                   0  messages sent
                   0  messages received
                   0  signals received
                   0  voluntary context switches
                 225  involuntary context switches
           637984862  instructions retired
           286617791  cycles elapsed
             4637376  peak memory footprint
