Threads=8
LoadTime(s)=0.00172304
CODE_EXECUTION_TIME(s)=0.0228363
RESULT=727044
Throughput=3.18372e+07
VertexSetAllocated=0.00 Bytes
MiniGraphAllocated=0.00 Bytes
        0.03 real         0.14 user         0.00 sys
             5783552  maximum resident set size
                   0  average shared memory size
                   0  average unshared data size
                   0  average unshared stack size
                 460  page reclaims
                   0  page faults
                   0  swaps
                   0  block input operations
                   0  block output operations
                   0  messages sent
                   0  messages received
                   0  signals received
                   0  voluntary context switches
                 230  involuntary context switches
           637917784  instructions retired
           284748336  cycles elapsed
             4702784  peak memory footprint
