Threads=8
LoadTime(s)=0.000613208
CODE_EXECUTION_TIME(s)=0.0226689
RESULT=608389
Throughput=2.68381e+07
VertexSetAllocated=0.00 Bytes
MiniGraphAllocated=0.00 Bytes
        0.02 real         0.14 user         0.00 sys
             4423680  maximum resident set size
                   0  average shared memory size
                   0  average unshared data size
                   0  average unshared stack size
                 374  page reclaims
                   0  page faults
                   0  swaps
                   0  block input operations
                   0  block output operations
                   0  messages sent
                   0  messages received
                   0  signals received
                   0  voluntary context switches
                 513  involuntary context switches
           762969356  instructions retired
           296078360  cycles elapsed
             3359360  peak memory footprint
