Threads=8
LoadTime(s)=0.000744041
CODE_EXECUTION_TIME(s)=0.0230877
RESULT=608389
Throughput=2.63513e+07
VertexSetAllocated=0.00 Bytes
MiniGraphAllocated=0.00 Bytes
        0.02 real         0.14 user         0.00 sys
             4308992  maximum resident set size
                   0  average shared memory size
                   0  average unshared data size
                   0  average unshared stack size
                 370  page reclaims
                   0  page faults
                   0  swaps
                   0  block input operations
                   0  block output operations
                   0  messages sent
                   0  messages received
                   0  signals received
                   0  voluntary context switches
                 267  involuntary context switches
           758227051  instructions retired
           274411681  cycles elapsed
             3228224  peak memory footprint
