Threads=8
LoadTime(s)=0.00083275
CODE_EXECUTION_TIME(s)=0.024485
RESULT=608389
Throughput=2.48474e+07
VertexSetAllocated=0.00 Bytes
MiniGraphAllocated=0.00 Bytes
        0.03 real         0.15 user         0.00 sys
             4292608  maximum resident set size
                   0  average shared memory size
                   0  average unshared data size
                   0  average unshared stack size
                 368  page reclaims
                   0  page faults
                   0  swaps
                   0  block input operations
                   0  block output operations
                   0  messages sent
                   0  messages received
                   0  signals received
                   0  voluntary context switches
                 306  involuntary context switches
           759746390  instructions retired
           300097608  cycles elapsed
             3228288  peak memory footprint
