Threads=8
LoadTime(s)=0.00853933
CODE_EXECUTION_TIME(s)=0.0965935
RESULT=2224385
Throughput=2.30283e+07
VertexSetAllocated=0.00 Bytes
MiniGraphAllocated=0.00 Bytes
        0.11 real         0.42 user         0.00 sys
            19562496  maximum resident set size
                   0  average shared memory size
                   0  average unshared data size
                   0  average unshared stack size
                1299  page reclaims
                   0  page faults
                   0  swaps
                   0  block input operations
                   0  block output operations
                   0  messages sent
                   0  messages received
                   0  signals received
                   0  voluntary context switches
                 376  involuntary context switches
          1585976568  instructions retired
           912968371  cycles elapsed
            18531072  peak memory footprint
