Threads=8
LoadTime(s)=0.00930467
CODE_EXECUTION_TIME(s)=0.0553275
RESULT=2224385
Throughput=4.02039e+07
VertexSetAllocated=0.00 Bytes
MiniGraphAllocated=0.00 Bytes
        0.07 real         0.43 user         0.01 sys
            19382272  maximum resident set size
                   0  average shared memory size
                   0  average unshared data size
                   0  average unshared stack size
                1291  page reclaims
                   0  page faults
                   0  swaps
                   0  block input operations
                   0  block output operations
                   0  messages sent
                   0  messages received
                   0  signals received
                   0  voluntary context switches
                 289  involuntary context switches
          1585117887  instructions retired
           787779707  cycles elapsed
            18317952  peak memory footprint
