Threads=8
LoadTime(s)=0.010121
CODE_EXECUTION_TIME(s)=0.0750848
RESULT=2224385
Throughput=2.9625e+07
VertexSetAllocated=0.00 Bytes
MiniGraphAllocated=0.00 Bytes
        0.09 real         0.41 user         0.01 sys
            19398656  maximum resident set size
                   0  average shared memory size
                   0  average unshared data size
                   0  average unshared stack size
                1292  page reclaims
                   0  page faults
                   0  swaps
                   0  block input operations
                   0  block output operations
                   0  messages sent
                   0  messages received
                   0  signals received
                   0  voluntary context switches
                 399  involuntary context switches
          1585926850  instructions retired
           843576689  cycles elapsed
            18350784  peak memory footprint
