Threads=8
LoadTime(s)=0.0112708
CODE_EXECUTION_TIME(s)=0.0926516
RESULT=2224385
Throughput=2.40081e+07
VertexSetAllocated=0.00 Bytes
MiniGraphAllocated=0.00 Bytes
        0.10 real         0.41 user         0.01 sys
            19529728  maximum resident set size
                   0  average shared memory size
                   0  average unshared data size
                   0  average unshared stack size
                1297  page reclaims
                   0  page faults
                   0  swaps
                   0  block input operations
                   0  block output operations
                   0  messages sent
                   0  messages received
                   0  signals received
                   0  voluntary context switches
                 458  involuntary context switches
          1586591362  instructions retired
           879725109  cycles elapsed
            18514752  peak memory footprint
