Threads=8
LoadTime(s)=0.0117955
CODE_EXECUTION_TIME(s)=0.067318
RESULT=2224385
Throughput=3.3043e+07
VertexSetAllocated=0.00 Bytes
MiniGraphAllocated=0.00 Bytes
        0.08 real         0.42 user         0.01 sys
            19546112  maximum resident set size
                   0  average shared memory size
                   0  average unshared data size
                   0  average unshared stack size
                1300  page reclaims
                   0  page faults
                   0  swaps
                   0  block input operations
                   0  block output operations
                   0  messages sent
                   0  messages received
                   0  signals received
                   0  voluntary context switches
                 341  involuntary context switches
          1585574566  instructions retired
           839379944  cycles elapsed
            18564032  peak memory footprint
