Threads=8
LoadTime(s)=0.00995308
CODE_EXECUTION_TIME(s)=0.150831
RESULT=2224385
Throughput=1.47475e+07
VertexSetAllocated=0.00 Bytes
MiniGraphAllocated=0.00 Bytes
        0.16 real         0.44 user         0.01 sys
            19398656  maximum resident set size
                   0  average shared memory size
                   0  average unshared data size
                   0  average unshared stack size
                1288  page reclaims
                   0  page faults
                   0  swaps
                   0  block input operations
                   0  block output operations
                   0  messages sent
                   0  messages received
                   0  signals received
                   0  voluntary context switches
                2130  involuntary context switches
          1604140186  instructions retired
          1014631844  cycles elapsed
            18383680  peak memory footprint
