Threads=8
LoadTime(s)=0.00975592
CODE_EXECUTION_TIME(s)=0.0639481
RESULT=2224385
Throughput=3.47842e+07
VertexSetAllocated=0.00 Bytes
MiniGraphAllocated=0.00 Bytes
        0.08 real         0.43 user         0.01 sys
            19365888  maximum resident set size
                   0  average shared memory size
                   0  average unshared data size
                   0  average unshared stack size
                1291  page reclaims
                   0  page faults
                   0  swaps
                   0  block input operations
                   0  block output operations
                   0  messages sent
                   0  messages received
                   0  signals received
                   0  voluntary context switches
                 397  involuntary context switches
          1586342502  instructions retired
           821458905  cycles elapsed
            18301568  peak memory footprint
