Threads=8
LoadTime(s)=0.0208588
CODE_EXECUTION_TIME(s)=0.115426
RESULT=2224385
Throughput=1.92711e+07
VertexSetAllocated=0.00 Bytes
MiniGraphAllocated=0.00 Bytes
        0.14 real         0.41 user         0.01 sys
            19578880  maximum resident set size
                   0  average shared memory size
                   0  average unshared data size
                   0  average unshared stack size
                1306  page reclaims
                   0  page faults
                   0  swaps
                   0  block input operations
                   0  block output operations
                   0  messages sent
                   0  messages received
                   0  signals received
                   0  voluntary context switches
                1483  involuntary context switches
          1595927153  instructions retired
           951544388  cycles elapsed
            18580352  peak memory footprint
