Threads=8
LoadTime(s)=0.0100074
CODE_EXECUTION_TIME(s)=0.0713385
RESULT=2224385
Throughput=3.11807e+07
VertexSetAllocated=0.00 Bytes
MiniGraphAllocated=0.00 Bytes
        0.08 real         0.42 user         0.01 sys
            19382272  maximum resident set size
                   0  average shared memory size
                   0  average unshared data size
                   0  average unshared stack size
                1296  page reclaims
                   0  page faults
                   0  swaps
                   0  block input operations
                   0  block output operations
                   0  messages sent
                   0  messages received
                   0  signals received
                   0  voluntary context switches
                 397  involuntary context switches
          1586572246  instructions retired
           827588570  cycles elapsed
            18367296  peak memory footprint
