Threads=8
LoadTime(s)=0.0111939
CODE_EXECUTION_TIME(s)=0.0774595
RESULT=2224385
Throughput=2.87167e+07
VertexSetAllocated=0.00 Bytes
MiniGraphAllocated=0.00 Bytes
        0.09 real         0.41 user         0.01 sys
            19546112  maximum resident set size
                   0  average shared memory size
                   0  average unshared data size
                   0  average unshared stack size
                1300  page reclaims
                   0  page faults
                   0  swaps
                   0  block input operations
                   0  block output operations
                   0  messages sent
                   0  messages received
                   0  signals received
                   0  voluntary context switches
                 361  involuntary context switches
          1585753236  instructions retired
           870066107  cycles elapsed
            18531136  peak memory footprint
