Threads=8
LoadTime(s)=0.0100522
CODE_EXECUTION_TIME(s)=0.0880896
RESULT=2224385
Throughput=2.52514e+07
VertexSetAllocated=0.00 Bytes
MiniGraphAllocated=0.00 Bytes
        0.10 real         0.41 user         0.00 sys
            19529728  maximum resident set size
                   0  average shared memory size
                   0  average unshared data size
                   0  average unshared stack size
                1295  page reclaims
                   0  page faults
                   0  swaps
                   0  block input operations
                   0  block output operations
                   0  messages sent
                   0  messages received
                   0  signals received
                   0  voluntary context switches
                 374  involuntary context switches
          1585662995  instructions retired
           897459521  cycles elapsed
            18498304  peak memory footprint
