Threads=8
LoadTime(s)=0.00131087
CODE_EXECUTION_TIME(s)=0.0185623
RESULT=727044
Throughput=3.91678e+07
VertexSetAllocated=0.00 Bytes
MiniGraphAllocated=0.00 Bytes
        0.02 real         0.13 user         0.00 sys
             5701632  maximum resident set size
                   0  average shared memory size
                   0  average unshared data size
                   0  average unshared stack size
                 456  page reclaims
                   0  page faults
                   0  swaps
                   0  block input operations
                   0  block output operations
                   0  messages sent
                   0  messages received
                   0  signals received
                   0  voluntary context switches
                 199  involuntary context switches
           638695549  instructions retired
           272298064  cycles elapsed
             4637312  peak memory footprint
