Threads=8
LoadTime(s)=0.00198567
CODE_EXECUTION_TIME(s)=0.0515135
RESULT=727044
Throughput=1.41136e+07
VertexSetAllocated=0.00 Bytes
MiniGraphAllocated=0.00 Bytes
        0.06 real         0.14 user         0.00 sys
             5816320  maximum resident set size
                   0  average shared memory size
                   0  average unshared data size
                   0  average unshared stack size
                 452  page reclaims
                   8  page faults
                   0  swaps
                   0  block input operations
                   0  block output operations
                   0  messages sent
                   0  messages received
                   0  signals received
                   0  voluntary context switches
                 898  involuntary context switches
           648903593  instructions retired
           327063909  cycles elapsed
             4752000  peak memory footprint
