Threads=8
LoadTime(s)=0.0025475
CODE_EXECUTION_TIME(s)=0.0366341
RESULT=727044
Throughput=1.98461e+07
VertexSetAllocated=0.00 Bytes
MiniGraphAllocated=0.00 Bytes
        0.05 real         0.14 user         0.00 sys
             5849088  maximum resident set size
                   0  average shared memory size
                   0  average unshared data size
                   0  average unshared stack size
                 462  page reclaims
                   0  page faults
                   0  swaps
                   0  block input operations
                   0  block output operations
                   0  messages sent
                   0  messages received
                   0  signals received
                   0  voluntary context switches
                 582  involuntary context switches
           641335749  instructions retired
           307963266  cycles elapsed
             4817664  peak memory footprint
