Threads=8
LoadTime(s)=0.0013325
CODE_EXECUTION_TIME(s)=0.0190793
RESULT=727044
Throughput=3.81064e+07
VertexSetAllocated=0.00 Bytes
MiniGraphAllocated=0.00 Bytes
        0.02 real         0.13 user         0.00 sys
             5636096  maximum resident set size
                   0  average shared memory size
                   0  average unshared data size
                   0  average unshared stack size
                 455  page reclaims
                   0  page faults
                   0  swaps
                   0  block input operations
                   0  block output operations
                   0  messages sent
                   0  messages received
                   0  signals received
                   0  voluntary context switches
                 195  involuntary context switches
           638417793  instructions retired
           267166682  cycles elapsed
             4555328  peak memory footprint
