Threads=8
LoadTime(s)=0.0008775
CODE_EXECUTION_TIME(s)=0.0277789
RESULT=608389
Throughput=2.19011e+07
VertexSetAllocated=0.00 Bytes
MiniGraphAllocated=0.00 Bytes
        0.03 real         0.16 user         0.00 sys
             4325376  maximum resident set size
                   0  average shared memory size
                   0  average unshared data size
                   0  average unshared stack size
                 370  page reclaims
                   0  page faults
                   0  swaps
                   0  block input operations
                   0  block output operations
                   0  messages sent
                   0  messages received
                   0  signals received
                   0  voluntary context switches
                 463  involuntary context switches
           761672217  instructions retired
           308354649  cycles elapsed
             3261056  peak memory footprint
