Threads=8
LoadTime(s)=0.00085475
CODE_EXECUTION_TIME(s)=0.0308585
RESULT=608389
Throughput=1.97154e+07
VertexSetAllocated=0.00 Bytes
MiniGraphAllocated=0.00 Bytes
        0.03 real         0.15 user         0.00 sys
             4325376  maximum resident set size
                   0  average shared memory size
                   0  average unshared data size
                   0  average unshared stack size
                 374  page reclaims
                   0  page faults
                   0  swaps
                   0  block input operations
                   0  block output operations
                   0  messages sent
                   0  messages received
                   0  signals received
                   0  voluntary context switches
                 586  involuntary context switches
           761797259  instructions retired
           317714516  cycles elapsed
             3244608  peak memory footprint
