Threads=8
LoadTime(s)=0.000612708
CODE_EXECUTION_TIME(s)=0.0193416
RESULT=608389
Throughput=3.14549e+07
VertexSetAllocated=0.00 Bytes
MiniGraphAllocated=0.00 Bytes
        0.02 real         0.13 user         0.00 sys
             4308992  maximum resident set size
                   0  average shared memory size
                   0  average unshared data size
                   0  average unshared stack size
                 368  page reclaims
                   0  page faults
                   0  swaps
                   0  block input operations
                   0  block output operations
                   0  messages sent
                   0  messages received
                   0  signals received
                   0  voluntary context switches
                 284  involuntary context switches
           760930470  instructions retired
           290532922  cycles elapsed
             3228224  peak memory footprint
