Threads=8
LoadTime(s)=0.000842041
CODE_EXECUTION_TIME(s)=0.0261326
RESULT=608389
Throughput=2.32809e+07
VertexSetAllocated=0.00 Bytes
MiniGraphAllocated=0.00 Bytes
        0.03 real         0.16 user         0.00 sys
             4325376  maximum resident set size
                   0  average shared memory size
                   0  average unshared data size
                   0  average unshared stack size
                 372  page reclaims
                   0  page faults
                   0  swaps
                   0  block input operations
                   0  block output operations
                   0  messages sent
                   0  messages received
                   0  signals received
                   0  voluntary context switches
                 447  involuntary context switches
           759606018  instructions retired
           297096121  cycles elapsed
             3244608  peak memory footprint
