Threads=8
LoadTime(s)=0.000691958
CODE_EXECUTION_TIME(s)=0.0215967
RESULT=608389
Throughput=2.81705e+07
VertexSetAllocated=0.00 Bytes
MiniGraphAllocated=0.00 Bytes
        0.02 real         0.15 user         0.00 sys
             4276224  maximum resident set size
                   0  average shared memory size
                   0  average unshared data size
                   0  average unshared stack size
                 367  page reclaims
                   0  page faults
                   0  swaps
                   0  block input operations
                   0  block output operations
                   0  messages sent
                   0  messages received
                   0  signals received
                   0  voluntary context switches
                 294  involuntary context switches
           758759466  instructions retired
           291145740  cycles elapsed
             3195456  peak memory footprint
