Threads=8
LoadTime(s)=0.00947075
CODE_EXECUTION_TIME(s)=0.0638635
RESULT=2224385
Throughput=3.48303e+07
VertexSetAllocated=0.00 Bytes
MiniGraphAllocated=0.00 Bytes
        0.08 real         0.43 user         0.01 sys
            19349504  maximum resident set size
                   0  average shared memory size
                   0  average unshared data size
                   0  average unshared stack size
                1287  page reclaims
                   0  page faults
                   0  swaps
                   0  block input operations
                   0  block output operations
                   0  messages sent
                   0  messages received
                   0  signals received
                   0  voluntary context switches
                 633  involuntary context switches
          1587794955  instructions retired
           818944294  cycles elapsed
            18268736  peak memory footprint
