Threads=8
LoadTime(s)=0.0102665
time: command terminated abnormally
        0.10 real         0.42 user         0.01 sys
            19562496  maximum resident set size
                   0  average shared memory size
                   0  average unshared data size
                   0  average unshared stack size
                1282  page reclaims
                   0  page faults
                   0  swaps
                   0  block input operations
                   0  block output operations
                   0  messages sent
                   0  messages received
                   0  signals received
                   0  voluntary context switches
                 663  involuntary context switches
          1586815111  instructions retired
           821020803  cycles elapsed
            18432704  peak memory footprint
