Threads=8
LoadTime(s)=0.00132625
CODE_EXECUTION_TIME(s)=0.0191423
RESULT=727044
Throughput=3.7981e+07
VertexSetAllocated=0.00 Bytes
MiniGraphAllocated=0.00 Bytes
        0.02 real         0.13 user         0.00 sys
             5619712  maximum resident set size
                   0  average shared memory size
                   0  average unshared data size
                   0  average unshared stack size
                 450  page reclaims
                   0  page faults
                   0  swaps
                   0  block input operations
                   0  block output operations
                   0  messages sent
                   0  messages received
                   0  signals received
                   0  voluntary context switches
                 194  involuntary context switches
           637975843  instructions retired
           269678407  cycles elapsed
             4538944  peak memory footprint
