Threads=8
LoadTime(s)=0.00160575
CODE_EXECUTION_TIME(s)=0.0193791
RESULT=727044
Throughput=3.75169e+07
VertexSetAllocated=0.00 Bytes
MiniGraphAllocated=0.00 Bytes
        0.02 real         0.14 user         0.00 sys
             5783552  maximum resident set size
                   0  average shared memory size
                   0  average unshared data size
                   0  average unshared stack size
                 460  page reclaims
                   0  page faults
                   0  swaps
                   0  block input operations
                   0  block output operations
                   0  messages sent
                   0  messages received
                   0  signals received
                   0  voluntary context switches
                 177  involuntary context switches
           638169038  instructions retired
           270895459  cycles elapsed
             4719232  peak memory footprint
