Threads=8
LoadTime(s)=0.000966125
CODE_EXECUTION_TIME(s)=0.0247205
RESULT=608389
Throughput=2.46107e+07
VertexSetAllocated=0.00 Bytes
MiniGraphAllocated=0.00 Bytes
        0.03 real         0.16 user         0.00 sys
             4374528  maximum resident set size
                   0  average shared memory size
                   0  average unshared data size
                   0  average unshared stack size
                 372  page reclaims
                   0  page faults
                   0  swaps
                   0  block input operations
                   0  block output operations
                   0  messages sent
                   0  messages received
                   0  signals received
                   0  voluntary context switches
                 396  involuntary context switches
           759875871  instructions retired
           300995977  cycles elapsed
             3326656  peak memory footprint
