Threads=8
LoadTime(s)=0.000536792
CODE_EXECUTION_TIME(s)=0.0194269
RESULT=608389
Throughput=3.13168e+07
VertexSetAllocated=0.00 Bytes
MiniGraphAllocated=0.00 Bytes
        0.02 real         0.13 user         0.00 sys
             4259840  maximum resident set size
                   0  average shared memory size
                   0  average unshared data size
                   0  average unshared stack size
                 367  page reclaims
                   0  page faults
                   0  swaps
                   0  block input operations
                   0  block output operations
                   0  messages sent
                   0  messages received
                   0  signals received
                   0  voluntary context switches
                 341  involuntary context switches
           759509815  instructions retired
           285913790  cycles elapsed
             3179072  peak memory footprint
