Threads=8
LoadTime(s)=0.00408546
CODE_EXECUTION_TIME(s)=0.0239553
RESULT=608389
Throughput=2.53969e+07
VertexSetAllocated=0.00 Bytes
MiniGraphAllocated=0.00 Bytes
        0.03 real         0.12 user         0.00 sys
             4505600  maximum resident set size
                   0  average shared memory size
                   0  average unshared data size
                   0  average unshared stack size
                 328  page reclaims
                  52  page faults
                   0  swaps
                   0  block input operations
                   0  block output operations
                   0  messages sent
                   0  messages received
                   0  signals received
                  22  voluntary context switches
                 495  involuntary context switches
           767339674  instructions retired
           299131476  cycles elapsed
             3507072  peak memory footprint
