Threads=8
LoadTime(s)=0.000921625
CODE_EXECUTION_TIME(s)=0.0263848
RESULT=608389
Throughput=2.30583e+07
VertexSetAllocated=0.00 Bytes
MiniGraphAllocated=0.00 Bytes
        0.03 real         0.15 user         0.00 sys
             4374528  maximum resident set size
                   0  average shared memory size
                   0  average unshared data size
                   0  average unshared stack size
                 368  page reclaims
                   0  page faults
                   0  swaps
                   0  block input operations
                   0  block output operations
                   0  messages sent
                   0  messages received
                   0  signals received
                   0  voluntary context switches
                 435  involuntary context switches
           761144360  instructions retired
           310802557  cycles elapsed
             3293760  peak memory footprint
