Threads=8
LoadTime(s)=0.0008755
CODE_EXECUTION_TIME(s)=0.0263284
RESULT=608389
Throughput=2.31077e+07
VertexSetAllocated=0.00 Bytes
MiniGraphAllocated=0.00 Bytes
        0.03 real         0.16 user         0.00 sys
             4374528  maximum resident set size
                   0  average shared memory size
                   0  average unshared data size
                   0  average unshared stack size
                 370  page reclaims
                   0  page faults
                   0  swaps
                   0  block input operations
                   0  block output operations
                   0  messages sent
                   0  messages received
                   0  signals received
                   0  voluntary context switches
                 421  involuntary context switches
           761385663  instructions retired
           308628543  cycles elapsed
             3293760  peak memory footprint
