Threads=8
LoadTime(s)=0.0112
CODE_EXECUTION_TIME(s)=2.4402
RESULT=262663639
Throughput=1.0764e+08
VertexSetAllocated=0.00 Bytes
MiniGraphAllocated=1.67 MB
        2.45 real        11.06 user         0.08 sys
            21610496  maximum resident set size
                   0  average shared memory size
                   0  average unshared data size
                   0  average unshared stack size
                1424  page reclaims
                   0  page faults
                   0  swaps
                   0  block input operations
                   0  block output operations
                   0  messages sent
                   0  messages received
                   0  signals received
                   0  voluntary context switches
               14329  involuntary context switches
         54173417375  instructions retired
         23137530235  cycles elapsed
            20579264  peak memory footprint
