Threads=8
LoadTime(s)=0.00589071
CODE_EXECUTION_TIME(s)=2.05463
RESULT=262663639
Throughput=1.2784e+08
VertexSetAllocated=0.00 Bytes
MiniGraphAllocated=1.52 MB
        2.06 real        10.51 user         0.07 sys
            21495808  maximum resident set size
                   0  average shared memory size
                   0  average unshared data size
                   0  average unshared stack size
                1418  page reclaims
                   0  page faults
                   0  swaps
                   0  block input operations
                   0  block output operations
                   0  messages sent
                   0  messages received
                   0  signals received
                   1  voluntary context switches
               14713  involuntary context switches
         54183757711  instructions retired
         21814012398  cycles elapsed
            20481024  peak memory footprint
