Threads=8
LoadTime(s)=0.00606054
CODE_EXECUTION_TIME(s)=3.90487
RESULT=262663639
Throughput=6.72656e+07
VertexSetAllocated=0.00 Bytes
MiniGraphAllocated=1.26 MB
        3.92 real         9.49 user         0.14 sys
            20561920  maximum resident set size
                   0  average shared memory size
                   0  average unshared data size
                   0  average unshared stack size
                1419  page reclaims
                   1  page faults
                   0  swaps
                   0  block input operations
                   0  block output operations
                   0  messages sent
                   0  messages received
                   0  signals received
                   6  voluntary context switches
               32030  involuntary context switches
         54337575899  instructions retired
         21369262964  cycles elapsed
            20104128  peak memory footprint
