Threads=8
LoadTime(s)=0.0192434
CODE_EXECUTION_TIME(s)=1.80621
RESULT=262663639
Throughput=1.45422e+08
VertexSetAllocated=0.00 Bytes
MiniGraphAllocated=1.42 MB
        1.83 real        10.09 user         0.06 sys
            21430272  maximum resident set size
                   0  average shared memory size
                   0  average unshared data size
                   0  average unshared stack size
                1412  page reclaims
                   0  page faults
                   0  swaps
                   0  block input operations
                   0  block output operations
                   0  messages sent
                   0  messages received
                   0  signals received
                  19  voluntary context switches
               11129  involuntary context switches
         54152195366  instructions retired
         20956103162  cycles elapsed
            20431936  peak memory footprint
