Threads=8
LoadTime(s)=0.00591737
CODE_EXECUTION_TIME(s)=1.68679
RESULT=262663639
Throughput=1.55718e+08
VertexSetAllocated=0.00 Bytes
MiniGraphAllocated=1.38 MB
        1.69 real        10.17 user         0.02 sys
            21331968  maximum resident set size
                   0  average shared memory size
                   0  average unshared data size
                   0  average unshared stack size
                1407  page reclaims
                   0  page faults
                   0  swaps
                   0  block input operations
                   0  block output operations
                   0  messages sent
                   0  messages received
                   0  signals received
                   0  voluntary context switches
                4169  involuntary context switches
         54139800237  instructions retired
         21281944931  cycles elapsed
            20317184  peak memory footprint
