Threads=8
LoadTime(s)=0.00589683
CODE_EXECUTION_TIME(s)=1.89965
RESULT=262663639
Throughput=1.3827e+08
VertexSetAllocated=0.00 Bytes
MiniGraphAllocated=1.48 MB
        1.91 real        10.44 user         0.05 sys
            21528576  maximum resident set size
                   0  average shared memory size
                   0  average unshared data size
                   0  average unshared stack size
                1416  page reclaims
                   1  page faults
                   0  swaps
                   0  block input operations
                   0  block output operations
                   0  messages sent
                   0  messages received
                   0  signals received
                   0  voluntary context switches
                8996  involuntary context switches
         54159331627  instructions retired
         21605294028  cycles elapsed
            20563136  peak memory footprint
