Threads=8
LoadTime(s)=0.0106935
CODE_EXECUTION_TIME(s)=2.40602
RESULT=262663639
Throughput=1.09169e+08
VertexSetAllocated=0.00 Bytes
MiniGraphAllocated=1.31 MB
        2.42 real        11.12 user         0.07 sys
            21168128  maximum resident set size
                   0  average shared memory size
                   0  average unshared data size
                   0  average unshared stack size
                1395  page reclaims
                   0  page faults
                   0  swaps
                   0  block input operations
                   0  block output operations
                   0  messages sent
                   0  messages received
                   0  signals received
                   0  voluntary context switches
               12883  involuntary context switches
         54193063940  instructions retired
         23221762407  cycles elapsed
            20153344  peak memory footprint
