Threads=8
LoadTime(s)=0.00595792
CODE_EXECUTION_TIME(s)=1.65391
RESULT=262663639
Throughput=1.58814e+08
VertexSetAllocated=0.00 Bytes
MiniGraphAllocated=1.44 MB
        1.66 real        10.09 user         0.03 sys
            21430272  maximum resident set size
                   0  average shared memory size
                   0  average unshared data size
                   0  average unshared stack size
                1412  page reclaims
                   1  page faults
                   0  swaps
                   0  block input operations
                   0  block output operations
                   0  messages sent
                   0  messages received
                   0  signals received
                   0  voluntary context switches
                5417  involuntary context switches
         54095585042  instructions retired
         20789383833  cycles elapsed
            20431936  peak memory footprint
