Threads=8
LoadTime(s)=0.00594113
CODE_EXECUTION_TIME(s)=1.7944
RESULT=262663639
Throughput=1.4638e+08
VertexSetAllocated=0.00 Bytes
MiniGraphAllocated=1.29 MB
        1.80 real        10.03 user         0.05 sys
            21282816  maximum resident set size
                   0  average shared memory size
                   0  average unshared data size
                   0  average unshared stack size
                1404  page reclaims
                   0  page faults
                   0  swaps
                   0  block input operations
                   0  block output operations
                   0  messages sent
                   0  messages received
                   0  signals received
                   1  voluntary context switches
                8409  involuntary context switches
         54137240973  instructions retired
         21029639162  cycles elapsed
            20284480  peak memory footprint
