Threads=8
LoadTime(s)=0.0107364
CODE_EXECUTION_TIME(s)=4.53227
RESULT=262663639
Throughput=5.7954e+07
VertexSetAllocated=0.00 Bytes
MiniGraphAllocated=1.30 MB
        4.55 real        11.16 user         0.19 sys
            20103168  maximum resident set size
                   0  average shared memory size
                   0  average unshared data size
                   0  average unshared stack size
                1437  page reclaims
                   1  page faults
                   0  swaps
                   0  block input operations
                   0  block output operations
                   0  messages sent
                   0  messages received
                   0  signals received
                   0  voluntary context switches
               35839  involuntary context switches
         54378976837  instructions retired
         24248598214  cycles elapsed
            20186240  peak memory footprint
