Threads=8
LoadTime(s)=0.00593962
CODE_EXECUTION_TIME(s)=1.91342
RESULT=262663639
Throughput=1.37275e+08
VertexSetAllocated=0.00 Bytes
MiniGraphAllocated=1.36 MB
        1.92 real        10.20 user         0.08 sys
            21315584  maximum resident set size
                   0  average shared memory size
                   0  average unshared data size
                   0  average unshared stack size
                1404  page reclaims
                   1  page faults
                   0  swaps
                   0  block input operations
                   0  block output operations
                   0  messages sent
                   0  messages received
                   0  signals received
                   0  voluntary context switches
               14743  involuntary context switches
         54176743658  instructions retired
         21179007444  cycles elapsed
            20284352  peak memory footprint
