Threads=8
LoadTime(s)=0.00950633
CODE_EXECUTION_TIME(s)=2.7576
RESULT=262663639
Throughput=9.52508e+07
VertexSetAllocated=0.00 Bytes
MiniGraphAllocated=1.39 MB
        2.77 real        11.06 user         0.10 sys
            21348352  maximum resident set size
                   0  average shared memory size
                   0  average unshared data size
                   0  average unshared stack size
                1411  page reclaims
                   0  page faults
                   0  swaps
                   0  block input operations
                   0  block output operations
                   0  messages sent
                   0  messages received
                   0  signals received
                   1  voluntary context switches
               18307  involuntary context switches
         54294596074  instructions retired
         23359265642  cycles elapsed
            20317120  peak memory footprint
