Threads=8
LoadTime(s)=0.00590221
CODE_EXECUTION_TIME(s)=1.94671
RESULT=262663639
Throughput=1.34927e+08
VertexSetAllocated=0.00 Bytes
MiniGraphAllocated=1.44 MB
        1.95 real        10.32 user         0.07 sys
            21381120  maximum resident set size
                   0  average shared memory size
                   0  average unshared data size
                   0  average unshared stack size
                1410  page reclaims
                   0  page faults
                   0  swaps
                   0  block input operations
                   0  block output operations
                   0  messages sent
                   0  messages received
                   0  signals received
                   0  voluntary context switches
               12973  involuntary context switches
         54148652341  instructions retired
         21388126434  cycles elapsed
            20349888  peak memory footprint
