Threads=8
LoadTime(s)=0.00599388
CODE_EXECUTION_TIME(s)=1.6652
RESULT=262663639
Throughput=1.57737e+08
VertexSetAllocated=0.00 Bytes
MiniGraphAllocated=1.41 MB
        1.67 real        10.06 user         0.04 sys
            21381120  maximum resident set size
                   0  average shared memory size
                   0  average unshared data size
                   0  average unshared stack size
                1410  page reclaims
                   0  page faults
                   0  swaps
                   0  block input operations
                   0  block output operations
                   0  messages sent
                   0  messages received
                   0  signals received
                   1  voluntary context switches
                7219  involuntary context switches
         54114127996  instructions retired
         20833719579  cycles elapsed
            20349888  peak memory footprint
