Threads=8
LoadTime(s)=0.006005
CODE_EXECUTION_TIME(s)=1.79572
RESULT=262663639
Throughput=1.46272e+08
VertexSetAllocated=0.00 Bytes
MiniGraphAllocated=1.22 MB
        1.80 real        10.02 user         0.03 sys
            21266432  maximum resident set size
                   0  average shared memory size
                   0  average unshared data size
                   0  average unshared stack size
                1403  page reclaims
                   0  page faults
                   0  swaps
                   0  block input operations
                   0  block output operations
                   0  messages sent
                   0  messages received
                   0  signals received
                   1  voluntary context switches
                5063  involuntary context switches
         54098444811  instructions retired
         20892639072  cycles elapsed
            20284544  peak memory footprint
