Threads=8
LoadTime(s)=0.0108291
CODE_EXECUTION_TIME(s)=2.27426
RESULT=262663639
Throughput=1.15494e+08
VertexSetAllocated=0.00 Bytes
MiniGraphAllocated=1.49 MB
        2.29 real        11.02 user         0.05 sys
            21479424  maximum resident set size
                   0  average shared memory size
                   0  average unshared data size
                   0  average unshared stack size
                1416  page reclaims
                   0  page faults
                   0  swaps
                   0  block input operations
                   0  block output operations
                   0  messages sent
                   0  messages received
                   0  signals received
                   0  voluntary context switches
                8748  involuntary context switches
         54190814454  instructions retired
         23044746776  cycles elapsed
            20497536  peak memory footprint
