Threads=8
LoadTime(s)=0.00103542
CODE_EXECUTION_TIME(s)=0.163218
RESULT=5809356
Throughput=3.55925e+07
VertexSetAllocated=0.00 Bytes
MiniGraphAllocated=731.91 KB
        0.16 real         1.26 user         0.00 sys
             6848512  maximum resident set size
                   0  average shared memory size
                   0  average unshared data size
                   0  average unshared stack size
                 523  page reclaims
                   0  page faults
                   0  swaps
                   0  block input operations
                   0  block output operations
                   0  messages sent
                   0  messages received
                   0  signals received
                   0  voluntary context switches
                 804  involuntary context switches
          6566165633  instructions retired
          2774144935  cycles elapsed
             5751488  peak memory footprint
