Threads=8
LoadTime(s)=0.00106525
CODE_EXECUTION_TIME(s)=0.166095
RESULT=5809356
Throughput=3.49761e+07
VertexSetAllocated=0.00 Bytes
MiniGraphAllocated=635.79 KB
        0.17 real         1.28 user         0.00 sys
             6668288  maximum resident set size
                   0  average shared memory size
                   0  average unshared data size
                   0  average unshared stack size
                 513  page reclaims
                   0  page faults
                   0  swaps
                   0  block input operations
                   0  block output operations
                   0  messages sent
                   0  messages received
                   0  signals received
                   0  voluntary context switches
                 999  involuntary context switches
          6570804115  instructions retired
          2809364633  cycles elapsed
             5554816  peak memory footprint
