Threads=8
LoadTime(s)=0.00101033
CODE_EXECUTION_TIME(s)=0.174364
RESULT=5809356
Throughput=3.33174e+07
VertexSetAllocated=0.00 Bytes
MiniGraphAllocated=655.54 KB
        0.17 real         1.25 user         0.00 sys
             6684672  maximum resident set size
                   0  average shared memory size
                   0  average unshared data size
                   0  average unshared stack size
                 514  page reclaims
                   0  page faults
                   0  swaps
                   0  block input operations
                   0  block output operations
                   0  messages sent
                   0  messages received
                   0  signals received
                   0  voluntary context switches
                1207  involuntary context switches
          6571237119  instructions retired
          2747154501  cycles elapsed
             5571200  peak memory footprint
