Threads=8
LoadTime(s)=0.00100333
CODE_EXECUTION_TIME(s)=0.160458
RESULT=5809356
Throughput=3.62047e+07
VertexSetAllocated=0.00 Bytes
MiniGraphAllocated=671.66 KB
        0.16 real         1.27 user         0.00 sys
             6717440  maximum resident set size
                   0  average shared memory size
                   0  average unshared data size
                   0  average unshared stack size
                 515  page reclaims
                   0  page faults
                   0  swaps
                   0  block input operations
                   0  block output operations
                   0  messages sent
                   0  messages received
                   0  signals received
                   0  voluntary context switches
                 348  involuntary context switches
          6560797525  instructions retired
          2800671135  cycles elapsed
             5620416  peak memory footprint
