Threads=8
LoadTime(s)=0.00102579
CODE_EXECUTION_TIME(s)=0.161091
RESULT=5809356
Throughput=3.60625e+07
VertexSetAllocated=0.00 Bytes
MiniGraphAllocated=690.72 KB
        0.16 real         1.27 user         0.00 sys
             6750208  maximum resident set size
                   0  average shared memory size
                   0  average unshared data size
                   0  average unshared stack size
                 518  page reclaims
                   0  page faults
                   0  swaps
                   0  block input operations
                   0  block output operations
                   0  messages sent
                   0  messages received
                   0  signals received
                   0  voluntary context switches
                 409  involuntary context switches
          6556427219  instructions retired
          2808063981  cycles elapsed
             5636736  peak memory footprint
