Threads=8
LoadTime(s)=0.00183392
CODE_EXECUTION_TIME(s)=0.293235
RESULT=5809356
Throughput=1.98112e+07
VertexSetAllocated=0.00 Bytes
MiniGraphAllocated=649.73 KB
        0.30 real         1.66 user         0.00 sys
             6684672  maximum resident set size
                   0  average shared memory size
                   0  average unshared data size
                   0  average unshared stack size
                 514  page reclaims
                   0  page faults
                   0  swaps
                   0  block input operations
                   0  block output operations
                   0  messages sent
                   0  messages received
                   0  signals received
                   0  voluntary context switches
                1150  involuntary context switches
          6568298596  instructions retired
          3370362032  cycles elapsed
             5571200  peak memory footprint
