Threads=8
LoadTime(s)=0.00196458
CODE_EXECUTION_TIME(s)=0.303033
RESULT=5809356
Throughput=1.91707e+07
VertexSetAllocated=0.00 Bytes
MiniGraphAllocated=640.77 KB
        0.31 real         1.67 user         0.00 sys
             6602752  maximum resident set size
                   0  average shared memory size
                   0  average unshared data size
                   0  average unshared stack size
                 508  page reclaims
                   0  page faults
                   0  swaps
                   0  block input operations
                   0  block output operations
                   0  messages sent
                   0  messages received
                   0  signals received
                   0  voluntary context switches
                 885  involuntary context switches
          6566710806  instructions retired
          3428799309  cycles elapsed
             5489280  peak memory footprint
