Threads=8
LoadTime(s)=0.001071
CODE_EXECUTION_TIME(s)=0.16854
RESULT=5809356
Throughput=3.44686e+07
VertexSetAllocated=0.00 Bytes
MiniGraphAllocated=707.19 KB
        0.17 real         1.25 user         0.00 sys
             6733824  maximum resident set size
                   0  average shared memory size
                   0  average unshared data size
                   0  average unshared stack size
                 516  page reclaims
                   1  page faults
                   0  swaps
                   0  block input operations
                   0  block output operations
                   0  messages sent
                   0  messages received
                   0  signals received
                   6  voluntary context switches
                1360  involuntary context switches
          6567627571  instructions retired
          2766675025  cycles elapsed
             5620352  peak memory footprint
