Threads=8
LoadTime(s)=0.00106621
CODE_EXECUTION_TIME(s)=0.199295
RESULT=5809356
Throughput=2.91495e+07
VertexSetAllocated=0.00 Bytes
MiniGraphAllocated=634.77 KB
        0.20 real         1.43 user         0.01 sys
             6651904  maximum resident set size
                   0  average shared memory size
                   0  average unshared data size
                   0  average unshared stack size
                 511  page reclaims
                   0  page faults
                   0  swaps
                   0  block input operations
                   0  block output operations
                   0  messages sent
                   0  messages received
                   0  signals received
                   0  voluntary context switches
                1668  involuntary context switches
          6570976536  instructions retired
          2951212487  cycles elapsed
             5538432  peak memory footprint
