Threads=8
LoadTime(s)=0.00100604
CODE_EXECUTION_TIME(s)=0.171733
RESULT=5809356
Throughput=3.38278e+07
VertexSetAllocated=0.00 Bytes
MiniGraphAllocated=715.11 KB
        0.17 real         1.26 user         0.00 sys
             6766592  maximum resident set size
                   0  average shared memory size
                   0  average unshared data size
                   0  average unshared stack size
                 518  page reclaims
                   1  page faults
                   0  swaps
                   0  block input operations
                   0  block output operations
                   0  messages sent
                   0  messages received
                   0  signals received
                   1  voluntary context switches
                1616  involuntary context switches
          6565995310  instructions retired
          2779208723  cycles elapsed
             5653120  peak memory footprint
