Threads=8
LoadTime(s)=0.00109608
CODE_EXECUTION_TIME(s)=0.166114
RESULT=5809356
Throughput=3.49721e+07
VertexSetAllocated=0.00 Bytes
MiniGraphAllocated=676.67 KB
        0.17 real         1.27 user         0.00 sys
             6701056  maximum resident set size
                   0  average shared memory size
                   0  average unshared data size
                   0  average unshared stack size
                 514  page reclaims
                   1  page faults
                   0  swaps
                   0  block input operations
                   0  block output operations
                   0  messages sent
                   0  messages received
                   0  signals received
                   4  voluntary context switches
                 869  involuntary context switches
          6561686956  instructions retired
          2800041134  cycles elapsed
             5587584  peak memory footprint
