Threads=8
LoadTime(s)=0.00103083
CODE_EXECUTION_TIME(s)=0.163651
RESULT=5809356
Throughput=3.54985e+07
VertexSetAllocated=0.00 Bytes
MiniGraphAllocated=640.75 KB
        0.16 real         1.27 user         0.00 sys
             6815744  maximum resident set size
                   0  average shared memory size
                   0  average unshared data size
                   0  average unshared stack size
                 522  page reclaims
                   0  page faults
                   0  swaps
                   0  block input operations
                   0  block output operations
                   0  messages sent
                   0  messages received
                   0  signals received
                   0  voluntary context switches
                 510  involuntary context switches
          6561720211  instructions retired
          2801973913  cycles elapsed
             5735168  peak memory footprint
