Threads=8
LoadTime(s)=0.0010415
CODE_EXECUTION_TIME(s)=0.19881
RESULT=5809356
Throughput=2.92207e+07
VertexSetAllocated=0.00 Bytes
MiniGraphAllocated=681.66 KB
        0.20 real         1.31 user         0.00 sys
             6717440  maximum resident set size
                   0  average shared memory size
                   0  average unshared data size
                   0  average unshared stack size
                 514  page reclaims
                   0  page faults
                   0  swaps
                   0  block input operations
                   0  block output operations
                   0  messages sent
                   0  messages received
                   0  signals received
                   0  voluntary context switches
                1515  involuntary context switches
          6569341815  instructions retired
          2931484916  cycles elapsed
             5636864  peak memory footprint
