Threads=8
LoadTime(s)=0.00103492
CODE_EXECUTION_TIME(s)=0.197053
RESULT=5809356
Throughput=2.94812e+07
VertexSetAllocated=0.00 Bytes
MiniGraphAllocated=759.74 KB
        0.20 real         1.28 user         0.00 sys
             6815744  maximum resident set size
                   0  average shared memory size
                   0  average unshared data size
                   0  average unshared stack size
                 520  page reclaims
                   1  page faults
                   0  swaps
                   0  block input operations
                   0  block output operations
                   0  messages sent
                   0  messages received
                   0  signals received
                   0  voluntary context switches
                1830  involuntary context switches
          6572299129  instructions retired
          2864568488  cycles elapsed
             5718720  peak memory footprint
