Threads=8
LoadTime(s)=0.000996625
CODE_EXECUTION_TIME(s)=0.164794
RESULT=5809356
Throughput=3.52522e+07
VertexSetAllocated=0.00 Bytes
MiniGraphAllocated=699.79 KB
        0.16 real         1.25 user         0.00 sys
             6733824  maximum resident set size
                   0  average shared memory size
                   0  average unshared data size
                   0  average unshared stack size
                 515  page reclaims
                   0  page faults
                   0  swaps
                   0  block input operations
                   0  block output operations
                   0  messages sent
                   0  messages received
                   0  signals received
                   0  voluntary context switches
                1178  involuntary context switches
          6562648056  instructions retired
          2765432821  cycles elapsed
             5636800  peak memory footprint
