Threads=8
LoadTime(s)=0.00102038
CODE_EXECUTION_TIME(s)=0.199795
RESULT=5809356
Throughput=2.90766e+07
VertexSetAllocated=0.00 Bytes
MiniGraphAllocated=684.86 KB
        0.20 real         1.30 user         0.00 sys
             6750208  maximum resident set size
                   0  average shared memory size
                   0  average unshared data size
                   0  average unshared stack size
                 517  page reclaims
                   0  page faults
                   0  swaps
                   0  block input operations
                   0  block output operations
                   0  messages sent
                   0  messages received
                   0  signals received
                   0  voluntary context switches
                1712  involuntary context switches
          6570726457  instructions retired
          2914736248  cycles elapsed
             5653184  peak memory footprint
