Threads=8
LoadTime(s)=0.00116754
CODE_EXECUTION_TIME(s)=0.286547
RESULT=5809356
Throughput=2.02736e+07
VertexSetAllocated=0.00 Bytes
MiniGraphAllocated=637.17 KB
        0.29 real         1.57 user         0.01 sys
             6701056  maximum resident set size
                   0  average shared memory size
                   0  average unshared data size
                   0  average unshared stack size
                 514  page reclaims
                   0  page faults
                   0  swaps
                   0  block input operations
                   0  block output operations
                   0  messages sent
                   0  messages received
                   0  signals received
                   0  voluntary context switches
                2733  involuntary context switches
          6578129986  instructions retired
          3221522928  cycles elapsed
             5587584  peak memory footprint
