Threads=8
LoadTime(s)=0.000536583
CODE_EXECUTION_TIME(s)=0.171619
RESULT=4514137
Throughput=2.63033e+07
VertexSetAllocated=0.00 Bytes
MiniGraphAllocated=1.24 MB
        0.17 real         1.26 user         0.00 sys
             6209536  maximum resident set size
                   0  average shared memory size
                   0  average unshared data size
                   0  average unshared stack size
                 485  page reclaims
                   1  page faults
                   0  swaps
                   0  block input operations
                   0  block output operations
                   0  messages sent
                   0  messages received
                   0  signals received
                   1  voluntary context switches
                1280  involuntary context switches
          6531003532  instructions retired
          2784601473  cycles elapsed
             5194752  peak memory footprint
