Threads=8
LoadTime(s)=0.000527709
CODE_EXECUTION_TIME(s)=0.165287
RESULT=4514137
Throughput=2.7311e+07
VertexSetAllocated=0.00 Bytes
MiniGraphAllocated=1.17 MB
        0.17 real         1.27 user         0.00 sys
             6127616  maximum resident set size
                   0  average shared memory size
                   0  average unshared data size
                   0  average unshared stack size
                 478  page reclaims
                   1  page faults
                   0  swaps
                   0  block input operations
                   0  block output operations
                   0  messages sent
                   0  messages received
                   0  signals received
                   5  voluntary context switches
                 690  involuntary context switches
          6526979825  instructions retired
          2807278653  cycles elapsed
             5096384  peak memory footprint
