Threads=8
LoadTime(s)=0.000989542
CODE_EXECUTION_TIME(s)=0.264357
RESULT=4514137
Throughput=1.70759e+07
VertexSetAllocated=0.00 Bytes
MiniGraphAllocated=1.26 MB
        0.27 real         1.64 user         0.01 sys
             6111232  maximum resident set size
                   0  average shared memory size
                   0  average unshared data size
                   0  average unshared stack size
                 479  page reclaims
                   0  page faults
                   0  swaps
                   0  block input operations
                   0  block output operations
                   0  messages sent
                   0  messages received
                   0  signals received
                   0  voluntary context switches
                1706  involuntary context switches
          6534330665  instructions retired
          3168314635  cycles elapsed
             5030656  peak memory footprint
