Threads=8
LoadTime(s)=0.00055075
CODE_EXECUTION_TIME(s)=0.295111
RESULT=4514137
Throughput=1.52964e+07
VertexSetAllocated=0.00 Bytes
MiniGraphAllocated=1.28 MB
        0.29 real         1.31 user         0.01 sys
             6356992  maximum resident set size
                   0  average shared memory size
                   0  average unshared data size
                   0  average unshared stack size
                 494  page reclaims
                   0  page faults
                   0  swaps
                   0  block input operations
                   0  block output operations
                   0  messages sent
                   0  messages received
                   0  signals received
                   0  voluntary context switches
                3093  involuntary context switches
          6549255575  instructions retired
          2933220716  cycles elapsed
             5342208  peak memory footprint
