Threads=8
LoadTime(s)=0.000506292
CODE_EXECUTION_TIME(s)=0.161827
RESULT=4514137
Throughput=2.78948e+07
VertexSetAllocated=0.00 Bytes
MiniGraphAllocated=1.20 MB
        0.16 real         1.27 user         0.00 sys
             6094848  maximum resident set size
                   0  average shared memory size
                   0  average unshared data size
                   0  average unshared stack size
                 476  page reclaims
                   0  page faults
                   0  swaps
                   0  block input operations
                   0  block output operations
                   0  messages sent
                   0  messages received
                   0  signals received
                   0  voluntary context switches
                 431  involuntary context switches
          6524171244  instructions retired
          2804998178  cycles elapsed
             5030720  peak memory footprint
