Threads=8
LoadTime(s)=0.00061225
CODE_EXECUTION_TIME(s)=0.204083
RESULT=4514137
Throughput=2.21191e+07
VertexSetAllocated=0.00 Bytes
MiniGraphAllocated=1.28 MB
        0.20 real         1.31 user         0.00 sys
             6225920  maximum resident set size
                   0  average shared memory size
                   0  average unshared data size
                   0  average unshared stack size
                 488  page reclaims
                   0  page faults
                   0  swaps
                   0  block input operations
                   0  block output operations
                   0  messages sent
                   0  messages received
                   0  signals received
                   0  voluntary context switches
                1715  involuntary context switches
          6533441565  instructions retired
          2935383518  cycles elapsed
             5194688  peak memory footprint
