Threads=8
LoadTime(s)=0.000534
CODE_EXECUTION_TIME(s)=0.169318
RESULT=4514137
Throughput=2.66607e+07
VertexSetAllocated=0.00 Bytes
MiniGraphAllocated=1.27 MB
        0.17 real         1.27 user         0.00 sys
             6193152  maximum resident set size
                   0  average shared memory size
                   0  average unshared data size
                   0  average unshared stack size
                 483  page reclaims
                   0  page faults
                   0  swaps
                   0  block input operations
                   0  block output operations
                   0  messages sent
                   0  messages received
                   0  signals received
                   0  voluntary context switches
                1089  involuntary context switches
          6529341702  instructions retired
          2816740144  cycles elapsed
             5145472  peak memory footprint
