Threads=8
LoadTime(s)=0.000519
CODE_EXECUTION_TIME(s)=0.169295
RESULT=4514137
Throughput=2.66642e+07
VertexSetAllocated=0.00 Bytes
MiniGraphAllocated=1.22 MB
        0.17 real         1.28 user         0.00 sys
             6127616  maximum resident set size
                   0  average shared memory size
                   0  average unshared data size
                   0  average unshared stack size
                 480  page reclaims
                   0  page faults
                   0  swaps
                   0  block input operations
                   0  block output operations
                   0  messages sent
                   0  messages received
                   0  signals received
                   0  voluntary context switches
                 633  involuntary context switches
          6527666864  instructions retired
          2827071288  cycles elapsed
             5079936  peak memory footprint
