Threads=8
LoadTime(s)=0.000528542
CODE_EXECUTION_TIME(s)=0.165051
RESULT=4514137
Throughput=2.73499e+07
VertexSetAllocated=0.00 Bytes
MiniGraphAllocated=1.24 MB
        0.16 real         1.26 user         0.00 sys
             6275072  maximum resident set size
                   0  average shared memory size
                   0  average unshared data size
                   0  average unshared stack size
                 489  page reclaims
                   0  page faults
                   0  swaps
                   0  block input operations
                   0  block output operations
                   0  messages sent
                   0  messages received
                   0  signals received
                   0  voluntary context switches
                1282  involuntary context switches
          6533503651  instructions retired
          2778203365  cycles elapsed
             5210944  peak memory footprint
