Threads=8
LoadTime(s)=0.000965292
CODE_EXECUTION_TIME(s)=0.306373
RESULT=4514137
Throughput=1.47341e+07
VertexSetAllocated=0.00 Bytes
MiniGraphAllocated=1.21 MB
        0.31 real         1.67 user         0.01 sys
             6193152  maximum resident set size
                   0  average shared memory size
                   0  average unshared data size
                   0  average unshared stack size
                 482  page reclaims
                   0  page faults
                   0  swaps
                   0  block input operations
                   0  block output operations
                   0  messages sent
                   0  messages received
                   0  signals received
                   0  voluntary context switches
                2747  involuntary context switches
          6546557691  instructions retired
          3120783472  cycles elapsed
             5161920  peak memory footprint
