Threads=8
LoadTime(s)=0.00111987
CODE_EXECUTION_TIME(s)=0.26857
RESULT=4514137
Throughput=1.6808e+07
VertexSetAllocated=0.00 Bytes
MiniGraphAllocated=1.20 MB
        0.27 real         1.62 user         0.01 sys
             6144000  maximum resident set size
                   0  average shared memory size
                   0  average unshared data size
                   0  average unshared stack size
                 481  page reclaims
                   0  page faults
                   0  swaps
                   0  block input operations
                   0  block output operations
                   0  messages sent
                   0  messages received
                   0  signals received
                   0  voluntary context switches
                1555  involuntary context switches
          6535998295  instructions retired
          3184520913  cycles elapsed
             5096320  peak memory footprint
