Threads=8
LoadTime(s)=0.0005485
CODE_EXECUTION_TIME(s)=0.169133
RESULT=4514137
Throughput=2.66898e+07
VertexSetAllocated=0.00 Bytes
MiniGraphAllocated=1.32 MB
        0.17 real         1.27 user         0.00 sys
             6242304  maximum resident set size
                   0  average shared memory size
                   0  average unshared data size
                   0  average unshared stack size
                 487  page reclaims
                   0  page faults
                   0  swaps
                   0  block input operations
                   0  block output operations
                   0  messages sent
                   0  messages received
                   0  signals received
                   0  voluntary context switches
                 942  involuntary context switches
          6530498282  instructions retired
          2803033454  cycles elapsed
             5194624  peak memory footprint
