Threads=8
LoadTime(s)=0.000518959
CODE_EXECUTION_TIME(s)=0.171711
RESULT=4514137
Throughput=2.62892e+07
VertexSetAllocated=0.00 Bytes
MiniGraphAllocated=1.18 MB
        0.17 real         1.26 user         0.00 sys
             6144000  maximum resident set size
                   0  average shared memory size
                   0  average unshared data size
                   0  average unshared stack size
                 481  page reclaims
                   0  page faults
                   0  swaps
                   0  block input operations
                   0  block output operations
                   0  messages sent
                   0  messages received
                   0  signals received
                   0  voluntary context switches
                 938  involuntary context switches
          6528514744  instructions retired
          2793968731  cycles elapsed
             5112768  peak memory footprint
