Threads=8
LoadTime(s)=0.000542833
CODE_EXECUTION_TIME(s)=0.167202
RESULT=4514137
Throughput=2.69981e+07
VertexSetAllocated=0.00 Bytes
MiniGraphAllocated=1.22 MB
        0.17 real         1.27 user         0.00 sys
             6094848  maximum resident set size
                   0  average shared memory size
                   0  average unshared data size
                   0  average unshared stack size
                 477  page reclaims
                   1  page faults
                   0  swaps
                   0  block input operations
                   0  block output operations
                   0  messages sent
                   0  messages received
                   0  signals received
                   0  voluntary context switches
                1032  involuntary context switches
          6529745956  instructions retired
          2803201013  cycles elapsed
             5030720  peak memory footprint
