Threads=8
LoadTime(s)=0.0119367
CODE_EXECUTION_TIME(s)=0.103253
RESULT=2224385
Throughput=2.1543e+07
VertexSetAllocated=0.00 Bytes
MiniGraphAllocated=0.00 Bytes
        0.12 real         0.43 user         0.01 sys
            19464192  maximum resident set size
                   0  average shared memory size
                   0  average unshared data size
                   0  average unshared stack size
                1295  page reclaims
                   0  page faults
                   0  swaps
                   0  block input operations
                   0  block output operations
                   0  messages sent
                   0  messages received
                   0  signals received
                   4  voluntary context switches
                1733  involuntary context switches
          1598478531  instructions retired
           934172336  cycles elapsed
            18449216  peak memory footprint
