Threads=8
LoadTime(s)=0.00932146
time: command terminated abnormally
        0.08 real         0.40 user         0.00 sys
            19431424  maximum resident set size
                   0  average shared memory size
                   0  average unshared data size
                   0  average unshared stack size
                1279  page reclaims
                   0  page faults
                   0  swaps
                   0  block input operations
                   0  block output operations
                   0  messages sent
                   0  messages received
                   0  signals received
                   0  voluntary context switches
                 170  involuntary context switches
          1583164376  instructions retired
           736656966  cycles elapsed
            18285184  peak memory footprint
