Threads=8
LoadTime(s)=0.00930425
CODE_EXECUTION_TIME(s)=0.0610125
RESULT=2224385
Throughput=3.64579e+07
VertexSetAllocated=0.00 Bytes
MiniGraphAllocated=0.00 Bytes
        0.07 real         0.42 user         0.00 sys
            19316736  maximum resident set size
                   0  average shared memory size
                   0  average unshared data size
                   0  average unshared stack size
                1291  page reclaims
                   0  page faults
                   0  swaps
                   0  block input operations
                   0  block output operations
                   0  messages sent
                   0  messages received
                   0  signals received
                   0  voluntary context switches
                 207  involuntary context switches
          1584503764  instructions retired
           803592523  cycles elapsed
            18252416  peak memory footprint
