Threads=8
LoadTime(s)=0.00932163
CODE_EXECUTION_TIME(s)=0.0522559
RESULT=2224385
Throughput=4.25671e+07
VertexSetAllocated=0.00 Bytes
MiniGraphAllocated=0.00 Bytes
        0.06 real         0.40 user         0.00 sys
            19349504  maximum resident set size
                   0  average shared memory size
                   0  average unshared data size
                   0  average unshared stack size
                1278  page reclaims
                   7  page faults
                   0  swaps
                   0  block input operations
                   0  block output operations
                   0  messages sent
                   0  messages received
                   0  signals received
                   0  voluntary context switches
                 195  involuntary context switches
          1584840513  instructions retired
           765840084  cycles elapsed
            18285184  peak memory footprint
