Threads=8
LoadTime(s)=0.0110847
CODE_EXECUTION_TIME(s)=0.0769861
RESULT=2224385
Throughput=2.88933e+07
VertexSetAllocated=0.00 Bytes
MiniGraphAllocated=0.00 Bytes
        0.09 real         0.42 user         0.01 sys
            19464192  maximum resident set size
                   0  average shared memory size
                   0  average unshared data size
                   0  average unshared stack size
                1294  page reclaims
                   1  page faults
                   0  swaps
                   0  block input operations
                   0  block output operations
                   0  messages sent
                   0  messages received
                   0  signals received
                   0  voluntary context switches
                 996  involuntary context switches
          1590843207  instructions retired
           858803733  cycles elapsed
            18449216  peak memory footprint
