Threads=8
LoadTime(s)=0.0100345
time: command terminated abnormally
        0.12 real         0.42 user         0.01 sys
            19496960  maximum resident set size
                   0  average shared memory size
                   0  average unshared data size
                   0  average unshared stack size
                1278  page reclaims
                   0  page faults
                   0  swaps
                   0  block input operations
                   0  block output operations
                   0  messages sent
                   0  messages received
                   0  signals received
                   0  voluntary context switches
                 871  involuntary context switches
          1589076630  instructions retired
           871266514  cycles elapsed
            18350720  peak memory footprint
