Threads=8
LoadTime(s)=0.0109432
CODE_EXECUTION_TIME(s)=0.0803442
RESULT=2224385
Throughput=2.76857e+07
VertexSetAllocated=0.00 Bytes
MiniGraphAllocated=0.00 Bytes
        0.09 real         0.42 user         0.01 sys
            19496960  maximum resident set size
                   0  average shared memory size
                   0  average unshared data size
                   0  average unshared stack size
                1298  page reclaims
                   0  page faults
                   0  swaps
                   0  block input operations
                   0  block output operations
                   0  messages sent
                   0  messages received
                   0  signals received
                   0  voluntary context switches
                 372  involuntary context switches
          1585966914  instructions retired
           864958990  cycles elapsed
            18498432  peak memory footprint
