Threads=8
LoadTime(s)=0.0135389
CODE_EXECUTION_TIME(s)=0.0913603
RESULT=2224385
Throughput=2.43474e+07
VertexSetAllocated=0.00 Bytes
MiniGraphAllocated=0.00 Bytes
        0.11 real         0.42 user         0.01 sys
            19578880  maximum resident set size
                   0  average shared memory size
                   0  average unshared data size
                   0  average unshared stack size
                1301  page reclaims
                   0  page faults
                   0  swaps
                   0  block input operations
                   0  block output operations
                   0  messages sent
                   0  messages received
                   0  signals received
                   1  voluntary context switches
                 636  involuntary context switches
          1587831010  instructions retired
           901207599  cycles elapsed
            18596800  peak memory footprint
