Threads=8
LoadTime(s)=0.00394746
CODE_EXECUTION_TIME(s)=0.0268165
RESULT=727044
Throughput=2.71119e+07
VertexSetAllocated=0.00 Bytes
MiniGraphAllocated=0.00 Bytes
        0.03 real         0.15 user         0.00 sys
             5718016  maximum resident set size
                   0  average shared memory size
                   0  average unshared data size
                   0  average unshared stack size
                 451  page reclaims
                   0  page faults
                   0  swaps
                   0  block input operations
                   0  block output operations
                   0  messages sent
                   0  messages received
                   0  signals received
                   0  voluntary context switches
                 202  involuntary context switches
           637606659  instructions retired
           270689622  cycles elapsed
             4653696  peak memory footprint
