Threads=8
LoadTime(s)=0.00161008
CODE_EXECUTION_TIME(s)=0.0237921
RESULT=727044
Throughput=3.05582e+07
VertexSetAllocated=0.00 Bytes
MiniGraphAllocated=0.00 Bytes
        0.03 real         0.15 user         0.00 sys
             5636096  maximum resident set size
                   0  average shared memory size
                   0  average unshared data size
                   0  average unshared stack size
                 458  page reclaims
                   0  page faults
                   0  swaps
                   0  block input operations
                   0  block output operations
                   0  messages sent
                   0  messages received
                   0  signals received
                   0  voluntary context switches
                 348  involuntary context switches
           638971944  instructions retired
           289174670  cycles elapsed
             4555328  peak memory footprint
