Threads=8
LoadTime(s)=0.0402489
CODE_EXECUTION_TIME(s)=0.112531
RESULT=727044
Throughput=6.46084e+06
VertexSetAllocated=0.00 Bytes
MiniGraphAllocated=0.00 Bytes
        0.36 real         0.14 user         0.00 sys
             5783552  maximum resident set size
                   0  average shared memory size
                   0  average unshared data size
                   0  average unshared stack size
                 451  page reclaims
                   0  page faults
                   0  swaps
                   0  block input operations
                   0  block output operations
                   0  messages sent
                   0  messages received
                   0  signals received
                   0  voluntary context switches
                 574  involuntary context switches
           640322723  instructions retired
           348850089  cycles elapsed
             4768576  peak memory footprint
