Threads=8
LoadTime(s)=0.00162412
time: command terminated abnormally
        0.06 real         0.15 user         0.00 sys
             5783552  maximum resident set size
                   0  average shared memory size
                   0  average unshared data size
                   0  average unshared stack size
                 442  page reclaims
                   0  page faults
                   0  swaps
                   0  block input operations
                   0  block output operations
                   0  messages sent
                   0  messages received
                   0  signals received
                   0  voluntary context switches
                 237  involuntary context switches
           637205237  instructions retired
           285814133  cycles elapsed
             4637312  peak memory footprint
