Threads=8
LoadTime(s)=0.00507067
CODE_EXECUTION_TIME(s)=0.0238503
RESULT=727044
Throughput=3.04836e+07
VertexSetAllocated=0.00 Bytes
MiniGraphAllocated=0.00 Bytes
        0.03 real         0.15 user         0.00 sys
             5636096  maximum resident set size
                   0  average shared memory size
                   0  average unshared data size
                   0  average unshared stack size
                 450  page reclaims
                   0  page faults
                   0  swaps
                   0  block input operations
                   0  block output operations
                   0  messages sent
                   0  messages received
                   0  signals received
                   0  voluntary context switches
                 243  involuntary context switches
           638915065  instructions retired
           283150343  cycles elapsed
             4604672  peak memory footprint
