Threads=8
LoadTime(s)=0.000686125
CODE_EXECUTION_TIME(s)=0.0204917
RESULT=608389
Throughput=2.96895e+07
VertexSetAllocated=0.00 Bytes
MiniGraphAllocated=0.00 Bytes
        0.02 real         0.14 user         0.00 sys
             4341760  maximum resident set size
                   0  average shared memory size
                   0  average unshared data size
                   0  average unshared stack size
                 370  page reclaims
                   0  page faults
                   0  swaps
                   0  block input operations
                   0  block output operations
                   0  messages sent
                   0  messages received
                   0  signals received
                   0  voluntary context switches
                 293  involuntary context switches
           759941214  instructions retired
           289267953  cycles elapsed
             3260992  peak memory footprint
