Threads=8
LoadTime(s)=0.000543625
CODE_EXECUTION_TIME(s)=0.0168163
RESULT=608389
Throughput=3.61785e+07
VertexSetAllocated=0.00 Bytes
MiniGraphAllocated=0.00 Bytes
        0.02 real         0.12 user         0.00 sys
             4308992  maximum resident set size
                   0  average shared memory size
                   0  average unshared data size
                   0  average unshared stack size
                 370  page reclaims
                   0  page faults
                   0  swaps
                   0  block input operations
                   0  block output operations
                   0  messages sent
                   0  messages received
                   0  signals received
                   0  voluntary context switches
                 150  involuntary context switches
           759504794  instructions retired
           283522681  cycles elapsed
             3228224  peak memory footprint
