Threads=8
LoadTime(s)=0.000689792
CODE_EXECUTION_TIME(s)=0.0233791
RESULT=608389
Throughput=2.60227e+07
VertexSetAllocated=0.00 Bytes
MiniGraphAllocated=0.00 Bytes
        0.02 real         0.14 user         0.00 sys
             4341760  maximum resident set size
                   0  average shared memory size
                   0  average unshared data size
                   0  average unshared stack size
                 368  page reclaims
                   0  page faults
                   0  swaps
                   0  block input operations
                   0  block output operations
                   0  messages sent
                   0  messages received
                   0  signals received
                   0  voluntary context switches
                 284  involuntary context switches
           760888691  instructions retired
           288440472  cycles elapsed
             3277440  peak memory footprint
