Threads=8
LoadTime(s)=0.000719666
CODE_EXECUTION_TIME(s)=0.0180774
RESULT=608389
Throughput=3.36546e+07
VertexSetAllocated=0.00 Bytes
MiniGraphAllocated=0.00 Bytes
        0.02 real         0.12 user         0.00 sys
             4374528  maximum resident set size
                   0  average shared memory size
                   0  average unshared data size
                   0  average unshared stack size
                 374  page reclaims
                   0  page faults
                   0  swaps
                   0  block input operations
                   0  block output operations
                   0  messages sent
                   0  messages received
                   0  signals received
                   0  voluntary context switches
                 151  involuntary context switches
           758979604  instructions retired
           276724988  cycles elapsed
             3310208  peak memory footprint
