Threads=8
LoadTime(s)=0.000589792
CODE_EXECUTION_TIME(s)=0.0195582
RESULT=608389
Throughput=3.11066e+07
VertexSetAllocated=0.00 Bytes
MiniGraphAllocated=0.00 Bytes
        0.02 real         0.13 user         0.00 sys
             4440064  maximum resident set size
                   0  average shared memory size
                   0  average unshared data size
                   0  average unshared stack size
                 374  page reclaims
                   0  page faults
                   0  swaps
                   0  block input operations
                   0  block output operations
                   0  messages sent
                   0  messages received
                   0  signals received
                   0  voluntary context switches
                 155  involuntary context switches
           759249200  instructions retired
           279876992  cycles elapsed
             3359296  peak memory footprint
