Threads=8
LoadTime(s)=0.00945812
CODE_EXECUTION_TIME(s)=0.0557119
RESULT=2224385
Throughput=3.99266e+07
VertexSetAllocated=0.00 Bytes
MiniGraphAllocated=0.00 Bytes
        0.07 real         0.42 user         0.00 sys
            19365888  maximum resident set size
                   0  average shared memory size
                   0  average unshared data size
                   0  average unshared stack size
                1291  page reclaims
                   0  page faults
                   0  swaps
                   0  block input operations
                   0  block output operations
                   0  messages sent
                   0  messages received
                   0  signals received
                   0  voluntary context switches
                 164  involuntary context switches
          1584023511  instructions retired
           758885560  cycles elapsed
            18285120  peak memory footprint
