Threads=8
LoadTime(s)=0.00919071
CODE_EXECUTION_TIME(s)=0.0611522
RESULT=2224385
Throughput=3.63746e+07
VertexSetAllocated=0.00 Bytes
MiniGraphAllocated=0.00 Bytes
        0.07 real         0.42 user         0.00 sys
            19333120  maximum resident set size
                   0  average shared memory size
                   0  average unshared data size
                   0  average unshared stack size
                1289  page reclaims
                   0  page faults
                   0  swaps
                   0  block input operations
                   0  block output operations
                   0  messages sent
                   0  messages received
                   0  signals received
                   0  voluntary context switches
                 227  involuntary context switches
          1585032423  instructions retired
           798407172  cycles elapsed
            18252352  peak memory footprint
