Threads=8
LoadTime(s)=0.00922229
CODE_EXECUTION_TIME(s)=0.062683
RESULT=2224385
Throughput=3.54863e+07
VertexSetAllocated=0.00 Bytes
MiniGraphAllocated=0.00 Bytes
        0.07 real         0.41 user         0.01 sys
            19365888  maximum resident set size
                   0  average shared memory size
                   0  average unshared data size
                   0  average unshared stack size
                1289  page reclaims
                   0  page faults
                   0  swaps
                   0  block input operations
                   0  block output operations
                   0  messages sent
                   0  messages received
                   0  signals received
                   0  voluntary context switches
                 521  involuntary context switches
          1586890860  instructions retired
           764446040  cycles elapsed
            18334464  peak memory footprint
