Threads=8
LoadTime(s)=0.0265624
CODE_EXECUTION_TIME(s)=0.116879
RESULT=2224385
Throughput=1.90315e+07
VertexSetAllocated=0.00 Bytes
MiniGraphAllocated=0.00 Bytes
        0.15 real         0.42 user         0.01 sys
            19447808  maximum resident set size
                   0  average shared memory size
                   0  average unshared data size
                   0  average unshared stack size
                1291  page reclaims
                   0  page faults
                   0  swaps
                   0  block input operations
                   0  block output operations
                   0  messages sent
                   0  messages received
                   0  signals received
                  12  voluntary context switches
                1199  involuntary context switches
          1597836706  instructions retired
           947576925  cycles elapsed
            18416384  peak memory footprint
