Threads=8
LoadTime(s)=0.00160312
CODE_EXECUTION_TIME(s)=0.0237641
RESULT=727044
Throughput=3.05942e+07
VertexSetAllocated=0.00 Bytes
MiniGraphAllocated=0.00 Bytes
        0.03 real         0.14 user         0.00 sys
             5619712  maximum resident set size
                   0  average shared memory size
                   0  average unshared data size
                   0  average unshared stack size
                 450  page reclaims
                   0  page faults
                   0  swaps
                   0  block input operations
                   0  block output operations
                   0  messages sent
                   0  messages received
                   0  signals received
                   0  voluntary context switches
                 301  involuntary context switches
           638549324  instructions retired
           286016393  cycles elapsed
             4555392  peak memory footprint
