Threads=8
LoadTime(s)=0.00196954
CODE_EXECUTION_TIME(s)=0.0238424
RESULT=727044
Throughput=3.04937e+07
VertexSetAllocated=0.00 Bytes
MiniGraphAllocated=0.00 Bytes
        0.03 real         0.14 user         0.00 sys
             5652480  maximum resident set size
                   0  average shared memory size
                   0  average unshared data size
                   0  average unshared stack size
                 444  page reclaims
                  14  page faults
                   0  swaps
                   0  block input operations
                   0  block output operations
                   0  messages sent
                   0  messages received
                   0  signals received
                   0  voluntary context switches
                 302  involuntary context switches
           641956678  instructions retired
           286984261  cycles elapsed
             4588160  peak memory footprint
