Threads=8
LoadTime(s)=0.00149071
CODE_EXECUTION_TIME(s)=0.0188893
RESULT=727044
Throughput=3.84897e+07
VertexSetAllocated=0.00 Bytes
MiniGraphAllocated=0.00 Bytes
        0.02 real         0.13 user         0.00 sys
             5799936  maximum resident set size
                   0  average shared memory size
                   0  average unshared data size
                   0  average unshared stack size
                 460  page reclaims
                   0  page faults
                   0  swaps
                   0  block input operations
                   0  block output operations
                   0  messages sent
                   0  messages received
                   0  signals received
                   0  voluntary context switches
                 187  involuntary context switches
           637778110  instructions retired
           270426261  cycles elapsed
             4768512  peak memory footprint
