Threads=8
LoadTime(s)=0.00194871
CODE_EXECUTION_TIME(s)=0.0261614
RESULT=727044
Throughput=2.77907e+07
VertexSetAllocated=0.00 Bytes
MiniGraphAllocated=0.00 Bytes
        0.03 real         0.14 user         0.00 sys
             5701632  maximum resident set size
                   0  average shared memory size
                   0  average unshared data size
                   0  average unshared stack size
                 456  page reclaims
                   0  page faults
                   0  swaps
                   0  block input operations
                   0  block output operations
                   0  messages sent
                   0  messages received
                   0  signals received
                   0  voluntary context switches
                 303  involuntary context switches
           638725622  instructions retired
           286212161  cycles elapsed
             4670208  peak memory footprint
