Threads=8
LoadTime(s)=0.00172638
CODE_EXECUTION_TIME(s)=0.01915
RESULT=727044
Throughput=3.79657e+07
VertexSetAllocated=0.00 Bytes
MiniGraphAllocated=0.00 Bytes
        0.02 real         0.13 user         0.00 sys
             5816320  maximum resident set size
                   0  average shared memory size
                   0  average unshared data size
                   0  average unshared stack size
                 460  page reclaims
                   0  page faults
                   0  swaps
                   0  block input operations
                   0  block output operations
                   0  messages sent
                   0  messages received
                   0  signals received
                   0  voluntary context switches
                 170  involuntary context switches
           637595725  instructions retired
           267833218  cycles elapsed
             4850688  peak memory footprint
