Threads=8
LoadTime(s)=0.000766208
CODE_EXECUTION_TIME(s)=0.0237396
RESULT=608389
Throughput=2.56276e+07
VertexSetAllocated=0.00 Bytes
MiniGraphAllocated=0.00 Bytes
        0.02 real         0.14 user         0.00 sys
             4374528  maximum resident set size
                   0  average shared memory size
                   0  average unshared data size
                   0  average unshared stack size
                 374  page reclaims
                   0  page faults
                   0  swaps
                   0  block input operations
                   0  block output operations
                   0  messages sent
                   0  messages received
                   0  signals received
                   0  voluntary context switches
                 270  involuntary context switches
           760298224  instructions retired
           289273253  cycles elapsed
             3293760  peak memory footprint
