Threads=8
LoadTime(s)=0.000752958
CODE_EXECUTION_TIME(s)=0.021815
RESULT=608389
Throughput=2.78886e+07
VertexSetAllocated=0.00 Bytes
MiniGraphAllocated=0.00 Bytes
        0.02 real         0.14 user         0.00 sys
             4358144  maximum resident set size
                   0  average shared memory size
                   0  average unshared data size
                   0  average unshared stack size
                 372  page reclaims
                   0  page faults
                   0  swaps
                   0  block input operations
                   0  block output operations
                   0  messages sent
                   0  messages received
                   0  signals received
                   0  voluntary context switches
                 468  involuntary context switches
           761852257  instructions retired
           296448356  cycles elapsed
             3293824  peak memory footprint
