Threads=8
LoadTime(s)=0.000551208
CODE_EXECUTION_TIME(s)=0.0165468
RESULT=608389
Throughput=3.67677e+07
VertexSetAllocated=0.00 Bytes
MiniGraphAllocated=0.00 Bytes
        0.02 real         0.12 user         0.00 sys
             4276224  maximum resident set size
                   0  average shared memory size
                   0  average unshared data size
                   0  average unshared stack size
                 370  page reclaims
                   0  page faults
                   0  swaps
                   0  block input operations
                   0  block output operations
                   0  messages sent
                   0  messages received
                   0  signals received
                   0  voluntary context switches
                 185  involuntary context switches
           758504080  instructions retired
           279955156  cycles elapsed
             3195456  peak memory footprint
