Threads=8
LoadTime(s)=0.000586541
CODE_EXECUTION_TIME(s)=0.0182396
RESULT=608389
Throughput=3.33554e+07
VertexSetAllocated=0.00 Bytes
MiniGraphAllocated=0.00 Bytes
        0.02 real         0.12 user         0.00 sys
             4292608  maximum resident set size
                   0  average shared memory size
                   0  average unshared data size
                   0  average unshared stack size
                 371  page reclaims
                   0  page faults
                   0  swaps
                   0  block input operations
                   0  block output operations
                   0  messages sent
                   0  messages received
                   0  signals received
                   0  voluntary context switches
                 143  involuntary context switches
           757864038  instructions retired
           275331341  cycles elapsed
             3211840  peak memory footprint
