Threads=8
LoadTime(s)=0.0133769
CODE_EXECUTION_TIME(s)=7.18386
RESULT=4816095
Throughput=670405
VertexSetAllocated=2.04 MB
MiniGraphAllocated=2.85 MB
        7.49 real        30.13 user         0.30 sys
            21577728  maximum resident set size
                   0  average shared memory size
                   0  average unshared data size
                   0  average unshared stack size
                1591  page reclaims
                   1  page faults
                   0  swaps
                   0  block input operations
                   0  block output operations
                   0  messages sent
                   0  messages received
                   0  signals received
                   1  voluntary context switches
               55239  involuntary context switches
        130280233082  instructions retired
         62387352091  cycles elapsed
            22611200  peak memory footprint
