Threads=8
LoadTime(s)=0.0179978
CODE_EXECUTION_TIME(s)=1.7347
RESULT=262663639
Throughput=1.51417e+08
VertexSetAllocated=0.00 Bytes
MiniGraphAllocated=1.32 MB
        2.06 real        10.77 user         0.06 sys
            21299200  maximum resident set size
                   0  average shared memory size
                   0  average unshared data size
                   0  average unshared stack size
                1385  page reclaims
                  19  page faults
                   0  swaps
                   0  block input operations
                   0  block output operations
                   0  messages sent
                   0  messages received
                   0  signals received
                   2  voluntary context switches
                9777  involuntary context switches
         54191585303  instructions retired
         20397740869  cycles elapsed
            20317312  peak memory footprint
