Threads=8
LoadTime(s)=0.0102176
CODE_EXECUTION_TIME(s)=0.467278
RESULT=50139576
Throughput=1.07301e+08
VertexSetAllocated=521.59 KB
MiniGraphAllocated=861.89 KB
        0.77 real         3.49 user         0.02 sys
            20955136  maximum resident set size
                   0  average shared memory size
                   0  average unshared data size
                   0  average unshared stack size
                1386  page reclaims
                   0  page faults
                   0  swaps
                   0  block input operations
                   0  block output operations
                   0  messages sent
                   0  messages received
                   0  signals received
                   0  voluntary context switches
                2039  involuntary context switches
         19593113051  instructions retired
          7628980120  cycles elapsed
            19973312  peak memory footprint
