Threads=8
LoadTime(s)=0.0135205
CODE_EXECUTION_TIME(s)=1.13451
RESULT=258570802
Throughput=2.27915e+08
VertexSetAllocated=521.59 KB
MiniGraphAllocated=822.58 KB
        1.45 real         8.83 user         0.02 sys
            21020672  maximum resident set size
                   0  average shared memory size
                   0  average unshared data size
                   0  average unshared stack size
                1385  page reclaims
                   0  page faults
                   0  swaps
                   0  block input operations
                   0  block output operations
                   0  messages sent
                   0  messages received
                   0  signals received
                   0  voluntary context switches
                2402  involuntary context switches
         51759620667  instructions retired
         18943659319  cycles elapsed
            20055296  peak memory footprint
