Threads=8
LoadTime(s)=0.0108254
CODE_EXECUTION_TIME(s)=0.450817
RESULT=50139576
Throughput=1.11219e+08
VertexSetAllocated=521.59 KB
MiniGraphAllocated=569.85 KB
        0.75 real         3.48 user         0.01 sys
            20660224  maximum resident set size
                   0  average shared memory size
                   0  average unshared data size
                   0  average unshared stack size
                1367  page reclaims
                   0  page faults
                   0  swaps
                   0  block input operations
                   0  block output operations
                   0  messages sent
                   0  messages received
                   0  signals received
                   0  voluntary context switches
                 943  involuntary context switches
         19596898126  instructions retired
          7606421247  cycles elapsed
            19661952  peak memory footprint
