Threads=8
LoadTime(s)=0.010465
CODE_EXECUTION_TIME(s)=1.80152
RESULT=262663639
Throughput=1.45801e+08
VertexSetAllocated=0.00 Bytes
MiniGraphAllocated=1.41 MB
        2.11 real        10.72 user         0.05 sys
            21397504  maximum resident set size
                   0  average shared memory size
                   0  average unshared data size
                   0  average unshared stack size
                1412  page reclaims
                   0  page faults
                   0  swaps
                   0  block input operations
                   0  block output operations
                   0  messages sent
                   0  messages received
                   0  signals received
                   0  voluntary context switches
               10309  involuntary context switches
         54172808933  instructions retired
         20661437631  cycles elapsed
            20399168  peak memory footprint
