Threads=8
LoadTime(s)=0.0099625
CODE_EXECUTION_TIME(s)=4.71303
RESULT=4816095
Throughput=1.02187e+06
VertexSetAllocated=2.42 MB
MiniGraphAllocated=1.84 MB
        5.03 real        29.51 user         0.08 sys
            22544384  maximum resident set size
                   0  average shared memory size
                   0  average unshared data size
                   0  average unshared stack size
                1480  page reclaims
                   0  page faults
                   0  swaps
                   0  block input operations
                   0  block output operations
                   0  messages sent
                   0  messages received
                   0  signals received
                   0  voluntary context switches
               13024  involuntary context switches
        129912771728  instructions retired
         57681783383  cycles elapsed
            21611904  peak memory footprint
