Threads=8
LoadTime(s)=0.0100034
CODE_EXECUTION_TIME(s)=0.19549
RESULT=16713192
Throughput=8.54938e+07
VertexSetAllocated=0.00 Bytes
MiniGraphAllocated=523.36 KB
        0.51 real         1.51 user         0.01 sys
            20348928  maximum resident set size
                   0  average shared memory size
                   0  average unshared data size
                   0  average unshared stack size
                1346  page reclaims
                   0  page faults
                   0  swaps
                   0  block input operations
                   0  block output operations
                   0  messages sent
                   0  messages received
                   0  signals received
                   0  voluntary context switches
                 451  involuntary context switches
          8115448706  instructions retired
          3295738175  cycles elapsed
            19301248  peak memory footprint
