Threads=8
LoadTime(s)=0.0121836
CODE_EXECUTION_TIME(s)=4.63345
RESULT=4816095
Throughput=1.03942e+06
VertexSetAllocated=2.80 MB
MiniGraphAllocated=1.87 MB
        4.96 real        29.67 user         0.06 sys
            22675456  maximum resident set size
                   0  average shared memory size
                   0  average unshared data size
                   0  average unshared stack size
                1488  page reclaims
                   1  page faults
                   0  swaps
                   0  block input operations
                   0  block output operations
                   0  messages sent
                   0  messages received
                   0  signals received
                   5  voluntary context switches
                9045  involuntary context switches
        129893869276  instructions retired
         58092565974  cycles elapsed
            21726528  peak memory footprint
