Threads=8
LoadTime(s)=0.0102679
CODE_EXECUTION_TIME(s)=0.206534
RESULT=16713192
Throughput=8.09224e+07
VertexSetAllocated=0.00 Bytes
MiniGraphAllocated=620.93 KB
        0.51 real         1.50 user         0.01 sys
            20447232  maximum resident set size
                   0  average shared memory size
                   0  average unshared data size
                   0  average unshared stack size
                1354  page reclaims
                   0  page faults
                   0  swaps
                   0  block input operations
                   0  block output operations
                   0  messages sent
                   0  messages received
                   0  signals received
                   0  voluntary context switches
                1591  involuntary context switches
          8109713655  instructions retired
          3264434897  cycles elapsed
            19399552  peak memory footprint
