Threads=8
LoadTime(s)=0.00943621
CODE_EXECUTION_TIME(s)=1.96539
RESULT=262663639
Throughput=1.33645e+08
VertexSetAllocated=0.00 Bytes
MiniGraphAllocated=1.40 MB
        2.27 real        10.70 user         0.07 sys
            21315584  maximum resident set size
                   0  average shared memory size
                   0  average unshared data size
                   0  average unshared stack size
                1400  page reclaims
                   0  page faults
                   0  swaps
                   0  block input operations
                   0  block output operations
                   0  messages sent
                   0  messages received
                   0  signals received
                   0  voluntary context switches
               13200  involuntary context switches
         54218691026  instructions retired
         20876853586  cycles elapsed
            20317248  peak memory footprint
