Threads=8
LoadTime(s)=0.0170707
CODE_EXECUTION_TIME(s)=0.21649
RESULT=16713192
Throughput=7.72008e+07
VertexSetAllocated=0.00 Bytes
MiniGraphAllocated=444.05 KB
        0.54 real         1.53 user         0.01 sys
            20168704  maximum resident set size
                   0  average shared memory size
                   0  average unshared data size
                   0  average unshared stack size
                1327  page reclaims
                   8  page faults
                   0  swaps
                   0  block input operations
                   0  block output operations
                   0  messages sent
                   0  messages received
                   0  signals received
                   0  voluntary context switches
                1312  involuntary context switches
          8112554811  instructions retired
          3347380953  cycles elapsed
            19121024  peak memory footprint
