Threads=8
LoadTime(s)=0.00204883
CODE_EXECUTION_TIME(s)=0.0661865
RESULT=2341639
Throughput=3.53794e+07
VertexSetAllocated=0.00 Bytes
MiniGraphAllocated=437.71 KB
        0.36 real         0.45 user         0.00 sys
             6471680  maximum resident set size
                   0  average shared memory size
                   0  average unshared data size
                   0  average unshared stack size
                 500  page reclaims
                   0  page faults
                   0  swaps
                   0  block input operations
                   0  block output operations
                   0  messages sent
                   0  messages received
                   0  signals received
                   0  voluntary context switches
                 435  involuntary context switches
          2208645545  instructions retired
           955726888  cycles elapsed
             5391104  peak memory footprint
