Threads=8
LoadTime(s)=0.00698592
CODE_EXECUTION_TIME(s)=15.5666
RESULT=4479591993
Throughput=2.87769e+08
VertexSetAllocated=1.08 MB
MiniGraphAllocated=1.65 MB
       15.90 real        67.18 user         0.38 sys
             7536640  maximum resident set size
                   0  average shared memory size
                   0  average unshared data size
                   0  average unshared stack size
                 673  page reclaims
                   1  page faults
                   0  swaps
                   0  block input operations
                   0  block output operations
                   0  messages sent
                   0  messages received
                   0  signals received
                   8  voluntary context switches
               74207  involuntary context switches
        426842751509  instructions retired
        140940449345  cycles elapsed
             7226432  peak memory footprint
