Threads=8
LoadTime(s)=0.00181279
CODE_EXECUTION_TIME(s)=2.43657
RESULT=8821744
Throughput=3.62055e+06
VertexSetAllocated=2.17 MB
MiniGraphAllocated=0.00 Bytes
        2.73 real        10.37 user         0.06 sys
             6127616  maximum resident set size
                   0  average shared memory size
                   0  average unshared data size
                   0  average unshared stack size
                 478  page reclaims
                   1  page faults
                   0  swaps
                   0  block input operations
                   0  block output operations
                   0  messages sent
                   0  messages received
                   0  signals received
                   0  voluntary context switches
               10829  involuntary context switches
         49299425413  instructions retired
         21133288184  cycles elapsed
             5112704  peak memory footprint
