Threads=8
LoadTime(s)=0.0126992
CODE_EXECUTION_TIME(s)=25.4777
RESULT=512196821
Throughput=2.01038e+07
VertexSetAllocated=6.23 MB
MiniGraphAllocated=7.38 MB
       25.82 real       131.27 user         0.80 sys
            13385728  maximum resident set size
                   0  average shared memory size
                   0  average unshared data size
                   0  average unshared stack size
                1095  page reclaims
                   1  page faults
                   0  swaps
                   0  block input operations
                   0  block output operations
                   0  messages sent
                   0  messages received
                   0  signals received
                  13  voluntary context switches
              151370  involuntary context switches
        620531825162  instructions retired
        260296799876  cycles elapsed
            13649280  peak memory footprint
