Threads=8
LoadTime(s)=0.00187792
CODE_EXECUTION_TIME(s)=2.28065
RESULT=8821744
Throughput=3.86808e+06
VertexSetAllocated=2.17 MB
MiniGraphAllocated=0.00 Bytes
        2.58 real        10.37 user         0.10 sys
             6176768  maximum resident set size
                   0  average shared memory size
                   0  average unshared data size
                   0  average unshared stack size
                 461  page reclaims
                  18  page faults
                   0  swaps
                   0  block input operations
                   0  block output operations
                   0  messages sent
                   0  messages received
                   0  signals received
                   2  voluntary context switches
               19169  involuntary context switches
         49368946543  instructions retired
         21437591286  cycles elapsed
             5161856  peak memory footprint
