Threads=8
LoadTime(s)=0.001814
CODE_EXECUTION_TIME(s)=0.0224652
RESULT=727044
Throughput=3.23631e+07
VertexSetAllocated=0.00 Bytes
MiniGraphAllocated=0.00 Bytes
        0.31 real         0.12 user         0.00 sys
             5701632  maximum resident set size
                   0  average shared memory size
                   0  average unshared data size
                   0  average unshared stack size
                 436  page reclaims
                  19  page faults
                   0  swaps
                   0  block input operations
                   0  block output operations
                   0  messages sent
                   0  messages received
                   0  signals received
                   2  voluntary context switches
                 157  involuntary context switches
           642165602  instructions retired
           280464525  cycles elapsed
             4604416  peak memory footprint
