Threads=8
LoadTime(s)=0.00153575
CODE_EXECUTION_TIME(s)=0.11518
RESULT=2341639
Throughput=2.03303e+07
VertexSetAllocated=0.00 Bytes
MiniGraphAllocated=406.41 KB
        0.42 real         0.44 user         0.00 sys
             6488064  maximum resident set size
                   0  average shared memory size
                   0  average unshared data size
                   0  average unshared stack size
                 501  page reclaims
                   0  page faults
                   0  swaps
                   0  block input operations
                   0  block output operations
                   0  messages sent
                   0  messages received
                   0  signals received
                   0  voluntary context switches
                1367  involuntary context switches
          2221175315  instructions retired
           990026344  cycles elapsed
             5440384  peak memory footprint
