Threads=8
LoadTime(s)=0.00150992
CODE_EXECUTION_TIME(s)=17.6874
RESULT=4479591993
Throughput=2.53264e+08
VertexSetAllocated=1.08 MB
MiniGraphAllocated=1.63 MB
       17.99 real        67.13 user         0.61 sys
             7553024  maximum resident set size
                   0  average shared memory size
                   0  average unshared data size
                   0  average unshared stack size
                 692  page reclaims
                   0  page faults
                   0  swaps
                   0  block input operations
                   0  block output operations
                   0  messages sent
                   0  messages received
                   0  signals received
                   0  voluntary context switches
              119609  involuntary context switches
        427204406196  instructions retired
        141502824483  cycles elapsed
             7078976  peak memory footprint
