Threads=8
LoadTime(s)=0.00182617
CODE_EXECUTION_TIME(s)=1.00939
RESULT=7024917
Throughput=6.95957e+06
VertexSetAllocated=1.08 MB
MiniGraphAllocated=1.67 MB
        1.30 real         1.86 user         0.03 sys
             8110080  maximum resident set size
                   0  average shared memory size
                   0  average unshared data size
                   0  average unshared stack size
                 594  page reclaims
                   0  page faults
                   0  swaps
                   0  block input operations
                   0  block output operations
                   0  messages sent
                   0  messages received
                   0  signals received
                   0  voluntary context switches
                7232  involuntary context switches
          8953268771  instructions retired
          4061858556  cycles elapsed
             7078976  peak memory footprint
