Threads=8
LoadTime(s)=0.00698054
CODE_EXECUTION_TIME(s)=0.0737607
RESULT=2341639
Throughput=3.17464e+07
VertexSetAllocated=0.00 Bytes
MiniGraphAllocated=415.84 KB
        0.37 real         0.45 user         0.00 sys
             6356992  maximum resident set size
                   0  average shared memory size
                   0  average unshared data size
                   0  average unshared stack size
                 492  page reclaims
                   1  page faults
                   0  swaps
                   0  block input operations
                   0  block output operations
                   0  messages sent
                   0  messages received
                   0  signals received
                   8  voluntary context switches
                 432  involuntary context switches
          2213211010  instructions retired
           997671235  cycles elapsed
             5243520  peak memory footprint
