Threads=8
LoadTime(s)=0.00191637
CODE_EXECUTION_TIME(s)=0.446227
RESULT=7024917
Throughput=1.57429e+07
VertexSetAllocated=1.08 MB
MiniGraphAllocated=1.79 MB
        0.75 real         1.86 user         0.02 sys
             8339456  maximum resident set size
                   0  average shared memory size
                   0  average unshared data size
                   0  average unshared stack size
                 614  page reclaims
                   1  page faults
                   0  swaps
                   0  block input operations
                   0  block output operations
                   0  messages sent
                   0  messages received
                   0  signals received
                   0  voluntary context switches
                4056  involuntary context switches
          8928793707  instructions retired
          4028967510  cycles elapsed
             7341184  peak memory footprint
