Threads=8
LoadTime(s)=0.00173575
CODE_EXECUTION_TIME(s)=15.2567
RESULT=4479591993
Throughput=2.93615e+08
VertexSetAllocated=1.08 MB
MiniGraphAllocated=1.61 MB
       15.54 real        67.41 user         0.33 sys
             8077312  maximum resident set size
                   0  average shared memory size
                   0  average unshared data size
                   0  average unshared stack size
                 591  page reclaims
                   7  page faults
                   0  swaps
                   0  block input operations
                   0  block output operations
                   0  messages sent
                   0  messages received
                   0  signals received
                   1  voluntary context switches
               62680  involuntary context switches
        426742184023  instructions retired
        139852111734  cycles elapsed
             7079040  peak memory footprint
