Threads=8
LoadTime(s)=0.00201392
CODE_EXECUTION_TIME(s)=0.0638598
RESULT=2341639
Throughput=3.66684e+07
VertexSetAllocated=0.00 Bytes
MiniGraphAllocated=423.32 KB
        0.37 real         0.44 user         0.00 sys
             6438912  maximum resident set size
                   0  average shared memory size
                   0  average unshared data size
                   0  average unshared stack size
                 498  page reclaims
                   0  page faults
                   0  swaps
                   0  block input operations
                   0  block output operations
                   0  messages sent
                   0  messages received
                   0  signals received
                   0  voluntary context switches
                 431  involuntary context switches
          2212817169  instructions retired
           934126136  cycles elapsed
             5325440  peak memory footprint
