Threads=8
LoadTime(s)=0.00187083
CODE_EXECUTION_TIME(s)=0.444683
RESULT=7024917
Throughput=1.57976e+07
VertexSetAllocated=1.08 MB
MiniGraphAllocated=1.94 MB
        0.74 real         1.85 user         0.01 sys
             8421376  maximum resident set size
                   0  average shared memory size
                   0  average unshared data size
                   0  average unshared stack size
                 621  page reclaims
                   1  page faults
                   0  swaps
                   0  block input operations
                   0  block output operations
                   0  messages sent
                   0  messages received
                   0  signals received
                   2  voluntary context switches
                2233  involuntary context switches
          8916610360  instructions retired
          4044996791  cycles elapsed
             7423104  peak memory footprint
