Threads=8
LoadTime(s)=0.00315696
CODE_EXECUTION_TIME(s)=0.67501
RESULT=5809356
Throughput=8.60633e+06
VertexSetAllocated=0.00 Bytes
MiniGraphAllocated=630.03 KB
        0.97 real         1.52 user         0.03 sys
             6602752  maximum resident set size
                   0  average shared memory size
                   0  average unshared data size
                   0  average unshared stack size
                 502  page reclaims
                   0  page faults
                   0  swaps
                   0  block input operations
                   0  block output operations
                   0  messages sent
                   0  messages received
                   0  signals received
                   1  voluntary context switches
                5542  involuntary context switches
          6479931113  instructions retired
          3338941037  cycles elapsed
             5505856  peak memory footprint
