Threads=8
LoadTime(s)=0.0118575
CODE_EXECUTION_TIME(s)=0.0580522
RESULT=2341639
Throughput=4.03367e+07
VertexSetAllocated=0.00 Bytes
MiniGraphAllocated=367.95 KB
        0.36 real         0.42 user         0.00 sys
             6389760  maximum resident set size
                   0  average shared memory size
                   0  average unshared data size
                   0  average unshared stack size
                 493  page reclaims
                   1  page faults
                   0  swaps
                   0  block input operations
                   0  block output operations
                   0  messages sent
                   0  messages received
                   0  signals received
                  11  voluntary context switches
                 274  involuntary context switches
          2211960448  instructions retired
           942341341  cycles elapsed
             5276288  peak memory footprint
