Threads=8
LoadTime(s)=0.00151658
CODE_EXECUTION_TIME(s)=0.0235226
RESULT=727044
Throughput=3.09083e+07
VertexSetAllocated=0.00 Bytes
MiniGraphAllocated=0.00 Bytes
        0.31 real         0.12 user         0.00 sys
             5636096  maximum resident set size
                   0  average shared memory size
                   0  average unshared data size
                   0  average unshared stack size
                 456  page reclaims
                   0  page faults
                   0  swaps
                   0  block input operations
                   0  block output operations
                   0  messages sent
                   0  messages received
                   0  signals received
                   0  voluntary context switches
                 267  involuntary context switches
           650770265  instructions retired
           282370815  cycles elapsed
             4538944  peak memory footprint
