Threads=8
LoadTime(s)=0.00240975
CODE_EXECUTION_TIME(s)=1.07724
RESULT=7024917
Throughput=6.52124e+06
VertexSetAllocated=1.08 MB
MiniGraphAllocated=1.75 MB
        1.51 real         2.01 user         0.04 sys
             8110080  maximum resident set size
                   0  average shared memory size
                   0  average unshared data size
                   0  average unshared stack size
                 592  page reclaims
                   0  page faults
                   0  swaps
                   0  block input operations
                   0  block output operations
                   0  messages sent
                   0  messages received
                   0  signals received
                   0  voluntary context switches
                7720  involuntary context switches
          8957901528  instructions retired
          4264623141  cycles elapsed
             7029632  peak memory footprint
