Threads=8
LoadTime(s)=0.00107862
CODE_EXECUTION_TIME(s)=0.0259815
RESULT=608389
Throughput=2.34162e+07
VertexSetAllocated=0.00 Bytes
MiniGraphAllocated=0.00 Bytes
        0.32 real         0.15 user         0.00 sys
             4341760  maximum resident set size
                   0  average shared memory size
                   0  average unshared data size
                   0  average unshared stack size
                 374  page reclaims
                   0  page faults
                   0  swaps
                   0  block input operations
                   0  block output operations
                   0  messages sent
                   0  messages received
                   0  signals received
                   0  voluntary context switches
                 262  involuntary context switches
           761485158  instructions retired
           301751998  cycles elapsed
             3260992  peak memory footprint
