Threads=8
LoadTime(s)=0.00388408
CODE_EXECUTION_TIME(s)=44.7568
RESULT=1527784701
Throughput=3.41353e+07
VertexSetAllocated=9.91 MB
MiniGraphAllocated=7.97 MB
       45.05 real       231.70 user         1.06 sys
            13713408  maximum resident set size
                   0  average shared memory size
                   0  average unshared data size
                   0  average unshared stack size
                 939  page reclaims
                   1  page faults
                   0  swaps
                   0  block input operations
                   0  block output operations
                   0  messages sent
                   0  messages received
                   0  signals received
                  10  voluntary context switches
              196758  involuntary context switches
       1024096638848  instructions retired
        472014564009  cycles elapsed
            12633216  peak memory footprint
