Threads=8
LoadTime(s)=0.000995791
CODE_EXECUTION_TIME(s)=0.078109
RESULT=2077903
Throughput=2.66026e+07
VertexSetAllocated=0.00 Bytes
MiniGraphAllocated=931.52 KB
        0.42 real         0.47 user         0.00 sys
             5832704  maximum resident set size
                   0  average shared memory size
                   0  average unshared data size
                   0  average unshared stack size
                 463  page reclaims
                   0  page faults
                   0  swaps
                   0  block input operations
                   0  block output operations
                   0  messages sent
                   0  messages received
                   0  signals received
                   0  voluntary context switches
                 799  involuntary context switches
          2364359170  instructions retired
          1005374936  cycles elapsed
             4817920  peak memory footprint
