Threads=8
LoadTime(s)=0.000811792
CODE_EXECUTION_TIME(s)=0.071174
RESULT=2077903
Throughput=2.91947e+07
VertexSetAllocated=0.00 Bytes
MiniGraphAllocated=977.77 KB
        0.36 real         0.44 user         0.00 sys
             5865472  maximum resident set size
                   0  average shared memory size
                   0  average unshared data size
                   0  average unshared stack size
                 462  page reclaims
                   0  page faults
                   0  swaps
                   0  block input operations
                   0  block output operations
                   0  messages sent
                   0  messages received
                   0  signals received
                   0  voluntary context switches
                 547  involuntary context switches
          2361673105  instructions retired
           980059747  cycles elapsed
             4834240  peak memory footprint
