Threads=8
LoadTime(s)=0.00110238
CODE_EXECUTION_TIME(s)=1.86875
RESULT=32230662
Throughput=1.72472e+07
VertexSetAllocated=3.78 MB
MiniGraphAllocated=0.00 Bytes
        2.17 real        13.45 user         0.02 sys
             4751360  maximum resident set size
                   0  average shared memory size
                   0  average unshared data size
                   0  average unshared stack size
                 399  page reclaims
                   0  page faults
                   0  swaps
                   0  block input operations
                   0  block output operations
                   0  messages sent
                   0  messages received
                   0  signals received
                   0  voluntary context switches
                3842  involuntary context switches
         69168989135  instructions retired
         26679093752  cycles elapsed
             3736448  peak memory footprint
