Threads=8
LoadTime(s)=0.000984958
CODE_EXECUTION_TIME(s)=0.0740145
RESULT=2077903
Throughput=2.80743e+07
VertexSetAllocated=0.00 Bytes
MiniGraphAllocated=994.06 KB
        0.36 real         0.46 user         0.00 sys
             5816320  maximum resident set size
                   0  average shared memory size
                   0  average unshared data size
                   0  average unshared stack size
                 461  page reclaims
                   0  page faults
                   0  swaps
                   0  block input operations
                   0  block output operations
                   0  messages sent
                   0  messages received
                   0  signals received
                   0  voluntary context switches
                 640  involuntary context switches
          2364885582  instructions retired
          1011432830  cycles elapsed
             4817984  peak memory footprint
