Threads=8
LoadTime(s)=0.00099175
CODE_EXECUTION_TIME(s)=59.786
RESULT=1527784701
Throughput=2.55542e+07
VertexSetAllocated=9.91 MB
MiniGraphAllocated=8.41 MB
       60.07 real       230.77 user         1.68 sys
            13631488  maximum resident set size
                   0  average shared memory size
                   0  average unshared data size
                   0  average unshared stack size
                1110  page reclaims
                   0  page faults
                   0  swaps
                   0  block input operations
                   0  block output operations
                   0  messages sent
                   0  messages received
                   0  signals received
                   2  voluntary context switches
              323912  involuntary context switches
       1025087690318  instructions retired
        477897221379  cycles elapsed
            13272192  peak memory footprint
