Threads=8
LoadTime(s)=0.00150279
CODE_EXECUTION_TIME(s)=4.81626
RESULT=32230662
Throughput=6.69206e+06
VertexSetAllocated=3.78 MB
MiniGraphAllocated=0.00 Bytes
        5.19 real        13.95 user         0.19 sys
             4931584  maximum resident set size
                   0  average shared memory size
                   0  average unshared data size
                   0  average unshared stack size
                 405  page reclaims
                   1  page faults
                   0  swaps
                   0  block input operations
                   0  block output operations
                   0  messages sent
                   0  messages received
                   0  signals received
                   0  voluntary context switches
               37590  involuntary context switches
         69447875310  instructions retired
         29850828930  cycles elapsed
             3916672  peak memory footprint
