Threads=2
LoadTime(s)=0.0140287
libc++abi: terminating with uncaught exception of type std::out_of_range: vector
time: command terminated abnormally
        0.34 real         0.00 user         0.01 sys
            20201472  maximum resident set size
                   0  average shared memory size
                   0  average unshared data size
                   0  average unshared stack size
                1329  page reclaims
                   1  page faults
                   0  swaps
                   0  block input operations
                   0  block output operations
                   0  messages sent
                   0  messages received
                   0  signals received
                   0  voluntary context switches
                 116  involuntary context switches
            68211287  instructions retired
            33058278  cycles elapsed
            18760512  peak memory footprint
