Threads=1
LoadTime(s)=0.0107021
libc++abi: terminating with uncaught exception of type std::out_of_range: vector
time: command terminated abnormally
        0.33 real         0.00 user         0.01 sys
            20152320  maximum resident set size
                   0  average shared memory size
                   0  average unshared data size
                   0  average unshared stack size
                1326  page reclaims
                   1  page faults
                   0  swaps
                   0  block input operations
                   0  block output operations
                   0  messages sent
                   0  messages received
                   0  signals received
                   0  voluntary context switches
                  87  involuntary context switches
            68870298  instructions retired
            32728609  cycles elapsed
            18678464  peak memory footprint
