Threads=1
LoadTime(s)=0.012937
libc++abi: terminating with uncaught exception of type std::out_of_range: vector
time: command terminated abnormally
        0.33 real         0.00 user         0.01 sys
            19972096  maximum resident set size
                   0  average shared memory size
                   0  average unshared data size
                   0  average unshared stack size
                1314  page reclaims
                   1  page faults
                   0  swaps
                   0  block input operations
                   0  block output operations
                   0  messages sent
                   0  messages received
                   0  signals received
                   0  voluntary context switches
                  71  involuntary context switches
            67185185  instructions retired
            31992616  cycles elapsed
            18514624  peak memory footprint
