Threads=16
LoadTime(s)=0.0214795
CODE_EXECUTION_TIME(s)=1.00931
RESULT=252893
Throughput=250560
VertexSetAllocated=1.02 MB
MiniGraphAllocated=0.00 Bytes
        1.50 real         4.59 user         0.04 sys
            20414464  maximum resident set size
                   0  average shared memory size
                   0  average unshared data size
                   0  average unshared stack size
                1372  page reclaims
                   2  page faults
                   0  swaps
                   0  block input operations
                   0  block output operations
                   0  messages sent
                   0  messages received
                   0  signals received
                   1  voluntary context switches
                5171  involuntary context switches
         17861712545  instructions retired
          9436627256  cycles elapsed
            19203264  peak memory footprint
