Threads=1
LoadTime(s)=0.0118737
libc++abi: terminating with uncaught exception of type std::out_of_range: vector
time: command terminated abnormally
        0.35 real         0.00 user         0.01 sys
            20086784  maximum resident set size
                   0  average shared memory size
                   0  average unshared data size
                   0  average unshared stack size
                1315  page reclaims
                   8  page faults
                   0  swaps
                   0  block input operations
                   0  block output operations
                   0  messages sent
                   0  messages received
                   0  signals received
                   0  voluntary context switches
                 143  involuntary context switches
            68720891  instructions retired
            37214498  cycles elapsed
            18645760  peak memory footprint
