Threads=16
LoadTime(s)=0.0095955
CODE_EXECUTION_TIME(s)=0.42685
RESULT=16713192
Throughput=3.91547e+07
VertexSetAllocated=0.00 Bytes
MiniGraphAllocated=380.68 KB
        0.76 real         1.89 user         0.02 sys
            20430848  maximum resident set size
                   0  average shared memory size
                   0  average unshared data size
                   0  average unshared stack size
                1363  page reclaims
                   1  page faults
                   0  swaps
                   0  block input operations
                   0  block output operations
                   0  messages sent
                   0  messages received
                   0  signals received
                   0  voluntary context switches
                2453  involuntary context switches
          8119135734  instructions retired
          4097527721  cycles elapsed
            19055296  peak memory footprint
