Threads=16
LoadTime(s)=0.0315832
CODE_EXECUTION_TIME(s)=10.4703
RESULT=4816095
Throughput=459977
VertexSetAllocated=2.42 MB
MiniGraphAllocated=2.94 MB
       10.86 real        30.07 user         0.45 sys
            21626880  maximum resident set size
                   0  average shared memory size
                   0  average unshared data size
                   0  average unshared stack size
                1677  page reclaims
                   3  page faults
                   0  swaps
                   0  block input operations
                   0  block output operations
                   0  messages sent
                   0  messages received
                   0  signals received
                  11  voluntary context switches
               85728  involuntary context switches
        130520374589  instructions retired
         64047558584  cycles elapsed
            22676608  peak memory footprint
