Threads=4
LoadTime(s)=0.0143786
libc++abi: terminating with uncaught exception of type std::out_of_range: vector
time: command terminated abnormally
        0.34 real         0.00 user         0.01 sys
            20430848  maximum resident set size
                   0  average shared memory size
                   0  average unshared data size
                   0  average unshared stack size
                1343  page reclaims
                   1  page faults
                   0  swaps
                   0  block input operations
                   0  block output operations
                   0  messages sent
                   0  messages received
                   0  signals received
                   0  voluntary context switches
                 128  involuntary context switches
            69289238  instructions retired
            36573737  cycles elapsed
            19039232  peak memory footprint
