Threads=16
LoadTime(s)=0.0138336
CODE_EXECUTION_TIME(s)=2.69854
RESULT=258570802
Throughput=9.58186e+07
VertexSetAllocated=521.59 KB
MiniGraphAllocated=843.82 KB
        3.01 real        10.95 user         0.13 sys
            20856832  maximum resident set size
                   0  average shared memory size
                   0  average unshared data size
                   0  average unshared stack size
                1464  page reclaims
                   2  page faults
                   0  swaps
                   0  block input operations
                   0  block output operations
                   0  messages sent
                   0  messages received
                   0  signals received
                   0  voluntary context switches
               23744  involuntary context switches
         52008440856  instructions retired
         23181562924  cycles elapsed
            20038784  peak memory footprint
