Threads=1
LoadTime(s)=0.086599
libc++abi: terminating with uncaught exception of type std::out_of_range: vector
time: command terminated abnormally
        0.81 real         0.00 user         0.01 sys
            19791872  maximum resident set size
                   0  average shared memory size
                   0  average unshared data size
                   0  average unshared stack size
                1308  page reclaims
                   2  page faults
                   0  swaps
                   0  block input operations
                   0  block output operations
                   0  messages sent
                   0  messages received
                   0  signals received
                   0  voluntary context switches
                 242  involuntary context switches
            68566214  instructions retired
            45122468  cycles elapsed
            18334464  peak memory footprint
