Threads=2
LoadTime(s)=0.00938662
libc++abi: terminating with uncaught exception of type std::out_of_range: vector
time: command terminated abnormally
        0.34 real         0.00 user         0.01 sys
            20135936  maximum resident set size
                   0  average shared memory size
                   0  average unshared data size
                   0  average unshared stack size
                1324  page reclaims
                   1  page faults
                   0  swaps
                   0  block input operations
                   0  block output operations
                   0  messages sent
                   0  messages received
                   0  signals received
                   1  voluntary context switches
                  80  involuntary context switches
            68869811  instructions retired
            32247457  cycles elapsed
            18645568  peak memory footprint
