Threads=1
LoadTime(s)=0.0337295
libc++abi: terminating with uncaught exception of type std::out_of_range: vector
time: command terminated abnormally
        0.38 real         0.00 user         0.01 sys
            20021248  maximum resident set size
                   0  average shared memory size
                   0  average unshared data size
                   0  average unshared stack size
                1318  page reclaims
                   1  page faults
                   0  swaps
                   0  block input operations
                   0  block output operations
                   0  messages sent
                   0  messages received
                   0  signals received
                   0  voluntary context switches
                  88  involuntary context switches
            67585458  instructions retired
            35830506  cycles elapsed
            18580288  peak memory footprint
