Threads=1
LoadTime(s)=0.0196094
libc++abi: terminating with uncaught exception of type std::out_of_range: vector
time: command terminated abnormally
        0.35 real         0.00 user         0.01 sys
            20086784  maximum resident set size
                   0  average shared memory size
                   0  average unshared data size
                   0  average unshared stack size
                1320  page reclaims
                   2  page faults
                   0  swaps
                   0  block input operations
                   0  block output operations
                   0  messages sent
                   0  messages received
                   0  signals received
                   9  voluntary context switches
                 123  involuntary context switches
            73837015  instructions retired
            31975243  cycles elapsed
            18662208  peak memory footprint
