Threads=8
LoadTime(s)=0.0133071
CODE_EXECUTION_TIME(s)=1.34269
RESULT=252893
Throughput=188348
VertexSetAllocated=1.02 MB
MiniGraphAllocated=0.00 Bytes
        1.74 real         4.71 user         0.05 sys
            20152320  maximum resident set size
                   0  average shared memory size
                   0  average unshared data size
                   0  average unshared stack size
                1380  page reclaims
                   1  page faults
                   0  swaps
                   0  block input operations
                   0  block output operations
                   0  messages sent
                   0  messages received
                   0  signals received
                   1  voluntary context switches
                8019  involuntary context switches
         17883064496  instructions retired
          9837464984  cycles elapsed
            18940928  peak memory footprint
