Threads=8
LoadTime(s)=0.0143598
CODE_EXECUTION_TIME(s)=1.91556
RESULT=262663639
Throughput=1.37121e+08
VertexSetAllocated=0.00 Bytes
MiniGraphAllocated=1.30 MB
        2.24 real        10.65 user         0.06 sys
            21610496  maximum resident set size
                   0  average shared memory size
                   0  average unshared data size
                   0  average unshared stack size
                1435  page reclaims
                   2  page faults
                   0  swaps
                   0  block input operations
                   0  block output operations
                   0  messages sent
                   0  messages received
                   0  signals received
                   1  voluntary context switches
                9903  involuntary context switches
         54227871023  instructions retired
         20943452850  cycles elapsed
            20350080  peak memory footprint
