Threads=16
LoadTime(s)=0.00275921
CODE_EXECUTION_TIME(s)=0.0216868
RESULT=727044
Throughput=3.35247e+07
VertexSetAllocated=0.00 Bytes
MiniGraphAllocated=0.00 Bytes
        0.33 real         0.14 user         0.00 sys
             6045696  maximum resident set size
                   0  average shared memory size
                   0  average unshared data size
                   0  average unshared stack size
                 487  page reclaims
                   1  page faults
                   0  swaps
                   0  block input operations
                   0  block output operations
                   0  messages sent
                   0  messages received
                   0  signals received
                   0  voluntary context switches
                  77  involuntary context switches
           640047734  instructions retired
           278816478  cycles elapsed
             4669952  peak memory footprint
