Threads=8
LoadTime(s)=0.00249754
CODE_EXECUTION_TIME(s)=13.9286
RESULT=4479591993
Throughput=3.2161e+08
VertexSetAllocated=1.08 MB
MiniGraphAllocated=1.64 MB
       14.23 real        68.23 user         0.42 sys
             8437760  maximum resident set size
                   0  average shared memory size
                   0  average unshared data size
                   0  average unshared stack size
                 737  page reclaims
                   2  page faults
                   0  swaps
                   0  block input operations
                   0  block output operations
                   0  messages sent
                   0  messages received
                   0  signals received
                   2  voluntary context switches
               81387  involuntary context switches
        426904342612  instructions retired
        135928287965  cycles elapsed
             7324992  peak memory footprint
