Threads=8
LoadTime(s)=0.00256925
CODE_EXECUTION_TIME(s)=0.405829
RESULT=5809356
Throughput=1.43148e+07
VertexSetAllocated=0.00 Bytes
MiniGraphAllocated=642.83 KB
        0.71 real         1.47 user         0.02 sys
             7012352  maximum resident set size
                   0  average shared memory size
                   0  average unshared data size
                   0  average unshared stack size
                 537  page reclaims
                   2  page faults
                   0  swaps
                   0  block input operations
                   0  block output operations
                   0  messages sent
                   0  messages received
                   0  signals received
                   0  voluntary context switches
                3860  involuntary context switches
          6475785148  instructions retired
          3308364405  cycles elapsed
             5636864  peak memory footprint
