Threads=8
LoadTime(s)=0.00281054
CODE_EXECUTION_TIME(s)=0.228343
RESULT=7024917
Throughput=3.07647e+07
VertexSetAllocated=1.08 MB
MiniGraphAllocated=2.02 MB
        0.52 real         1.64 user         0.01 sys
             8994816  maximum resident set size
                   0  average shared memory size
                   0  average unshared data size
                   0  average unshared stack size
                 666  page reclaims
                   1  page faults
                   0  swaps
                   0  block input operations
                   0  block output operations
                   0  messages sent
                   0  messages received
                   0  signals received
                   0  voluntary context switches
                1514  involuntary context switches
          8910402210  instructions retired
          3489177711  cycles elapsed
             7750912  peak memory footprint
