Threads=1
LoadTime(s)=0.00907071
libc++abi: terminating with uncaught exception of type std::out_of_range: vector
time: command terminated abnormally
        0.33 real         0.00 user         0.00 sys
             6488064  maximum resident set size
                   0  average shared memory size
                   0  average unshared data size
                   0  average unshared stack size
                 491  page reclaims
                   1  page faults
                   0  swaps
                   0  block input operations
                   0  block output operations
                   0  messages sent
                   0  messages received
                   0  signals received
                  11  voluntary context switches
                 120  involuntary context switches
            37699622  instructions retired
            21866544  cycles elapsed
             5112640  peak memory footprint
