Threads=8
LoadTime(s)=0.00154167
CODE_EXECUTION_TIME(s)=1.67084
RESULT=8821744
Throughput=5.27981e+06
VertexSetAllocated=2.17 MB
MiniGraphAllocated=0.00 Bytes
        1.97 real         8.35 user         0.06 sys
             6668288  maximum resident set size
                   0  average shared memory size
                   0  average unshared data size
                   0  average unshared stack size
                 575  page reclaims
                   1  page faults
                   0  swaps
                   0  block input operations
                   0  block output operations
                   0  messages sent
                   0  messages received
                   0  signals received
                   0  voluntary context switches
               12825  involuntary context switches
         49323830680  instructions retired
         18578854677  cycles elapsed
             5456960  peak memory footprint
