Threads=1
LoadTime(s)=0.00768396
libc++abi: terminating with uncaught exception of type std::out_of_range: vector
time: command terminated abnormally
        0.33 real         0.00 user         0.00 sys
             6275072  maximum resident set size
                   0  average shared memory size
                   0  average unshared data size
                   0  average unshared stack size
                 477  page reclaims
                   2  page faults
                   0  swaps
                   0  block input operations
                   0  block output operations
                   0  messages sent
                   0  messages received
                   0  signals received
                   8  voluntary context switches
                  79  involuntary context switches
            37602284  instructions retired
            20030545  cycles elapsed
             4817600  peak memory footprint
