Threads=4
LoadTime(s)=0.00228704
libc++abi: terminating with uncaught exception of type std::out_of_range: vector
time: command terminated abnormally
        0.38 real         0.00 user         0.00 sys
             6324224  maximum resident set size
                   0  average shared memory size
                   0  average unshared data size
                   0  average unshared stack size
                 476  page reclaims
                   5  page faults
                   0  swaps
                   0  block input operations
                   0  block output operations
                   0  messages sent
                   0  messages received
                   0  signals received
                   0  voluntary context switches
                 156  involuntary context switches
            48844997  instructions retired
            28016585  cycles elapsed
             4833856  peak memory footprint
