Threads=2
LoadTime(s)=0.00255338
libc++abi: terminating with uncaught exception of type std::out_of_range: vector
time: command terminated abnormally
        0.31 real         0.00 user         0.00 sys
             6504448  maximum resident set size
                   0  average shared memory size
                   0  average unshared data size
                   0  average unshared stack size
                 493  page reclaims
                   1  page faults
                   0  swaps
                   0  block input operations
                   0  block output operations
                   0  messages sent
                   0  messages received
                   0  signals received
                   0  voluntary context switches
                 115  involuntary context switches
            36749260  instructions retired
            18477497  cycles elapsed
             5047040  peak memory footprint
