Threads=8
LoadTime(s)=0.00285317
CODE_EXECUTION_TIME(s)=0.0219331
RESULT=727044
Throughput=3.31483e+07
VertexSetAllocated=0.00 Bytes
MiniGraphAllocated=0.00 Bytes
        0.31 real         0.14 user         0.00 sys
             6029312  maximum resident set size
                   0  average shared memory size
                   0  average unshared data size
                   0  average unshared stack size
                 487  page reclaims
                   1  page faults
                   0  swaps
                   0  block input operations
                   0  block output operations
                   0  messages sent
                   0  messages received
                   0  signals received
                   0  voluntary context switches
                  97  involuntary context switches
           640472681  instructions retired
           273882098  cycles elapsed
             4653568  peak memory footprint
