Threads=16
LoadTime(s)=0.00261875
CODE_EXECUTION_TIME(s)=0.0708955
RESULT=2341639
Throughput=3.30294e+07
VertexSetAllocated=0.00 Bytes
MiniGraphAllocated=421.97 KB
        0.37 real         0.44 user         0.00 sys
             6799360  maximum resident set size
                   0  average shared memory size
                   0  average unshared data size
                   0  average unshared stack size
                 530  page reclaims
                   1  page faults
                   0  swaps
                   0  block input operations
                   0  block output operations
                   0  messages sent
                   0  messages received
                   0  signals received
                   0  voluntary context switches
                 548  involuntary context switches
          2212546964  instructions retired
           980349768  cycles elapsed
             5407360  peak memory footprint
