Threads=1
LoadTime(s)=0.00244296
libc++abi: terminating with uncaught exception of type std::out_of_range: vector
time: command terminated abnormally
        0.38 real         0.00 user         0.00 sys
             6307840  maximum resident set size
                   0  average shared memory size
                   0  average unshared data size
                   0  average unshared stack size
                 480  page reclaims
                   2  page faults
                   0  swaps
                   0  block input operations
                   0  block output operations
                   0  messages sent
                   0  messages received
                   0  signals received
                   0  voluntary context switches
                 142  involuntary context switches
            36426667  instructions retired
            20999928  cycles elapsed
             4817536  peak memory footprint
