Threads=16
LoadTime(s)=0.00203287
CODE_EXECUTION_TIME(s)=0.0685192
RESULT=2077903
Throughput=3.03259e+07
VertexSetAllocated=0.00 Bytes
MiniGraphAllocated=1019.26 KB
        0.38 real         0.47 user         0.00 sys
             6340608  maximum resident set size
                   0  average shared memory size
                   0  average unshared data size
                   0  average unshared stack size
                 501  page reclaims
                   1  page faults
                   0  swaps
                   0  block input operations
                   0  block output operations
                   0  messages sent
                   0  messages received
                   0  signals received
                   0  voluntary context switches
                 625  involuntary context switches
          2364642119  instructions retired
           988385524  cycles elapsed
             5030848  peak memory footprint
