Threads=16
LoadTime(s)=0.00194117
CODE_EXECUTION_TIME(s)=2.07035
RESULT=32230662
Throughput=1.55677e+07
VertexSetAllocated=3.78 MB
MiniGraphAllocated=0.00 Bytes
        2.37 real        14.16 user         0.03 sys
             5128192  maximum resident set size
                   0  average shared memory size
                   0  average unshared data size
                   0  average unshared stack size
                 431  page reclaims
                   1  page faults
                   0  swaps
                   0  block input operations
                   0  block output operations
                   0  messages sent
                   0  messages received
                   0  signals received
                   0  voluntary context switches
                4973  involuntary context switches
         69183463797  instructions retired
         27354094361  cycles elapsed
             3818304  peak memory footprint
