Threads=16
LoadTime(s)=0.00172613
CODE_EXECUTION_TIME(s)=0.0736459
RESULT=2077903
Throughput=2.82148e+07
VertexSetAllocated=0.00 Bytes
MiniGraphAllocated=954.16 KB
        0.36 real         0.46 user         0.00 sys
             6062080  maximum resident set size
                   0  average shared memory size
                   0  average unshared data size
                   0  average unshared stack size
                 486  page reclaims
                   1  page faults
                   0  swaps
                   0  block input operations
                   0  block output operations
                   0  messages sent
                   0  messages received
                   0  signals received
                   0  voluntary context switches
                 218  involuntary context switches
          2360012264  instructions retired
          1017137548  cycles elapsed
             4719424  peak memory footprint
