Threads=1
LoadTime(s)=0.00174154
libc++abi: terminating with uncaught exception of type std::out_of_range: vector
time: command terminated abnormally
        0.31 real         0.00 user         0.00 sys
             5046272  maximum resident set size
                   0  average shared memory size
                   0  average unshared data size
                   0  average unshared stack size
                 404  page reclaims
                   1  page faults
                   0  swaps
                   0  block input operations
                   0  block output operations
                   0  messages sent
                   0  messages received
                   0  signals received
                   0  voluntary context switches
                  91  involuntary context switches
            33464309  instructions retired
            16915658  cycles elapsed
             3555968  peak memory footprint
