Threads=1
LoadTime(s)=0.00182504
libc++abi: terminating with uncaught exception of type std::out_of_range: vector
time: command terminated abnormally
        0.30 real         0.00 user         0.00 sys
             4898816  maximum resident set size
                   0  average shared memory size
                   0  average unshared data size
                   0  average unshared stack size
                 395  page reclaims
                   1  page faults
                   0  swaps
                   0  block input operations
                   0  block output operations
                   0  messages sent
                   0  messages received
                   0  signals received
                   0  voluntary context switches
                 102  involuntary context switches
            32770835  instructions retired
            17134956  cycles elapsed
             3392000  peak memory footprint
