Threads=4
LoadTime(s)=0.00168892
libc++abi: terminating with uncaught exception of type std::out_of_range: vector
time: command terminated abnormally
        0.31 real         0.01 user         0.00 sys
             5324800  maximum resident set size
                   0  average shared memory size
                   0  average unshared data size
                   0  average unshared stack size
                 409  page reclaims
                  17  page faults
                   0  swaps
                   0  block input operations
                   0  block output operations
                   0  messages sent
                   0  messages received
                   0  signals received
                   1  voluntary context switches
                 141  involuntary context switches
            79120635  instructions retired
            42527066  cycles elapsed
             3900288  peak memory footprint
