Threads=2
LoadTime(s)=0.00180975
libc++abi: terminating with uncaught exception of type std::out_of_range: vector
time: command terminated abnormally
        0.32 real         0.00 user         0.00 sys
             4767744  maximum resident set size
                   0  average shared memory size
                   0  average unshared data size
                   0  average unshared stack size
                 386  page reclaims
                   1  page faults
                   0  swaps
                   0  block input operations
                   0  block output operations
                   0  messages sent
                   0  messages received
                   0  signals received
                   0  voluntary context switches
                  96  involuntary context switches
            31180567  instructions retired
            16815171  cycles elapsed
             3326528  peak memory footprint
