Threads=8
LoadTime(s)=0.00186329
CODE_EXECUTION_TIME(s)=0.0246023
RESULT=608389
Throughput=2.47289e+07
VertexSetAllocated=0.00 Bytes
MiniGraphAllocated=0.00 Bytes
        0.32 real         0.15 user         0.00 sys
             4702208  maximum resident set size
                   0  average shared memory size
                   0  average unshared data size
                   0  average unshared stack size
                 405  page reclaims
                   1  page faults
                   0  swaps
                   0  block input operations
                   0  block output operations
                   0  messages sent
                   0  messages received
                   0  signals received
                   1  voluntary context switches
                 211  involuntary context switches
           762055718  instructions retired
           293970404  cycles elapsed
             3342912  peak memory footprint
