Threads=4
LoadTime(s)=0.00183246
libc++abi: terminating with uncaught exception of type std::out_of_range: vector
time: command terminated abnormally
        0.37 real         0.11 user         0.00 sys
             6340608  maximum resident set size
                   0  average shared memory size
                   0  average unshared data size
                   0  average unshared stack size
                 483  page reclaims
                   1  page faults
                   0  swaps
                   0  block input operations
                   0  block output operations
                   0  messages sent
                   0  messages received
                   0  signals received
                   0  voluntary context switches
                 602  involuntary context switches
           533623576  instructions retired
           215144042  cycles elapsed
             4948992  peak memory footprint
