Threads=16
LoadTime(s)=0.00186325
CODE_EXECUTION_TIME(s)=0.220066
RESULT=6233709
Throughput=2.83265e+07
VertexSetAllocated=1.89 MB
MiniGraphAllocated=3.23 MB
        0.52 real         1.55 user         0.01 sys
             8929280  maximum resident set size
                   0  average shared memory size
                   0  average unshared data size
                   0  average unshared stack size
                 663  page reclaims
                   1  page faults
                   0  swaps
                   0  block input operations
                   0  block output operations
                   0  messages sent
                   0  messages received
                   0  signals received
                   0  voluntary context switches
                1132  involuntary context switches
          8503421603  instructions retired
          3360061688  cycles elapsed
             7668928  peak memory footprint
