Threads=8
LoadTime(s)=0.0103943
CODE_EXECUTION_TIME(s)=0.055232
RESULT=2224385
Throughput=4.02735e+07
VertexSetAllocated=0.00 Bytes
MiniGraphAllocated=0.00 Bytes
        0.07 real         0.42 user         0.01 sys
            19513344  maximum resident set size
                   0  average shared memory size
                   0  average unshared data size
                   0  average unshared stack size
                1295  page reclaims
                   0  page faults
                   0  swaps
                   0  block input operations
                   0  block output operations
                   0  messages sent
                   0  messages received
                   0  signals received
                   1  voluntary context switches
                 327  involuntary context switches
          1586317626  instructions retired
           765109490  cycles elapsed
            18481920  peak memory footprint
