Threads=8
LoadTime(s)=0.00983592
CODE_EXECUTION_TIME(s)=0.0557113
RESULT=2224385
Throughput=3.9927e+07
VertexSetAllocated=0.00 Bytes
MiniGraphAllocated=0.00 Bytes
        0.07 real         0.42 user         0.01 sys
            19464192  maximum resident set size
                   0  average shared memory size
                   0  average unshared data size
                   0  average unshared stack size
                1291  page reclaims
                   0  page faults
                   0  swaps
                   0  block input operations
                   0  block output operations
                   0  messages sent
                   0  messages received
                   0  signals received
                   0  voluntary context switches
                 269  involuntary context switches
          1585203699  instructions retired
           779488391  cycles elapsed
            18432768  peak memory footprint
