Threads=8
LoadTime(s)=0.0119138
CODE_EXECUTION_TIME(s)=0.228151
RESULT=2224385
Throughput=9.74964e+06
VertexSetAllocated=0.00 Bytes
MiniGraphAllocated=0.00 Bytes
        0.24 real         0.44 user         0.02 sys
            19447808  maximum resident set size
                   0  average shared memory size
                   0  average unshared data size
                   0  average unshared stack size
                1295  page reclaims
                   0  page faults
                   0  swaps
                   0  block input operations
                   0  block output operations
                   0  messages sent
                   0  messages received
                   0  signals received
                   0  voluntary context switches
                2591  involuntary context switches
          1606092504  instructions retired
           968677956  cycles elapsed
            18383488  peak memory footprint
