Threads=8
LoadTime(s)=0.00973737
CODE_EXECUTION_TIME(s)=0.0665939
RESULT=2224385
Throughput=3.34022e+07
VertexSetAllocated=0.00 Bytes
MiniGraphAllocated=0.00 Bytes
        0.08 real         0.42 user         0.01 sys
            19415040  maximum resident set size
                   0  average shared memory size
                   0  average unshared data size
                   0  average unshared stack size
                1296  page reclaims
                   0  page faults
                   0  swaps
                   0  block input operations
                   0  block output operations
                   0  messages sent
                   0  messages received
                   0  signals received
                   0  voluntary context switches
                 726  involuntary context switches
          1588135026  instructions retired
           827351114  cycles elapsed
            18350720  peak memory footprint
