Threads=8
LoadTime(s)=0.0104707
CODE_EXECUTION_TIME(s)=0.0658866
RESULT=2224385
Throughput=3.37608e+07
VertexSetAllocated=0.00 Bytes
MiniGraphAllocated=0.00 Bytes
        0.08 real         0.43 user         0.01 sys
            19365888  maximum resident set size
                   0  average shared memory size
                   0  average unshared data size
                   0  average unshared stack size
                1289  page reclaims
                   0  page faults
                   0  swaps
                   0  block input operations
                   0  block output operations
                   0  messages sent
                   0  messages received
                   0  signals received
                   0  voluntary context switches
                 442  involuntary context switches
          1586902104  instructions retired
           824585298  cycles elapsed
            18285120  peak memory footprint
