Threads=8
LoadTime(s)=0.0109612
CODE_EXECUTION_TIME(s)=0.234015
RESULT=2224385
Throughput=9.50529e+06
VertexSetAllocated=0.00 Bytes
MiniGraphAllocated=0.00 Bytes
        0.25 real         0.45 user         0.02 sys
            19529728  maximum resident set size
                   0  average shared memory size
                   0  average unshared data size
                   0  average unshared stack size
                1291  page reclaims
                   0  page faults
                   0  swaps
                   0  block input operations
                   0  block output operations
                   0  messages sent
                   0  messages received
                   0  signals received
                   0  voluntary context switches
                2564  involuntary context switches
          1603089195  instructions retired
          1115396276  cycles elapsed
            18514752  peak memory footprint
