Threads=8
LoadTime(s)=0.0076465
CODE_EXECUTION_TIME(s)=0.0190058
RESULT=727044
Throughput=3.82538e+07
VertexSetAllocated=0.00 Bytes
MiniGraphAllocated=0.00 Bytes
        0.03 real         0.13 user         0.00 sys
             5718016  maximum resident set size
                   0  average shared memory size
                   0  average unshared data size
                   0  average unshared stack size
                 454  page reclaims
                   0  page faults
                   0  swaps
                   0  block input operations
                   0  block output operations
                   0  messages sent
                   0  messages received
                   0  signals received
                  13  voluntary context switches
                 198  involuntary context switches
           639869623  instructions retired
           268271697  cycles elapsed
             4653696  peak memory footprint
