Threads=8
LoadTime(s)=0.00146592
CODE_EXECUTION_TIME(s)=0.018859
RESULT=727044
Throughput=3.85517e+07
VertexSetAllocated=0.00 Bytes
MiniGraphAllocated=0.00 Bytes
        0.02 real         0.13 user         0.00 sys
             5767168  maximum resident set size
                   0  average shared memory size
                   0  average unshared data size
                   0  average unshared stack size
                 458  page reclaims
                   0  page faults
                   0  swaps
                   0  block input operations
                   0  block output operations
                   0  messages sent
                   0  messages received
                   0  signals received
                   0  voluntary context switches
                 208  involuntary context switches
           637947997  instructions retired
           272922662  cycles elapsed
             4735744  peak memory footprint
