Threads=8
LoadTime(s)=0.00165467
CODE_EXECUTION_TIME(s)=0.0237603
RESULT=727044
Throughput=3.05992e+07
VertexSetAllocated=0.00 Bytes
MiniGraphAllocated=0.00 Bytes
        0.03 real         0.15 user         0.01 sys
             5685248  maximum resident set size
                   0  average shared memory size
                   0  average unshared data size
                   0  average unshared stack size
                 456  page reclaims
                   0  page faults
                   0  swaps
                   0  block input operations
                   0  block output operations
                   0  messages sent
                   0  messages received
                   0  signals received
                   0  voluntary context switches
                2804  involuntary context switches
           689991458  instructions retired
           286728545  cycles elapsed
             4620928  peak memory footprint
