Threads=8
LoadTime(s)=0.00147275
CODE_EXECUTION_TIME(s)=0.0205174
RESULT=727044
Throughput=3.54355e+07
VertexSetAllocated=0.00 Bytes
MiniGraphAllocated=0.00 Bytes
        0.02 real         0.13 user         0.00 sys
             6078464  maximum resident set size
                   0  average shared memory size
                   0  average unshared data size
                   0  average unshared stack size
                 478  page reclaims
                   0  page faults
                   0  swaps
                   0  block input operations
                   0  block output operations
                   0  messages sent
                   0  messages received
                   0  signals received
                   0  voluntary context switches
                 269  involuntary context switches
           638467851  instructions retired
           264701463  cycles elapsed
             5014144  peak memory footprint
