Threads=8
LoadTime(s)=0.000516834
CODE_EXECUTION_TIME(s)=0.0171217
RESULT=608389
Throughput=3.55332e+07
VertexSetAllocated=0.00 Bytes
MiniGraphAllocated=0.00 Bytes
        0.02 real         0.12 user         0.00 sys
             4259840  maximum resident set size
                   0  average shared memory size
                   0  average unshared data size
                   0  average unshared stack size
                 369  page reclaims
                   0  page faults
                   0  swaps
                   0  block input operations
                   0  block output operations
                   0  messages sent
                   0  messages received
                   0  signals received
                   0  voluntary context switches
                 153  involuntary context switches
           759698590  instructions retired
           280508552  cycles elapsed
             3179072  peak memory footprint
