Threads=8
LoadTime(s)=0.000729625
CODE_EXECUTION_TIME(s)=0.02008
RESULT=608389
Throughput=3.02983e+07
VertexSetAllocated=0.00 Bytes
MiniGraphAllocated=0.00 Bytes
        0.02 real         0.14 user         0.00 sys
             4308992  maximum resident set size
                   0  average shared memory size
                   0  average unshared data size
                   0  average unshared stack size
                 370  page reclaims
                   0  page faults
                   0  swaps
                   0  block input operations
                   0  block output operations
                   0  messages sent
                   0  messages received
                   0  signals received
                   0  voluntary context switches
                 170  involuntary context switches
           759090705  instructions retired
           286885935  cycles elapsed
             3244672  peak memory footprint
