Threads=8
LoadTime(s)=0.000751375
CODE_EXECUTION_TIME(s)=0.0224671
RESULT=608389
Throughput=2.70791e+07
VertexSetAllocated=0.00 Bytes
MiniGraphAllocated=0.00 Bytes
        0.02 real         0.14 user         0.00 sys
             4390912  maximum resident set size
                   0  average shared memory size
                   0  average unshared data size
                   0  average unshared stack size
                 374  page reclaims
                   0  page faults
                   0  swaps
                   0  block input operations
                   0  block output operations
                   0  messages sent
                   0  messages received
                   0  signals received
                   0  voluntary context switches
                 287  involuntary context switches
           761203456  instructions retired
           285270857  cycles elapsed
             3343040  peak memory footprint
