Threads=8
LoadTime(s)=0.0007115
CODE_EXECUTION_TIME(s)=0.0202806
RESULT=608389
Throughput=2.99986e+07
VertexSetAllocated=0.00 Bytes
MiniGraphAllocated=0.00 Bytes
        0.02 real         0.14 user         0.00 sys
             4325376  maximum resident set size
                   0  average shared memory size
                   0  average unshared data size
                   0  average unshared stack size
                 371  page reclaims
                   0  page faults
                   0  swaps
                   0  block input operations
                   0  block output operations
                   0  messages sent
                   0  messages received
                   0  signals received
                   0  voluntary context switches
                 282  involuntary context switches
           759853692  instructions retired
           287582255  cycles elapsed
             3277504  peak memory footprint
