Threads=8
LoadTime(s)=0.000719708
CODE_EXECUTION_TIME(s)=0.0240862
RESULT=608389
Throughput=2.52588e+07
VertexSetAllocated=0.00 Bytes
MiniGraphAllocated=0.00 Bytes
        0.02 real         0.15 user         0.00 sys
             4407296  maximum resident set size
                   0  average shared memory size
                   0  average unshared data size
                   0  average unshared stack size
                 375  page reclaims
                   0  page faults
                   0  swaps
                   0  block input operations
                   0  block output operations
                   0  messages sent
                   0  messages received
                   0  signals received
                   0  voluntary context switches
                 597  involuntary context switches
           763035550  instructions retired
           290562476  cycles elapsed
             3342976  peak memory footprint
