Threads=8
LoadTime(s)=0.000594459
CODE_EXECUTION_TIME(s)=0.0187039
RESULT=608389
Throughput=3.25274e+07
VertexSetAllocated=0.00 Bytes
MiniGraphAllocated=0.00 Bytes
        0.02 real         0.13 user         0.00 sys
             4341760  maximum resident set size
                   0  average shared memory size
                   0  average unshared data size
                   0  average unshared stack size
                 370  page reclaims
                   0  page faults
                   0  swaps
                   0  block input operations
                   0  block output operations
                   0  messages sent
                   0  messages received
                   0  signals received
                   0  voluntary context switches
                 309  involuntary context switches
           759319645  instructions retired
           284580276  cycles elapsed
             3277440  peak memory footprint
